2024-10-14 11:47:37,656 [INFO] Activator:176 - 


2024-10-14 11:47:37,666 [INFO] Activator:177 - !SESSION log4j initialized
2024-10-14 11:47:47,003 [INFO] LogOutputStream:77 - [STDOUT_REDIRECT] 
2024-10-14 11:47:51,623 [INFO] ApplicationProperties:184 - Using Application install path: C:\Users\USER\Downloads\STM32CubeIDE_1.15.1\STM32CubeIDE\plugins\com.st.stm32cube.common.mx_6.11.1.202404110753
2024-10-14 11:47:51,648 [INFO] DbMcusXml:78 - Set database path to: C:\Users\USER\Downloads\STM32CubeIDE_1.15.1\STM32CubeIDE\plugins\com.st.stm32cube.common.mx_6.11.1.202404110753\\db\/mcu/
2024-10-14 11:47:51,648 [INFO] ApiDb:274 - Set plugin database path to: C:\Users\USER\Downloads\STM32CubeIDE_1.15.1\STM32CubeIDE\plugins\com.st.stm32cube.common.mx_6.11.1.202404110753\\db\/plugins/boardmanager/
2024-10-14 11:47:51,649 [WARN] ApiDb:259 - Overriding images path with different value:  => C:\Users\USER\Downloads\STM32CubeIDE_1.15.1\STM32CubeIDE\plugins\com.st.stm32cube.common.mx_6.11.1.202404110753\\db\/plugins/mcufinder/images/
2024-10-14 11:47:51,661 [INFO] ApiDb:250 - Set database path to: C:\Users\USER\.stmcufinder\plugins\mcufinder//mcu/
2024-10-14 11:47:51,662 [INFO] DbMcusAds:125 - Set database path to: C:\Users\USER\.stmcufinder\plugins\mcufinder//mcu/
2024-10-14 11:47:51,665 [INFO] CrossReferenceDbSqlite:203 - Set database path to: C:\Users\USER\.stmcufinder\plugins\mcufinder//mcu/cs/
2024-10-14 11:47:51,822 [INFO] RulesReader:64 - Compatibility file has been processed (297 Rules)
2024-10-14 11:47:51,964 [INFO] DbMcusXml:78 - Set database path to: C:\Users\USER\Downloads\STM32CubeIDE_1.15.1\STM32CubeIDE\plugins\com.st.stm32cube.common.mx_6.11.1.202404110753\\db\/mcu/
2024-10-14 11:47:51,964 [INFO] ApiDb:274 - Set plugin database path to: C:\Users\USER\Downloads\STM32CubeIDE_1.15.1\STM32CubeIDE\plugins\com.st.stm32cube.common.mx_6.11.1.202404110753\\db\/plugins/boardmanager/
2024-10-14 11:47:51,965 [INFO] ApiDb:261 - Set plugin images path to: C:\Users\USER\Downloads\STM32CubeIDE_1.15.1\STM32CubeIDE\plugins\com.st.stm32cube.common.mx_6.11.1.202404110753\\db\/plugins/mcufinder/images/
2024-10-14 11:47:51,965 [WARN] DbFile:41 - Overriding database path with different value: C:\Users\USER\.stmcufinder\plugins\mcufinder/ => C:\Users\USER\.stmcufinder\plugins\mcufinder
2024-10-14 11:47:51,965 [INFO] ApiDb:250 - Set database path to: C:\Users\USER\.stmcufinder\plugins\mcufinder//mcu/
2024-10-14 11:47:51,966 [WARN] DbFile:41 - Overriding database path with different value: C:\Users\USER\.stmcufinder\plugins\mcufinder/ => C:\Users\USER\.stmcufinder\plugins\mcufinder
2024-10-14 11:47:51,966 [INFO] DbMcusAds:125 - Set database path to: C:\Users\USER\.stmcufinder\plugins\mcufinder//mcu/
2024-10-14 11:47:51,966 [WARN] DbFile:41 - Overriding database path with different value: C:\Users\USER\.stmcufinder\plugins\mcufinder/ => C:\Users\USER\.stmcufinder\plugins\mcufinder
2024-10-14 11:47:51,966 [WARN] DbFile:41 - Overriding database path with different value: C:\Users\USER\.stmcufinder\plugins\mcufinder/ => C:\Users\USER\.stmcufinder\plugins\mcufinder
2024-10-14 11:47:51,966 [INFO] CrossReferenceDbSqlite:203 - Set database path to: C:\Users\USER\.stmcufinder\plugins\mcufinder//mcu/cs/
2024-10-14 11:47:52,086 [INFO] MainPanel:264 - HeapMemory: 268435456
2024-10-14 11:47:52,218 [INFO] DbMcusXml:78 - Set database path to: C:\Users\USER\Downloads\STM32CubeIDE_1.15.1\STM32CubeIDE\plugins\com.st.stm32cube.common.mx_6.11.1.202404110753\\db\/mcu/
2024-10-14 11:47:52,218 [INFO] ApiDb:274 - Set plugin database path to: C:\Users\USER\Downloads\STM32CubeIDE_1.15.1\STM32CubeIDE\plugins\com.st.stm32cube.common.mx_6.11.1.202404110753\\db\/plugins/boardmanager/
2024-10-14 11:47:52,218 [INFO] ApiDb:261 - Set plugin images path to: C:\Users\USER\Downloads\STM32CubeIDE_1.15.1\STM32CubeIDE\plugins\com.st.stm32cube.common.mx_6.11.1.202404110753\\db\/plugins/mcufinder/images/
2024-10-14 11:47:52,219 [WARN] DbFile:41 - Overriding database path with different value: C:\Users\USER\.stmcufinder\plugins\mcufinder/ => C:\Users\USER\.stmcufinder\plugins\mcufinder
2024-10-14 11:47:52,219 [INFO] ApiDb:250 - Set database path to: C:\Users\USER\.stmcufinder\plugins\mcufinder//mcu/
2024-10-14 11:47:52,219 [WARN] DbFile:41 - Overriding database path with different value: C:\Users\USER\.stmcufinder\plugins\mcufinder/ => C:\Users\USER\.stmcufinder\plugins\mcufinder
2024-10-14 11:47:52,219 [INFO] DbMcusAds:125 - Set database path to: C:\Users\USER\.stmcufinder\plugins\mcufinder//mcu/
2024-10-14 11:47:52,219 [WARN] DbFile:41 - Overriding database path with different value: C:\Users\USER\.stmcufinder\plugins\mcufinder/ => C:\Users\USER\.stmcufinder\plugins\mcufinder
2024-10-14 11:47:52,219 [WARN] DbFile:41 - Overriding database path with different value: C:\Users\USER\.stmcufinder\plugins\mcufinder/ => C:\Users\USER\.stmcufinder\plugins\mcufinder
2024-10-14 11:47:52,220 [INFO] CrossReferenceDbSqlite:203 - Set database path to: C:\Users\USER\.stmcufinder\plugins\mcufinder//mcu/cs/
2024-10-14 11:47:52,250 [INFO] ApplicationProperties:184 - Using Application install path: C:\Users\USER\Downloads\STM32CubeIDE_1.15.1\STM32CubeIDE\plugins\com.st.stm32cube.common.mx_6.11.1.202404110753
2024-10-14 11:47:52,253 [INFO] PluginManage:196 - Search for loadable plugins [exclusion list=, ]
2024-10-14 11:47:52,255 [INFO] PluginManage:310 - Check plugin analytics
2024-10-14 11:47:52,505 [INFO] AnalyticsPlugin:253 - Accepted Software Licenses: 
2024-10-14 11:47:52,505 [INFO] AnalyticsPlugin:255 - Accepted CMSIS Pack Licenses: 
2024-10-14 11:47:52,505 [INFO] AnalyticsPlugin:257 - Accepted Firmware Licenses: 
2024-10-14 11:47:52,508 [INFO] PluginManage:359 - Loaded plugin analytics (category:tool,tabindex:-1)
2024-10-14 11:47:52,508 [INFO] PluginManage:310 - Check plugin cadmodel
2024-10-14 11:47:52,526 [INFO] CADModel:105 - Init CAD model plugin
2024-10-14 11:47:52,527 [INFO] PluginManage:359 - Loaded plugin cadmodel (category:power,tabindex:5)
2024-10-14 11:47:52,527 [INFO] PluginManage:310 - Check plugin clock
2024-10-14 11:47:52,554 [INFO] PluginManage:359 - Loaded plugin clock (category:base,tabindex:2)
2024-10-14 11:47:52,554 [INFO] PluginManage:310 - Check plugin ddr
2024-10-14 11:47:52,557 [INFO] PluginManage:359 - Loaded plugin ddr (category:tool,tabindex:6)
2024-10-14 11:47:52,557 [INFO] PluginManage:310 - Check plugin filemanager
2024-10-14 11:47:52,777 [INFO] PluginManage:359 - Loaded plugin filemanager (category:base,tabindex:10)
2024-10-14 11:47:52,777 [INFO] PluginManage:310 - Check plugin ipmanager
2024-10-14 11:47:52,788 [INFO] PluginManage:359 - Loaded plugin ipmanager (category:base,tabindex:5)
2024-10-14 11:47:52,788 [INFO] PluginManage:310 - Check plugin lpbam
2024-10-14 11:47:52,809 [INFO] PluginManage:359 - Loaded plugin lpbam (category:base,tabindex:0)
2024-10-14 11:47:52,809 [INFO] PluginManage:310 - Check plugin memorymap
2024-10-14 11:47:52,845 [INFO] PluginManage:359 - Loaded plugin memorymap (category:base,tabindex:4)
2024-10-14 11:47:52,845 [INFO] PluginManage:310 - Check plugin pinoutandconfiguration
2024-10-14 11:47:52,867 [INFO] PluginManage:359 - Loaded plugin pinoutandconfiguration (category:base,tabindex:1)
2024-10-14 11:47:52,867 [INFO] PluginManage:310 - Check plugin pinoutconfig
2024-10-14 11:47:52,998 [WARN] SupportedApi:132 - Cannot load RTOS API schema: s4s-elt-must-match.1: The content of 'definitions' must match (annotation?, (simpleType | complexType)?, (unique | key | keyref)*)). A problem was found starting at: attribute.
2024-10-14 11:47:53,232 [INFO] PluginManage:359 - Loaded plugin pinoutconfig (category:base,tabindex:0)
2024-10-14 11:47:53,232 [INFO] PluginManage:310 - Check plugin power
2024-10-14 11:47:53,269 [INFO] PluginManage:359 - Loaded plugin power (category:power,tabindex:4)
2024-10-14 11:47:53,269 [INFO] PluginManage:310 - Check plugin projectmanager
2024-10-14 11:47:53,304 [INFO] PluginManage:359 - Loaded plugin projectmanager (category:projectmanager,tabindex:3)
2024-10-14 11:47:53,305 [INFO] PluginManage:310 - Check plugin thirdparty
2024-10-14 11:47:54,126 [INFO] PluginManage:359 - Loaded plugin thirdparty (category:base,tabindex:-1)
2024-10-14 11:47:54,127 [INFO] PluginManage:310 - Check plugin tools
2024-10-14 11:47:54,263 [WARN] IntegrityCheckThread:84 - waiting for thirdparty lock release [integrity check]
2024-10-14 11:47:54,264 [INFO] IntegrityCheckThread:86 - entering critical section [integrity check]
2024-10-14 11:47:54,265 [INFO] ThirdPartyUpdaterWithRetryManager:70 - Updater plugin not ready yet. [1/15]
2024-10-14 11:47:54,268 [INFO] PluginManage:359 - Loaded plugin tools (category:base,tabindex:7)
2024-10-14 11:47:54,269 [INFO] PluginManage:310 - Check plugin tutovideos
2024-10-14 11:47:54,637 [INFO] PluginManage:359 - Loaded plugin tutovideos (category:base,tabindex:-1)
2024-10-14 11:47:54,637 [INFO] PluginManage:310 - Check plugin updater
2024-10-14 11:47:54,655 [INFO] PluginManage:359 - Loaded plugin updater (category:base,tabindex:12)
2024-10-14 11:47:54,655 [INFO] PluginManage:310 - Check plugin userauth
2024-10-14 11:47:54,663 [INFO] UserAuth:114 - Init User Auth plugin
2024-10-14 11:47:54,664 [INFO] PluginManage:359 - Loaded plugin userauth (category:base,tabindex:14)
2024-10-14 11:47:54,664 [INFO] PluginManage:283 - PluginManage : Loaded plugins [17]
2024-10-14 11:47:54,981 [INFO] PinOutPanel:1561 - setPackage(No Configuration,No Configuration)
2024-10-14 11:47:55,090 [INFO] CADModel:165 - CPN selected for project level
2024-10-14 11:47:55,090 [INFO] CADModel:114 - Register for checkConnection events
2024-10-14 11:47:55,134 [INFO] IPUIPlugin:80 - create IPUIPlugin
2024-10-14 11:47:55,135 [INFO] PluginManager:220 - loadIPPluginJar : add adc
2024-10-14 11:47:55,189 [INFO] IPUIPlugin:80 - create IPUIPlugin
2024-10-14 11:47:55,190 [INFO] PluginManager:220 - loadIPPluginJar : add aes
2024-10-14 11:47:55,263 [INFO] IPUIPlugin:80 - create IPUIPlugin
2024-10-14 11:47:55,263 [INFO] PluginManager:220 - loadIPPluginJar : add can
2024-10-14 11:47:55,293 [INFO] IPUIPlugin:80 - create IPUIPlugin
2024-10-14 11:47:55,293 [INFO] PluginManager:220 - loadIPPluginJar : add comp
2024-10-14 11:47:55,334 [INFO] IPUIPlugin:80 - create IPUIPlugin
2024-10-14 11:47:55,334 [INFO] PluginManager:220 - loadIPPluginJar : add cryp
2024-10-14 11:47:55,376 [INFO] IPUIPlugin:80 - create IPUIPlugin
2024-10-14 11:47:55,377 [INFO] PluginManager:220 - loadIPPluginJar : add dfsdm
2024-10-14 11:47:55,401 [INFO] IPUIPlugin:80 - create IPUIPlugin
2024-10-14 11:47:55,402 [INFO] PluginManager:220 - loadIPPluginJar : add dma
2024-10-14 11:47:55,474 [INFO] IPUIPlugin:80 - create IPUIPlugin
2024-10-14 11:47:55,474 [INFO] PluginManager:220 - loadIPPluginJar : add dma3
2024-10-14 11:47:55,542 [INFO] IPUIPlugin:80 - create IPUIPlugin
2024-10-14 11:47:55,542 [INFO] PluginManager:220 - loadIPPluginJar : add extmemmanager
2024-10-14 11:47:55,569 [INFO] IPUIPlugin:80 - create IPUIPlugin
2024-10-14 11:47:55,569 [INFO] PluginManager:220 - loadIPPluginJar : add fatfs
2024-10-14 11:47:55,624 [INFO] IPUIPlugin:80 - create IPUIPlugin
2024-10-14 11:47:55,624 [INFO] PluginManager:220 - loadIPPluginJar : add fmc
2024-10-14 11:47:55,640 [INFO] IPUIPlugin:80 - create IPUIPlugin
2024-10-14 11:47:55,640 [INFO] PluginManager:220 - loadIPPluginJar : add freertos
2024-10-14 11:47:55,664 [INFO] IPUIPlugin:80 - create IPUIPlugin
2024-10-14 11:47:55,664 [INFO] PluginManager:220 - loadIPPluginJar : add genericplugin
2024-10-14 11:47:55,784 [INFO] IPUIPlugin:80 - create IPUIPlugin
2024-10-14 11:47:55,784 [INFO] PluginManager:220 - loadIPPluginJar : add gfxmmu
2024-10-14 11:47:55,995 [INFO] IPUIPlugin:80 - create IPUIPlugin
2024-10-14 11:47:55,996 [INFO] PluginManager:220 - loadIPPluginJar : add gic
2024-10-14 11:47:56,011 [INFO] IPUIPlugin:80 - create IPUIPlugin
2024-10-14 11:47:56,012 [INFO] PluginManager:220 - loadIPPluginJar : add gpio
2024-10-14 11:47:56,149 [INFO] IPUIPlugin:80 - create IPUIPlugin
2024-10-14 11:47:56,149 [INFO] PluginManager:220 - loadIPPluginJar : add gtzc
2024-10-14 11:47:56,208 [INFO] IPUIPlugin:80 - create IPUIPlugin
2024-10-14 11:47:56,208 [INFO] PluginManager:220 - loadIPPluginJar : add hash
2024-10-14 11:47:56,287 [INFO] IPUIPlugin:80 - create IPUIPlugin
2024-10-14 11:47:56,288 [INFO] PluginManager:220 - loadIPPluginJar : add i2c
2024-10-14 11:47:56,339 [INFO] IPUIPlugin:80 - create IPUIPlugin
2024-10-14 11:47:56,339 [INFO] PluginManager:220 - loadIPPluginJar : add i2s
2024-10-14 11:47:56,414 [INFO] IPUIPlugin:80 - create IPUIPlugin
2024-10-14 11:47:56,415 [INFO] PluginManager:220 - loadIPPluginJar : add i3c
2024-10-14 11:47:56,683 [INFO] IPUIPlugin:80 - create IPUIPlugin
2024-10-14 11:47:56,683 [INFO] PluginManager:220 - loadIPPluginJar : add ipddr
2024-10-14 11:47:56,873 [INFO] IPUIPlugin:80 - create IPUIPlugin
2024-10-14 11:47:56,874 [INFO] PluginManager:220 - loadIPPluginJar : add linkedlist
2024-10-14 11:47:56,963 [INFO] IPUIPlugin:80 - create IPUIPlugin
2024-10-14 11:47:56,963 [INFO] PluginManager:220 - loadIPPluginJar : add lorawan
2024-10-14 11:47:57,058 [INFO] IPUIPlugin:80 - create IPUIPlugin
2024-10-14 11:47:57,059 [INFO] PluginManager:220 - loadIPPluginJar : add ltdc
2024-10-14 11:47:57,097 [INFO] IPUIPlugin:80 - create IPUIPlugin
2024-10-14 11:47:57,097 [INFO] PluginManager:220 - loadIPPluginJar : add mdma
2024-10-14 11:47:57,152 [INFO] IPUIPlugin:80 - create IPUIPlugin
2024-10-14 11:47:57,152 [INFO] PluginManager:220 - loadIPPluginJar : add nvic
2024-10-14 11:47:57,217 [INFO] IPUIPlugin:80 - create IPUIPlugin
2024-10-14 11:47:57,217 [INFO] PluginManager:220 - loadIPPluginJar : add opamp
2024-10-14 11:47:57,266 [INFO] ThirdPartyUpdaterWithRetryManager:70 - Updater plugin not ready yet. [2/15]
2024-10-14 11:47:57,350 [INFO] IPUIPlugin:80 - create IPUIPlugin
2024-10-14 11:47:57,351 [INFO] PluginManager:220 - loadIPPluginJar : add openamp
2024-10-14 11:47:57,468 [INFO] IPUIPlugin:80 - create IPUIPlugin
2024-10-14 11:47:57,468 [INFO] PluginManager:220 - loadIPPluginJar : add pdm2pcm
2024-10-14 11:47:57,502 [INFO] IPUIPlugin:80 - create IPUIPlugin
2024-10-14 11:47:57,515 [INFO] PluginManager:220 - loadIPPluginJar : add plateformsettings
2024-10-14 11:47:57,559 [INFO] IPUIPlugin:80 - create IPUIPlugin
2024-10-14 11:47:57,560 [INFO] PluginManager:220 - loadIPPluginJar : add quadspi
2024-10-14 11:47:57,580 [INFO] IPUIPlugin:80 - create IPUIPlugin
2024-10-14 11:47:57,580 [INFO] PluginManager:220 - loadIPPluginJar : add resmgrutility
2024-10-14 11:47:57,686 [INFO] IPUIPlugin:80 - create IPUIPlugin
2024-10-14 11:47:57,686 [INFO] PluginManager:220 - loadIPPluginJar : add sai
2024-10-14 11:47:57,768 [INFO] IPUIPlugin:80 - create IPUIPlugin
2024-10-14 11:47:57,768 [INFO] PluginManager:220 - loadIPPluginJar : add spi
2024-10-14 11:47:57,924 [INFO] IPUIPlugin:80 - create IPUIPlugin
2024-10-14 11:47:57,924 [INFO] PluginManager:220 - loadIPPluginJar : add stm32_wpan
2024-10-14 11:47:57,970 [INFO] IPUIPlugin:80 - create IPUIPlugin
2024-10-14 11:47:57,970 [INFO] PluginManager:220 - loadIPPluginJar : add tim
2024-10-14 11:47:58,098 [INFO] IPUIPlugin:80 - create IPUIPlugin
2024-10-14 11:47:58,098 [INFO] PluginManager:220 - loadIPPluginJar : add touchsensing
2024-10-14 11:47:58,160 [INFO] IPUIPlugin:80 - create IPUIPlugin
2024-10-14 11:47:58,160 [INFO] PluginManager:220 - loadIPPluginJar : add tracer_emb
2024-10-14 11:47:58,209 [INFO] IPUIPlugin:80 - create IPUIPlugin
2024-10-14 11:47:58,209 [INFO] PluginManager:220 - loadIPPluginJar : add ts
2024-10-14 11:47:58,268 [INFO] IPUIPlugin:80 - create IPUIPlugin
2024-10-14 11:47:58,268 [INFO] PluginManager:220 - loadIPPluginJar : add tsc
2024-10-14 11:47:58,314 [INFO] IPUIPlugin:80 - create IPUIPlugin
2024-10-14 11:47:58,314 [INFO] PluginManager:220 - loadIPPluginJar : add ucpd
2024-10-14 11:47:58,379 [INFO] IPUIPlugin:80 - create IPUIPlugin
2024-10-14 11:47:58,379 [INFO] PluginManager:220 - loadIPPluginJar : add usart
2024-10-14 11:47:58,448 [INFO] IPUIPlugin:80 - create IPUIPlugin
2024-10-14 11:47:58,448 [INFO] PluginManager:220 - loadIPPluginJar : add usbx
2024-10-14 11:47:58,619 [INFO] CADModel:165 - CPN selected for project level
2024-10-14 11:47:58,619 [INFO] CADModel:114 - Register for checkConnection events
2024-10-14 11:47:58,620 [FATAL] Updater:308 - Updater called before beeing initialized
2024-10-14 11:47:58,620 [ERROR] CADModel:125 - Updater not yet initialized, retry later 
2024-10-14 11:47:58,875 [INFO] CADModel:165 - CPN selected for project level
2024-10-14 11:47:58,875 [INFO] CADModel:114 - Register for checkConnection events
2024-10-14 11:47:58,876 [FATAL] Updater:308 - Updater called before beeing initialized
2024-10-14 11:47:58,876 [ERROR] CADModel:125 - Updater not yet initialized, retry later 
2024-10-14 11:47:58,881 [FATAL] Updater:308 - Updater called before beeing initialized
2024-10-14 11:47:59,075 [FATAL] Updater:308 - Updater called before beeing initialized
2024-10-14 11:47:59,088 [INFO] DbMcusAds:53 - JSON generation date=Fri Sep 20 06:04:23 PDT 2024 (1726837463113)
2024-10-14 11:47:59,088 [FATAL] Updater:308 - Updater called before beeing initialized
2024-10-14 11:47:59,233 [WARN] DetailPanel:346 - Failed to get advertising image, set to default
2024-10-14 11:47:59,385 [FATAL] Updater:308 - Updater called before beeing initialized
2024-10-14 11:47:59,388 [FATAL] Updater:308 - Updater called before beeing initialized
2024-10-14 11:47:59,388 [FATAL] Updater:308 - Updater called before beeing initialized
2024-10-14 11:47:59,388 [WARN] DetailPanel:346 - Failed to get advertising image, set to default
2024-10-14 11:47:59,389 [FATAL] Updater:308 - Updater called before beeing initialized
2024-10-14 11:47:59,497 [ERROR] Updater:1120 - MainUpdater not yet initialized. External WinMGr cannot be set.
2024-10-14 11:47:59,512 [INFO] Updater:1056 - Updater Version found : 6.11.1
2024-10-14 11:47:59,549 [INFO] ApplicationProperties:184 - Using Application install path: C:\Users\USER\Downloads\STM32CubeIDE_1.15.1\STM32CubeIDE\plugins\com.st.stm32cube.common.mx_6.11.1.202404110753
2024-10-14 11:48:00,268 [INFO] ThirdPartyUpdaterWithRetryManager:70 - Updater plugin not ready yet. [3/15]
2024-10-14 11:48:01,150 [ERROR] LogOutputStream:75 - [STDERR_REDIRECT] Oct 14, 2024 11:48:01 AM java.util.prefs.WindowsPreferences <init>
2024-10-14 11:48:01,153 [ERROR] LogOutputStream:75 - [STDERR_REDIRECT] WARNING: Could not open/create prefs root node Software\JavaSoft\Prefs at root 0xffffffff80000002. Windows RegCreateKeyEx(...) returned error code 5.
2024-10-14 11:48:01,153 [ERROR] LogOutputStream:75 - [STDERR_REDIRECT] 
2024-10-14 11:48:01,611 [INFO] MainUpdater:2873 - connection check result : 10
2024-10-14 11:48:01,612 [INFO] MainUpdater:3567 - Updater definition file requires update
2024-10-14 11:48:01,614 [INFO] MainUpdater:290 - Updater Check For Update Now.
2024-10-14 11:48:01,614 [INFO] MicroXplorer:498 - Change Database Version : DB.6.0.111
2024-10-14 11:48:01,641 [INFO] McuFinderGlobals:63 - Set McuFinder mode to 2 (CubeIDE integrated)
2024-10-14 11:48:01,655 [INFO] UserAuth:415 - Internet connection configuration mode: 1
2024-10-14 11:48:01,685 [INFO] JxBrowserEngine:152 - Initiate JxBrowser Engine with user profile folder
2024-10-14 11:48:01,830 [INFO] ServerAccessManage:473 - Download File updaters.zip
2024-10-14 11:48:01,943 [INFO] FileExtend:240 - Unzip File : updaters.zip
2024-10-14 11:48:01,943 [INFO] FileExtend:255 - Standard Zip Deflate
2024-10-14 11:48:02,926 [INFO] ServerAccessManage:473 - Download File PacksControlFlags.xml
2024-10-14 11:48:03,284 [WARN] MainUpdater:1194 - Updater busy. Cannot search thirdparties
2024-10-14 11:48:03,285 [INFO] ThirdPartyUpdaterWithRetryManager:96 - Updater plugin is busy. [1/15]
2024-10-14 11:48:03,309 [INFO] ServerAccessManage:473 - Download File cubemx.pidx
2024-10-14 11:48:03,575 [INFO] LoadServerUpdatesThread:375 - End of LoadServerUpdate Thread
2024-10-14 11:48:04,151 [INFO] CheckServerUpdateThread:120 - End of CheckServer Thread
2024-10-14 11:48:06,768 [WARN] PackLoader:240 - Cannot read IP mode file for STMicroelectronics.FP-SNS-MOTENVWB1.1.4.0
2024-10-14 11:48:06,792 [WARN] PackLoader:240 - Cannot read IP mode file for STMicroelectronics.X-CUBE-SMBUS.2.1.0
2024-10-14 11:48:06,821 [WARN] PackLoader:240 - Cannot read IP mode file for STMicroelectronics.X-CUBE-WB05N.1.1.0
2024-10-14 11:48:06,841 [WARN] PackLoader:240 - Cannot read IP mode file for STMicroelectronics.X-CUBE-TOUCHGFX.4.23.2
2024-10-14 11:48:06,923 [WARN] PackLoader:240 - Cannot read IP mode file for STMicroelectronics.X-CUBE-AZRTOS-F7.1.1.0
2024-10-14 11:48:07,076 [WARN] PackLoader:240 - Cannot read IP mode file for STMicroelectronics.X-CUBE-MEMS1.11.0.0
2024-10-14 11:48:07,375 [WARN] PackLoader:240 - Cannot read IP mode file for STMicroelectronics.FP-SNS-FLIGHT1.5.0.2
2024-10-14 11:48:07,400 [WARN] PackLoader:240 - Cannot read IP mode file for STMicroelectronics.X-CUBE-DISPLAY.3.0.0
2024-10-14 11:48:07,426 [WARN] PackLoader:240 - Cannot read IP mode file for STMicroelectronics.X-CUBE-BLE1.7.0.0
2024-10-14 11:48:07,451 [WARN] PackLoader:240 - Cannot read IP mode file for STMicroelectronics.X-CUBE-NFC10.1.0.0
2024-10-14 11:48:07,478 [WARN] PackLoader:240 - Cannot read IP mode file for emotas.I-CUBE-CANOPEN.1.3.0
2024-10-14 11:48:07,509 [WARN] PackLoader:240 - Cannot read IP mode file for STMicroelectronics.X-CUBE-BLEMGR.3.1.0
2024-10-14 11:48:07,533 [WARN] PackLoader:240 - Cannot read IP mode file for STMicroelectronics.FP-SNS-SMARTAG2.1.2.0
2024-10-14 11:48:07,565 [INFO] LogOutputStream:77 - [STDOUT_REDIRECT] 1 : Invalid condition id : UX_CORESTACK_Condition cause : null
2024-10-14 11:48:07,566 [INFO] LogOutputStream:77 - [STDOUT_REDIRECT] 1 : Invalid condition id : UX_CORESTACK_Condition cause : null
2024-10-14 11:48:07,568 [INFO] LogOutputStream:77 - [STDOUT_REDIRECT] 1 : Invalid condition id : UX_CORESTACK_Condition cause : null
2024-10-14 11:48:07,571 [INFO] LogOutputStream:77 - [STDOUT_REDIRECT] 1 : Invalid condition id : UX_CORESTACK_Condition cause : null
2024-10-14 11:48:07,573 [INFO] LogOutputStream:77 - [STDOUT_REDIRECT] 1 : Invalid condition id : UX_CORESTACK_Condition cause : null
2024-10-14 11:48:07,579 [WARN] PackLoader:240 - Cannot read IP mode file for STMicroelectronics.X-CUBE-AZRTOS-WL.2.0.0
2024-10-14 11:48:07,597 [WARN] PackLoader:240 - Cannot read IP mode file for STMicroelectronics.FP-SNS-MOTENV1.5.0.0
2024-10-14 11:48:07,617 [WARN] PackLoader:240 - Cannot read IP mode file for wolfSSL.I-CUBE-wolfMQTT.1.19.0
2024-10-14 11:48:07,639 [WARN] PackLoader:240 - Cannot read IP mode file for WES.I-CUBE-Cesium.1.3.0
2024-10-14 11:48:07,661 [WARN] PackLoader:240 - Cannot read IP mode file for STMicroelectronics.X-CUBE-BLE2.3.3.0
2024-10-14 11:48:07,684 [WARN] PackLoader:240 - Cannot read IP mode file for STMicroelectronics.X-CUBE-NFC9.1.0.0
2024-10-14 11:48:07,707 [WARN] PackLoader:240 - Cannot read IP mode file for STMicroelectronics.X-CUBE-TCPP.4.1.0
2024-10-14 11:48:07,760 [WARN] PackLoader:240 - Cannot read IP mode file for STMicroelectronics.X-CUBE-AZRTOS-G0.1.1.0
2024-10-14 11:48:07,790 [WARN] PackLoader:240 - Cannot read IP mode file for STMicroelectronics.X-CUBE-SAFEA1.1.2.2
2024-10-14 11:48:07,816 [WARN] PackLoader:240 - Cannot read IP mode file for STMicroelectronics.X-CUBE-NFC4.3.0.0
2024-10-14 11:48:07,845 [WARN] PackLoader:240 - Cannot read IP mode file for EmbeddedOffice.I-CUBE-FS-RTOS.1.0.1
2024-10-14 11:48:07,845 [ERROR] ConditionMgr:805 - Attr not supported : Dmpu
2024-10-14 11:48:07,845 [ERROR] ConditionMgr:805 - Attr not supported : Dmpu
2024-10-14 11:48:07,845 [ERROR] ConditionMgr:805 - Attr not supported : Dmpu
2024-10-14 11:48:07,845 [ERROR] ConditionMgr:805 - Attr not supported : Dmpu
2024-10-14 11:48:07,845 [ERROR] ConditionMgr:805 - Attr not supported : Dmpu
2024-10-14 11:48:07,845 [ERROR] ConditionMgr:805 - Attr not supported : Dmpu
2024-10-14 11:48:07,846 [ERROR] ConditionMgr:805 - Attr not supported : Dmpu
2024-10-14 11:48:07,846 [ERROR] ConditionMgr:805 - Attr not supported : Dmpu
2024-10-14 11:48:07,846 [ERROR] ConditionMgr:805 - Attr not supported : Dmpu
2024-10-14 11:48:07,846 [ERROR] ConditionMgr:805 - Attr not supported : Dmpu
2024-10-14 11:48:07,846 [ERROR] ConditionMgr:805 - Attr not supported : Dmpu
2024-10-14 11:48:07,846 [ERROR] ConditionMgr:805 - Attr not supported : Dmpu
2024-10-14 11:48:07,846 [ERROR] ConditionMgr:805 - Attr not supported : Dmpu
2024-10-14 11:48:07,846 [ERROR] ConditionMgr:805 - Attr not supported : Dmpu
2024-10-14 11:48:07,846 [ERROR] ConditionMgr:805 - Attr not supported : Dmpu
2024-10-14 11:48:07,846 [ERROR] ConditionMgr:805 - Attr not supported : Dmpu
2024-10-14 11:48:07,846 [ERROR] ConditionMgr:805 - Attr not supported : Dmpu
2024-10-14 11:48:07,847 [ERROR] ConditionMgr:805 - Attr not supported : Dmpu
2024-10-14 11:48:07,847 [ERROR] ConditionMgr:805 - Attr not supported : Dmpu
2024-10-14 11:48:07,847 [ERROR] ConditionMgr:805 - Attr not supported : Dmpu
2024-10-14 11:48:07,847 [ERROR] ConditionMgr:805 - Attr not supported : Dmpu
2024-10-14 11:48:07,847 [ERROR] ConditionMgr:805 - Attr not supported : Dmpu
2024-10-14 11:48:07,847 [ERROR] ConditionMgr:805 - Attr not supported : Dmpu
2024-10-14 11:48:07,847 [ERROR] ConditionMgr:805 - Attr not supported : Dmpu
2024-10-14 11:48:07,847 [ERROR] ConditionMgr:805 - Attr not supported : Dmpu
2024-10-14 11:48:07,847 [ERROR] ConditionMgr:805 - Attr not supported : Dmpu
2024-10-14 11:48:07,847 [ERROR] ConditionMgr:805 - Attr not supported : Dmpu
2024-10-14 11:48:07,847 [ERROR] ConditionMgr:805 - Attr not supported : Dmpu
2024-10-14 11:48:07,847 [ERROR] ConditionMgr:805 - Attr not supported : Dmpu
2024-10-14 11:48:07,848 [ERROR] ConditionMgr:805 - Attr not supported : Dmpu
2024-10-14 11:48:07,848 [ERROR] ConditionMgr:805 - Attr not supported : Dmpu
2024-10-14 11:48:07,848 [ERROR] ConditionMgr:805 - Attr not supported : Dmpu
2024-10-14 11:48:07,848 [ERROR] ConditionMgr:805 - Attr not supported : Dmpu
2024-10-14 11:48:07,848 [ERROR] ConditionMgr:805 - Attr not supported : Dmpu
2024-10-14 11:48:07,848 [ERROR] ConditionMgr:805 - Attr not supported : Dmpu
2024-10-14 11:48:07,848 [ERROR] ConditionMgr:805 - Attr not supported : Dmpu
2024-10-14 11:48:07,848 [ERROR] ConditionMgr:805 - Attr not supported : Dmpu
2024-10-14 11:48:07,848 [ERROR] ConditionMgr:805 - Attr not supported : Dmpu
2024-10-14 11:48:07,848 [ERROR] ConditionMgr:805 - Attr not supported : Dmpu
2024-10-14 11:48:07,848 [ERROR] ConditionMgr:805 - Attr not supported : Dmpu
2024-10-14 11:48:07,849 [ERROR] ConditionMgr:805 - Attr not supported : Dmpu
2024-10-14 11:48:07,849 [ERROR] ConditionMgr:805 - Attr not supported : Dmpu
2024-10-14 11:48:07,849 [ERROR] ConditionMgr:805 - Attr not supported : Dmpu
2024-10-14 11:48:07,849 [ERROR] ConditionMgr:805 - Attr not supported : Dmpu
2024-10-14 11:48:07,849 [ERROR] ConditionMgr:805 - Attr not supported : Dmpu
2024-10-14 11:48:07,849 [ERROR] ConditionMgr:805 - Attr not supported : Dmpu
2024-10-14 11:48:07,849 [ERROR] ConditionMgr:805 - Attr not supported : Dmpu
2024-10-14 11:48:07,850 [ERROR] ConditionMgr:805 - Attr not supported : Dmpu
2024-10-14 11:48:07,850 [ERROR] ConditionMgr:805 - Attr not supported : Dmpu
2024-10-14 11:48:07,850 [ERROR] ConditionMgr:805 - Attr not supported : Dmpu
2024-10-14 11:48:07,850 [ERROR] ConditionMgr:805 - Attr not supported : Dmpu
2024-10-14 11:48:07,850 [ERROR] ConditionMgr:805 - Attr not supported : Dmpu
2024-10-14 11:48:07,850 [ERROR] ConditionMgr:805 - Attr not supported : Dmpu
2024-10-14 11:48:07,850 [ERROR] ConditionMgr:805 - Attr not supported : Dmpu
2024-10-14 11:48:07,851 [ERROR] ConditionMgr:805 - Attr not supported : Dmpu
2024-10-14 11:48:07,851 [ERROR] ConditionMgr:805 - Attr not supported : Dmpu
2024-10-14 11:48:07,851 [ERROR] ConditionMgr:805 - Attr not supported : Dmpu
2024-10-14 11:48:07,851 [ERROR] ConditionMgr:805 - Attr not supported : Dmpu
2024-10-14 11:48:07,851 [ERROR] ConditionMgr:805 - Attr not supported : Dmpu
2024-10-14 11:48:07,851 [ERROR] ConditionMgr:805 - Attr not supported : Dmpu
2024-10-14 11:48:07,851 [ERROR] ConditionMgr:805 - Attr not supported : Dmpu
2024-10-14 11:48:07,851 [ERROR] ConditionMgr:805 - Attr not supported : Dmpu
2024-10-14 11:48:07,852 [ERROR] ConditionMgr:805 - Attr not supported : Dmpu
2024-10-14 11:48:07,852 [ERROR] ConditionMgr:805 - Attr not supported : Dmpu
2024-10-14 11:48:07,870 [WARN] PackLoader:240 - Cannot read IP mode file for RealThread.X-CUBE-RT-Thread_Nano.4.1.1
2024-10-14 11:48:07,887 [WARN] PackLoader:240 - Cannot read IP mode file for wolfSSL.I-CUBE-wolfSSL.5.7.0
2024-10-14 11:48:07,904 [WARN] PackLoader:240 - Cannot read IP mode file for STMicroelectronics.FP-ATR-SIGFOX1.3.2.0
2024-10-14 11:48:07,924 [WARN] PackLoader:240 - Cannot read IP mode file for STMicroelectronics.X-CUBE-EEPRMA1.5.1.0
2024-10-14 11:48:07,949 [WARN] PackLoader:240 - Cannot read IP mode file for ITTIA_DB.I-CUBE-ITTIADB.8.9.0
2024-10-14 11:48:08,009 [WARN] PackLoader:240 - Cannot read IP mode file for SEGGER.I-CUBE-embOS.1.3.1
2024-10-14 11:48:08,084 [WARN] PackLoader:240 - Cannot read IP mode file for STMicroelectronics.X-CUBE-ALGOBUILD.1.4.0
2024-10-14 11:48:08,108 [WARN] PackLoader:240 - Cannot read IP mode file for STMicroelectronics.X-CUBE-AI.9.1.0
2024-10-14 11:48:08,133 [WARN] PackLoader:240 - Cannot read IP mode file for STMicroelectronics.X-CUBE-GNSS1.6.0.0
2024-10-14 11:48:08,179 [WARN] PackLoader:240 - Cannot read IP mode file for STMicroelectronics.X-CUBE-AZRTOS-F4.1.1.0
2024-10-14 11:48:08,205 [WARN] PackLoader:240 - Cannot read IP mode file for STMicroelectronics.X-CUBE-ISPU.2.1.0
2024-10-14 11:48:08,227 [WARN] PackLoader:240 - Cannot read IP mode file for STMicroelectronics.X-CUBE-FREERTOS.1.2.0
2024-10-14 11:48:08,273 [WARN] PackLoader:240 - Cannot read IP mode file for STMicroelectronics.X-CUBE-AZRTOS-L5.2.0.0
2024-10-14 11:48:08,299 [WARN] PackLoader:240 - Cannot read IP mode file for STMicroelectronics.X-CUBE-NFC6.3.1.0
2024-10-14 11:48:08,323 [WARN] PackLoader:240 - Cannot read IP mode file for STMicroelectronics.X-CUBE-DPower.1.2.0
2024-10-14 11:48:08,344 [WARN] PackLoader:240 - Cannot read IP mode file for STMicroelectronics.X-CUBE-AI.9.0.0
2024-10-14 11:48:08,364 [WARN] PackLoader:240 - Cannot read IP mode file for STMicroelectronics.X-CUBE-NFC7.1.0.1
2024-10-14 11:48:08,401 [WARN] ConditionMgr:438 - getConditionDescription Invalid condition id : LAN8742 Phy interface Condition cause : null
2024-10-14 11:48:08,402 [WARN] PackLoader:240 - Cannot read IP mode file for STMicroelectronics.X-CUBE-AZRTOS-L4.2.0.0
2024-10-14 11:48:08,404 [WARN] ConditionMgr:1039 - genDependencies : Invalid condition id : LAN8742 Phy interface Condition cause : null
2024-10-14 11:48:08,405 [WARN] ConditionMgr:1039 - genDependencies : Invalid condition id : LAN8742 Phy interface Condition cause : null
2024-10-14 11:48:08,405 [WARN] ConditionMgr:1039 - genDependencies : Invalid condition id : LAN8742 Phy interface Condition cause : null
2024-10-14 11:48:08,426 [WARN] PackLoader:240 - Cannot read IP mode file for STMicroelectronics.X-CUBE-SFXS2LP1.4.0.0
2024-10-14 11:48:08,482 [WARN] PackLoader:240 - Cannot read IP mode file for STMicroelectronics.X-CUBE-AZRTOS-H7.3.3.0
2024-10-14 11:48:08,511 [WARN] PackLoader:240 - Cannot read IP mode file for STMicroelectronics.X-CUBE-IPS.3.0.0
2024-10-14 11:48:08,547 [WARN] ConditionMgr:438 - getConditionDescription Invalid condition id : UX DEVICE CLASS RTOS Condition cause : null
2024-10-14 11:48:08,547 [WARN] ConditionMgr:438 - getConditionDescription Invalid condition id : UX DEVICE CLASS RTOS Condition cause : null
2024-10-14 11:48:08,550 [WARN] PackLoader:240 - Cannot read IP mode file for STMicroelectronics.X-CUBE-AZRTOS-WB.2.0.0
2024-10-14 11:48:08,551 [WARN] ConditionMgr:1039 - genDependencies : Invalid condition id : UX DEVICE CLASS RTOS Condition cause : null
2024-10-14 11:48:08,551 [WARN] ConditionMgr:1039 - genDependencies : Invalid condition id : UX DEVICE CLASS RTOS Condition cause : null
2024-10-14 11:48:08,551 [WARN] ConditionMgr:1039 - genDependencies : Invalid condition id : UX DEVICE CLASS RTOS Condition cause : null
2024-10-14 11:48:08,552 [WARN] ConditionMgr:1039 - genDependencies : Invalid condition id : UX DEVICE CLASS RTOS Condition cause : null
2024-10-14 11:48:08,552 [WARN] ConditionMgr:1039 - genDependencies : Invalid condition id : UX DEVICE CLASS RTOS Condition cause : null
2024-10-14 11:48:08,571 [WARN] PackLoader:240 - Cannot read IP mode file for STMicroelectronics.X-CUBE-GNSS1.7.0.0
2024-10-14 11:48:08,591 [WARN] PackLoader:240 - Cannot read IP mode file for STMicroelectronics.FP-SNS-STBOX1.2.0.0
2024-10-14 11:48:08,619 [WARN] PackLoader:240 - Cannot read IP mode file for STMicroelectronics.X-CUBE-SUBG2.5.0.0
2024-10-14 11:48:08,638 [WARN] PackLoader:240 - Cannot read IP mode file for Cesanta.I-CUBE-Mongoose.7.13.0
2024-10-14 11:48:08,680 [WARN] PackLoader:240 - Cannot read IP mode file for STMicroelectronics.X-CUBE-AZRTOS-G4.2.0.0
2024-10-14 11:48:08,702 [WARN] PackLoader:240 - Cannot read IP mode file for STMicroelectronics.X-CUBE-ISPU.2.0.0
2024-10-14 11:48:08,720 [WARN] PackLoader:240 - Cannot read IP mode file for STMicroelectronics.X-CUBE-ALS.1.0.2
2024-10-14 11:48:08,822 [WARN] PackLoader:240 - Cannot read IP mode file for STMicroelectronics.X-CUBE-MEMS1.10.0.0
2024-10-14 11:48:08,964 [WARN] PackLoader:240 - Cannot read IP mode file for STMicroelectronics.X-CUBE-TOUCHGFX.4.24.1
2024-10-14 11:48:08,980 [WARN] PackLoader:240 - Cannot read IP mode file for wolfSSL.I-CUBE-wolfTPM.3.4.0
2024-10-14 11:48:08,998 [WARN] PackLoader:240 - Cannot read IP mode file for portGmbH.I-Cube-SoM-uGOAL.1.1.0
2024-10-14 11:48:09,037 [WARN] PackLoader:240 - Cannot read IP mode file for STMicroelectronics.X-CUBE-AZRTOS-H7RS.1.0.0
2024-10-14 11:48:09,060 [WARN] PackLoader:240 - Cannot read IP mode file for STMicroelectronics.FP-ATR-ASTRA1.2.0.0
2024-10-14 11:48:09,092 [WARN] PackLoader:240 - Cannot read IP mode file for STMicroelectronics.X-CUBE-TOF1.3.4.2
2024-10-14 11:48:09,140 [WARN] PackLoader:240 - Cannot read IP mode file for STMicroelectronics.X-CUBE-TOF1.3.4.1
2024-10-14 11:48:09,197 [WARN] PackLoader:240 - Cannot read IP mode file for STMicroelectronics.X-CUBE-AZRTOS-H7.3.2.0
2024-10-14 11:48:09,242 [WARN] PackLoader:240 - Cannot read IP mode file for Infineon.AIROC-Wi-Fi-Bluetooth-STM32.1.6.0
2024-10-14 11:48:09,263 [WARN] PackLoader:240 - Cannot read IP mode file for wolfSSL.I-CUBE-wolfSSH.1.4.17
2024-10-14 11:48:09,264 [INFO] ThirdParty:978 - Integrity check success = true
2024-10-14 11:48:09,264 [INFO] IntegrityCheckThread:100 - exiting critical section [integrity check]
2024-10-14 11:48:09,264 [INFO] IntegrityCheckThread:103 - End integrity checks thread
2024-10-14 11:48:15,954 [INFO] WebApp:161 - Instantiating new browser for Auth
2024-10-14 11:48:16,865 [INFO] WebApp:779 - Register for checkConnection events
2024-10-14 11:48:16,865 [INFO] WebApp:414 - Apply proxy settings
2024-10-14 11:48:16,866 [INFO] WebApp:499 - Chromium requires no authentication
2024-10-14 11:48:16,876 [INFO] WebApp:442 - Direct internet connection detected
2024-10-14 11:48:17,105 [INFO] WebApp:192 - Starting web application
2024-10-14 11:48:17,105 [INFO] WebApp:544 - Web application path used C:\Users\USER\Downloads\STM32CubeIDE_1.15.1\STM32CubeIDE\plugins\com.st.stm32cube.common.mx_6.11.1.202404110753\db\plugins\mcufinder\reactClient1\index.html
2024-10-14 22:32:05,782 [ERROR] LogOutputStream:75 - [STDERR_REDIRECT] 
