2024-11-03 22:09:20,212 [INFO] Activator:176 - 


2024-11-03 22:09:20,226 [INFO] Activator:177 - !SESSION log4j initialized
2024-11-03 22:09:31,373 [INFO] LogOutputStream:77 - [STDOUT_REDIRECT] 
2024-11-03 22:09:36,554 [INFO] ApplicationProperties:184 - Using Application install path: C:\Users\USER\Downloads\STM32CubeIDE_1.15.1\STM32CubeIDE\plugins\com.st.stm32cube.common.mx_6.11.1.202404110753
2024-11-03 22:09:36,581 [INFO] DbMcusXml:78 - Set database path to: C:\Users\USER\Downloads\STM32CubeIDE_1.15.1\STM32CubeIDE\plugins\com.st.stm32cube.common.mx_6.11.1.202404110753\\db\/mcu/
2024-11-03 22:09:36,581 [INFO] ApiDb:274 - Set plugin database path to: C:\Users\USER\Downloads\STM32CubeIDE_1.15.1\STM32CubeIDE\plugins\com.st.stm32cube.common.mx_6.11.1.202404110753\\db\/plugins/boardmanager/
2024-11-03 22:09:36,582 [WARN] ApiDb:259 - Overriding images path with different value:  => C:\Users\USER\Downloads\STM32CubeIDE_1.15.1\STM32CubeIDE\plugins\com.st.stm32cube.common.mx_6.11.1.202404110753\\db\/plugins/mcufinder/images/
2024-11-03 22:09:36,600 [INFO] ApiDb:250 - Set database path to: C:\Users\USER\.stmcufinder\plugins\mcufinder//mcu/
2024-11-03 22:09:36,601 [INFO] DbMcusAds:125 - Set database path to: C:\Users\USER\.stmcufinder\plugins\mcufinder//mcu/
2024-11-03 22:09:36,604 [INFO] CrossReferenceDbSqlite:203 - Set database path to: C:\Users\USER\.stmcufinder\plugins\mcufinder//mcu/cs/
2024-11-03 22:09:36,809 [INFO] RulesReader:64 - Compatibility file has been processed (297 Rules)
2024-11-03 22:09:36,987 [INFO] DbMcusXml:78 - Set database path to: C:\Users\USER\Downloads\STM32CubeIDE_1.15.1\STM32CubeIDE\plugins\com.st.stm32cube.common.mx_6.11.1.202404110753\\db\/mcu/
2024-11-03 22:09:36,988 [INFO] ApiDb:274 - Set plugin database path to: C:\Users\USER\Downloads\STM32CubeIDE_1.15.1\STM32CubeIDE\plugins\com.st.stm32cube.common.mx_6.11.1.202404110753\\db\/plugins/boardmanager/
2024-11-03 22:09:36,988 [INFO] ApiDb:261 - Set plugin images path to: C:\Users\USER\Downloads\STM32CubeIDE_1.15.1\STM32CubeIDE\plugins\com.st.stm32cube.common.mx_6.11.1.202404110753\\db\/plugins/mcufinder/images/
2024-11-03 22:09:36,988 [WARN] DbFile:41 - Overriding database path with different value: C:\Users\USER\.stmcufinder\plugins\mcufinder/ => C:\Users\USER\.stmcufinder\plugins\mcufinder
2024-11-03 22:09:36,989 [INFO] ApiDb:250 - Set database path to: C:\Users\USER\.stmcufinder\plugins\mcufinder//mcu/
2024-11-03 22:09:36,989 [WARN] DbFile:41 - Overriding database path with different value: C:\Users\USER\.stmcufinder\plugins\mcufinder/ => C:\Users\USER\.stmcufinder\plugins\mcufinder
2024-11-03 22:09:36,989 [INFO] DbMcusAds:125 - Set database path to: C:\Users\USER\.stmcufinder\plugins\mcufinder//mcu/
2024-11-03 22:09:36,989 [WARN] DbFile:41 - Overriding database path with different value: C:\Users\USER\.stmcufinder\plugins\mcufinder/ => C:\Users\USER\.stmcufinder\plugins\mcufinder
2024-11-03 22:09:36,989 [WARN] DbFile:41 - Overriding database path with different value: C:\Users\USER\.stmcufinder\plugins\mcufinder/ => C:\Users\USER\.stmcufinder\plugins\mcufinder
2024-11-03 22:09:36,989 [INFO] CrossReferenceDbSqlite:203 - Set database path to: C:\Users\USER\.stmcufinder\plugins\mcufinder//mcu/cs/
2024-11-03 22:09:37,126 [INFO] MainPanel:264 - HeapMemory: 268435456
2024-11-03 22:09:37,238 [INFO] DbMcusXml:78 - Set database path to: C:\Users\USER\Downloads\STM32CubeIDE_1.15.1\STM32CubeIDE\plugins\com.st.stm32cube.common.mx_6.11.1.202404110753\\db\/mcu/
2024-11-03 22:09:37,239 [INFO] ApiDb:274 - Set plugin database path to: C:\Users\USER\Downloads\STM32CubeIDE_1.15.1\STM32CubeIDE\plugins\com.st.stm32cube.common.mx_6.11.1.202404110753\\db\/plugins/boardmanager/
2024-11-03 22:09:37,239 [INFO] ApiDb:261 - Set plugin images path to: C:\Users\USER\Downloads\STM32CubeIDE_1.15.1\STM32CubeIDE\plugins\com.st.stm32cube.common.mx_6.11.1.202404110753\\db\/plugins/mcufinder/images/
2024-11-03 22:09:37,239 [WARN] DbFile:41 - Overriding database path with different value: C:\Users\USER\.stmcufinder\plugins\mcufinder/ => C:\Users\USER\.stmcufinder\plugins\mcufinder
2024-11-03 22:09:37,239 [INFO] ApiDb:250 - Set database path to: C:\Users\USER\.stmcufinder\plugins\mcufinder//mcu/
2024-11-03 22:09:37,239 [WARN] DbFile:41 - Overriding database path with different value: C:\Users\USER\.stmcufinder\plugins\mcufinder/ => C:\Users\USER\.stmcufinder\plugins\mcufinder
2024-11-03 22:09:37,239 [INFO] DbMcusAds:125 - Set database path to: C:\Users\USER\.stmcufinder\plugins\mcufinder//mcu/
2024-11-03 22:09:37,240 [WARN] DbFile:41 - Overriding database path with different value: C:\Users\USER\.stmcufinder\plugins\mcufinder/ => C:\Users\USER\.stmcufinder\plugins\mcufinder
2024-11-03 22:09:37,240 [WARN] DbFile:41 - Overriding database path with different value: C:\Users\USER\.stmcufinder\plugins\mcufinder/ => C:\Users\USER\.stmcufinder\plugins\mcufinder
2024-11-03 22:09:37,240 [INFO] CrossReferenceDbSqlite:203 - Set database path to: C:\Users\USER\.stmcufinder\plugins\mcufinder//mcu/cs/
2024-11-03 22:09:37,263 [INFO] ApplicationProperties:184 - Using Application install path: C:\Users\USER\Downloads\STM32CubeIDE_1.15.1\STM32CubeIDE\plugins\com.st.stm32cube.common.mx_6.11.1.202404110753
2024-11-03 22:09:37,265 [INFO] PluginManage:196 - Search for loadable plugins [exclusion list=, ]
2024-11-03 22:09:37,267 [INFO] PluginManage:310 - Check plugin analytics
2024-11-03 22:09:37,506 [INFO] AnalyticsPlugin:253 - Accepted Software Licenses: 
2024-11-03 22:09:37,506 [INFO] AnalyticsPlugin:255 - Accepted CMSIS Pack Licenses: 
2024-11-03 22:09:37,507 [INFO] AnalyticsPlugin:257 - Accepted Firmware Licenses: 
2024-11-03 22:09:37,510 [INFO] PluginManage:359 - Loaded plugin analytics (category:tool,tabindex:-1)
2024-11-03 22:09:37,510 [INFO] PluginManage:310 - Check plugin cadmodel
2024-11-03 22:09:37,529 [INFO] CADModel:105 - Init CAD model plugin
2024-11-03 22:09:37,529 [INFO] PluginManage:359 - Loaded plugin cadmodel (category:power,tabindex:5)
2024-11-03 22:09:37,530 [INFO] PluginManage:310 - Check plugin clock
2024-11-03 22:09:37,555 [INFO] PluginManage:359 - Loaded plugin clock (category:base,tabindex:2)
2024-11-03 22:09:37,556 [INFO] PluginManage:310 - Check plugin ddr
2024-11-03 22:09:37,560 [INFO] PluginManage:359 - Loaded plugin ddr (category:tool,tabindex:6)
2024-11-03 22:09:37,561 [INFO] PluginManage:310 - Check plugin filemanager
2024-11-03 22:09:37,744 [INFO] PluginManage:359 - Loaded plugin filemanager (category:base,tabindex:10)
2024-11-03 22:09:37,744 [INFO] PluginManage:310 - Check plugin ipmanager
2024-11-03 22:09:37,755 [INFO] PluginManage:359 - Loaded plugin ipmanager (category:base,tabindex:5)
2024-11-03 22:09:37,755 [INFO] PluginManage:310 - Check plugin lpbam
2024-11-03 22:09:37,777 [INFO] PluginManage:359 - Loaded plugin lpbam (category:base,tabindex:0)
2024-11-03 22:09:37,777 [INFO] PluginManage:310 - Check plugin memorymap
2024-11-03 22:09:37,808 [INFO] PluginManage:359 - Loaded plugin memorymap (category:base,tabindex:4)
2024-11-03 22:09:37,809 [INFO] PluginManage:310 - Check plugin pinoutandconfiguration
2024-11-03 22:09:37,830 [INFO] PluginManage:359 - Loaded plugin pinoutandconfiguration (category:base,tabindex:1)
2024-11-03 22:09:37,830 [INFO] PluginManage:310 - Check plugin pinoutconfig
2024-11-03 22:09:37,950 [WARN] SupportedApi:132 - Cannot load RTOS API schema: s4s-elt-must-match.1: The content of 'definitions' must match (annotation?, (simpleType | complexType)?, (unique | key | keyref)*)). A problem was found starting at: attribute.
2024-11-03 22:09:38,120 [INFO] PluginManage:359 - Loaded plugin pinoutconfig (category:base,tabindex:0)
2024-11-03 22:09:38,120 [INFO] PluginManage:310 - Check plugin power
2024-11-03 22:09:38,148 [INFO] PluginManage:359 - Loaded plugin power (category:power,tabindex:4)
2024-11-03 22:09:38,148 [INFO] PluginManage:310 - Check plugin projectmanager
2024-11-03 22:09:38,171 [INFO] PluginManage:359 - Loaded plugin projectmanager (category:projectmanager,tabindex:3)
2024-11-03 22:09:38,171 [INFO] PluginManage:310 - Check plugin thirdparty
2024-11-03 22:09:38,582 [INFO] PluginManage:359 - Loaded plugin thirdparty (category:base,tabindex:-1)
2024-11-03 22:09:38,582 [WARN] IntegrityCheckThread:84 - waiting for thirdparty lock release [integrity check]
2024-11-03 22:09:38,582 [INFO] IntegrityCheckThread:86 - entering critical section [integrity check]
2024-11-03 22:09:38,582 [INFO] PluginManage:310 - Check plugin tools
2024-11-03 22:09:38,582 [INFO] ThirdPartyUpdaterWithRetryManager:70 - Updater plugin not ready yet. [1/15]
2024-11-03 22:09:38,618 [INFO] PluginManage:359 - Loaded plugin tools (category:base,tabindex:7)
2024-11-03 22:09:38,618 [INFO] PluginManage:310 - Check plugin tutovideos
2024-11-03 22:09:38,835 [INFO] PluginManage:359 - Loaded plugin tutovideos (category:base,tabindex:-1)
2024-11-03 22:09:38,835 [INFO] PluginManage:310 - Check plugin updater
2024-11-03 22:09:38,848 [INFO] PluginManage:359 - Loaded plugin updater (category:base,tabindex:12)
2024-11-03 22:09:38,848 [INFO] PluginManage:310 - Check plugin userauth
2024-11-03 22:09:38,857 [INFO] UserAuth:114 - Init User Auth plugin
2024-11-03 22:09:38,857 [INFO] PluginManage:359 - Loaded plugin userauth (category:base,tabindex:14)
2024-11-03 22:09:38,858 [INFO] PluginManage:283 - PluginManage : Loaded plugins [17]
2024-11-03 22:09:39,112 [INFO] PinOutPanel:1561 - setPackage(No Configuration,No Configuration)
2024-11-03 22:09:39,206 [INFO] CADModel:165 - CPN selected for project level
2024-11-03 22:09:39,206 [INFO] CADModel:114 - Register for checkConnection events
2024-11-03 22:09:39,233 [INFO] IPUIPlugin:80 - create IPUIPlugin
2024-11-03 22:09:39,234 [INFO] PluginManager:220 - loadIPPluginJar : add adc
2024-11-03 22:09:39,268 [INFO] IPUIPlugin:80 - create IPUIPlugin
2024-11-03 22:09:39,268 [INFO] PluginManager:220 - loadIPPluginJar : add aes
2024-11-03 22:09:39,307 [INFO] IPUIPlugin:80 - create IPUIPlugin
2024-11-03 22:09:39,307 [INFO] PluginManager:220 - loadIPPluginJar : add can
2024-11-03 22:09:39,328 [INFO] IPUIPlugin:80 - create IPUIPlugin
2024-11-03 22:09:39,328 [INFO] PluginManager:220 - loadIPPluginJar : add comp
2024-11-03 22:09:39,361 [INFO] IPUIPlugin:80 - create IPUIPlugin
2024-11-03 22:09:39,361 [INFO] PluginManager:220 - loadIPPluginJar : add cryp
2024-11-03 22:09:39,389 [INFO] IPUIPlugin:80 - create IPUIPlugin
2024-11-03 22:09:39,389 [INFO] PluginManager:220 - loadIPPluginJar : add dfsdm
2024-11-03 22:09:39,406 [INFO] IPUIPlugin:80 - create IPUIPlugin
2024-11-03 22:09:39,407 [INFO] PluginManager:220 - loadIPPluginJar : add dma
2024-11-03 22:09:39,448 [INFO] IPUIPlugin:80 - create IPUIPlugin
2024-11-03 22:09:39,448 [INFO] PluginManager:220 - loadIPPluginJar : add dma3
2024-11-03 22:09:39,492 [INFO] IPUIPlugin:80 - create IPUIPlugin
2024-11-03 22:09:39,492 [INFO] PluginManager:220 - loadIPPluginJar : add extmemmanager
2024-11-03 22:09:39,511 [INFO] IPUIPlugin:80 - create IPUIPlugin
2024-11-03 22:09:39,511 [INFO] PluginManager:220 - loadIPPluginJar : add fatfs
2024-11-03 22:09:39,556 [INFO] IPUIPlugin:80 - create IPUIPlugin
2024-11-03 22:09:39,556 [INFO] PluginManager:220 - loadIPPluginJar : add fmc
2024-11-03 22:09:39,570 [INFO] IPUIPlugin:80 - create IPUIPlugin
2024-11-03 22:09:39,570 [INFO] PluginManager:220 - loadIPPluginJar : add freertos
2024-11-03 22:09:39,589 [INFO] IPUIPlugin:80 - create IPUIPlugin
2024-11-03 22:09:39,589 [INFO] PluginManager:220 - loadIPPluginJar : add genericplugin
2024-11-03 22:09:39,676 [INFO] IPUIPlugin:80 - create IPUIPlugin
2024-11-03 22:09:39,676 [INFO] PluginManager:220 - loadIPPluginJar : add gfxmmu
2024-11-03 22:09:39,800 [INFO] IPUIPlugin:80 - create IPUIPlugin
2024-11-03 22:09:39,800 [INFO] PluginManager:220 - loadIPPluginJar : add gic
2024-11-03 22:09:39,812 [INFO] IPUIPlugin:80 - create IPUIPlugin
2024-11-03 22:09:39,812 [INFO] PluginManager:220 - loadIPPluginJar : add gpio
2024-11-03 22:09:39,903 [INFO] IPUIPlugin:80 - create IPUIPlugin
2024-11-03 22:09:39,903 [INFO] PluginManager:220 - loadIPPluginJar : add gtzc
2024-11-03 22:09:39,934 [INFO] IPUIPlugin:80 - create IPUIPlugin
2024-11-03 22:09:39,934 [INFO] PluginManager:220 - loadIPPluginJar : add hash
2024-11-03 22:09:39,983 [INFO] IPUIPlugin:80 - create IPUIPlugin
2024-11-03 22:09:39,983 [INFO] PluginManager:220 - loadIPPluginJar : add i2c
2024-11-03 22:09:40,020 [INFO] IPUIPlugin:80 - create IPUIPlugin
2024-11-03 22:09:40,020 [INFO] PluginManager:220 - loadIPPluginJar : add i2s
2024-11-03 22:09:40,059 [INFO] IPUIPlugin:80 - create IPUIPlugin
2024-11-03 22:09:40,059 [INFO] PluginManager:220 - loadIPPluginJar : add i3c
2024-11-03 22:09:40,161 [INFO] IPUIPlugin:80 - create IPUIPlugin
2024-11-03 22:09:40,162 [INFO] PluginManager:220 - loadIPPluginJar : add ipddr
2024-11-03 22:09:40,247 [INFO] IPUIPlugin:80 - create IPUIPlugin
2024-11-03 22:09:40,247 [INFO] PluginManager:220 - loadIPPluginJar : add linkedlist
2024-11-03 22:09:40,280 [INFO] IPUIPlugin:80 - create IPUIPlugin
2024-11-03 22:09:40,280 [INFO] PluginManager:220 - loadIPPluginJar : add lorawan
2024-11-03 22:09:40,314 [INFO] IPUIPlugin:80 - create IPUIPlugin
2024-11-03 22:09:40,314 [INFO] PluginManager:220 - loadIPPluginJar : add ltdc
2024-11-03 22:09:40,327 [INFO] IPUIPlugin:80 - create IPUIPlugin
2024-11-03 22:09:40,327 [INFO] PluginManager:220 - loadIPPluginJar : add mdma
2024-11-03 22:09:40,338 [INFO] IPUIPlugin:80 - create IPUIPlugin
2024-11-03 22:09:40,339 [INFO] PluginManager:220 - loadIPPluginJar : add nvic
2024-11-03 22:09:40,378 [INFO] IPUIPlugin:80 - create IPUIPlugin
2024-11-03 22:09:40,378 [INFO] PluginManager:220 - loadIPPluginJar : add opamp
2024-11-03 22:09:40,441 [INFO] IPUIPlugin:80 - create IPUIPlugin
2024-11-03 22:09:40,441 [INFO] PluginManager:220 - loadIPPluginJar : add openamp
2024-11-03 22:09:40,480 [INFO] IPUIPlugin:80 - create IPUIPlugin
2024-11-03 22:09:40,480 [INFO] PluginManager:220 - loadIPPluginJar : add pdm2pcm
2024-11-03 22:09:40,494 [INFO] IPUIPlugin:80 - create IPUIPlugin
2024-11-03 22:09:40,496 [INFO] PluginManager:220 - loadIPPluginJar : add plateformsettings
2024-11-03 22:09:40,517 [INFO] IPUIPlugin:80 - create IPUIPlugin
2024-11-03 22:09:40,517 [INFO] PluginManager:220 - loadIPPluginJar : add quadspi
2024-11-03 22:09:40,529 [INFO] IPUIPlugin:80 - create IPUIPlugin
2024-11-03 22:09:40,529 [INFO] PluginManager:220 - loadIPPluginJar : add resmgrutility
2024-11-03 22:09:40,575 [INFO] IPUIPlugin:80 - create IPUIPlugin
2024-11-03 22:09:40,575 [INFO] PluginManager:220 - loadIPPluginJar : add sai
2024-11-03 22:09:40,612 [INFO] IPUIPlugin:80 - create IPUIPlugin
2024-11-03 22:09:40,612 [INFO] PluginManager:220 - loadIPPluginJar : add spi
2024-11-03 22:09:40,677 [INFO] IPUIPlugin:80 - create IPUIPlugin
2024-11-03 22:09:40,677 [INFO] PluginManager:220 - loadIPPluginJar : add stm32_wpan
2024-11-03 22:09:40,700 [INFO] IPUIPlugin:80 - create IPUIPlugin
2024-11-03 22:09:40,700 [INFO] PluginManager:220 - loadIPPluginJar : add tim
2024-11-03 22:09:40,756 [INFO] IPUIPlugin:80 - create IPUIPlugin
2024-11-03 22:09:40,757 [INFO] PluginManager:220 - loadIPPluginJar : add touchsensing
2024-11-03 22:09:40,777 [INFO] IPUIPlugin:80 - create IPUIPlugin
2024-11-03 22:09:40,778 [INFO] PluginManager:220 - loadIPPluginJar : add tracer_emb
2024-11-03 22:09:40,799 [INFO] IPUIPlugin:80 - create IPUIPlugin
2024-11-03 22:09:40,800 [INFO] PluginManager:220 - loadIPPluginJar : add ts
2024-11-03 22:09:40,820 [INFO] IPUIPlugin:80 - create IPUIPlugin
2024-11-03 22:09:40,820 [INFO] PluginManager:220 - loadIPPluginJar : add tsc
2024-11-03 22:09:40,841 [INFO] IPUIPlugin:80 - create IPUIPlugin
2024-11-03 22:09:40,841 [INFO] PluginManager:220 - loadIPPluginJar : add ucpd
2024-11-03 22:09:40,882 [INFO] IPUIPlugin:80 - create IPUIPlugin
2024-11-03 22:09:40,882 [INFO] PluginManager:220 - loadIPPluginJar : add usart
2024-11-03 22:09:40,926 [INFO] IPUIPlugin:80 - create IPUIPlugin
2024-11-03 22:09:40,926 [INFO] PluginManager:220 - loadIPPluginJar : add usbx
2024-11-03 22:09:41,060 [INFO] CADModel:165 - CPN selected for project level
2024-11-03 22:09:41,060 [INFO] CADModel:114 - Register for checkConnection events
2024-11-03 22:09:41,060 [FATAL] Updater:308 - Updater called before beeing initialized
2024-11-03 22:09:41,060 [ERROR] CADModel:125 - Updater not yet initialized, retry later 
2024-11-03 22:09:41,218 [INFO] CADModel:165 - CPN selected for project level
2024-11-03 22:09:41,219 [INFO] CADModel:114 - Register for checkConnection events
2024-11-03 22:09:41,219 [FATAL] Updater:308 - Updater called before beeing initialized
2024-11-03 22:09:41,219 [ERROR] CADModel:125 - Updater not yet initialized, retry later 
2024-11-03 22:09:41,222 [FATAL] Updater:308 - Updater called before beeing initialized
2024-11-03 22:09:41,361 [FATAL] Updater:308 - Updater called before beeing initialized
2024-11-03 22:09:41,371 [INFO] DbMcusAds:53 - JSON generation date=Fri Sep 20 06:04:38 PDT 2024 (1726837478367)
2024-11-03 22:09:41,371 [FATAL] Updater:308 - Updater called before beeing initialized
2024-11-03 22:09:41,450 [WARN] DetailPanel:346 - Failed to get advertising image, set to default
2024-11-03 22:09:41,560 [FATAL] Updater:308 - Updater called before beeing initialized
2024-11-03 22:09:41,562 [FATAL] Updater:308 - Updater called before beeing initialized
2024-11-03 22:09:41,562 [FATAL] Updater:308 - Updater called before beeing initialized
2024-11-03 22:09:41,562 [WARN] DetailPanel:346 - Failed to get advertising image, set to default
2024-11-03 22:09:41,563 [FATAL] Updater:308 - Updater called before beeing initialized
2024-11-03 22:09:41,584 [INFO] ThirdPartyUpdaterWithRetryManager:70 - Updater plugin not ready yet. [2/15]
2024-11-03 22:09:41,681 [ERROR] Updater:1120 - MainUpdater not yet initialized. External WinMGr cannot be set.
2024-11-03 22:09:41,695 [INFO] Updater:1056 - Updater Version found : 6.11.1
2024-11-03 22:09:41,719 [INFO] ApplicationProperties:184 - Using Application install path: C:\Users\USER\Downloads\STM32CubeIDE_1.15.1\STM32CubeIDE\plugins\com.st.stm32cube.common.mx_6.11.1.202404110753
2024-11-03 22:09:43,297 [ERROR] LogOutputStream:75 - [STDERR_REDIRECT] Nov 03, 2024 10:09:43 PM java.util.prefs.WindowsPreferences <init>
2024-11-03 22:09:43,299 [ERROR] LogOutputStream:75 - [STDERR_REDIRECT] WARNING: Could not open/create prefs root node Software\JavaSoft\Prefs at root 0xffffffff80000002. Windows RegCreateKeyEx(...) returned error code 5.
2024-11-03 22:09:43,299 [ERROR] LogOutputStream:75 - [STDERR_REDIRECT] 
2024-11-03 22:09:43,736 [INFO] MainUpdater:2873 - connection check result : 10
2024-11-03 22:09:43,737 [INFO] MainUpdater:290 - Updater Check For Update Now.
2024-11-03 22:09:43,737 [INFO] MicroXplorer:498 - Change Database Version : DB.6.0.111
2024-11-03 22:09:43,761 [INFO] McuFinderGlobals:63 - Set McuFinder mode to 2 (CubeIDE integrated)
2024-11-03 22:09:43,776 [INFO] UserAuth:415 - Internet connection configuration mode: 1
2024-11-03 22:09:43,813 [INFO] JxBrowserEngine:152 - Initiate JxBrowser Engine with user profile folder
2024-11-03 22:09:44,054 [INFO] CheckServerUpdateThread:120 - End of CheckServer Thread
2024-11-03 22:09:44,888 [WARN] PackLoader:240 - Cannot read IP mode file for STMicroelectronics.FP-SNS-MOTENVWB1.1.4.0
2024-11-03 22:09:44,908 [WARN] PackLoader:240 - Cannot read IP mode file for STMicroelectronics.X-CUBE-SMBUS.2.1.0
2024-11-03 22:09:44,931 [WARN] PackLoader:240 - Cannot read IP mode file for STMicroelectronics.X-CUBE-WB05N.1.1.0
2024-11-03 22:09:44,954 [WARN] PackLoader:240 - Cannot read IP mode file for STMicroelectronics.X-CUBE-TOUCHGFX.4.23.2
2024-11-03 22:09:45,012 [WARN] PackLoader:240 - Cannot read IP mode file for STMicroelectronics.X-CUBE-AZRTOS-F7.1.1.0
2024-11-03 22:09:45,146 [WARN] PackLoader:240 - Cannot read IP mode file for STMicroelectronics.X-CUBE-MEMS1.11.0.0
2024-11-03 22:09:45,427 [WARN] PackLoader:240 - Cannot read IP mode file for STMicroelectronics.FP-SNS-FLIGHT1.5.0.2
2024-11-03 22:09:45,453 [WARN] PackLoader:240 - Cannot read IP mode file for STMicroelectronics.X-CUBE-DISPLAY.3.0.0
2024-11-03 22:09:45,476 [WARN] PackLoader:240 - Cannot read IP mode file for STMicroelectronics.X-CUBE-BLE1.7.0.0
2024-11-03 22:09:45,498 [WARN] PackLoader:240 - Cannot read IP mode file for STMicroelectronics.X-CUBE-NFC10.1.0.0
2024-11-03 22:09:45,517 [WARN] PackLoader:240 - Cannot read IP mode file for emotas.I-CUBE-CANOPEN.1.3.0
2024-11-03 22:09:45,543 [WARN] PackLoader:240 - Cannot read IP mode file for STMicroelectronics.X-CUBE-BLEMGR.3.1.0
2024-11-03 22:09:45,565 [WARN] PackLoader:240 - Cannot read IP mode file for STMicroelectronics.FP-SNS-SMARTAG2.1.2.0
2024-11-03 22:09:45,593 [INFO] LogOutputStream:77 - [STDOUT_REDIRECT] 1 : Invalid condition id : UX_CORESTACK_Condition cause : null
2024-11-03 22:09:45,594 [INFO] LogOutputStream:77 - [STDOUT_REDIRECT] 1 : Invalid condition id : UX_CORESTACK_Condition cause : null
2024-11-03 22:09:45,597 [INFO] LogOutputStream:77 - [STDOUT_REDIRECT] 1 : Invalid condition id : UX_CORESTACK_Condition cause : null
2024-11-03 22:09:45,599 [INFO] LogOutputStream:77 - [STDOUT_REDIRECT] 1 : Invalid condition id : UX_CORESTACK_Condition cause : null
2024-11-03 22:09:45,602 [INFO] LogOutputStream:77 - [STDOUT_REDIRECT] 1 : Invalid condition id : UX_CORESTACK_Condition cause : null
2024-11-03 22:09:45,606 [WARN] PackLoader:240 - Cannot read IP mode file for STMicroelectronics.X-CUBE-AZRTOS-WL.2.0.0
2024-11-03 22:09:45,626 [WARN] PackLoader:240 - Cannot read IP mode file for STMicroelectronics.FP-SNS-MOTENV1.5.0.0
2024-11-03 22:09:45,645 [WARN] PackLoader:240 - Cannot read IP mode file for wolfSSL.I-CUBE-wolfMQTT.1.19.0
2024-11-03 22:09:45,668 [WARN] PackLoader:240 - Cannot read IP mode file for WES.I-CUBE-Cesium.1.3.0
2024-11-03 22:09:45,689 [WARN] PackLoader:240 - Cannot read IP mode file for STMicroelectronics.X-CUBE-BLE2.3.3.0
2024-11-03 22:09:45,716 [WARN] PackLoader:240 - Cannot read IP mode file for STMicroelectronics.X-CUBE-NFC9.1.0.0
2024-11-03 22:09:45,736 [WARN] PackLoader:240 - Cannot read IP mode file for STMicroelectronics.X-CUBE-TCPP.4.1.0
2024-11-03 22:09:45,787 [WARN] PackLoader:240 - Cannot read IP mode file for STMicroelectronics.X-CUBE-AZRTOS-G0.1.1.0
2024-11-03 22:09:45,822 [WARN] PackLoader:240 - Cannot read IP mode file for STMicroelectronics.X-CUBE-SAFEA1.1.2.2
2024-11-03 22:09:45,850 [WARN] PackLoader:240 - Cannot read IP mode file for STMicroelectronics.X-CUBE-NFC4.3.0.0
2024-11-03 22:09:45,890 [WARN] PackLoader:240 - Cannot read IP mode file for EmbeddedOffice.I-CUBE-FS-RTOS.1.0.1
2024-11-03 22:09:45,891 [ERROR] ConditionMgr:805 - Attr not supported : Dmpu
2024-11-03 22:09:45,891 [ERROR] ConditionMgr:805 - Attr not supported : Dmpu
2024-11-03 22:09:45,891 [ERROR] ConditionMgr:805 - Attr not supported : Dmpu
2024-11-03 22:09:45,891 [ERROR] ConditionMgr:805 - Attr not supported : Dmpu
2024-11-03 22:09:45,891 [ERROR] ConditionMgr:805 - Attr not supported : Dmpu
2024-11-03 22:09:45,891 [ERROR] ConditionMgr:805 - Attr not supported : Dmpu
2024-11-03 22:09:45,892 [ERROR] ConditionMgr:805 - Attr not supported : Dmpu
2024-11-03 22:09:45,892 [ERROR] ConditionMgr:805 - Attr not supported : Dmpu
2024-11-03 22:09:45,892 [ERROR] ConditionMgr:805 - Attr not supported : Dmpu
2024-11-03 22:09:45,892 [ERROR] ConditionMgr:805 - Attr not supported : Dmpu
2024-11-03 22:09:45,892 [ERROR] ConditionMgr:805 - Attr not supported : Dmpu
2024-11-03 22:09:45,892 [ERROR] ConditionMgr:805 - Attr not supported : Dmpu
2024-11-03 22:09:45,892 [ERROR] ConditionMgr:805 - Attr not supported : Dmpu
2024-11-03 22:09:45,892 [ERROR] ConditionMgr:805 - Attr not supported : Dmpu
2024-11-03 22:09:45,893 [ERROR] ConditionMgr:805 - Attr not supported : Dmpu
2024-11-03 22:09:45,893 [ERROR] ConditionMgr:805 - Attr not supported : Dmpu
2024-11-03 22:09:45,893 [ERROR] ConditionMgr:805 - Attr not supported : Dmpu
2024-11-03 22:09:45,893 [ERROR] ConditionMgr:805 - Attr not supported : Dmpu
2024-11-03 22:09:45,893 [ERROR] ConditionMgr:805 - Attr not supported : Dmpu
2024-11-03 22:09:45,893 [ERROR] ConditionMgr:805 - Attr not supported : Dmpu
2024-11-03 22:09:45,893 [ERROR] ConditionMgr:805 - Attr not supported : Dmpu
2024-11-03 22:09:45,893 [ERROR] ConditionMgr:805 - Attr not supported : Dmpu
2024-11-03 22:09:45,893 [ERROR] ConditionMgr:805 - Attr not supported : Dmpu
2024-11-03 22:09:45,894 [ERROR] ConditionMgr:805 - Attr not supported : Dmpu
2024-11-03 22:09:45,894 [ERROR] ConditionMgr:805 - Attr not supported : Dmpu
2024-11-03 22:09:45,894 [ERROR] ConditionMgr:805 - Attr not supported : Dmpu
2024-11-03 22:09:45,894 [ERROR] ConditionMgr:805 - Attr not supported : Dmpu
2024-11-03 22:09:45,894 [ERROR] ConditionMgr:805 - Attr not supported : Dmpu
2024-11-03 22:09:45,894 [ERROR] ConditionMgr:805 - Attr not supported : Dmpu
2024-11-03 22:09:45,894 [ERROR] ConditionMgr:805 - Attr not supported : Dmpu
2024-11-03 22:09:45,894 [ERROR] ConditionMgr:805 - Attr not supported : Dmpu
2024-11-03 22:09:45,894 [ERROR] ConditionMgr:805 - Attr not supported : Dmpu
2024-11-03 22:09:45,895 [ERROR] ConditionMgr:805 - Attr not supported : Dmpu
2024-11-03 22:09:45,895 [ERROR] ConditionMgr:805 - Attr not supported : Dmpu
2024-11-03 22:09:45,895 [ERROR] ConditionMgr:805 - Attr not supported : Dmpu
2024-11-03 22:09:45,895 [ERROR] ConditionMgr:805 - Attr not supported : Dmpu
2024-11-03 22:09:45,895 [ERROR] ConditionMgr:805 - Attr not supported : Dmpu
2024-11-03 22:09:45,895 [ERROR] ConditionMgr:805 - Attr not supported : Dmpu
2024-11-03 22:09:45,896 [ERROR] ConditionMgr:805 - Attr not supported : Dmpu
2024-11-03 22:09:45,896 [ERROR] ConditionMgr:805 - Attr not supported : Dmpu
2024-11-03 22:09:45,896 [ERROR] ConditionMgr:805 - Attr not supported : Dmpu
2024-11-03 22:09:45,896 [ERROR] ConditionMgr:805 - Attr not supported : Dmpu
2024-11-03 22:09:45,896 [ERROR] ConditionMgr:805 - Attr not supported : Dmpu
2024-11-03 22:09:45,896 [ERROR] ConditionMgr:805 - Attr not supported : Dmpu
2024-11-03 22:09:45,896 [ERROR] ConditionMgr:805 - Attr not supported : Dmpu
2024-11-03 22:09:45,897 [ERROR] ConditionMgr:805 - Attr not supported : Dmpu
2024-11-03 22:09:45,897 [ERROR] ConditionMgr:805 - Attr not supported : Dmpu
2024-11-03 22:09:45,897 [ERROR] ConditionMgr:805 - Attr not supported : Dmpu
2024-11-03 22:09:45,897 [ERROR] ConditionMgr:805 - Attr not supported : Dmpu
2024-11-03 22:09:45,897 [ERROR] ConditionMgr:805 - Attr not supported : Dmpu
2024-11-03 22:09:45,898 [ERROR] ConditionMgr:805 - Attr not supported : Dmpu
2024-11-03 22:09:45,898 [ERROR] ConditionMgr:805 - Attr not supported : Dmpu
2024-11-03 22:09:45,898 [ERROR] ConditionMgr:805 - Attr not supported : Dmpu
2024-11-03 22:09:45,898 [ERROR] ConditionMgr:805 - Attr not supported : Dmpu
2024-11-03 22:09:45,898 [ERROR] ConditionMgr:805 - Attr not supported : Dmpu
2024-11-03 22:09:45,898 [ERROR] ConditionMgr:805 - Attr not supported : Dmpu
2024-11-03 22:09:45,898 [ERROR] ConditionMgr:805 - Attr not supported : Dmpu
2024-11-03 22:09:45,899 [ERROR] ConditionMgr:805 - Attr not supported : Dmpu
2024-11-03 22:09:45,899 [ERROR] ConditionMgr:805 - Attr not supported : Dmpu
2024-11-03 22:09:45,899 [ERROR] ConditionMgr:805 - Attr not supported : Dmpu
2024-11-03 22:09:45,899 [ERROR] ConditionMgr:805 - Attr not supported : Dmpu
2024-11-03 22:09:45,899 [ERROR] ConditionMgr:805 - Attr not supported : Dmpu
2024-11-03 22:09:45,899 [ERROR] ConditionMgr:805 - Attr not supported : Dmpu
2024-11-03 22:09:45,899 [ERROR] ConditionMgr:805 - Attr not supported : Dmpu
2024-11-03 22:09:45,926 [WARN] PackLoader:240 - Cannot read IP mode file for RealThread.X-CUBE-RT-Thread_Nano.4.1.1
2024-11-03 22:09:45,948 [WARN] PackLoader:240 - Cannot read IP mode file for wolfSSL.I-CUBE-wolfSSL.5.7.0
2024-11-03 22:09:45,974 [WARN] PackLoader:240 - Cannot read IP mode file for STMicroelectronics.FP-ATR-SIGFOX1.3.2.0
2024-11-03 22:09:46,002 [WARN] PackLoader:240 - Cannot read IP mode file for STMicroelectronics.X-CUBE-EEPRMA1.5.1.0
2024-11-03 22:09:46,032 [WARN] PackLoader:240 - Cannot read IP mode file for ITTIA_DB.I-CUBE-ITTIADB.8.9.0
2024-11-03 22:09:46,094 [WARN] PackLoader:240 - Cannot read IP mode file for SEGGER.I-CUBE-embOS.1.3.1
2024-11-03 22:09:46,155 [WARN] PackLoader:240 - Cannot read IP mode file for STMicroelectronics.X-CUBE-ALGOBUILD.1.4.0
2024-11-03 22:09:46,174 [WARN] PackLoader:240 - Cannot read IP mode file for STMicroelectronics.X-CUBE-AI.9.1.0
2024-11-03 22:09:46,193 [WARN] PackLoader:240 - Cannot read IP mode file for STMicroelectronics.X-CUBE-GNSS1.6.0.0
2024-11-03 22:09:46,235 [WARN] PackLoader:240 - Cannot read IP mode file for STMicroelectronics.X-CUBE-AZRTOS-F4.1.1.0
2024-11-03 22:09:46,256 [WARN] PackLoader:240 - Cannot read IP mode file for STMicroelectronics.X-CUBE-ISPU.2.1.0
2024-11-03 22:09:46,271 [WARN] PackLoader:240 - Cannot read IP mode file for STMicroelectronics.X-CUBE-FREERTOS.1.2.0
2024-11-03 22:09:46,307 [WARN] PackLoader:240 - Cannot read IP mode file for STMicroelectronics.X-CUBE-AZRTOS-L5.2.0.0
2024-11-03 22:09:46,336 [WARN] PackLoader:240 - Cannot read IP mode file for STMicroelectronics.X-CUBE-NFC6.3.1.0
2024-11-03 22:09:46,360 [WARN] PackLoader:240 - Cannot read IP mode file for STMicroelectronics.X-CUBE-DPower.1.2.0
2024-11-03 22:09:46,376 [WARN] PackLoader:240 - Cannot read IP mode file for STMicroelectronics.X-CUBE-AI.9.0.0
2024-11-03 22:09:46,399 [WARN] PackLoader:240 - Cannot read IP mode file for STMicroelectronics.X-CUBE-NFC7.1.0.1
2024-11-03 22:09:46,443 [WARN] ConditionMgr:438 - getConditionDescription Invalid condition id : LAN8742 Phy interface Condition cause : null
2024-11-03 22:09:46,444 [WARN] PackLoader:240 - Cannot read IP mode file for STMicroelectronics.X-CUBE-AZRTOS-L4.2.0.0
2024-11-03 22:09:46,445 [WARN] ConditionMgr:1039 - genDependencies : Invalid condition id : LAN8742 Phy interface Condition cause : null
2024-11-03 22:09:46,446 [WARN] ConditionMgr:1039 - genDependencies : Invalid condition id : LAN8742 Phy interface Condition cause : null
2024-11-03 22:09:46,446 [WARN] ConditionMgr:1039 - genDependencies : Invalid condition id : LAN8742 Phy interface Condition cause : null
2024-11-03 22:09:46,471 [WARN] PackLoader:240 - Cannot read IP mode file for STMicroelectronics.X-CUBE-SFXS2LP1.4.0.0
2024-11-03 22:09:46,517 [WARN] PackLoader:240 - Cannot read IP mode file for STMicroelectronics.X-CUBE-AZRTOS-H7.3.3.0
2024-11-03 22:09:46,543 [WARN] PackLoader:240 - Cannot read IP mode file for STMicroelectronics.X-CUBE-IPS.3.0.0
2024-11-03 22:09:46,591 [WARN] ConditionMgr:438 - getConditionDescription Invalid condition id : UX DEVICE CLASS RTOS Condition cause : null
2024-11-03 22:09:46,591 [WARN] ConditionMgr:438 - getConditionDescription Invalid condition id : UX DEVICE CLASS RTOS Condition cause : null
2024-11-03 22:09:46,594 [WARN] PackLoader:240 - Cannot read IP mode file for STMicroelectronics.X-CUBE-AZRTOS-WB.2.0.0
2024-11-03 22:09:46,595 [WARN] ConditionMgr:1039 - genDependencies : Invalid condition id : UX DEVICE CLASS RTOS Condition cause : null
2024-11-03 22:09:46,595 [WARN] ConditionMgr:1039 - genDependencies : Invalid condition id : UX DEVICE CLASS RTOS Condition cause : null
2024-11-03 22:09:46,596 [WARN] ConditionMgr:1039 - genDependencies : Invalid condition id : UX DEVICE CLASS RTOS Condition cause : null
2024-11-03 22:09:46,596 [WARN] ConditionMgr:1039 - genDependencies : Invalid condition id : UX DEVICE CLASS RTOS Condition cause : null
2024-11-03 22:09:46,597 [WARN] ConditionMgr:1039 - genDependencies : Invalid condition id : UX DEVICE CLASS RTOS Condition cause : null
2024-11-03 22:09:46,617 [WARN] PackLoader:240 - Cannot read IP mode file for STMicroelectronics.X-CUBE-GNSS1.7.0.0
2024-11-03 22:09:46,638 [WARN] PackLoader:240 - Cannot read IP mode file for STMicroelectronics.FP-SNS-STBOX1.2.0.0
2024-11-03 22:09:46,671 [WARN] PackLoader:240 - Cannot read IP mode file for STMicroelectronics.X-CUBE-SUBG2.5.0.0
2024-11-03 22:09:46,699 [WARN] PackLoader:240 - Cannot read IP mode file for Cesanta.I-CUBE-Mongoose.7.13.0
2024-11-03 22:09:46,729 [WARN] PackLoader:240 - Cannot read IP mode file for STMicroelectronics.X-CUBE-AZRTOS-G4.2.0.0
2024-11-03 22:09:46,747 [WARN] PackLoader:240 - Cannot read IP mode file for STMicroelectronics.X-CUBE-ISPU.2.0.0
2024-11-03 22:09:46,765 [WARN] PackLoader:240 - Cannot read IP mode file for STMicroelectronics.X-CUBE-ALS.1.0.2
2024-11-03 22:09:46,863 [WARN] PackLoader:240 - Cannot read IP mode file for STMicroelectronics.X-CUBE-MEMS1.10.0.0
2024-11-03 22:09:47,092 [WARN] PackLoader:240 - Cannot read IP mode file for STMicroelectronics.X-CUBE-TOUCHGFX.4.24.1
2024-11-03 22:09:47,108 [WARN] PackLoader:240 - Cannot read IP mode file for wolfSSL.I-CUBE-wolfTPM.3.4.0
2024-11-03 22:09:47,124 [WARN] PackLoader:240 - Cannot read IP mode file for portGmbH.I-Cube-SoM-uGOAL.1.1.0
2024-11-03 22:09:47,173 [WARN] PackLoader:240 - Cannot read IP mode file for STMicroelectronics.X-CUBE-AZRTOS-H7RS.1.0.0
2024-11-03 22:09:47,196 [WARN] PackLoader:240 - Cannot read IP mode file for STMicroelectronics.FP-ATR-ASTRA1.2.0.0
2024-11-03 22:09:47,228 [WARN] PackLoader:240 - Cannot read IP mode file for STMicroelectronics.X-CUBE-TOF1.3.4.2
2024-11-03 22:09:47,274 [WARN] PackLoader:240 - Cannot read IP mode file for STMicroelectronics.X-CUBE-TOF1.3.4.1
2024-11-03 22:09:47,326 [WARN] PackLoader:240 - Cannot read IP mode file for STMicroelectronics.X-CUBE-AZRTOS-H7.3.2.0
2024-11-03 22:09:47,365 [WARN] PackLoader:240 - Cannot read IP mode file for Infineon.AIROC-Wi-Fi-Bluetooth-STM32.1.6.0
2024-11-03 22:09:47,398 [WARN] PackLoader:240 - Cannot read IP mode file for wolfSSL.I-CUBE-wolfSSH.1.4.17
2024-11-03 22:09:47,399 [INFO] ThirdParty:978 - Integrity check success = true
2024-11-03 22:09:47,399 [INFO] IntegrityCheckThread:100 - exiting critical section [integrity check]
2024-11-03 22:09:47,399 [INFO] IntegrityCheckThread:103 - End integrity checks thread
2024-11-03 22:09:53,232 [INFO] WebApp:161 - Instantiating new browser for Auth
2024-11-03 22:09:54,042 [INFO] WebApp:779 - Register for checkConnection events
2024-11-03 22:09:54,042 [INFO] WebApp:414 - Apply proxy settings
2024-11-03 22:09:54,043 [INFO] WebApp:499 - Chromium requires no authentication
2024-11-03 22:09:54,051 [INFO] WebApp:442 - Direct internet connection detected
2024-11-03 22:09:54,236 [INFO] WebApp:192 - Starting web application
2024-11-03 22:09:54,236 [INFO] WebApp:544 - Web application path used C:\Users\USER\Downloads\STM32CubeIDE_1.15.1\STM32CubeIDE\plugins\com.st.stm32cube.common.mx_6.11.1.202404110753\db\plugins\mcufinder\reactClient1\index.html
