2024-10-19 13:17:22,837 [ERROR] LogOutputStream:75 - [STDERR_REDIRECT] 
2024-10-19 13:17:55,884 [INFO] Activator:176 - 


2024-10-19 13:17:55,887 [INFO] Activator:177 - !SESSION log4j initialized
2024-10-19 13:18:05,208 [INFO] LogOutputStream:77 - [STDOUT_REDIRECT] 
2024-10-19 13:18:07,627 [INFO] ApplicationProperties:184 - Using Application install path: C:\Users\USER\Downloads\STM32CubeIDE_1.15.1\STM32CubeIDE\plugins\com.st.stm32cube.common.mx_6.11.1.202404110753
2024-10-19 13:18:07,651 [INFO] DbMcusXml:78 - Set database path to: C:\Users\USER\Downloads\STM32CubeIDE_1.15.1\STM32CubeIDE\plugins\com.st.stm32cube.common.mx_6.11.1.202404110753\\db\/mcu/
2024-10-19 13:18:07,651 [INFO] ApiDb:274 - Set plugin database path to: C:\Users\USER\Downloads\STM32CubeIDE_1.15.1\STM32CubeIDE\plugins\com.st.stm32cube.common.mx_6.11.1.202404110753\\db\/plugins/boardmanager/
2024-10-19 13:18:07,651 [WARN] ApiDb:259 - Overriding images path with different value:  => C:\Users\USER\Downloads\STM32CubeIDE_1.15.1\STM32CubeIDE\plugins\com.st.stm32cube.common.mx_6.11.1.202404110753\\db\/plugins/mcufinder/images/
2024-10-19 13:18:07,667 [INFO] ApiDb:250 - Set database path to: C:\Users\USER\.stmcufinder\plugins\mcufinder//mcu/
2024-10-19 13:18:07,667 [INFO] DbMcusAds:125 - Set database path to: C:\Users\USER\.stmcufinder\plugins\mcufinder//mcu/
2024-10-19 13:18:07,667 [INFO] CrossReferenceDbSqlite:203 - Set database path to: C:\Users\USER\.stmcufinder\plugins\mcufinder//mcu/cs/
2024-10-19 13:18:07,851 [INFO] RulesReader:64 - Compatibility file has been processed (297 Rules)
2024-10-19 13:18:07,979 [INFO] DbMcusXml:78 - Set database path to: C:\Users\USER\Downloads\STM32CubeIDE_1.15.1\STM32CubeIDE\plugins\com.st.stm32cube.common.mx_6.11.1.202404110753\\db\/mcu/
2024-10-19 13:18:07,979 [INFO] ApiDb:274 - Set plugin database path to: C:\Users\USER\Downloads\STM32CubeIDE_1.15.1\STM32CubeIDE\plugins\com.st.stm32cube.common.mx_6.11.1.202404110753\\db\/plugins/boardmanager/
2024-10-19 13:18:07,987 [INFO] ApiDb:261 - Set plugin images path to: C:\Users\USER\Downloads\STM32CubeIDE_1.15.1\STM32CubeIDE\plugins\com.st.stm32cube.common.mx_6.11.1.202404110753\\db\/plugins/mcufinder/images/
2024-10-19 13:18:07,987 [WARN] DbFile:41 - Overriding database path with different value: C:\Users\USER\.stmcufinder\plugins\mcufinder/ => C:\Users\USER\.stmcufinder\plugins\mcufinder
2024-10-19 13:18:07,987 [INFO] ApiDb:250 - Set database path to: C:\Users\USER\.stmcufinder\plugins\mcufinder//mcu/
2024-10-19 13:18:07,987 [WARN] DbFile:41 - Overriding database path with different value: C:\Users\USER\.stmcufinder\plugins\mcufinder/ => C:\Users\USER\.stmcufinder\plugins\mcufinder
2024-10-19 13:18:07,987 [INFO] DbMcusAds:125 - Set database path to: C:\Users\USER\.stmcufinder\plugins\mcufinder//mcu/
2024-10-19 13:18:07,987 [WARN] DbFile:41 - Overriding database path with different value: C:\Users\USER\.stmcufinder\plugins\mcufinder/ => C:\Users\USER\.stmcufinder\plugins\mcufinder
2024-10-19 13:18:07,987 [WARN] DbFile:41 - Overriding database path with different value: C:\Users\USER\.stmcufinder\plugins\mcufinder/ => C:\Users\USER\.stmcufinder\plugins\mcufinder
2024-10-19 13:18:07,987 [INFO] CrossReferenceDbSqlite:203 - Set database path to: C:\Users\USER\.stmcufinder\plugins\mcufinder//mcu/cs/
2024-10-19 13:18:08,083 [INFO] MainPanel:264 - HeapMemory: 268435456
2024-10-19 13:18:08,195 [INFO] DbMcusXml:78 - Set database path to: C:\Users\USER\Downloads\STM32CubeIDE_1.15.1\STM32CubeIDE\plugins\com.st.stm32cube.common.mx_6.11.1.202404110753\\db\/mcu/
2024-10-19 13:18:08,195 [INFO] ApiDb:274 - Set plugin database path to: C:\Users\USER\Downloads\STM32CubeIDE_1.15.1\STM32CubeIDE\plugins\com.st.stm32cube.common.mx_6.11.1.202404110753\\db\/plugins/boardmanager/
2024-10-19 13:18:08,195 [INFO] ApiDb:261 - Set plugin images path to: C:\Users\USER\Downloads\STM32CubeIDE_1.15.1\STM32CubeIDE\plugins\com.st.stm32cube.common.mx_6.11.1.202404110753\\db\/plugins/mcufinder/images/
2024-10-19 13:18:08,203 [WARN] DbFile:41 - Overriding database path with different value: C:\Users\USER\.stmcufinder\plugins\mcufinder/ => C:\Users\USER\.stmcufinder\plugins\mcufinder
2024-10-19 13:18:08,203 [INFO] ApiDb:250 - Set database path to: C:\Users\USER\.stmcufinder\plugins\mcufinder//mcu/
2024-10-19 13:18:08,203 [WARN] DbFile:41 - Overriding database path with different value: C:\Users\USER\.stmcufinder\plugins\mcufinder/ => C:\Users\USER\.stmcufinder\plugins\mcufinder
2024-10-19 13:18:08,203 [INFO] DbMcusAds:125 - Set database path to: C:\Users\USER\.stmcufinder\plugins\mcufinder//mcu/
2024-10-19 13:18:08,203 [WARN] DbFile:41 - Overriding database path with different value: C:\Users\USER\.stmcufinder\plugins\mcufinder/ => C:\Users\USER\.stmcufinder\plugins\mcufinder
2024-10-19 13:18:08,203 [WARN] DbFile:41 - Overriding database path with different value: C:\Users\USER\.stmcufinder\plugins\mcufinder/ => C:\Users\USER\.stmcufinder\plugins\mcufinder
2024-10-19 13:18:08,203 [INFO] CrossReferenceDbSqlite:203 - Set database path to: C:\Users\USER\.stmcufinder\plugins\mcufinder//mcu/cs/
2024-10-19 13:18:08,219 [INFO] ApplicationProperties:184 - Using Application install path: C:\Users\USER\Downloads\STM32CubeIDE_1.15.1\STM32CubeIDE\plugins\com.st.stm32cube.common.mx_6.11.1.202404110753
2024-10-19 13:18:08,227 [INFO] PluginManage:196 - Search for loadable plugins [exclusion list=, ]
2024-10-19 13:18:08,227 [INFO] PluginManage:310 - Check plugin analytics
2024-10-19 13:18:08,467 [INFO] AnalyticsPlugin:253 - Accepted Software Licenses: 
2024-10-19 13:18:08,467 [INFO] AnalyticsPlugin:255 - Accepted CMSIS Pack Licenses: 
2024-10-19 13:18:08,467 [INFO] AnalyticsPlugin:257 - Accepted Firmware Licenses: 
2024-10-19 13:18:08,475 [INFO] PluginManage:359 - Loaded plugin analytics (category:tool,tabindex:-1)
2024-10-19 13:18:08,475 [INFO] PluginManage:310 - Check plugin cadmodel
2024-10-19 13:18:08,499 [INFO] CADModel:105 - Init CAD model plugin
2024-10-19 13:18:08,499 [INFO] PluginManage:359 - Loaded plugin cadmodel (category:power,tabindex:5)
2024-10-19 13:18:08,499 [INFO] PluginManage:310 - Check plugin clock
2024-10-19 13:18:08,523 [INFO] PluginManage:359 - Loaded plugin clock (category:base,tabindex:2)
2024-10-19 13:18:08,523 [INFO] PluginManage:310 - Check plugin ddr
2024-10-19 13:18:08,523 [INFO] PluginManage:359 - Loaded plugin ddr (category:tool,tabindex:6)
2024-10-19 13:18:08,531 [INFO] PluginManage:310 - Check plugin filemanager
2024-10-19 13:18:08,699 [INFO] PluginManage:359 - Loaded plugin filemanager (category:base,tabindex:10)
2024-10-19 13:18:08,699 [INFO] PluginManage:310 - Check plugin ipmanager
2024-10-19 13:18:08,713 [INFO] PluginManage:359 - Loaded plugin ipmanager (category:base,tabindex:5)
2024-10-19 13:18:08,713 [INFO] PluginManage:310 - Check plugin lpbam
2024-10-19 13:18:08,729 [INFO] PluginManage:359 - Loaded plugin lpbam (category:base,tabindex:0)
2024-10-19 13:18:08,729 [INFO] PluginManage:310 - Check plugin memorymap
2024-10-19 13:18:08,762 [INFO] PluginManage:359 - Loaded plugin memorymap (category:base,tabindex:4)
2024-10-19 13:18:08,762 [INFO] PluginManage:310 - Check plugin pinoutandconfiguration
2024-10-19 13:18:08,786 [INFO] PluginManage:359 - Loaded plugin pinoutandconfiguration (category:base,tabindex:1)
2024-10-19 13:18:08,786 [INFO] PluginManage:310 - Check plugin pinoutconfig
2024-10-19 13:18:08,898 [WARN] SupportedApi:132 - Cannot load RTOS API schema: s4s-elt-must-match.1: The content of 'definitions' must match (annotation?, (simpleType | complexType)?, (unique | key | keyref)*)). A problem was found starting at: attribute.
2024-10-19 13:18:09,106 [INFO] PluginManage:359 - Loaded plugin pinoutconfig (category:base,tabindex:0)
2024-10-19 13:18:09,106 [INFO] PluginManage:310 - Check plugin power
2024-10-19 13:18:09,138 [INFO] PluginManage:359 - Loaded plugin power (category:power,tabindex:4)
2024-10-19 13:18:09,138 [INFO] PluginManage:310 - Check plugin projectmanager
2024-10-19 13:18:09,167 [INFO] PluginManage:359 - Loaded plugin projectmanager (category:projectmanager,tabindex:3)
2024-10-19 13:18:09,167 [INFO] PluginManage:310 - Check plugin thirdparty
2024-10-19 13:18:09,527 [INFO] PluginManage:359 - Loaded plugin thirdparty (category:base,tabindex:-1)
2024-10-19 13:18:09,534 [INFO] PluginManage:310 - Check plugin tools
2024-10-19 13:18:09,527 [WARN] IntegrityCheckThread:84 - waiting for thirdparty lock release [integrity check]
2024-10-19 13:18:09,534 [INFO] IntegrityCheckThread:86 - entering critical section [integrity check]
2024-10-19 13:18:09,534 [INFO] ThirdPartyUpdaterWithRetryManager:70 - Updater plugin not ready yet. [1/15]
2024-10-19 13:18:09,574 [INFO] PluginManage:359 - Loaded plugin tools (category:base,tabindex:7)
2024-10-19 13:18:09,574 [INFO] PluginManage:310 - Check plugin tutovideos
2024-10-19 13:18:09,806 [INFO] PluginManage:359 - Loaded plugin tutovideos (category:base,tabindex:-1)
2024-10-19 13:18:09,806 [INFO] PluginManage:310 - Check plugin updater
2024-10-19 13:18:09,822 [INFO] PluginManage:359 - Loaded plugin updater (category:base,tabindex:12)
2024-10-19 13:18:09,822 [INFO] PluginManage:310 - Check plugin userauth
2024-10-19 13:18:09,830 [INFO] UserAuth:114 - Init User Auth plugin
2024-10-19 13:18:09,830 [INFO] PluginManage:359 - Loaded plugin userauth (category:base,tabindex:14)
2024-10-19 13:18:09,830 [INFO] PluginManage:283 - PluginManage : Loaded plugins [17]
2024-10-19 13:18:10,123 [INFO] PinOutPanel:1561 - setPackage(No Configuration,No Configuration)
2024-10-19 13:18:10,219 [INFO] CADModel:165 - CPN selected for project level
2024-10-19 13:18:10,219 [INFO] CADModel:114 - Register for checkConnection events
2024-10-19 13:18:10,259 [INFO] IPUIPlugin:80 - create IPUIPlugin
2024-10-19 13:18:10,259 [INFO] PluginManager:220 - loadIPPluginJar : add adc
2024-10-19 13:18:10,299 [INFO] IPUIPlugin:80 - create IPUIPlugin
2024-10-19 13:18:10,299 [INFO] PluginManager:220 - loadIPPluginJar : add aes
2024-10-19 13:18:10,339 [INFO] IPUIPlugin:80 - create IPUIPlugin
2024-10-19 13:18:10,339 [INFO] PluginManager:220 - loadIPPluginJar : add can
2024-10-19 13:18:10,363 [INFO] IPUIPlugin:80 - create IPUIPlugin
2024-10-19 13:18:10,363 [INFO] PluginManager:220 - loadIPPluginJar : add comp
2024-10-19 13:18:10,395 [INFO] IPUIPlugin:80 - create IPUIPlugin
2024-10-19 13:18:10,395 [INFO] PluginManager:220 - loadIPPluginJar : add cryp
2024-10-19 13:18:10,427 [INFO] IPUIPlugin:80 - create IPUIPlugin
2024-10-19 13:18:10,427 [INFO] PluginManager:220 - loadIPPluginJar : add dfsdm
2024-10-19 13:18:10,451 [INFO] IPUIPlugin:80 - create IPUIPlugin
2024-10-19 13:18:10,451 [INFO] PluginManager:220 - loadIPPluginJar : add dma
2024-10-19 13:18:10,491 [INFO] IPUIPlugin:80 - create IPUIPlugin
2024-10-19 13:18:10,491 [INFO] PluginManager:220 - loadIPPluginJar : add dma3
2024-10-19 13:18:10,539 [INFO] IPUIPlugin:80 - create IPUIPlugin
2024-10-19 13:18:10,539 [INFO] PluginManager:220 - loadIPPluginJar : add extmemmanager
2024-10-19 13:18:10,555 [INFO] IPUIPlugin:80 - create IPUIPlugin
2024-10-19 13:18:10,555 [INFO] PluginManager:220 - loadIPPluginJar : add fatfs
2024-10-19 13:18:10,603 [INFO] IPUIPlugin:80 - create IPUIPlugin
2024-10-19 13:18:10,603 [INFO] PluginManager:220 - loadIPPluginJar : add fmc
2024-10-19 13:18:10,619 [INFO] IPUIPlugin:80 - create IPUIPlugin
2024-10-19 13:18:10,619 [INFO] PluginManager:220 - loadIPPluginJar : add freertos
2024-10-19 13:18:10,635 [INFO] IPUIPlugin:80 - create IPUIPlugin
2024-10-19 13:18:10,643 [INFO] PluginManager:220 - loadIPPluginJar : add genericplugin
2024-10-19 13:18:10,747 [INFO] IPUIPlugin:80 - create IPUIPlugin
2024-10-19 13:18:10,747 [INFO] PluginManager:220 - loadIPPluginJar : add gfxmmu
2024-10-19 13:18:10,875 [INFO] IPUIPlugin:80 - create IPUIPlugin
2024-10-19 13:18:10,875 [INFO] PluginManager:220 - loadIPPluginJar : add gic
2024-10-19 13:18:10,891 [INFO] IPUIPlugin:80 - create IPUIPlugin
2024-10-19 13:18:10,891 [INFO] PluginManager:220 - loadIPPluginJar : add gpio
2024-10-19 13:18:10,987 [INFO] IPUIPlugin:80 - create IPUIPlugin
2024-10-19 13:18:10,987 [INFO] PluginManager:220 - loadIPPluginJar : add gtzc
2024-10-19 13:18:11,019 [INFO] IPUIPlugin:80 - create IPUIPlugin
2024-10-19 13:18:11,019 [INFO] PluginManager:220 - loadIPPluginJar : add hash
2024-10-19 13:18:11,075 [INFO] IPUIPlugin:80 - create IPUIPlugin
2024-10-19 13:18:11,075 [INFO] PluginManager:220 - loadIPPluginJar : add i2c
2024-10-19 13:18:11,115 [INFO] IPUIPlugin:80 - create IPUIPlugin
2024-10-19 13:18:11,115 [INFO] PluginManager:220 - loadIPPluginJar : add i2s
2024-10-19 13:18:11,155 [INFO] IPUIPlugin:80 - create IPUIPlugin
2024-10-19 13:18:11,155 [INFO] PluginManager:220 - loadIPPluginJar : add i3c
2024-10-19 13:18:11,259 [INFO] IPUIPlugin:80 - create IPUIPlugin
2024-10-19 13:18:11,259 [INFO] PluginManager:220 - loadIPPluginJar : add ipddr
2024-10-19 13:18:11,347 [INFO] IPUIPlugin:80 - create IPUIPlugin
2024-10-19 13:18:11,347 [INFO] PluginManager:220 - loadIPPluginJar : add linkedlist
2024-10-19 13:18:11,379 [INFO] IPUIPlugin:80 - create IPUIPlugin
2024-10-19 13:18:11,379 [INFO] PluginManager:220 - loadIPPluginJar : add lorawan
2024-10-19 13:18:11,411 [INFO] IPUIPlugin:80 - create IPUIPlugin
2024-10-19 13:18:11,411 [INFO] PluginManager:220 - loadIPPluginJar : add ltdc
2024-10-19 13:18:11,427 [INFO] IPUIPlugin:80 - create IPUIPlugin
2024-10-19 13:18:11,427 [INFO] PluginManager:220 - loadIPPluginJar : add mdma
2024-10-19 13:18:11,443 [INFO] IPUIPlugin:80 - create IPUIPlugin
2024-10-19 13:18:11,443 [INFO] PluginManager:220 - loadIPPluginJar : add nvic
2024-10-19 13:18:11,483 [INFO] IPUIPlugin:80 - create IPUIPlugin
2024-10-19 13:18:11,483 [INFO] PluginManager:220 - loadIPPluginJar : add opamp
2024-10-19 13:18:11,547 [INFO] IPUIPlugin:80 - create IPUIPlugin
2024-10-19 13:18:11,547 [INFO] PluginManager:220 - loadIPPluginJar : add openamp
2024-10-19 13:18:11,587 [INFO] IPUIPlugin:80 - create IPUIPlugin
2024-10-19 13:18:11,587 [INFO] PluginManager:220 - loadIPPluginJar : add pdm2pcm
2024-10-19 13:18:11,603 [INFO] IPUIPlugin:80 - create IPUIPlugin
2024-10-19 13:18:11,603 [INFO] PluginManager:220 - loadIPPluginJar : add plateformsettings
2024-10-19 13:18:11,627 [INFO] IPUIPlugin:80 - create IPUIPlugin
2024-10-19 13:18:11,627 [INFO] PluginManager:220 - loadIPPluginJar : add quadspi
2024-10-19 13:18:11,635 [INFO] IPUIPlugin:80 - create IPUIPlugin
2024-10-19 13:18:11,635 [INFO] PluginManager:220 - loadIPPluginJar : add resmgrutility
2024-10-19 13:18:11,683 [INFO] IPUIPlugin:80 - create IPUIPlugin
2024-10-19 13:18:11,683 [INFO] PluginManager:220 - loadIPPluginJar : add sai
2024-10-19 13:18:11,723 [INFO] IPUIPlugin:80 - create IPUIPlugin
2024-10-19 13:18:11,723 [INFO] PluginManager:220 - loadIPPluginJar : add spi
2024-10-19 13:18:11,795 [INFO] IPUIPlugin:80 - create IPUIPlugin
2024-10-19 13:18:11,795 [INFO] PluginManager:220 - loadIPPluginJar : add stm32_wpan
2024-10-19 13:18:11,819 [INFO] IPUIPlugin:80 - create IPUIPlugin
2024-10-19 13:18:11,819 [INFO] PluginManager:220 - loadIPPluginJar : add tim
2024-10-19 13:18:11,891 [INFO] IPUIPlugin:80 - create IPUIPlugin
2024-10-19 13:18:11,891 [INFO] PluginManager:220 - loadIPPluginJar : add touchsensing
2024-10-19 13:18:11,915 [INFO] IPUIPlugin:80 - create IPUIPlugin
2024-10-19 13:18:11,915 [INFO] PluginManager:220 - loadIPPluginJar : add tracer_emb
2024-10-19 13:18:11,939 [INFO] IPUIPlugin:80 - create IPUIPlugin
2024-10-19 13:18:11,939 [INFO] PluginManager:220 - loadIPPluginJar : add ts
2024-10-19 13:18:11,971 [INFO] IPUIPlugin:80 - create IPUIPlugin
2024-10-19 13:18:11,971 [INFO] PluginManager:220 - loadIPPluginJar : add tsc
2024-10-19 13:18:11,995 [INFO] IPUIPlugin:80 - create IPUIPlugin
2024-10-19 13:18:11,995 [INFO] PluginManager:220 - loadIPPluginJar : add ucpd
2024-10-19 13:18:12,043 [INFO] IPUIPlugin:80 - create IPUIPlugin
2024-10-19 13:18:12,043 [INFO] PluginManager:220 - loadIPPluginJar : add usart
2024-10-19 13:18:12,091 [INFO] IPUIPlugin:80 - create IPUIPlugin
2024-10-19 13:18:12,091 [INFO] PluginManager:220 - loadIPPluginJar : add usbx
2024-10-19 13:18:12,240 [INFO] CADModel:165 - CPN selected for project level
2024-10-19 13:18:12,240 [INFO] CADModel:114 - Register for checkConnection events
2024-10-19 13:18:12,240 [FATAL] Updater:308 - Updater called before beeing initialized
2024-10-19 13:18:12,240 [ERROR] CADModel:125 - Updater not yet initialized, retry later 
2024-10-19 13:18:12,454 [INFO] CADModel:165 - CPN selected for project level
2024-10-19 13:18:12,454 [INFO] CADModel:114 - Register for checkConnection events
2024-10-19 13:18:12,454 [FATAL] Updater:308 - Updater called before beeing initialized
2024-10-19 13:18:12,454 [ERROR] CADModel:125 - Updater not yet initialized, retry later 
2024-10-19 13:18:12,454 [FATAL] Updater:308 - Updater called before beeing initialized
2024-10-19 13:18:12,542 [INFO] ThirdPartyUpdaterWithRetryManager:70 - Updater plugin not ready yet. [2/15]
2024-10-19 13:18:12,606 [FATAL] Updater:308 - Updater called before beeing initialized
2024-10-19 13:18:12,622 [INFO] DbMcusAds:53 - JSON generation date=Fri Sep 20 06:04:38 PDT 2024 (1726837478367)
2024-10-19 13:18:12,622 [FATAL] Updater:308 - Updater called before beeing initialized
2024-10-19 13:18:12,710 [WARN] DetailPanel:346 - Failed to get advertising image, set to default
2024-10-19 13:18:12,814 [FATAL] Updater:308 - Updater called before beeing initialized
2024-10-19 13:18:12,814 [FATAL] Updater:308 - Updater called before beeing initialized
2024-10-19 13:18:12,814 [FATAL] Updater:308 - Updater called before beeing initialized
2024-10-19 13:18:12,814 [WARN] DetailPanel:346 - Failed to get advertising image, set to default
2024-10-19 13:18:12,814 [FATAL] Updater:308 - Updater called before beeing initialized
2024-10-19 13:18:12,936 [ERROR] Updater:1120 - MainUpdater not yet initialized. External WinMGr cannot be set.
2024-10-19 13:18:12,944 [INFO] Updater:1056 - Updater Version found : 6.11.1
2024-10-19 13:18:12,976 [INFO] ApplicationProperties:184 - Using Application install path: C:\Users\USER\Downloads\STM32CubeIDE_1.15.1\STM32CubeIDE\plugins\com.st.stm32cube.common.mx_6.11.1.202404110753
2024-10-19 13:18:14,618 [ERROR] LogOutputStream:75 - [STDERR_REDIRECT] Oct 19, 2024 1:18:14 PM java.util.prefs.WindowsPreferences <init>
2024-10-19 13:18:14,618 [ERROR] LogOutputStream:75 - [STDERR_REDIRECT] WARNING: Could not open/create prefs root node Software\JavaSoft\Prefs at root 0xffffffff80000002. Windows RegCreateKeyEx(...) returned error code 5.
2024-10-19 13:18:14,618 [ERROR] LogOutputStream:75 - [STDERR_REDIRECT] 
2024-10-19 13:18:15,138 [INFO] MainUpdater:2873 - connection check result : 10
2024-10-19 13:18:15,138 [INFO] MainUpdater:3567 - Updater definition file requires update
2024-10-19 13:18:15,138 [INFO] MainUpdater:290 - Updater Check For Update Now.
2024-10-19 13:18:15,138 [INFO] MicroXplorer:498 - Change Database Version : DB.6.0.111
2024-10-19 13:18:15,157 [INFO] McuFinderGlobals:63 - Set McuFinder mode to 2 (CubeIDE integrated)
2024-10-19 13:18:15,165 [INFO] UserAuth:415 - Internet connection configuration mode: 1
2024-10-19 13:18:15,213 [INFO] JxBrowserEngine:152 - Initiate JxBrowser Engine with user profile folder
2024-10-19 13:18:15,261 [INFO] ServerAccessManage:473 - Download File updaters.zip
2024-10-19 13:18:15,388 [INFO] FileExtend:240 - Unzip File : updaters.zip
2024-10-19 13:18:15,388 [INFO] FileExtend:255 - Standard Zip Deflate
2024-10-19 13:18:15,556 [WARN] MainUpdater:1194 - Updater busy. Cannot search thirdparties
2024-10-19 13:18:15,556 [INFO] ThirdPartyUpdaterWithRetryManager:96 - Updater plugin is busy. [1/15]
2024-10-19 13:18:15,988 [INFO] ServerAccessManage:473 - Download File PacksControlFlags.xml
2024-10-19 13:18:16,255 [INFO] ServerAccessManage:473 - Download File cubemx.pidx
2024-10-19 13:18:16,796 [INFO] LoadServerUpdatesThread:375 - End of LoadServerUpdate Thread
2024-10-19 13:18:17,152 [INFO] CheckServerUpdateThread:120 - End of CheckServer Thread
2024-10-19 13:18:18,918 [WARN] PackLoader:240 - Cannot read IP mode file for STMicroelectronics.FP-SNS-MOTENVWB1.1.4.0
2024-10-19 13:18:18,941 [WARN] PackLoader:240 - Cannot read IP mode file for STMicroelectronics.X-CUBE-SMBUS.2.1.0
2024-10-19 13:18:18,957 [WARN] PackLoader:240 - Cannot read IP mode file for STMicroelectronics.X-CUBE-WB05N.1.1.0
2024-10-19 13:18:18,973 [WARN] PackLoader:240 - Cannot read IP mode file for STMicroelectronics.X-CUBE-TOUCHGFX.4.23.2
2024-10-19 13:18:19,045 [WARN] PackLoader:240 - Cannot read IP mode file for STMicroelectronics.X-CUBE-AZRTOS-F7.1.1.0
2024-10-19 13:18:19,181 [WARN] PackLoader:240 - Cannot read IP mode file for STMicroelectronics.X-CUBE-MEMS1.11.0.0
2024-10-19 13:18:19,429 [WARN] PackLoader:240 - Cannot read IP mode file for STMicroelectronics.FP-SNS-FLIGHT1.5.0.2
2024-10-19 13:18:19,453 [WARN] PackLoader:240 - Cannot read IP mode file for STMicroelectronics.X-CUBE-DISPLAY.3.0.0
2024-10-19 13:18:19,469 [WARN] PackLoader:240 - Cannot read IP mode file for STMicroelectronics.X-CUBE-BLE1.7.0.0
2024-10-19 13:18:19,493 [WARN] PackLoader:240 - Cannot read IP mode file for STMicroelectronics.X-CUBE-NFC10.1.0.0
2024-10-19 13:18:19,517 [WARN] PackLoader:240 - Cannot read IP mode file for emotas.I-CUBE-CANOPEN.1.3.0
2024-10-19 13:18:19,541 [WARN] PackLoader:240 - Cannot read IP mode file for STMicroelectronics.X-CUBE-BLEMGR.3.1.0
2024-10-19 13:18:19,565 [WARN] PackLoader:240 - Cannot read IP mode file for STMicroelectronics.FP-SNS-SMARTAG2.1.2.0
2024-10-19 13:18:19,605 [INFO] LogOutputStream:77 - [STDOUT_REDIRECT] 1 : Invalid condition id : UX_CORESTACK_Condition cause : null
2024-10-19 13:18:19,605 [INFO] LogOutputStream:77 - [STDOUT_REDIRECT] 1 : Invalid condition id : UX_CORESTACK_Condition cause : null
2024-10-19 13:18:19,605 [INFO] LogOutputStream:77 - [STDOUT_REDIRECT] 1 : Invalid condition id : UX_CORESTACK_Condition cause : null
2024-10-19 13:18:19,613 [INFO] LogOutputStream:77 - [STDOUT_REDIRECT] 1 : Invalid condition id : UX_CORESTACK_Condition cause : null
2024-10-19 13:18:19,613 [INFO] LogOutputStream:77 - [STDOUT_REDIRECT] 1 : Invalid condition id : UX_CORESTACK_Condition cause : null
2024-10-19 13:18:19,621 [WARN] PackLoader:240 - Cannot read IP mode file for STMicroelectronics.X-CUBE-AZRTOS-WL.2.0.0
2024-10-19 13:18:19,645 [WARN] PackLoader:240 - Cannot read IP mode file for STMicroelectronics.FP-SNS-MOTENV1.5.0.0
2024-10-19 13:18:19,669 [WARN] PackLoader:240 - Cannot read IP mode file for wolfSSL.I-CUBE-wolfMQTT.1.19.0
2024-10-19 13:18:19,685 [WARN] PackLoader:240 - Cannot read IP mode file for WES.I-CUBE-Cesium.1.3.0
2024-10-19 13:18:19,709 [WARN] PackLoader:240 - Cannot read IP mode file for STMicroelectronics.X-CUBE-BLE2.3.3.0
2024-10-19 13:18:19,741 [WARN] PackLoader:240 - Cannot read IP mode file for STMicroelectronics.X-CUBE-NFC9.1.0.0
2024-10-19 13:18:19,765 [WARN] PackLoader:240 - Cannot read IP mode file for STMicroelectronics.X-CUBE-TCPP.4.1.0
2024-10-19 13:18:19,813 [WARN] PackLoader:240 - Cannot read IP mode file for STMicroelectronics.X-CUBE-AZRTOS-G0.1.1.0
2024-10-19 13:18:19,837 [WARN] PackLoader:240 - Cannot read IP mode file for STMicroelectronics.X-CUBE-SAFEA1.1.2.2
2024-10-19 13:18:19,861 [WARN] PackLoader:240 - Cannot read IP mode file for STMicroelectronics.X-CUBE-NFC4.3.0.0
2024-10-19 13:18:19,893 [WARN] PackLoader:240 - Cannot read IP mode file for EmbeddedOffice.I-CUBE-FS-RTOS.1.0.1
2024-10-19 13:18:19,893 [ERROR] ConditionMgr:805 - Attr not supported : Dmpu
2024-10-19 13:18:19,893 [ERROR] ConditionMgr:805 - Attr not supported : Dmpu
2024-10-19 13:18:19,893 [ERROR] ConditionMgr:805 - Attr not supported : Dmpu
2024-10-19 13:18:19,893 [ERROR] ConditionMgr:805 - Attr not supported : Dmpu
2024-10-19 13:18:19,893 [ERROR] ConditionMgr:805 - Attr not supported : Dmpu
2024-10-19 13:18:19,893 [ERROR] ConditionMgr:805 - Attr not supported : Dmpu
2024-10-19 13:18:19,893 [ERROR] ConditionMgr:805 - Attr not supported : Dmpu
2024-10-19 13:18:19,893 [ERROR] ConditionMgr:805 - Attr not supported : Dmpu
2024-10-19 13:18:19,893 [ERROR] ConditionMgr:805 - Attr not supported : Dmpu
2024-10-19 13:18:19,893 [ERROR] ConditionMgr:805 - Attr not supported : Dmpu
2024-10-19 13:18:19,893 [ERROR] ConditionMgr:805 - Attr not supported : Dmpu
2024-10-19 13:18:19,893 [ERROR] ConditionMgr:805 - Attr not supported : Dmpu
2024-10-19 13:18:19,893 [ERROR] ConditionMgr:805 - Attr not supported : Dmpu
2024-10-19 13:18:19,893 [ERROR] ConditionMgr:805 - Attr not supported : Dmpu
2024-10-19 13:18:19,893 [ERROR] ConditionMgr:805 - Attr not supported : Dmpu
2024-10-19 13:18:19,893 [ERROR] ConditionMgr:805 - Attr not supported : Dmpu
2024-10-19 13:18:19,893 [ERROR] ConditionMgr:805 - Attr not supported : Dmpu
2024-10-19 13:18:19,893 [ERROR] ConditionMgr:805 - Attr not supported : Dmpu
2024-10-19 13:18:19,893 [ERROR] ConditionMgr:805 - Attr not supported : Dmpu
2024-10-19 13:18:19,893 [ERROR] ConditionMgr:805 - Attr not supported : Dmpu
2024-10-19 13:18:19,893 [ERROR] ConditionMgr:805 - Attr not supported : Dmpu
2024-10-19 13:18:19,893 [ERROR] ConditionMgr:805 - Attr not supported : Dmpu
2024-10-19 13:18:19,893 [ERROR] ConditionMgr:805 - Attr not supported : Dmpu
2024-10-19 13:18:19,893 [ERROR] ConditionMgr:805 - Attr not supported : Dmpu
2024-10-19 13:18:19,893 [ERROR] ConditionMgr:805 - Attr not supported : Dmpu
2024-10-19 13:18:19,893 [ERROR] ConditionMgr:805 - Attr not supported : Dmpu
2024-10-19 13:18:19,893 [ERROR] ConditionMgr:805 - Attr not supported : Dmpu
2024-10-19 13:18:19,893 [ERROR] ConditionMgr:805 - Attr not supported : Dmpu
2024-10-19 13:18:19,893 [ERROR] ConditionMgr:805 - Attr not supported : Dmpu
2024-10-19 13:18:19,893 [ERROR] ConditionMgr:805 - Attr not supported : Dmpu
2024-10-19 13:18:19,893 [ERROR] ConditionMgr:805 - Attr not supported : Dmpu
2024-10-19 13:18:19,893 [ERROR] ConditionMgr:805 - Attr not supported : Dmpu
2024-10-19 13:18:19,893 [ERROR] ConditionMgr:805 - Attr not supported : Dmpu
2024-10-19 13:18:19,893 [ERROR] ConditionMgr:805 - Attr not supported : Dmpu
2024-10-19 13:18:19,893 [ERROR] ConditionMgr:805 - Attr not supported : Dmpu
2024-10-19 13:18:19,893 [ERROR] ConditionMgr:805 - Attr not supported : Dmpu
2024-10-19 13:18:19,901 [ERROR] ConditionMgr:805 - Attr not supported : Dmpu
2024-10-19 13:18:19,901 [ERROR] ConditionMgr:805 - Attr not supported : Dmpu
2024-10-19 13:18:19,901 [ERROR] ConditionMgr:805 - Attr not supported : Dmpu
2024-10-19 13:18:19,901 [ERROR] ConditionMgr:805 - Attr not supported : Dmpu
2024-10-19 13:18:19,901 [ERROR] ConditionMgr:805 - Attr not supported : Dmpu
2024-10-19 13:18:19,901 [ERROR] ConditionMgr:805 - Attr not supported : Dmpu
2024-10-19 13:18:19,901 [ERROR] ConditionMgr:805 - Attr not supported : Dmpu
2024-10-19 13:18:19,901 [ERROR] ConditionMgr:805 - Attr not supported : Dmpu
2024-10-19 13:18:19,901 [ERROR] ConditionMgr:805 - Attr not supported : Dmpu
2024-10-19 13:18:19,901 [ERROR] ConditionMgr:805 - Attr not supported : Dmpu
2024-10-19 13:18:19,901 [ERROR] ConditionMgr:805 - Attr not supported : Dmpu
2024-10-19 13:18:19,901 [ERROR] ConditionMgr:805 - Attr not supported : Dmpu
2024-10-19 13:18:19,901 [ERROR] ConditionMgr:805 - Attr not supported : Dmpu
2024-10-19 13:18:19,901 [ERROR] ConditionMgr:805 - Attr not supported : Dmpu
2024-10-19 13:18:19,901 [ERROR] ConditionMgr:805 - Attr not supported : Dmpu
2024-10-19 13:18:19,901 [ERROR] ConditionMgr:805 - Attr not supported : Dmpu
2024-10-19 13:18:19,901 [ERROR] ConditionMgr:805 - Attr not supported : Dmpu
2024-10-19 13:18:19,901 [ERROR] ConditionMgr:805 - Attr not supported : Dmpu
2024-10-19 13:18:19,901 [ERROR] ConditionMgr:805 - Attr not supported : Dmpu
2024-10-19 13:18:19,901 [ERROR] ConditionMgr:805 - Attr not supported : Dmpu
2024-10-19 13:18:19,901 [ERROR] ConditionMgr:805 - Attr not supported : Dmpu
2024-10-19 13:18:19,901 [ERROR] ConditionMgr:805 - Attr not supported : Dmpu
2024-10-19 13:18:19,901 [ERROR] ConditionMgr:805 - Attr not supported : Dmpu
2024-10-19 13:18:19,901 [ERROR] ConditionMgr:805 - Attr not supported : Dmpu
2024-10-19 13:18:19,901 [ERROR] ConditionMgr:805 - Attr not supported : Dmpu
2024-10-19 13:18:19,901 [ERROR] ConditionMgr:805 - Attr not supported : Dmpu
2024-10-19 13:18:19,901 [ERROR] ConditionMgr:805 - Attr not supported : Dmpu
2024-10-19 13:18:19,901 [ERROR] ConditionMgr:805 - Attr not supported : Dmpu
2024-10-19 13:18:19,917 [WARN] PackLoader:240 - Cannot read IP mode file for RealThread.X-CUBE-RT-Thread_Nano.4.1.1
2024-10-19 13:18:19,933 [WARN] PackLoader:240 - Cannot read IP mode file for wolfSSL.I-CUBE-wolfSSL.5.7.0
2024-10-19 13:18:19,949 [WARN] PackLoader:240 - Cannot read IP mode file for STMicroelectronics.FP-ATR-SIGFOX1.3.2.0
2024-10-19 13:18:19,965 [WARN] PackLoader:240 - Cannot read IP mode file for STMicroelectronics.X-CUBE-EEPRMA1.5.1.0
2024-10-19 13:18:19,989 [WARN] PackLoader:240 - Cannot read IP mode file for ITTIA_DB.I-CUBE-ITTIADB.8.9.0
2024-10-19 13:18:20,045 [WARN] PackLoader:240 - Cannot read IP mode file for SEGGER.I-CUBE-embOS.1.3.1
2024-10-19 13:18:20,117 [WARN] PackLoader:240 - Cannot read IP mode file for STMicroelectronics.X-CUBE-ALGOBUILD.1.4.0
2024-10-19 13:18:20,141 [WARN] PackLoader:240 - Cannot read IP mode file for STMicroelectronics.X-CUBE-AI.9.1.0
2024-10-19 13:18:20,165 [WARN] PackLoader:240 - Cannot read IP mode file for STMicroelectronics.X-CUBE-GNSS1.6.0.0
2024-10-19 13:18:20,197 [WARN] PackLoader:240 - Cannot read IP mode file for STMicroelectronics.X-CUBE-AZRTOS-F4.1.1.0
2024-10-19 13:18:20,221 [WARN] PackLoader:240 - Cannot read IP mode file for STMicroelectronics.X-CUBE-ISPU.2.1.0
2024-10-19 13:18:20,245 [WARN] PackLoader:240 - Cannot read IP mode file for STMicroelectronics.X-CUBE-FREERTOS.1.2.0
2024-10-19 13:18:20,277 [WARN] PackLoader:240 - Cannot read IP mode file for STMicroelectronics.X-CUBE-AZRTOS-L5.2.0.0
2024-10-19 13:18:20,317 [WARN] PackLoader:240 - Cannot read IP mode file for STMicroelectronics.X-CUBE-NFC6.3.1.0
2024-10-19 13:18:20,341 [WARN] PackLoader:240 - Cannot read IP mode file for STMicroelectronics.X-CUBE-DPower.1.2.0
2024-10-19 13:18:20,357 [WARN] PackLoader:240 - Cannot read IP mode file for STMicroelectronics.X-CUBE-AI.9.0.0
2024-10-19 13:18:20,381 [WARN] PackLoader:240 - Cannot read IP mode file for STMicroelectronics.X-CUBE-NFC7.1.0.1
2024-10-19 13:18:20,437 [WARN] ConditionMgr:438 - getConditionDescription Invalid condition id : LAN8742 Phy interface Condition cause : null
2024-10-19 13:18:20,437 [WARN] PackLoader:240 - Cannot read IP mode file for STMicroelectronics.X-CUBE-AZRTOS-L4.2.0.0
2024-10-19 13:18:20,437 [WARN] ConditionMgr:1039 - genDependencies : Invalid condition id : LAN8742 Phy interface Condition cause : null
2024-10-19 13:18:20,437 [WARN] ConditionMgr:1039 - genDependencies : Invalid condition id : LAN8742 Phy interface Condition cause : null
2024-10-19 13:18:20,437 [WARN] ConditionMgr:1039 - genDependencies : Invalid condition id : LAN8742 Phy interface Condition cause : null
2024-10-19 13:18:20,461 [WARN] PackLoader:240 - Cannot read IP mode file for STMicroelectronics.X-CUBE-SFXS2LP1.4.0.0
2024-10-19 13:18:20,509 [WARN] PackLoader:240 - Cannot read IP mode file for STMicroelectronics.X-CUBE-AZRTOS-H7.3.3.0
2024-10-19 13:18:20,549 [WARN] PackLoader:240 - Cannot read IP mode file for STMicroelectronics.X-CUBE-IPS.3.0.0
2024-10-19 13:18:20,581 [WARN] ConditionMgr:438 - getConditionDescription Invalid condition id : UX DEVICE CLASS RTOS Condition cause : null
2024-10-19 13:18:20,581 [WARN] ConditionMgr:438 - getConditionDescription Invalid condition id : UX DEVICE CLASS RTOS Condition cause : null
2024-10-19 13:18:20,581 [WARN] PackLoader:240 - Cannot read IP mode file for STMicroelectronics.X-CUBE-AZRTOS-WB.2.0.0
2024-10-19 13:18:20,589 [WARN] ConditionMgr:1039 - genDependencies : Invalid condition id : UX DEVICE CLASS RTOS Condition cause : null
2024-10-19 13:18:20,589 [WARN] ConditionMgr:1039 - genDependencies : Invalid condition id : UX DEVICE CLASS RTOS Condition cause : null
2024-10-19 13:18:20,589 [WARN] ConditionMgr:1039 - genDependencies : Invalid condition id : UX DEVICE CLASS RTOS Condition cause : null
2024-10-19 13:18:20,589 [WARN] ConditionMgr:1039 - genDependencies : Invalid condition id : UX DEVICE CLASS RTOS Condition cause : null
2024-10-19 13:18:20,589 [WARN] ConditionMgr:1039 - genDependencies : Invalid condition id : UX DEVICE CLASS RTOS Condition cause : null
2024-10-19 13:18:20,613 [WARN] PackLoader:240 - Cannot read IP mode file for STMicroelectronics.X-CUBE-GNSS1.7.0.0
2024-10-19 13:18:20,629 [WARN] PackLoader:240 - Cannot read IP mode file for STMicroelectronics.FP-SNS-STBOX1.2.0.0
2024-10-19 13:18:20,653 [WARN] PackLoader:240 - Cannot read IP mode file for STMicroelectronics.X-CUBE-SUBG2.5.0.0
2024-10-19 13:18:20,677 [WARN] PackLoader:240 - Cannot read IP mode file for Cesanta.I-CUBE-Mongoose.7.13.0
2024-10-19 13:18:20,709 [WARN] PackLoader:240 - Cannot read IP mode file for STMicroelectronics.X-CUBE-AZRTOS-G4.2.0.0
2024-10-19 13:18:20,725 [WARN] PackLoader:240 - Cannot read IP mode file for STMicroelectronics.X-CUBE-ISPU.2.0.0
2024-10-19 13:18:20,741 [WARN] PackLoader:240 - Cannot read IP mode file for STMicroelectronics.X-CUBE-ALS.1.0.2
2024-10-19 13:18:20,813 [WARN] PackLoader:240 - Cannot read IP mode file for STMicroelectronics.X-CUBE-MEMS1.10.0.0
2024-10-19 13:18:20,989 [WARN] PackLoader:240 - Cannot read IP mode file for STMicroelectronics.X-CUBE-TOUCHGFX.4.24.1
2024-10-19 13:18:21,005 [WARN] PackLoader:240 - Cannot read IP mode file for wolfSSL.I-CUBE-wolfTPM.3.4.0
2024-10-19 13:18:21,029 [WARN] PackLoader:240 - Cannot read IP mode file for portGmbH.I-Cube-SoM-uGOAL.1.1.0
2024-10-19 13:18:21,093 [WARN] PackLoader:240 - Cannot read IP mode file for STMicroelectronics.X-CUBE-AZRTOS-H7RS.1.0.0
2024-10-19 13:18:21,117 [WARN] PackLoader:240 - Cannot read IP mode file for STMicroelectronics.FP-ATR-ASTRA1.2.0.0
2024-10-19 13:18:21,149 [WARN] PackLoader:240 - Cannot read IP mode file for STMicroelectronics.X-CUBE-TOF1.3.4.2
2024-10-19 13:18:21,197 [WARN] PackLoader:240 - Cannot read IP mode file for STMicroelectronics.X-CUBE-TOF1.3.4.1
2024-10-19 13:18:21,261 [WARN] PackLoader:240 - Cannot read IP mode file for STMicroelectronics.X-CUBE-AZRTOS-H7.3.2.0
2024-10-19 13:18:21,309 [WARN] PackLoader:240 - Cannot read IP mode file for Infineon.AIROC-Wi-Fi-Bluetooth-STM32.1.6.0
2024-10-19 13:18:21,325 [WARN] PackLoader:240 - Cannot read IP mode file for wolfSSL.I-CUBE-wolfSSH.1.4.17
2024-10-19 13:18:21,325 [INFO] ThirdParty:978 - Integrity check success = true
2024-10-19 13:18:21,325 [INFO] IntegrityCheckThread:100 - exiting critical section [integrity check]
2024-10-19 13:18:21,325 [INFO] IntegrityCheckThread:103 - End integrity checks thread
2024-10-19 13:18:26,693 [INFO] WebApp:161 - Instantiating new browser for Auth
2024-10-19 13:18:27,573 [INFO] WebApp:779 - Register for checkConnection events
2024-10-19 13:18:27,573 [INFO] WebApp:414 - Apply proxy settings
2024-10-19 13:18:27,573 [INFO] WebApp:499 - Chromium requires no authentication
2024-10-19 13:18:27,589 [INFO] WebApp:442 - Direct internet connection detected
2024-10-19 13:18:27,805 [INFO] WebApp:192 - Starting web application
2024-10-19 13:18:27,805 [INFO] WebApp:544 - Web application path used C:\Users\USER\Downloads\STM32CubeIDE_1.15.1\STM32CubeIDE\plugins\com.st.stm32cube.common.mx_6.11.1.202404110753\db\plugins\mcufinder\reactClient1\index.html
2024-10-19 20:46:58,104 [INFO] Activator:176 - 


2024-10-19 20:46:58,106 [INFO] Activator:177 - !SESSION log4j initialized
2024-10-19 20:47:04,014 [INFO] LogOutputStream:77 - [STDOUT_REDIRECT] 
2024-10-19 20:47:06,954 [INFO] ApplicationProperties:184 - Using Application install path: C:\Users\USER\Downloads\STM32CubeIDE_1.15.1\STM32CubeIDE\plugins\com.st.stm32cube.common.mx_6.11.1.202404110753
2024-10-19 20:47:06,982 [INFO] DbMcusXml:78 - Set database path to: C:\Users\USER\Downloads\STM32CubeIDE_1.15.1\STM32CubeIDE\plugins\com.st.stm32cube.common.mx_6.11.1.202404110753\\db\/mcu/
2024-10-19 20:47:06,983 [INFO] ApiDb:274 - Set plugin database path to: C:\Users\USER\Downloads\STM32CubeIDE_1.15.1\STM32CubeIDE\plugins\com.st.stm32cube.common.mx_6.11.1.202404110753\\db\/plugins/boardmanager/
2024-10-19 20:47:06,983 [WARN] ApiDb:259 - Overriding images path with different value:  => C:\Users\USER\Downloads\STM32CubeIDE_1.15.1\STM32CubeIDE\plugins\com.st.stm32cube.common.mx_6.11.1.202404110753\\db\/plugins/mcufinder/images/
2024-10-19 20:47:06,998 [INFO] ApiDb:250 - Set database path to: C:\Users\USER\.stmcufinder\plugins\mcufinder//mcu/
2024-10-19 20:47:07,000 [INFO] DbMcusAds:125 - Set database path to: C:\Users\USER\.stmcufinder\plugins\mcufinder//mcu/
2024-10-19 20:47:07,004 [INFO] CrossReferenceDbSqlite:203 - Set database path to: C:\Users\USER\.stmcufinder\plugins\mcufinder//mcu/cs/
2024-10-19 20:47:07,195 [INFO] RulesReader:64 - Compatibility file has been processed (297 Rules)
2024-10-19 20:47:07,331 [INFO] DbMcusXml:78 - Set database path to: C:\Users\USER\Downloads\STM32CubeIDE_1.15.1\STM32CubeIDE\plugins\com.st.stm32cube.common.mx_6.11.1.202404110753\\db\/mcu/
2024-10-19 20:47:07,332 [INFO] ApiDb:274 - Set plugin database path to: C:\Users\USER\Downloads\STM32CubeIDE_1.15.1\STM32CubeIDE\plugins\com.st.stm32cube.common.mx_6.11.1.202404110753\\db\/plugins/boardmanager/
2024-10-19 20:47:07,332 [INFO] ApiDb:261 - Set plugin images path to: C:\Users\USER\Downloads\STM32CubeIDE_1.15.1\STM32CubeIDE\plugins\com.st.stm32cube.common.mx_6.11.1.202404110753\\db\/plugins/mcufinder/images/
2024-10-19 20:47:07,332 [WARN] DbFile:41 - Overriding database path with different value: C:\Users\USER\.stmcufinder\plugins\mcufinder/ => C:\Users\USER\.stmcufinder\plugins\mcufinder
2024-10-19 20:47:07,333 [INFO] ApiDb:250 - Set database path to: C:\Users\USER\.stmcufinder\plugins\mcufinder//mcu/
2024-10-19 20:47:07,333 [WARN] DbFile:41 - Overriding database path with different value: C:\Users\USER\.stmcufinder\plugins\mcufinder/ => C:\Users\USER\.stmcufinder\plugins\mcufinder
2024-10-19 20:47:07,333 [INFO] DbMcusAds:125 - Set database path to: C:\Users\USER\.stmcufinder\plugins\mcufinder//mcu/
2024-10-19 20:47:07,333 [WARN] DbFile:41 - Overriding database path with different value: C:\Users\USER\.stmcufinder\plugins\mcufinder/ => C:\Users\USER\.stmcufinder\plugins\mcufinder
2024-10-19 20:47:07,333 [WARN] DbFile:41 - Overriding database path with different value: C:\Users\USER\.stmcufinder\plugins\mcufinder/ => C:\Users\USER\.stmcufinder\plugins\mcufinder
2024-10-19 20:47:07,333 [INFO] CrossReferenceDbSqlite:203 - Set database path to: C:\Users\USER\.stmcufinder\plugins\mcufinder//mcu/cs/
2024-10-19 20:47:07,444 [INFO] MainPanel:264 - HeapMemory: 268435456
2024-10-19 20:47:07,548 [INFO] DbMcusXml:78 - Set database path to: C:\Users\USER\Downloads\STM32CubeIDE_1.15.1\STM32CubeIDE\plugins\com.st.stm32cube.common.mx_6.11.1.202404110753\\db\/mcu/
2024-10-19 20:47:07,548 [INFO] ApiDb:274 - Set plugin database path to: C:\Users\USER\Downloads\STM32CubeIDE_1.15.1\STM32CubeIDE\plugins\com.st.stm32cube.common.mx_6.11.1.202404110753\\db\/plugins/boardmanager/
2024-10-19 20:47:07,548 [INFO] ApiDb:261 - Set plugin images path to: C:\Users\USER\Downloads\STM32CubeIDE_1.15.1\STM32CubeIDE\plugins\com.st.stm32cube.common.mx_6.11.1.202404110753\\db\/plugins/mcufinder/images/
2024-10-19 20:47:07,549 [WARN] DbFile:41 - Overriding database path with different value: C:\Users\USER\.stmcufinder\plugins\mcufinder/ => C:\Users\USER\.stmcufinder\plugins\mcufinder
2024-10-19 20:47:07,549 [INFO] ApiDb:250 - Set database path to: C:\Users\USER\.stmcufinder\plugins\mcufinder//mcu/
2024-10-19 20:47:07,549 [WARN] DbFile:41 - Overriding database path with different value: C:\Users\USER\.stmcufinder\plugins\mcufinder/ => C:\Users\USER\.stmcufinder\plugins\mcufinder
2024-10-19 20:47:07,549 [INFO] DbMcusAds:125 - Set database path to: C:\Users\USER\.stmcufinder\plugins\mcufinder//mcu/
2024-10-19 20:47:07,549 [WARN] DbFile:41 - Overriding database path with different value: C:\Users\USER\.stmcufinder\plugins\mcufinder/ => C:\Users\USER\.stmcufinder\plugins\mcufinder
2024-10-19 20:47:07,549 [WARN] DbFile:41 - Overriding database path with different value: C:\Users\USER\.stmcufinder\plugins\mcufinder/ => C:\Users\USER\.stmcufinder\plugins\mcufinder
2024-10-19 20:47:07,549 [INFO] CrossReferenceDbSqlite:203 - Set database path to: C:\Users\USER\.stmcufinder\plugins\mcufinder//mcu/cs/
2024-10-19 20:47:07,567 [INFO] ApplicationProperties:184 - Using Application install path: C:\Users\USER\Downloads\STM32CubeIDE_1.15.1\STM32CubeIDE\plugins\com.st.stm32cube.common.mx_6.11.1.202404110753
2024-10-19 20:47:07,569 [INFO] PluginManage:196 - Search for loadable plugins [exclusion list=, ]
2024-10-19 20:47:07,571 [INFO] PluginManage:310 - Check plugin analytics
2024-10-19 20:47:07,780 [INFO] AnalyticsPlugin:253 - Accepted Software Licenses: 
2024-10-19 20:47:07,780 [INFO] AnalyticsPlugin:255 - Accepted CMSIS Pack Licenses: 
2024-10-19 20:47:07,780 [INFO] AnalyticsPlugin:257 - Accepted Firmware Licenses: 
2024-10-19 20:47:07,784 [INFO] PluginManage:359 - Loaded plugin analytics (category:tool,tabindex:-1)
2024-10-19 20:47:07,785 [INFO] PluginManage:310 - Check plugin cadmodel
2024-10-19 20:47:07,802 [INFO] CADModel:105 - Init CAD model plugin
2024-10-19 20:47:07,802 [INFO] PluginManage:359 - Loaded plugin cadmodel (category:power,tabindex:5)
2024-10-19 20:47:07,802 [INFO] PluginManage:310 - Check plugin clock
2024-10-19 20:47:07,826 [INFO] PluginManage:359 - Loaded plugin clock (category:base,tabindex:2)
2024-10-19 20:47:07,826 [INFO] PluginManage:310 - Check plugin ddr
2024-10-19 20:47:07,829 [INFO] PluginManage:359 - Loaded plugin ddr (category:tool,tabindex:6)
2024-10-19 20:47:07,829 [INFO] PluginManage:310 - Check plugin filemanager
2024-10-19 20:47:08,002 [INFO] PluginManage:359 - Loaded plugin filemanager (category:base,tabindex:10)
2024-10-19 20:47:08,002 [INFO] PluginManage:310 - Check plugin ipmanager
2024-10-19 20:47:08,009 [INFO] PluginManage:359 - Loaded plugin ipmanager (category:base,tabindex:5)
2024-10-19 20:47:08,009 [INFO] PluginManage:310 - Check plugin lpbam
2024-10-19 20:47:08,027 [INFO] PluginManage:359 - Loaded plugin lpbam (category:base,tabindex:0)
2024-10-19 20:47:08,027 [INFO] PluginManage:310 - Check plugin memorymap
2024-10-19 20:47:08,051 [INFO] PluginManage:359 - Loaded plugin memorymap (category:base,tabindex:4)
2024-10-19 20:47:08,051 [INFO] PluginManage:310 - Check plugin pinoutandconfiguration
2024-10-19 20:47:08,067 [INFO] PluginManage:359 - Loaded plugin pinoutandconfiguration (category:base,tabindex:1)
2024-10-19 20:47:08,067 [INFO] PluginManage:310 - Check plugin pinoutconfig
2024-10-19 20:47:08,164 [WARN] SupportedApi:132 - Cannot load RTOS API schema: s4s-elt-must-match.1: The content of 'definitions' must match (annotation?, (simpleType | complexType)?, (unique | key | keyref)*)). A problem was found starting at: attribute.
2024-10-19 20:47:08,336 [INFO] PluginManage:359 - Loaded plugin pinoutconfig (category:base,tabindex:0)
2024-10-19 20:47:08,337 [INFO] PluginManage:310 - Check plugin power
2024-10-19 20:47:08,356 [INFO] PluginManage:359 - Loaded plugin power (category:power,tabindex:4)
2024-10-19 20:47:08,356 [INFO] PluginManage:310 - Check plugin projectmanager
2024-10-19 20:47:08,376 [INFO] PluginManage:359 - Loaded plugin projectmanager (category:projectmanager,tabindex:3)
2024-10-19 20:47:08,376 [INFO] PluginManage:310 - Check plugin thirdparty
2024-10-19 20:47:08,795 [INFO] PluginManage:359 - Loaded plugin thirdparty (category:base,tabindex:-1)
2024-10-19 20:47:08,795 [WARN] IntegrityCheckThread:84 - waiting for thirdparty lock release [integrity check]
2024-10-19 20:47:08,795 [INFO] PluginManage:310 - Check plugin tools
2024-10-19 20:47:08,795 [INFO] IntegrityCheckThread:86 - entering critical section [integrity check]
2024-10-19 20:47:08,796 [INFO] ThirdPartyUpdaterWithRetryManager:70 - Updater plugin not ready yet. [1/15]
2024-10-19 20:47:08,852 [INFO] PluginManage:359 - Loaded plugin tools (category:base,tabindex:7)
2024-10-19 20:47:08,852 [INFO] PluginManage:310 - Check plugin tutovideos
2024-10-19 20:47:09,064 [INFO] PluginManage:359 - Loaded plugin tutovideos (category:base,tabindex:-1)
2024-10-19 20:47:09,064 [INFO] PluginManage:310 - Check plugin updater
2024-10-19 20:47:09,079 [INFO] PluginManage:359 - Loaded plugin updater (category:base,tabindex:12)
2024-10-19 20:47:09,079 [INFO] PluginManage:310 - Check plugin userauth
2024-10-19 20:47:09,089 [INFO] UserAuth:114 - Init User Auth plugin
2024-10-19 20:47:09,090 [INFO] PluginManage:359 - Loaded plugin userauth (category:base,tabindex:14)
2024-10-19 20:47:09,092 [INFO] PluginManage:283 - PluginManage : Loaded plugins [17]
2024-10-19 20:47:09,540 [INFO] PinOutPanel:1561 - setPackage(No Configuration,No Configuration)
2024-10-19 20:47:09,631 [INFO] CADModel:165 - CPN selected for project level
2024-10-19 20:47:09,631 [INFO] CADModel:114 - Register for checkConnection events
2024-10-19 20:47:09,658 [INFO] IPUIPlugin:80 - create IPUIPlugin
2024-10-19 20:47:09,658 [INFO] PluginManager:220 - loadIPPluginJar : add adc
2024-10-19 20:47:09,696 [INFO] IPUIPlugin:80 - create IPUIPlugin
2024-10-19 20:47:09,696 [INFO] PluginManager:220 - loadIPPluginJar : add aes
2024-10-19 20:47:09,738 [INFO] IPUIPlugin:80 - create IPUIPlugin
2024-10-19 20:47:09,738 [INFO] PluginManager:220 - loadIPPluginJar : add can
2024-10-19 20:47:09,761 [INFO] IPUIPlugin:80 - create IPUIPlugin
2024-10-19 20:47:09,761 [INFO] PluginManager:220 - loadIPPluginJar : add comp
2024-10-19 20:47:09,795 [INFO] IPUIPlugin:80 - create IPUIPlugin
2024-10-19 20:47:09,795 [INFO] PluginManager:220 - loadIPPluginJar : add cryp
2024-10-19 20:47:09,823 [INFO] IPUIPlugin:80 - create IPUIPlugin
2024-10-19 20:47:09,823 [INFO] PluginManager:220 - loadIPPluginJar : add dfsdm
2024-10-19 20:47:09,836 [INFO] IPUIPlugin:80 - create IPUIPlugin
2024-10-19 20:47:09,836 [INFO] PluginManager:220 - loadIPPluginJar : add dma
2024-10-19 20:47:09,894 [INFO] IPUIPlugin:80 - create IPUIPlugin
2024-10-19 20:47:09,894 [INFO] PluginManager:220 - loadIPPluginJar : add dma3
2024-10-19 20:47:09,954 [INFO] IPUIPlugin:80 - create IPUIPlugin
2024-10-19 20:47:09,954 [INFO] PluginManager:220 - loadIPPluginJar : add extmemmanager
2024-10-19 20:47:09,982 [INFO] IPUIPlugin:80 - create IPUIPlugin
2024-10-19 20:47:09,982 [INFO] PluginManager:220 - loadIPPluginJar : add fatfs
2024-10-19 20:47:10,068 [INFO] IPUIPlugin:80 - create IPUIPlugin
2024-10-19 20:47:10,069 [INFO] PluginManager:220 - loadIPPluginJar : add fmc
2024-10-19 20:47:10,096 [INFO] IPUIPlugin:80 - create IPUIPlugin
2024-10-19 20:47:10,096 [INFO] PluginManager:220 - loadIPPluginJar : add freertos
2024-10-19 20:47:10,129 [INFO] IPUIPlugin:80 - create IPUIPlugin
2024-10-19 20:47:10,129 [INFO] PluginManager:220 - loadIPPluginJar : add genericplugin
2024-10-19 20:47:10,319 [INFO] IPUIPlugin:80 - create IPUIPlugin
2024-10-19 20:47:10,319 [INFO] PluginManager:220 - loadIPPluginJar : add gfxmmu
2024-10-19 20:47:10,599 [INFO] IPUIPlugin:80 - create IPUIPlugin
2024-10-19 20:47:10,599 [INFO] PluginManager:220 - loadIPPluginJar : add gic
2024-10-19 20:47:10,615 [INFO] IPUIPlugin:80 - create IPUIPlugin
2024-10-19 20:47:10,615 [INFO] PluginManager:220 - loadIPPluginJar : add gpio
2024-10-19 20:47:10,740 [INFO] IPUIPlugin:80 - create IPUIPlugin
2024-10-19 20:47:10,740 [INFO] PluginManager:220 - loadIPPluginJar : add gtzc
2024-10-19 20:47:10,774 [INFO] IPUIPlugin:80 - create IPUIPlugin
2024-10-19 20:47:10,774 [INFO] PluginManager:220 - loadIPPluginJar : add hash
2024-10-19 20:47:10,832 [INFO] IPUIPlugin:80 - create IPUIPlugin
2024-10-19 20:47:10,832 [INFO] PluginManager:220 - loadIPPluginJar : add i2c
2024-10-19 20:47:10,871 [INFO] IPUIPlugin:80 - create IPUIPlugin
2024-10-19 20:47:10,871 [INFO] PluginManager:220 - loadIPPluginJar : add i2s
2024-10-19 20:47:10,913 [INFO] IPUIPlugin:80 - create IPUIPlugin
2024-10-19 20:47:10,913 [INFO] PluginManager:220 - loadIPPluginJar : add i3c
2024-10-19 20:47:11,024 [INFO] IPUIPlugin:80 - create IPUIPlugin
2024-10-19 20:47:11,024 [INFO] PluginManager:220 - loadIPPluginJar : add ipddr
2024-10-19 20:47:11,113 [INFO] IPUIPlugin:80 - create IPUIPlugin
2024-10-19 20:47:11,114 [INFO] PluginManager:220 - loadIPPluginJar : add linkedlist
2024-10-19 20:47:11,148 [INFO] IPUIPlugin:80 - create IPUIPlugin
2024-10-19 20:47:11,148 [INFO] PluginManager:220 - loadIPPluginJar : add lorawan
2024-10-19 20:47:11,184 [INFO] IPUIPlugin:80 - create IPUIPlugin
2024-10-19 20:47:11,184 [INFO] PluginManager:220 - loadIPPluginJar : add ltdc
2024-10-19 20:47:11,197 [INFO] IPUIPlugin:80 - create IPUIPlugin
2024-10-19 20:47:11,197 [INFO] PluginManager:220 - loadIPPluginJar : add mdma
2024-10-19 20:47:11,208 [INFO] IPUIPlugin:80 - create IPUIPlugin
2024-10-19 20:47:11,208 [INFO] PluginManager:220 - loadIPPluginJar : add nvic
2024-10-19 20:47:11,244 [INFO] IPUIPlugin:80 - create IPUIPlugin
2024-10-19 20:47:11,244 [INFO] PluginManager:220 - loadIPPluginJar : add opamp
2024-10-19 20:47:11,321 [INFO] IPUIPlugin:80 - create IPUIPlugin
2024-10-19 20:47:11,321 [INFO] PluginManager:220 - loadIPPluginJar : add openamp
2024-10-19 20:47:11,377 [INFO] IPUIPlugin:80 - create IPUIPlugin
2024-10-19 20:47:11,377 [INFO] PluginManager:220 - loadIPPluginJar : add pdm2pcm
2024-10-19 20:47:11,408 [INFO] IPUIPlugin:80 - create IPUIPlugin
2024-10-19 20:47:11,413 [INFO] PluginManager:220 - loadIPPluginJar : add plateformsettings
2024-10-19 20:47:11,438 [INFO] IPUIPlugin:80 - create IPUIPlugin
2024-10-19 20:47:11,438 [INFO] PluginManager:220 - loadIPPluginJar : add quadspi
2024-10-19 20:47:11,450 [INFO] IPUIPlugin:80 - create IPUIPlugin
2024-10-19 20:47:11,451 [INFO] PluginManager:220 - loadIPPluginJar : add resmgrutility
2024-10-19 20:47:11,503 [INFO] IPUIPlugin:80 - create IPUIPlugin
2024-10-19 20:47:11,503 [INFO] PluginManager:220 - loadIPPluginJar : add sai
2024-10-19 20:47:11,547 [INFO] IPUIPlugin:80 - create IPUIPlugin
2024-10-19 20:47:11,547 [INFO] PluginManager:220 - loadIPPluginJar : add spi
2024-10-19 20:47:11,625 [INFO] IPUIPlugin:80 - create IPUIPlugin
2024-10-19 20:47:11,625 [INFO] PluginManager:220 - loadIPPluginJar : add stm32_wpan
2024-10-19 20:47:11,647 [INFO] IPUIPlugin:80 - create IPUIPlugin
2024-10-19 20:47:11,647 [INFO] PluginManager:220 - loadIPPluginJar : add tim
2024-10-19 20:47:11,709 [INFO] IPUIPlugin:80 - create IPUIPlugin
2024-10-19 20:47:11,709 [INFO] PluginManager:220 - loadIPPluginJar : add touchsensing
2024-10-19 20:47:11,730 [INFO] IPUIPlugin:80 - create IPUIPlugin
2024-10-19 20:47:11,730 [INFO] PluginManager:220 - loadIPPluginJar : add tracer_emb
2024-10-19 20:47:11,754 [INFO] IPUIPlugin:80 - create IPUIPlugin
2024-10-19 20:47:11,754 [INFO] PluginManager:220 - loadIPPluginJar : add ts
2024-10-19 20:47:11,776 [INFO] IPUIPlugin:80 - create IPUIPlugin
2024-10-19 20:47:11,776 [INFO] PluginManager:220 - loadIPPluginJar : add tsc
2024-10-19 20:47:11,797 [INFO] IPUIPlugin:80 - create IPUIPlugin
2024-10-19 20:47:11,797 [INFO] PluginManager:220 - loadIPPluginJar : add ucpd
2024-10-19 20:47:11,799 [INFO] ThirdPartyUpdaterWithRetryManager:70 - Updater plugin not ready yet. [2/15]
2024-10-19 20:47:11,842 [INFO] IPUIPlugin:80 - create IPUIPlugin
2024-10-19 20:47:11,842 [INFO] PluginManager:220 - loadIPPluginJar : add usart
2024-10-19 20:47:11,889 [INFO] IPUIPlugin:80 - create IPUIPlugin
2024-10-19 20:47:11,889 [INFO] PluginManager:220 - loadIPPluginJar : add usbx
2024-10-19 20:47:12,024 [INFO] CADModel:165 - CPN selected for project level
2024-10-19 20:47:12,024 [INFO] CADModel:114 - Register for checkConnection events
2024-10-19 20:47:12,024 [FATAL] Updater:308 - Updater called before beeing initialized
2024-10-19 20:47:12,024 [ERROR] CADModel:125 - Updater not yet initialized, retry later 
2024-10-19 20:47:12,170 [INFO] CADModel:165 - CPN selected for project level
2024-10-19 20:47:12,170 [INFO] CADModel:114 - Register for checkConnection events
2024-10-19 20:47:12,170 [FATAL] Updater:308 - Updater called before beeing initialized
2024-10-19 20:47:12,170 [ERROR] CADModel:125 - Updater not yet initialized, retry later 
2024-10-19 20:47:12,173 [FATAL] Updater:308 - Updater called before beeing initialized
2024-10-19 20:47:12,302 [FATAL] Updater:308 - Updater called before beeing initialized
2024-10-19 20:47:12,312 [INFO] DbMcusAds:53 - JSON generation date=Fri Sep 20 06:04:38 PDT 2024 (1726837478367)
2024-10-19 20:47:12,312 [FATAL] Updater:308 - Updater called before beeing initialized
2024-10-19 20:47:12,389 [WARN] DetailPanel:346 - Failed to get advertising image, set to default
2024-10-19 20:47:12,480 [FATAL] Updater:308 - Updater called before beeing initialized
2024-10-19 20:47:12,482 [FATAL] Updater:308 - Updater called before beeing initialized
2024-10-19 20:47:12,482 [FATAL] Updater:308 - Updater called before beeing initialized
2024-10-19 20:47:12,482 [WARN] DetailPanel:346 - Failed to get advertising image, set to default
2024-10-19 20:47:12,483 [FATAL] Updater:308 - Updater called before beeing initialized
2024-10-19 20:47:12,563 [ERROR] Updater:1120 - MainUpdater not yet initialized. External WinMGr cannot be set.
2024-10-19 20:47:12,574 [INFO] Updater:1056 - Updater Version found : 6.11.1
2024-10-19 20:47:12,597 [INFO] ApplicationProperties:184 - Using Application install path: C:\Users\USER\Downloads\STM32CubeIDE_1.15.1\STM32CubeIDE\plugins\com.st.stm32cube.common.mx_6.11.1.202404110753
2024-10-19 20:47:14,175 [ERROR] LogOutputStream:75 - [STDERR_REDIRECT] Oct 19, 2024 8:47:14 PM java.util.prefs.WindowsPreferences <init>
2024-10-19 20:47:14,176 [ERROR] LogOutputStream:75 - [STDERR_REDIRECT] WARNING: Could not open/create prefs root node Software\JavaSoft\Prefs at root 0xffffffff80000002. Windows RegCreateKeyEx(...) returned error code 5.
2024-10-19 20:47:14,176 [ERROR] LogOutputStream:75 - [STDERR_REDIRECT] 
2024-10-19 20:47:14,801 [INFO] ThirdPartyUpdaterWithRetryManager:70 - Updater plugin not ready yet. [3/15]
2024-10-19 20:47:15,078 [INFO] MainUpdater:2873 - connection check result : 10
2024-10-19 20:47:15,079 [INFO] MainUpdater:290 - Updater Check For Update Now.
2024-10-19 20:47:15,079 [INFO] MicroXplorer:498 - Change Database Version : DB.6.0.111
2024-10-19 20:47:15,100 [INFO] McuFinderGlobals:63 - Set McuFinder mode to 2 (CubeIDE integrated)
2024-10-19 20:47:15,119 [INFO] UserAuth:415 - Internet connection configuration mode: 1
2024-10-19 20:47:15,162 [INFO] JxBrowserEngine:152 - Initiate JxBrowser Engine with user profile folder
2024-10-19 20:47:15,408 [INFO] CheckServerUpdateThread:120 - End of CheckServer Thread
2024-10-19 20:47:18,131 [WARN] PackLoader:240 - Cannot read IP mode file for STMicroelectronics.FP-SNS-MOTENVWB1.1.4.0
2024-10-19 20:47:18,158 [WARN] PackLoader:240 - Cannot read IP mode file for STMicroelectronics.X-CUBE-SMBUS.2.1.0
2024-10-19 20:47:18,181 [WARN] PackLoader:240 - Cannot read IP mode file for STMicroelectronics.X-CUBE-WB05N.1.1.0
2024-10-19 20:47:18,200 [WARN] PackLoader:240 - Cannot read IP mode file for STMicroelectronics.X-CUBE-TOUCHGFX.4.23.2
2024-10-19 20:47:18,261 [WARN] PackLoader:240 - Cannot read IP mode file for STMicroelectronics.X-CUBE-AZRTOS-F7.1.1.0
2024-10-19 20:47:18,473 [WARN] PackLoader:240 - Cannot read IP mode file for STMicroelectronics.X-CUBE-MEMS1.11.0.0
2024-10-19 20:47:18,783 [WARN] PackLoader:240 - Cannot read IP mode file for STMicroelectronics.FP-SNS-FLIGHT1.5.0.2
2024-10-19 20:47:18,801 [WARN] PackLoader:240 - Cannot read IP mode file for STMicroelectronics.X-CUBE-DISPLAY.3.0.0
2024-10-19 20:47:18,825 [WARN] PackLoader:240 - Cannot read IP mode file for STMicroelectronics.X-CUBE-BLE1.7.0.0
2024-10-19 20:47:18,848 [WARN] PackLoader:240 - Cannot read IP mode file for STMicroelectronics.X-CUBE-NFC10.1.0.0
2024-10-19 20:47:18,870 [WARN] PackLoader:240 - Cannot read IP mode file for emotas.I-CUBE-CANOPEN.1.3.0
2024-10-19 20:47:18,892 [WARN] PackLoader:240 - Cannot read IP mode file for STMicroelectronics.X-CUBE-BLEMGR.3.1.0
2024-10-19 20:47:18,914 [WARN] PackLoader:240 - Cannot read IP mode file for STMicroelectronics.FP-SNS-SMARTAG2.1.2.0
2024-10-19 20:47:18,940 [INFO] LogOutputStream:77 - [STDOUT_REDIRECT] 1 : Invalid condition id : UX_CORESTACK_Condition cause : null
2024-10-19 20:47:18,941 [INFO] LogOutputStream:77 - [STDOUT_REDIRECT] 1 : Invalid condition id : UX_CORESTACK_Condition cause : null
2024-10-19 20:47:18,943 [INFO] LogOutputStream:77 - [STDOUT_REDIRECT] 1 : Invalid condition id : UX_CORESTACK_Condition cause : null
2024-10-19 20:47:18,945 [INFO] LogOutputStream:77 - [STDOUT_REDIRECT] 1 : Invalid condition id : UX_CORESTACK_Condition cause : null
2024-10-19 20:47:18,946 [INFO] LogOutputStream:77 - [STDOUT_REDIRECT] 1 : Invalid condition id : UX_CORESTACK_Condition cause : null
2024-10-19 20:47:18,950 [WARN] PackLoader:240 - Cannot read IP mode file for STMicroelectronics.X-CUBE-AZRTOS-WL.2.0.0
2024-10-19 20:47:18,969 [WARN] PackLoader:240 - Cannot read IP mode file for STMicroelectronics.FP-SNS-MOTENV1.5.0.0
2024-10-19 20:47:18,988 [WARN] PackLoader:240 - Cannot read IP mode file for wolfSSL.I-CUBE-wolfMQTT.1.19.0
2024-10-19 20:47:19,008 [WARN] PackLoader:240 - Cannot read IP mode file for WES.I-CUBE-Cesium.1.3.0
2024-10-19 20:47:19,030 [WARN] PackLoader:240 - Cannot read IP mode file for STMicroelectronics.X-CUBE-BLE2.3.3.0
2024-10-19 20:47:19,057 [WARN] PackLoader:240 - Cannot read IP mode file for STMicroelectronics.X-CUBE-NFC9.1.0.0
2024-10-19 20:47:19,079 [WARN] PackLoader:240 - Cannot read IP mode file for STMicroelectronics.X-CUBE-TCPP.4.1.0
2024-10-19 20:47:19,122 [WARN] PackLoader:240 - Cannot read IP mode file for STMicroelectronics.X-CUBE-AZRTOS-G0.1.1.0
2024-10-19 20:47:19,148 [WARN] PackLoader:240 - Cannot read IP mode file for STMicroelectronics.X-CUBE-SAFEA1.1.2.2
2024-10-19 20:47:19,167 [WARN] PackLoader:240 - Cannot read IP mode file for STMicroelectronics.X-CUBE-NFC4.3.0.0
2024-10-19 20:47:19,194 [WARN] PackLoader:240 - Cannot read IP mode file for EmbeddedOffice.I-CUBE-FS-RTOS.1.0.1
2024-10-19 20:47:19,195 [ERROR] ConditionMgr:805 - Attr not supported : Dmpu
2024-10-19 20:47:19,195 [ERROR] ConditionMgr:805 - Attr not supported : Dmpu
2024-10-19 20:47:19,195 [ERROR] ConditionMgr:805 - Attr not supported : Dmpu
2024-10-19 20:47:19,195 [ERROR] ConditionMgr:805 - Attr not supported : Dmpu
2024-10-19 20:47:19,195 [ERROR] ConditionMgr:805 - Attr not supported : Dmpu
2024-10-19 20:47:19,195 [ERROR] ConditionMgr:805 - Attr not supported : Dmpu
2024-10-19 20:47:19,195 [ERROR] ConditionMgr:805 - Attr not supported : Dmpu
2024-10-19 20:47:19,195 [ERROR] ConditionMgr:805 - Attr not supported : Dmpu
2024-10-19 20:47:19,195 [ERROR] ConditionMgr:805 - Attr not supported : Dmpu
2024-10-19 20:47:19,195 [ERROR] ConditionMgr:805 - Attr not supported : Dmpu
2024-10-19 20:47:19,195 [ERROR] ConditionMgr:805 - Attr not supported : Dmpu
2024-10-19 20:47:19,195 [ERROR] ConditionMgr:805 - Attr not supported : Dmpu
2024-10-19 20:47:19,196 [ERROR] ConditionMgr:805 - Attr not supported : Dmpu
2024-10-19 20:47:19,196 [ERROR] ConditionMgr:805 - Attr not supported : Dmpu
2024-10-19 20:47:19,196 [ERROR] ConditionMgr:805 - Attr not supported : Dmpu
2024-10-19 20:47:19,196 [ERROR] ConditionMgr:805 - Attr not supported : Dmpu
2024-10-19 20:47:19,196 [ERROR] ConditionMgr:805 - Attr not supported : Dmpu
2024-10-19 20:47:19,196 [ERROR] ConditionMgr:805 - Attr not supported : Dmpu
2024-10-19 20:47:19,196 [ERROR] ConditionMgr:805 - Attr not supported : Dmpu
2024-10-19 20:47:19,196 [ERROR] ConditionMgr:805 - Attr not supported : Dmpu
2024-10-19 20:47:19,196 [ERROR] ConditionMgr:805 - Attr not supported : Dmpu
2024-10-19 20:47:19,196 [ERROR] ConditionMgr:805 - Attr not supported : Dmpu
2024-10-19 20:47:19,196 [ERROR] ConditionMgr:805 - Attr not supported : Dmpu
2024-10-19 20:47:19,197 [ERROR] ConditionMgr:805 - Attr not supported : Dmpu
2024-10-19 20:47:19,197 [ERROR] ConditionMgr:805 - Attr not supported : Dmpu
2024-10-19 20:47:19,197 [ERROR] ConditionMgr:805 - Attr not supported : Dmpu
2024-10-19 20:47:19,197 [ERROR] ConditionMgr:805 - Attr not supported : Dmpu
2024-10-19 20:47:19,197 [ERROR] ConditionMgr:805 - Attr not supported : Dmpu
2024-10-19 20:47:19,197 [ERROR] ConditionMgr:805 - Attr not supported : Dmpu
2024-10-19 20:47:19,197 [ERROR] ConditionMgr:805 - Attr not supported : Dmpu
2024-10-19 20:47:19,197 [ERROR] ConditionMgr:805 - Attr not supported : Dmpu
2024-10-19 20:47:19,198 [ERROR] ConditionMgr:805 - Attr not supported : Dmpu
2024-10-19 20:47:19,198 [ERROR] ConditionMgr:805 - Attr not supported : Dmpu
2024-10-19 20:47:19,198 [ERROR] ConditionMgr:805 - Attr not supported : Dmpu
2024-10-19 20:47:19,198 [ERROR] ConditionMgr:805 - Attr not supported : Dmpu
2024-10-19 20:47:19,198 [ERROR] ConditionMgr:805 - Attr not supported : Dmpu
2024-10-19 20:47:19,198 [ERROR] ConditionMgr:805 - Attr not supported : Dmpu
2024-10-19 20:47:19,199 [ERROR] ConditionMgr:805 - Attr not supported : Dmpu
2024-10-19 20:47:19,199 [ERROR] ConditionMgr:805 - Attr not supported : Dmpu
2024-10-19 20:47:19,199 [ERROR] ConditionMgr:805 - Attr not supported : Dmpu
2024-10-19 20:47:19,199 [ERROR] ConditionMgr:805 - Attr not supported : Dmpu
2024-10-19 20:47:19,199 [ERROR] ConditionMgr:805 - Attr not supported : Dmpu
2024-10-19 20:47:19,199 [ERROR] ConditionMgr:805 - Attr not supported : Dmpu
2024-10-19 20:47:19,200 [ERROR] ConditionMgr:805 - Attr not supported : Dmpu
2024-10-19 20:47:19,200 [ERROR] ConditionMgr:805 - Attr not supported : Dmpu
2024-10-19 20:47:19,200 [ERROR] ConditionMgr:805 - Attr not supported : Dmpu
2024-10-19 20:47:19,200 [ERROR] ConditionMgr:805 - Attr not supported : Dmpu
2024-10-19 20:47:19,200 [ERROR] ConditionMgr:805 - Attr not supported : Dmpu
2024-10-19 20:47:19,200 [ERROR] ConditionMgr:805 - Attr not supported : Dmpu
2024-10-19 20:47:19,200 [ERROR] ConditionMgr:805 - Attr not supported : Dmpu
2024-10-19 20:47:19,200 [ERROR] ConditionMgr:805 - Attr not supported : Dmpu
2024-10-19 20:47:19,200 [ERROR] ConditionMgr:805 - Attr not supported : Dmpu
2024-10-19 20:47:19,201 [ERROR] ConditionMgr:805 - Attr not supported : Dmpu
2024-10-19 20:47:19,201 [ERROR] ConditionMgr:805 - Attr not supported : Dmpu
2024-10-19 20:47:19,201 [ERROR] ConditionMgr:805 - Attr not supported : Dmpu
2024-10-19 20:47:19,201 [ERROR] ConditionMgr:805 - Attr not supported : Dmpu
2024-10-19 20:47:19,201 [ERROR] ConditionMgr:805 - Attr not supported : Dmpu
2024-10-19 20:47:19,201 [ERROR] ConditionMgr:805 - Attr not supported : Dmpu
2024-10-19 20:47:19,201 [ERROR] ConditionMgr:805 - Attr not supported : Dmpu
2024-10-19 20:47:19,201 [ERROR] ConditionMgr:805 - Attr not supported : Dmpu
2024-10-19 20:47:19,201 [ERROR] ConditionMgr:805 - Attr not supported : Dmpu
2024-10-19 20:47:19,201 [ERROR] ConditionMgr:805 - Attr not supported : Dmpu
2024-10-19 20:47:19,202 [ERROR] ConditionMgr:805 - Attr not supported : Dmpu
2024-10-19 20:47:19,202 [ERROR] ConditionMgr:805 - Attr not supported : Dmpu
2024-10-19 20:47:19,222 [WARN] PackLoader:240 - Cannot read IP mode file for RealThread.X-CUBE-RT-Thread_Nano.4.1.1
2024-10-19 20:47:19,235 [WARN] PackLoader:240 - Cannot read IP mode file for wolfSSL.I-CUBE-wolfSSL.5.7.0
2024-10-19 20:47:19,250 [WARN] PackLoader:240 - Cannot read IP mode file for STMicroelectronics.FP-ATR-SIGFOX1.3.2.0
2024-10-19 20:47:19,273 [WARN] PackLoader:240 - Cannot read IP mode file for STMicroelectronics.X-CUBE-EEPRMA1.5.1.0
2024-10-19 20:47:19,300 [WARN] PackLoader:240 - Cannot read IP mode file for ITTIA_DB.I-CUBE-ITTIADB.8.9.0
2024-10-19 20:47:19,380 [WARN] PackLoader:240 - Cannot read IP mode file for SEGGER.I-CUBE-embOS.1.3.1
2024-10-19 20:47:19,523 [WARN] PackLoader:240 - Cannot read IP mode file for STMicroelectronics.X-CUBE-ALGOBUILD.1.4.0
2024-10-19 20:47:19,555 [WARN] PackLoader:240 - Cannot read IP mode file for STMicroelectronics.X-CUBE-AI.9.1.0
2024-10-19 20:47:19,577 [WARN] PackLoader:240 - Cannot read IP mode file for STMicroelectronics.X-CUBE-GNSS1.6.0.0
2024-10-19 20:47:19,631 [WARN] PackLoader:240 - Cannot read IP mode file for STMicroelectronics.X-CUBE-AZRTOS-F4.1.1.0
2024-10-19 20:47:19,653 [WARN] PackLoader:240 - Cannot read IP mode file for STMicroelectronics.X-CUBE-ISPU.2.1.0
2024-10-19 20:47:19,668 [WARN] PackLoader:240 - Cannot read IP mode file for STMicroelectronics.X-CUBE-FREERTOS.1.2.0
2024-10-19 20:47:19,713 [WARN] PackLoader:240 - Cannot read IP mode file for STMicroelectronics.X-CUBE-AZRTOS-L5.2.0.0
2024-10-19 20:47:19,740 [WARN] PackLoader:240 - Cannot read IP mode file for STMicroelectronics.X-CUBE-NFC6.3.1.0
2024-10-19 20:47:19,759 [WARN] PackLoader:240 - Cannot read IP mode file for STMicroelectronics.X-CUBE-DPower.1.2.0
2024-10-19 20:47:19,776 [WARN] PackLoader:240 - Cannot read IP mode file for STMicroelectronics.X-CUBE-AI.9.0.0
2024-10-19 20:47:19,797 [WARN] PackLoader:240 - Cannot read IP mode file for STMicroelectronics.X-CUBE-NFC7.1.0.1
2024-10-19 20:47:19,844 [WARN] ConditionMgr:438 - getConditionDescription Invalid condition id : LAN8742 Phy interface Condition cause : null
2024-10-19 20:47:19,846 [WARN] PackLoader:240 - Cannot read IP mode file for STMicroelectronics.X-CUBE-AZRTOS-L4.2.0.0
2024-10-19 20:47:19,848 [WARN] ConditionMgr:1039 - genDependencies : Invalid condition id : LAN8742 Phy interface Condition cause : null
2024-10-19 20:47:19,849 [WARN] ConditionMgr:1039 - genDependencies : Invalid condition id : LAN8742 Phy interface Condition cause : null
2024-10-19 20:47:19,850 [WARN] ConditionMgr:1039 - genDependencies : Invalid condition id : LAN8742 Phy interface Condition cause : null
2024-10-19 20:47:19,875 [WARN] PackLoader:240 - Cannot read IP mode file for STMicroelectronics.X-CUBE-SFXS2LP1.4.0.0
2024-10-19 20:47:19,929 [WARN] PackLoader:240 - Cannot read IP mode file for STMicroelectronics.X-CUBE-AZRTOS-H7.3.3.0
2024-10-19 20:47:19,963 [WARN] PackLoader:240 - Cannot read IP mode file for STMicroelectronics.X-CUBE-IPS.3.0.0
2024-10-19 20:47:20,016 [WARN] ConditionMgr:438 - getConditionDescription Invalid condition id : UX DEVICE CLASS RTOS Condition cause : null
2024-10-19 20:47:20,017 [WARN] ConditionMgr:438 - getConditionDescription Invalid condition id : UX DEVICE CLASS RTOS Condition cause : null
2024-10-19 20:47:20,021 [WARN] PackLoader:240 - Cannot read IP mode file for STMicroelectronics.X-CUBE-AZRTOS-WB.2.0.0
2024-10-19 20:47:20,022 [WARN] ConditionMgr:1039 - genDependencies : Invalid condition id : UX DEVICE CLASS RTOS Condition cause : null
2024-10-19 20:47:20,022 [WARN] ConditionMgr:1039 - genDependencies : Invalid condition id : UX DEVICE CLASS RTOS Condition cause : null
2024-10-19 20:47:20,024 [WARN] ConditionMgr:1039 - genDependencies : Invalid condition id : UX DEVICE CLASS RTOS Condition cause : null
2024-10-19 20:47:20,024 [WARN] ConditionMgr:1039 - genDependencies : Invalid condition id : UX DEVICE CLASS RTOS Condition cause : null
2024-10-19 20:47:20,024 [WARN] ConditionMgr:1039 - genDependencies : Invalid condition id : UX DEVICE CLASS RTOS Condition cause : null
2024-10-19 20:47:20,055 [WARN] PackLoader:240 - Cannot read IP mode file for STMicroelectronics.X-CUBE-GNSS1.7.0.0
2024-10-19 20:47:20,080 [WARN] PackLoader:240 - Cannot read IP mode file for STMicroelectronics.FP-SNS-STBOX1.2.0.0
2024-10-19 20:47:20,111 [WARN] PackLoader:240 - Cannot read IP mode file for STMicroelectronics.X-CUBE-SUBG2.5.0.0
2024-10-19 20:47:20,133 [WARN] PackLoader:240 - Cannot read IP mode file for Cesanta.I-CUBE-Mongoose.7.13.0
2024-10-19 20:47:20,170 [WARN] PackLoader:240 - Cannot read IP mode file for STMicroelectronics.X-CUBE-AZRTOS-G4.2.0.0
2024-10-19 20:47:20,188 [WARN] PackLoader:240 - Cannot read IP mode file for STMicroelectronics.X-CUBE-ISPU.2.0.0
2024-10-19 20:47:20,202 [WARN] PackLoader:240 - Cannot read IP mode file for STMicroelectronics.X-CUBE-ALS.1.0.2
2024-10-19 20:47:20,279 [WARN] PackLoader:240 - Cannot read IP mode file for STMicroelectronics.X-CUBE-MEMS1.10.0.0
2024-10-19 20:47:20,491 [WARN] PackLoader:240 - Cannot read IP mode file for STMicroelectronics.X-CUBE-TOUCHGFX.4.24.1
2024-10-19 20:47:20,508 [WARN] PackLoader:240 - Cannot read IP mode file for wolfSSL.I-CUBE-wolfTPM.3.4.0
2024-10-19 20:47:20,527 [WARN] PackLoader:240 - Cannot read IP mode file for portGmbH.I-Cube-SoM-uGOAL.1.1.0
2024-10-19 20:47:20,564 [WARN] PackLoader:240 - Cannot read IP mode file for STMicroelectronics.X-CUBE-AZRTOS-H7RS.1.0.0
2024-10-19 20:47:20,584 [WARN] PackLoader:240 - Cannot read IP mode file for STMicroelectronics.FP-ATR-ASTRA1.2.0.0
2024-10-19 20:47:20,612 [WARN] PackLoader:240 - Cannot read IP mode file for STMicroelectronics.X-CUBE-TOF1.3.4.2
2024-10-19 20:47:20,647 [WARN] PackLoader:240 - Cannot read IP mode file for STMicroelectronics.X-CUBE-TOF1.3.4.1
2024-10-19 20:47:20,697 [WARN] PackLoader:240 - Cannot read IP mode file for STMicroelectronics.X-CUBE-AZRTOS-H7.3.2.0
2024-10-19 20:47:20,736 [WARN] PackLoader:240 - Cannot read IP mode file for Infineon.AIROC-Wi-Fi-Bluetooth-STM32.1.6.0
2024-10-19 20:47:20,755 [WARN] PackLoader:240 - Cannot read IP mode file for wolfSSL.I-CUBE-wolfSSH.1.4.17
2024-10-19 20:47:20,755 [INFO] ThirdParty:978 - Integrity check success = true
2024-10-19 20:47:20,755 [INFO] IntegrityCheckThread:100 - exiting critical section [integrity check]
2024-10-19 20:47:20,755 [INFO] IntegrityCheckThread:103 - End integrity checks thread
2024-10-19 20:47:24,572 [INFO] WebApp:161 - Instantiating new browser for Auth
2024-10-19 20:47:25,365 [INFO] WebApp:779 - Register for checkConnection events
2024-10-19 20:47:25,365 [INFO] WebApp:414 - Apply proxy settings
2024-10-19 20:47:25,366 [INFO] WebApp:499 - Chromium requires no authentication
2024-10-19 20:47:25,374 [INFO] WebApp:442 - Direct internet connection detected
2024-10-19 20:47:25,591 [INFO] WebApp:192 - Starting web application
2024-10-19 20:47:25,591 [INFO] WebApp:544 - Web application path used C:\Users\USER\Downloads\STM32CubeIDE_1.15.1\STM32CubeIDE\plugins\com.st.stm32cube.common.mx_6.11.1.202404110753\db\plugins\mcufinder\reactClient1\index.html
