2024-11-04 12:55:48,187 [ERROR] LogOutputStream:75 - [STDERR_REDIRECT] 
2024-11-04 13:37:13,031 [INFO] Activator:176 - 


2024-11-04 13:37:13,036 [INFO] Activator:177 - !SESSION log4j initialized
2024-11-04 13:37:20,792 [INFO] LogOutputStream:77 - [STDOUT_REDIRECT] 
2024-11-04 13:37:29,027 [INFO] ApplicationProperties:184 - Using Application install path: C:\Users\USER\Downloads\STM32CubeIDE_1.15.1\STM32CubeIDE\plugins\com.st.stm32cube.common.mx_6.11.1.202404110753
2024-11-04 13:37:29,052 [INFO] DbMcusXml:78 - Set database path to: C:\Users\USER\Downloads\STM32CubeIDE_1.15.1\STM32CubeIDE\plugins\com.st.stm32cube.common.mx_6.11.1.202404110753\\db\/mcu/
2024-11-04 13:37:29,052 [INFO] ApiDb:274 - Set plugin database path to: C:\Users\USER\Downloads\STM32CubeIDE_1.15.1\STM32CubeIDE\plugins\com.st.stm32cube.common.mx_6.11.1.202404110753\\db\/plugins/boardmanager/
2024-11-04 13:37:29,052 [WARN] ApiDb:259 - Overriding images path with different value:  => C:\Users\USER\Downloads\STM32CubeIDE_1.15.1\STM32CubeIDE\plugins\com.st.stm32cube.common.mx_6.11.1.202404110753\\db\/plugins/mcufinder/images/
2024-11-04 13:37:29,064 [INFO] ApiDb:250 - Set database path to: C:\Users\USER\.stmcufinder\plugins\mcufinder//mcu/
2024-11-04 13:37:29,066 [INFO] DbMcusAds:125 - Set database path to: C:\Users\USER\.stmcufinder\plugins\mcufinder//mcu/
2024-11-04 13:37:29,068 [INFO] CrossReferenceDbSqlite:203 - Set database path to: C:\Users\USER\.stmcufinder\plugins\mcufinder//mcu/cs/
2024-11-04 13:37:29,243 [INFO] RulesReader:64 - Compatibility file has been processed (297 Rules)
2024-11-04 13:37:29,371 [INFO] DbMcusXml:78 - Set database path to: C:\Users\USER\Downloads\STM32CubeIDE_1.15.1\STM32CubeIDE\plugins\com.st.stm32cube.common.mx_6.11.1.202404110753\\db\/mcu/
2024-11-04 13:37:29,371 [INFO] ApiDb:274 - Set plugin database path to: C:\Users\USER\Downloads\STM32CubeIDE_1.15.1\STM32CubeIDE\plugins\com.st.stm32cube.common.mx_6.11.1.202404110753\\db\/plugins/boardmanager/
2024-11-04 13:37:29,372 [INFO] ApiDb:261 - Set plugin images path to: C:\Users\USER\Downloads\STM32CubeIDE_1.15.1\STM32CubeIDE\plugins\com.st.stm32cube.common.mx_6.11.1.202404110753\\db\/plugins/mcufinder/images/
2024-11-04 13:37:29,372 [WARN] DbFile:41 - Overriding database path with different value: C:\Users\USER\.stmcufinder\plugins\mcufinder/ => C:\Users\USER\.stmcufinder\plugins\mcufinder
2024-11-04 13:37:29,372 [INFO] ApiDb:250 - Set database path to: C:\Users\USER\.stmcufinder\plugins\mcufinder//mcu/
2024-11-04 13:37:29,372 [WARN] DbFile:41 - Overriding database path with different value: C:\Users\USER\.stmcufinder\plugins\mcufinder/ => C:\Users\USER\.stmcufinder\plugins\mcufinder
2024-11-04 13:37:29,372 [INFO] DbMcusAds:125 - Set database path to: C:\Users\USER\.stmcufinder\plugins\mcufinder//mcu/
2024-11-04 13:37:29,372 [WARN] DbFile:41 - Overriding database path with different value: C:\Users\USER\.stmcufinder\plugins\mcufinder/ => C:\Users\USER\.stmcufinder\plugins\mcufinder
2024-11-04 13:37:29,372 [WARN] DbFile:41 - Overriding database path with different value: C:\Users\USER\.stmcufinder\plugins\mcufinder/ => C:\Users\USER\.stmcufinder\plugins\mcufinder
2024-11-04 13:37:29,372 [INFO] CrossReferenceDbSqlite:203 - Set database path to: C:\Users\USER\.stmcufinder\plugins\mcufinder//mcu/cs/
2024-11-04 13:37:29,470 [INFO] MainPanel:264 - HeapMemory: 268435456
2024-11-04 13:37:29,573 [INFO] DbMcusXml:78 - Set database path to: C:\Users\USER\Downloads\STM32CubeIDE_1.15.1\STM32CubeIDE\plugins\com.st.stm32cube.common.mx_6.11.1.202404110753\\db\/mcu/
2024-11-04 13:37:29,573 [INFO] ApiDb:274 - Set plugin database path to: C:\Users\USER\Downloads\STM32CubeIDE_1.15.1\STM32CubeIDE\plugins\com.st.stm32cube.common.mx_6.11.1.202404110753\\db\/plugins/boardmanager/
2024-11-04 13:37:29,573 [INFO] ApiDb:261 - Set plugin images path to: C:\Users\USER\Downloads\STM32CubeIDE_1.15.1\STM32CubeIDE\plugins\com.st.stm32cube.common.mx_6.11.1.202404110753\\db\/plugins/mcufinder/images/
2024-11-04 13:37:29,573 [WARN] DbFile:41 - Overriding database path with different value: C:\Users\USER\.stmcufinder\plugins\mcufinder/ => C:\Users\USER\.stmcufinder\plugins\mcufinder
2024-11-04 13:37:29,574 [INFO] ApiDb:250 - Set database path to: C:\Users\USER\.stmcufinder\plugins\mcufinder//mcu/
2024-11-04 13:37:29,574 [WARN] DbFile:41 - Overriding database path with different value: C:\Users\USER\.stmcufinder\plugins\mcufinder/ => C:\Users\USER\.stmcufinder\plugins\mcufinder
2024-11-04 13:37:29,574 [INFO] DbMcusAds:125 - Set database path to: C:\Users\USER\.stmcufinder\plugins\mcufinder//mcu/
2024-11-04 13:37:29,574 [WARN] DbFile:41 - Overriding database path with different value: C:\Users\USER\.stmcufinder\plugins\mcufinder/ => C:\Users\USER\.stmcufinder\plugins\mcufinder
2024-11-04 13:37:29,574 [WARN] DbFile:41 - Overriding database path with different value: C:\Users\USER\.stmcufinder\plugins\mcufinder/ => C:\Users\USER\.stmcufinder\plugins\mcufinder
2024-11-04 13:37:29,574 [INFO] CrossReferenceDbSqlite:203 - Set database path to: C:\Users\USER\.stmcufinder\plugins\mcufinder//mcu/cs/
2024-11-04 13:37:29,590 [INFO] ApplicationProperties:184 - Using Application install path: C:\Users\USER\Downloads\STM32CubeIDE_1.15.1\STM32CubeIDE\plugins\com.st.stm32cube.common.mx_6.11.1.202404110753
2024-11-04 13:37:29,591 [INFO] PluginManage:196 - Search for loadable plugins [exclusion list=, ]
2024-11-04 13:37:29,593 [INFO] PluginManage:310 - Check plugin analytics
2024-11-04 19:13:43,028 [INFO] Activator:176 - 


2024-11-04 19:13:43,031 [INFO] Activator:177 - !SESSION log4j initialized
2024-11-04 19:13:50,647 [INFO] LogOutputStream:77 - [STDOUT_REDIRECT] 
2024-11-04 19:13:57,671 [INFO] ApplicationProperties:184 - Using Application install path: C:\Users\USER\Downloads\STM32CubeIDE_1.15.1\STM32CubeIDE\plugins\com.st.stm32cube.common.mx_6.11.1.202404110753
2024-11-04 19:13:57,703 [INFO] DbMcusXml:78 - Set database path to: C:\Users\USER\Downloads\STM32CubeIDE_1.15.1\STM32CubeIDE\plugins\com.st.stm32cube.common.mx_6.11.1.202404110753\\db\/mcu/
2024-11-04 19:13:57,703 [INFO] ApiDb:274 - Set plugin database path to: C:\Users\USER\Downloads\STM32CubeIDE_1.15.1\STM32CubeIDE\plugins\com.st.stm32cube.common.mx_6.11.1.202404110753\\db\/plugins/boardmanager/
2024-11-04 19:13:57,704 [WARN] ApiDb:259 - Overriding images path with different value:  => C:\Users\USER\Downloads\STM32CubeIDE_1.15.1\STM32CubeIDE\plugins\com.st.stm32cube.common.mx_6.11.1.202404110753\\db\/plugins/mcufinder/images/
2024-11-04 19:13:57,718 [INFO] ApiDb:250 - Set database path to: C:\Users\USER\.stmcufinder\plugins\mcufinder//mcu/
2024-11-04 19:13:57,719 [INFO] DbMcusAds:125 - Set database path to: C:\Users\USER\.stmcufinder\plugins\mcufinder//mcu/
2024-11-04 19:13:57,723 [INFO] CrossReferenceDbSqlite:203 - Set database path to: C:\Users\USER\.stmcufinder\plugins\mcufinder//mcu/cs/
2024-11-04 19:13:57,954 [INFO] RulesReader:64 - Compatibility file has been processed (297 Rules)
2024-11-04 19:13:58,090 [INFO] DbMcusXml:78 - Set database path to: C:\Users\USER\Downloads\STM32CubeIDE_1.15.1\STM32CubeIDE\plugins\com.st.stm32cube.common.mx_6.11.1.202404110753\\db\/mcu/
2024-11-04 19:13:58,090 [INFO] ApiDb:274 - Set plugin database path to: C:\Users\USER\Downloads\STM32CubeIDE_1.15.1\STM32CubeIDE\plugins\com.st.stm32cube.common.mx_6.11.1.202404110753\\db\/plugins/boardmanager/
2024-11-04 19:13:58,090 [INFO] ApiDb:261 - Set plugin images path to: C:\Users\USER\Downloads\STM32CubeIDE_1.15.1\STM32CubeIDE\plugins\com.st.stm32cube.common.mx_6.11.1.202404110753\\db\/plugins/mcufinder/images/
2024-11-04 19:13:58,091 [WARN] DbFile:41 - Overriding database path with different value: C:\Users\USER\.stmcufinder\plugins\mcufinder/ => C:\Users\USER\.stmcufinder\plugins\mcufinder
2024-11-04 19:13:58,091 [INFO] ApiDb:250 - Set database path to: C:\Users\USER\.stmcufinder\plugins\mcufinder//mcu/
2024-11-04 19:13:58,091 [WARN] DbFile:41 - Overriding database path with different value: C:\Users\USER\.stmcufinder\plugins\mcufinder/ => C:\Users\USER\.stmcufinder\plugins\mcufinder
2024-11-04 19:13:58,091 [INFO] DbMcusAds:125 - Set database path to: C:\Users\USER\.stmcufinder\plugins\mcufinder//mcu/
2024-11-04 19:13:58,092 [WARN] DbFile:41 - Overriding database path with different value: C:\Users\USER\.stmcufinder\plugins\mcufinder/ => C:\Users\USER\.stmcufinder\plugins\mcufinder
2024-11-04 19:13:58,092 [WARN] DbFile:41 - Overriding database path with different value: C:\Users\USER\.stmcufinder\plugins\mcufinder/ => C:\Users\USER\.stmcufinder\plugins\mcufinder
2024-11-04 19:13:58,092 [INFO] CrossReferenceDbSqlite:203 - Set database path to: C:\Users\USER\.stmcufinder\plugins\mcufinder//mcu/cs/
2024-11-04 19:13:58,203 [INFO] MainPanel:264 - HeapMemory: 268435456
2024-11-04 19:13:58,330 [INFO] DbMcusXml:78 - Set database path to: C:\Users\USER\Downloads\STM32CubeIDE_1.15.1\STM32CubeIDE\plugins\com.st.stm32cube.common.mx_6.11.1.202404110753\\db\/mcu/
2024-11-04 19:13:58,330 [INFO] ApiDb:274 - Set plugin database path to: C:\Users\USER\Downloads\STM32CubeIDE_1.15.1\STM32CubeIDE\plugins\com.st.stm32cube.common.mx_6.11.1.202404110753\\db\/plugins/boardmanager/
2024-11-04 19:13:58,330 [INFO] ApiDb:261 - Set plugin images path to: C:\Users\USER\Downloads\STM32CubeIDE_1.15.1\STM32CubeIDE\plugins\com.st.stm32cube.common.mx_6.11.1.202404110753\\db\/plugins/mcufinder/images/
2024-11-04 19:13:58,330 [WARN] DbFile:41 - Overriding database path with different value: C:\Users\USER\.stmcufinder\plugins\mcufinder/ => C:\Users\USER\.stmcufinder\plugins\mcufinder
2024-11-04 19:13:58,330 [INFO] ApiDb:250 - Set database path to: C:\Users\USER\.stmcufinder\plugins\mcufinder//mcu/
2024-11-04 19:13:58,331 [WARN] DbFile:41 - Overriding database path with different value: C:\Users\USER\.stmcufinder\plugins\mcufinder/ => C:\Users\USER\.stmcufinder\plugins\mcufinder
2024-11-04 19:13:58,331 [INFO] DbMcusAds:125 - Set database path to: C:\Users\USER\.stmcufinder\plugins\mcufinder//mcu/
2024-11-04 19:13:58,331 [WARN] DbFile:41 - Overriding database path with different value: C:\Users\USER\.stmcufinder\plugins\mcufinder/ => C:\Users\USER\.stmcufinder\plugins\mcufinder
2024-11-04 19:13:58,331 [WARN] DbFile:41 - Overriding database path with different value: C:\Users\USER\.stmcufinder\plugins\mcufinder/ => C:\Users\USER\.stmcufinder\plugins\mcufinder
2024-11-04 19:13:58,331 [INFO] CrossReferenceDbSqlite:203 - Set database path to: C:\Users\USER\.stmcufinder\plugins\mcufinder//mcu/cs/
2024-11-04 19:13:58,359 [INFO] ApplicationProperties:184 - Using Application install path: C:\Users\USER\Downloads\STM32CubeIDE_1.15.1\STM32CubeIDE\plugins\com.st.stm32cube.common.mx_6.11.1.202404110753
2024-11-04 19:13:58,361 [INFO] PluginManage:196 - Search for loadable plugins [exclusion list=, ]
2024-11-04 19:13:58,363 [INFO] PluginManage:310 - Check plugin analytics
2024-11-04 19:14:03,191 [INFO] AnalyticsPlugin:253 - Accepted Software Licenses: 
2024-11-04 19:14:03,192 [INFO] AnalyticsPlugin:255 - Accepted CMSIS Pack Licenses: 
2024-11-04 19:14:03,192 [INFO] AnalyticsPlugin:257 - Accepted Firmware Licenses: 
2024-11-04 19:14:03,197 [INFO] PluginManage:359 - Loaded plugin analytics (category:tool,tabindex:-1)
2024-11-04 19:14:03,198 [INFO] PluginManage:310 - Check plugin cadmodel
2024-11-04 19:14:03,224 [INFO] CADModel:105 - Init CAD model plugin
2024-11-04 19:14:03,224 [INFO] PluginManage:359 - Loaded plugin cadmodel (category:power,tabindex:5)
2024-11-04 19:14:03,225 [INFO] PluginManage:310 - Check plugin clock
2024-11-04 19:14:03,252 [INFO] PluginManage:359 - Loaded plugin clock (category:base,tabindex:2)
2024-11-04 19:14:03,253 [INFO] PluginManage:310 - Check plugin ddr
2024-11-04 19:14:03,258 [INFO] PluginManage:359 - Loaded plugin ddr (category:tool,tabindex:6)
2024-11-04 19:14:03,258 [INFO] PluginManage:310 - Check plugin filemanager
2024-11-04 19:14:03,451 [INFO] PluginManage:359 - Loaded plugin filemanager (category:base,tabindex:10)
2024-11-04 19:14:03,451 [INFO] PluginManage:310 - Check plugin ipmanager
2024-11-04 19:14:03,462 [INFO] PluginManage:359 - Loaded plugin ipmanager (category:base,tabindex:5)
2024-11-04 19:14:03,462 [INFO] PluginManage:310 - Check plugin lpbam
2024-11-04 19:14:03,487 [INFO] PluginManage:359 - Loaded plugin lpbam (category:base,tabindex:0)
2024-11-04 19:14:03,487 [INFO] PluginManage:310 - Check plugin memorymap
2024-11-04 19:14:03,515 [INFO] PluginManage:359 - Loaded plugin memorymap (category:base,tabindex:4)
2024-11-04 19:14:03,515 [INFO] PluginManage:310 - Check plugin pinoutandconfiguration
2024-11-04 19:14:03,537 [INFO] PluginManage:359 - Loaded plugin pinoutandconfiguration (category:base,tabindex:1)
2024-11-04 19:14:03,537 [INFO] PluginManage:310 - Check plugin pinoutconfig
2024-11-04 19:14:03,690 [WARN] SupportedApi:132 - Cannot load RTOS API schema: s4s-elt-must-match.1: The content of 'definitions' must match (annotation?, (simpleType | complexType)?, (unique | key | keyref)*)). A problem was found starting at: attribute.
2024-11-04 19:14:03,918 [INFO] PluginManage:359 - Loaded plugin pinoutconfig (category:base,tabindex:0)
2024-11-04 19:14:03,918 [INFO] PluginManage:310 - Check plugin power
2024-11-04 19:14:03,950 [INFO] PluginManage:359 - Loaded plugin power (category:power,tabindex:4)
2024-11-04 19:14:03,951 [INFO] PluginManage:310 - Check plugin projectmanager
2024-11-04 19:14:03,973 [INFO] PluginManage:359 - Loaded plugin projectmanager (category:projectmanager,tabindex:3)
2024-11-04 19:14:03,974 [INFO] PluginManage:310 - Check plugin thirdparty
2024-11-04 19:14:04,378 [INFO] PluginManage:359 - Loaded plugin thirdparty (category:base,tabindex:-1)
2024-11-04 19:14:04,378 [WARN] IntegrityCheckThread:84 - waiting for thirdparty lock release [integrity check]
2024-11-04 19:14:04,378 [INFO] PluginManage:310 - Check plugin tools
2024-11-04 19:14:04,378 [INFO] IntegrityCheckThread:86 - entering critical section [integrity check]
2024-11-04 19:14:04,379 [INFO] ThirdPartyUpdaterWithRetryManager:70 - Updater plugin not ready yet. [1/15]
2024-11-04 19:14:04,440 [INFO] PluginManage:359 - Loaded plugin tools (category:base,tabindex:7)
2024-11-04 19:14:04,440 [INFO] PluginManage:310 - Check plugin tutovideos
2024-11-04 19:14:04,762 [INFO] PluginManage:359 - Loaded plugin tutovideos (category:base,tabindex:-1)
2024-11-04 19:14:04,763 [INFO] PluginManage:310 - Check plugin updater
2024-11-04 19:14:04,779 [INFO] PluginManage:359 - Loaded plugin updater (category:base,tabindex:12)
2024-11-04 19:14:04,780 [INFO] PluginManage:310 - Check plugin userauth
2024-11-04 19:14:04,789 [INFO] UserAuth:114 - Init User Auth plugin
2024-11-04 19:14:04,789 [INFO] PluginManage:359 - Loaded plugin userauth (category:base,tabindex:14)
2024-11-04 19:14:04,790 [INFO] PluginManage:283 - PluginManage : Loaded plugins [17]
2024-11-04 19:14:05,068 [INFO] PinOutPanel:1561 - setPackage(No Configuration,No Configuration)
2024-11-04 19:14:05,161 [INFO] CADModel:165 - CPN selected for project level
2024-11-04 19:14:05,162 [INFO] CADModel:114 - Register for checkConnection events
2024-11-04 19:14:05,192 [INFO] IPUIPlugin:80 - create IPUIPlugin
2024-11-04 19:14:05,192 [INFO] PluginManager:220 - loadIPPluginJar : add adc
2024-11-04 19:14:05,236 [INFO] IPUIPlugin:80 - create IPUIPlugin
2024-11-04 19:14:05,236 [INFO] PluginManager:220 - loadIPPluginJar : add aes
2024-11-04 19:14:05,281 [INFO] IPUIPlugin:80 - create IPUIPlugin
2024-11-04 19:14:05,281 [INFO] PluginManager:220 - loadIPPluginJar : add can
2024-11-04 19:14:05,314 [INFO] IPUIPlugin:80 - create IPUIPlugin
2024-11-04 19:14:05,314 [INFO] PluginManager:220 - loadIPPluginJar : add comp
2024-11-04 19:14:05,353 [INFO] IPUIPlugin:80 - create IPUIPlugin
2024-11-04 19:14:05,353 [INFO] PluginManager:220 - loadIPPluginJar : add cryp
2024-11-04 19:14:05,385 [INFO] IPUIPlugin:80 - create IPUIPlugin
2024-11-04 19:14:05,385 [INFO] PluginManager:220 - loadIPPluginJar : add dfsdm
2024-11-04 19:14:05,401 [INFO] IPUIPlugin:80 - create IPUIPlugin
2024-11-04 19:14:05,401 [INFO] PluginManager:220 - loadIPPluginJar : add dma
2024-11-04 19:14:05,451 [INFO] IPUIPlugin:80 - create IPUIPlugin
2024-11-04 19:14:05,451 [INFO] PluginManager:220 - loadIPPluginJar : add dma3
2024-11-04 19:14:05,501 [INFO] IPUIPlugin:80 - create IPUIPlugin
2024-11-04 19:14:05,501 [INFO] PluginManager:220 - loadIPPluginJar : add extmemmanager
2024-11-04 19:14:05,522 [INFO] IPUIPlugin:80 - create IPUIPlugin
2024-11-04 19:14:05,522 [INFO] PluginManager:220 - loadIPPluginJar : add fatfs
2024-11-04 19:14:05,579 [INFO] IPUIPlugin:80 - create IPUIPlugin
2024-11-04 19:14:05,579 [INFO] PluginManager:220 - loadIPPluginJar : add fmc
2024-11-04 19:14:05,600 [INFO] IPUIPlugin:80 - create IPUIPlugin
2024-11-04 19:14:05,601 [INFO] PluginManager:220 - loadIPPluginJar : add freertos
2024-11-04 19:14:05,625 [INFO] IPUIPlugin:80 - create IPUIPlugin
2024-11-04 19:14:05,625 [INFO] PluginManager:220 - loadIPPluginJar : add genericplugin
2024-11-04 19:14:05,736 [INFO] IPUIPlugin:80 - create IPUIPlugin
2024-11-04 19:14:05,737 [INFO] PluginManager:220 - loadIPPluginJar : add gfxmmu
2024-11-04 19:14:05,912 [INFO] IPUIPlugin:80 - create IPUIPlugin
2024-11-04 19:14:05,912 [INFO] PluginManager:220 - loadIPPluginJar : add gic
2024-11-04 19:14:05,932 [INFO] IPUIPlugin:80 - create IPUIPlugin
2024-11-04 19:14:05,932 [INFO] PluginManager:220 - loadIPPluginJar : add gpio
2024-11-04 19:14:06,037 [INFO] IPUIPlugin:80 - create IPUIPlugin
2024-11-04 19:14:06,037 [INFO] PluginManager:220 - loadIPPluginJar : add gtzc
2024-11-04 19:14:06,073 [INFO] IPUIPlugin:80 - create IPUIPlugin
2024-11-04 19:14:06,073 [INFO] PluginManager:220 - loadIPPluginJar : add hash
2024-11-04 19:14:06,130 [INFO] IPUIPlugin:80 - create IPUIPlugin
2024-11-04 19:14:06,130 [INFO] PluginManager:220 - loadIPPluginJar : add i2c
2024-11-04 19:14:06,183 [INFO] IPUIPlugin:80 - create IPUIPlugin
2024-11-04 19:14:06,183 [INFO] PluginManager:220 - loadIPPluginJar : add i2s
2024-11-04 19:14:06,228 [INFO] IPUIPlugin:80 - create IPUIPlugin
2024-11-04 19:14:06,228 [INFO] PluginManager:220 - loadIPPluginJar : add i3c
2024-11-04 19:14:06,407 [INFO] IPUIPlugin:80 - create IPUIPlugin
2024-11-04 19:14:06,408 [INFO] PluginManager:220 - loadIPPluginJar : add ipddr
2024-11-04 19:14:06,535 [INFO] IPUIPlugin:80 - create IPUIPlugin
2024-11-04 19:14:06,535 [INFO] PluginManager:220 - loadIPPluginJar : add linkedlist
2024-11-04 19:14:06,579 [INFO] IPUIPlugin:80 - create IPUIPlugin
2024-11-04 19:14:06,580 [INFO] PluginManager:220 - loadIPPluginJar : add lorawan
2024-11-04 19:14:06,627 [INFO] IPUIPlugin:80 - create IPUIPlugin
2024-11-04 19:14:06,628 [INFO] PluginManager:220 - loadIPPluginJar : add ltdc
2024-11-04 19:14:06,647 [INFO] IPUIPlugin:80 - create IPUIPlugin
2024-11-04 19:14:06,647 [INFO] PluginManager:220 - loadIPPluginJar : add mdma
2024-11-04 19:14:06,663 [INFO] IPUIPlugin:80 - create IPUIPlugin
2024-11-04 19:14:06,663 [INFO] PluginManager:220 - loadIPPluginJar : add nvic
2024-11-04 19:14:06,729 [INFO] IPUIPlugin:80 - create IPUIPlugin
2024-11-04 19:14:06,729 [INFO] PluginManager:220 - loadIPPluginJar : add opamp
2024-11-04 19:14:06,825 [INFO] IPUIPlugin:80 - create IPUIPlugin
2024-11-04 19:14:06,825 [INFO] PluginManager:220 - loadIPPluginJar : add openamp
2024-11-04 19:14:06,896 [INFO] IPUIPlugin:80 - create IPUIPlugin
2024-11-04 19:14:06,896 [INFO] PluginManager:220 - loadIPPluginJar : add pdm2pcm
2024-11-04 19:14:06,922 [INFO] IPUIPlugin:80 - create IPUIPlugin
2024-11-04 19:14:06,928 [INFO] PluginManager:220 - loadIPPluginJar : add plateformsettings
2024-11-04 19:14:06,969 [INFO] IPUIPlugin:80 - create IPUIPlugin
2024-11-04 19:14:06,969 [INFO] PluginManager:220 - loadIPPluginJar : add quadspi
2024-11-04 19:14:06,992 [INFO] IPUIPlugin:80 - create IPUIPlugin
2024-11-04 19:14:06,992 [INFO] PluginManager:220 - loadIPPluginJar : add resmgrutility
2024-11-04 19:14:07,060 [INFO] IPUIPlugin:80 - create IPUIPlugin
2024-11-04 19:14:07,061 [INFO] PluginManager:220 - loadIPPluginJar : add sai
2024-11-04 19:14:07,109 [INFO] IPUIPlugin:80 - create IPUIPlugin
2024-11-04 19:14:07,110 [INFO] PluginManager:220 - loadIPPluginJar : add spi
2024-11-04 19:14:07,223 [INFO] IPUIPlugin:80 - create IPUIPlugin
2024-11-04 19:14:07,223 [INFO] PluginManager:220 - loadIPPluginJar : add stm32_wpan
2024-11-04 19:14:07,253 [INFO] IPUIPlugin:80 - create IPUIPlugin
2024-11-04 19:14:07,253 [INFO] PluginManager:220 - loadIPPluginJar : add tim
2024-11-04 19:14:07,327 [INFO] IPUIPlugin:80 - create IPUIPlugin
2024-11-04 19:14:07,327 [INFO] PluginManager:220 - loadIPPluginJar : add touchsensing
2024-11-04 19:14:07,364 [INFO] IPUIPlugin:80 - create IPUIPlugin
2024-11-04 19:14:07,364 [INFO] PluginManager:220 - loadIPPluginJar : add tracer_emb
2024-11-04 19:14:07,380 [INFO] ThirdPartyUpdaterWithRetryManager:70 - Updater plugin not ready yet. [2/15]
2024-11-04 19:14:07,397 [INFO] IPUIPlugin:80 - create IPUIPlugin
2024-11-04 19:14:07,397 [INFO] PluginManager:220 - loadIPPluginJar : add ts
2024-11-04 19:14:07,425 [INFO] IPUIPlugin:80 - create IPUIPlugin
2024-11-04 19:14:07,426 [INFO] PluginManager:220 - loadIPPluginJar : add tsc
2024-11-04 19:14:07,465 [INFO] IPUIPlugin:80 - create IPUIPlugin
2024-11-04 19:14:07,465 [INFO] PluginManager:220 - loadIPPluginJar : add ucpd
2024-11-04 19:14:07,545 [INFO] IPUIPlugin:80 - create IPUIPlugin
2024-11-04 19:14:07,545 [INFO] PluginManager:220 - loadIPPluginJar : add usart
2024-11-04 19:14:07,618 [INFO] IPUIPlugin:80 - create IPUIPlugin
2024-11-04 19:14:07,618 [INFO] PluginManager:220 - loadIPPluginJar : add usbx
2024-11-04 19:14:07,782 [INFO] CADModel:165 - CPN selected for project level
2024-11-04 19:14:07,782 [INFO] CADModel:114 - Register for checkConnection events
2024-11-04 19:14:07,783 [FATAL] Updater:308 - Updater called before beeing initialized
2024-11-04 19:14:07,783 [ERROR] CADModel:125 - Updater not yet initialized, retry later 
2024-11-04 19:14:07,998 [INFO] CADModel:165 - CPN selected for project level
2024-11-04 19:14:07,998 [INFO] CADModel:114 - Register for checkConnection events
2024-11-04 19:14:07,998 [FATAL] Updater:308 - Updater called before beeing initialized
2024-11-04 19:14:07,998 [ERROR] CADModel:125 - Updater not yet initialized, retry later 
2024-11-04 19:14:08,002 [FATAL] Updater:308 - Updater called before beeing initialized
2024-11-04 19:14:08,150 [FATAL] Updater:308 - Updater called before beeing initialized
2024-11-04 19:14:08,163 [INFO] DbMcusAds:53 - JSON generation date=Fri Sep 20 06:04:38 PDT 2024 (1726837478367)
2024-11-04 19:14:08,164 [FATAL] Updater:308 - Updater called before beeing initialized
2024-11-04 19:14:08,289 [WARN] DetailPanel:346 - Failed to get advertising image, set to default
2024-11-04 19:14:08,447 [FATAL] Updater:308 - Updater called before beeing initialized
2024-11-04 19:14:08,449 [FATAL] Updater:308 - Updater called before beeing initialized
2024-11-04 19:14:08,450 [FATAL] Updater:308 - Updater called before beeing initialized
2024-11-04 19:14:08,450 [WARN] DetailPanel:346 - Failed to get advertising image, set to default
2024-11-04 19:14:08,451 [FATAL] Updater:308 - Updater called before beeing initialized
2024-11-04 19:14:08,567 [ERROR] Updater:1120 - MainUpdater not yet initialized. External WinMGr cannot be set.
2024-11-04 19:14:08,580 [INFO] Updater:1056 - Updater Version found : 6.11.1
2024-11-04 19:14:08,602 [INFO] ApplicationProperties:184 - Using Application install path: C:\Users\USER\Downloads\STM32CubeIDE_1.15.1\STM32CubeIDE\plugins\com.st.stm32cube.common.mx_6.11.1.202404110753
2024-11-04 19:14:10,192 [ERROR] LogOutputStream:75 - [STDERR_REDIRECT] Nov 04, 2024 7:14:10 PM java.util.prefs.WindowsPreferences <init>
2024-11-04 19:14:10,195 [ERROR] LogOutputStream:75 - [STDERR_REDIRECT] WARNING: Could not open/create prefs root node Software\JavaSoft\Prefs at root 0xffffffff80000002. Windows RegCreateKeyEx(...) returned error code 5.
2024-11-04 19:14:10,196 [ERROR] LogOutputStream:75 - [STDERR_REDIRECT] 
2024-11-04 19:14:10,381 [INFO] ThirdPartyUpdaterWithRetryManager:70 - Updater plugin not ready yet. [3/15]
2024-11-04 19:14:10,794 [INFO] MainUpdater:2873 - connection check result : 10
2024-11-04 19:14:10,795 [INFO] MainUpdater:290 - Updater Check For Update Now.
2024-11-04 19:14:10,796 [INFO] MicroXplorer:498 - Change Database Version : DB.6.0.111
2024-11-04 19:14:10,833 [INFO] McuFinderGlobals:63 - Set McuFinder mode to 2 (CubeIDE integrated)
2024-11-04 19:14:10,862 [INFO] UserAuth:415 - Internet connection configuration mode: 1
2024-11-04 19:14:10,918 [INFO] JxBrowserEngine:152 - Initiate JxBrowser Engine with user profile folder
2024-11-04 19:14:11,238 [INFO] CheckServerUpdateThread:120 - End of CheckServer Thread
2024-11-04 19:14:13,882 [WARN] PackLoader:240 - Cannot read IP mode file for STMicroelectronics.FP-SNS-MOTENVWB1.1.4.0
2024-11-04 19:14:13,915 [WARN] PackLoader:240 - Cannot read IP mode file for STMicroelectronics.X-CUBE-SMBUS.2.1.0
2024-11-04 19:14:13,949 [WARN] PackLoader:240 - Cannot read IP mode file for STMicroelectronics.X-CUBE-WB05N.1.1.0
2024-11-04 19:14:13,979 [WARN] PackLoader:240 - Cannot read IP mode file for STMicroelectronics.X-CUBE-TOUCHGFX.4.23.2
2024-11-04 19:14:14,045 [WARN] PackLoader:240 - Cannot read IP mode file for STMicroelectronics.X-CUBE-AZRTOS-F7.1.1.0
2024-11-04 19:14:14,209 [WARN] PackLoader:240 - Cannot read IP mode file for STMicroelectronics.X-CUBE-MEMS1.11.0.0
2024-11-04 19:14:14,539 [WARN] PackLoader:240 - Cannot read IP mode file for STMicroelectronics.FP-SNS-FLIGHT1.5.0.2
2024-11-04 19:14:14,571 [WARN] PackLoader:240 - Cannot read IP mode file for STMicroelectronics.X-CUBE-DISPLAY.3.0.0
2024-11-04 19:14:14,651 [WARN] PackLoader:240 - Cannot read IP mode file for STMicroelectronics.X-CUBE-BLE1.7.0.0
2024-11-04 19:14:14,979 [WARN] PackLoader:240 - Cannot read IP mode file for STMicroelectronics.X-CUBE-NFC10.1.0.0
2024-11-04 19:14:15,013 [WARN] PackLoader:240 - Cannot read IP mode file for emotas.I-CUBE-CANOPEN.1.3.0
2024-11-04 19:14:15,053 [WARN] PackLoader:240 - Cannot read IP mode file for STMicroelectronics.X-CUBE-BLEMGR.3.1.0
2024-11-04 19:14:15,082 [WARN] PackLoader:240 - Cannot read IP mode file for STMicroelectronics.FP-SNS-SMARTAG2.1.2.0
2024-11-04 19:14:15,125 [INFO] LogOutputStream:77 - [STDOUT_REDIRECT] 1 : Invalid condition id : UX_CORESTACK_Condition cause : null
2024-11-04 19:14:15,126 [INFO] LogOutputStream:77 - [STDOUT_REDIRECT] 1 : Invalid condition id : UX_CORESTACK_Condition cause : null
2024-11-04 19:14:15,131 [INFO] LogOutputStream:77 - [STDOUT_REDIRECT] 1 : Invalid condition id : UX_CORESTACK_Condition cause : null
2024-11-04 19:14:15,135 [INFO] LogOutputStream:77 - [STDOUT_REDIRECT] 1 : Invalid condition id : UX_CORESTACK_Condition cause : null
2024-11-04 19:14:15,139 [INFO] LogOutputStream:77 - [STDOUT_REDIRECT] 1 : Invalid condition id : UX_CORESTACK_Condition cause : null
2024-11-04 19:14:15,146 [WARN] PackLoader:240 - Cannot read IP mode file for STMicroelectronics.X-CUBE-AZRTOS-WL.2.0.0
2024-11-04 19:14:15,172 [WARN] PackLoader:240 - Cannot read IP mode file for STMicroelectronics.FP-SNS-MOTENV1.5.0.0
2024-11-04 19:14:15,195 [WARN] PackLoader:240 - Cannot read IP mode file for wolfSSL.I-CUBE-wolfMQTT.1.19.0
2024-11-04 19:14:15,223 [WARN] PackLoader:240 - Cannot read IP mode file for WES.I-CUBE-Cesium.1.3.0
2024-11-04 19:14:15,247 [WARN] PackLoader:240 - Cannot read IP mode file for STMicroelectronics.X-CUBE-BLE2.3.3.0
2024-11-04 19:14:15,287 [WARN] PackLoader:240 - Cannot read IP mode file for STMicroelectronics.X-CUBE-NFC9.1.0.0
2024-11-04 19:14:15,314 [WARN] PackLoader:240 - Cannot read IP mode file for STMicroelectronics.X-CUBE-TCPP.4.1.0
2024-11-04 19:14:15,370 [WARN] PackLoader:240 - Cannot read IP mode file for STMicroelectronics.X-CUBE-AZRTOS-G0.1.1.0
2024-11-04 19:14:15,406 [WARN] PackLoader:240 - Cannot read IP mode file for STMicroelectronics.X-CUBE-SAFEA1.1.2.2
2024-11-04 19:14:15,433 [WARN] PackLoader:240 - Cannot read IP mode file for STMicroelectronics.X-CUBE-NFC4.3.0.0
2024-11-04 19:14:15,486 [WARN] PackLoader:240 - Cannot read IP mode file for EmbeddedOffice.I-CUBE-FS-RTOS.1.0.1
2024-11-04 19:14:15,486 [ERROR] ConditionMgr:805 - Attr not supported : Dmpu
2024-11-04 19:14:15,486 [ERROR] ConditionMgr:805 - Attr not supported : Dmpu
2024-11-04 19:14:15,486 [ERROR] ConditionMgr:805 - Attr not supported : Dmpu
2024-11-04 19:14:15,487 [ERROR] ConditionMgr:805 - Attr not supported : Dmpu
2024-11-04 19:14:15,487 [ERROR] ConditionMgr:805 - Attr not supported : Dmpu
2024-11-04 19:14:15,487 [ERROR] ConditionMgr:805 - Attr not supported : Dmpu
2024-11-04 19:14:15,487 [ERROR] ConditionMgr:805 - Attr not supported : Dmpu
2024-11-04 19:14:15,487 [ERROR] ConditionMgr:805 - Attr not supported : Dmpu
2024-11-04 19:14:15,487 [ERROR] ConditionMgr:805 - Attr not supported : Dmpu
2024-11-04 19:14:15,487 [ERROR] ConditionMgr:805 - Attr not supported : Dmpu
2024-11-04 19:14:15,487 [ERROR] ConditionMgr:805 - Attr not supported : Dmpu
2024-11-04 19:14:15,488 [ERROR] ConditionMgr:805 - Attr not supported : Dmpu
2024-11-04 19:14:15,488 [ERROR] ConditionMgr:805 - Attr not supported : Dmpu
2024-11-04 19:14:15,488 [ERROR] ConditionMgr:805 - Attr not supported : Dmpu
2024-11-04 19:14:15,488 [ERROR] ConditionMgr:805 - Attr not supported : Dmpu
2024-11-04 19:14:15,488 [ERROR] ConditionMgr:805 - Attr not supported : Dmpu
2024-11-04 19:14:15,488 [ERROR] ConditionMgr:805 - Attr not supported : Dmpu
2024-11-04 19:14:15,488 [ERROR] ConditionMgr:805 - Attr not supported : Dmpu
2024-11-04 19:14:15,488 [ERROR] ConditionMgr:805 - Attr not supported : Dmpu
2024-11-04 19:14:15,488 [ERROR] ConditionMgr:805 - Attr not supported : Dmpu
2024-11-04 19:14:15,488 [ERROR] ConditionMgr:805 - Attr not supported : Dmpu
2024-11-04 19:14:15,488 [ERROR] ConditionMgr:805 - Attr not supported : Dmpu
2024-11-04 19:14:15,489 [ERROR] ConditionMgr:805 - Attr not supported : Dmpu
2024-11-04 19:14:15,489 [ERROR] ConditionMgr:805 - Attr not supported : Dmpu
2024-11-04 19:14:15,489 [ERROR] ConditionMgr:805 - Attr not supported : Dmpu
2024-11-04 19:14:15,489 [ERROR] ConditionMgr:805 - Attr not supported : Dmpu
2024-11-04 19:14:15,489 [ERROR] ConditionMgr:805 - Attr not supported : Dmpu
2024-11-04 19:14:15,490 [ERROR] ConditionMgr:805 - Attr not supported : Dmpu
2024-11-04 19:14:15,490 [ERROR] ConditionMgr:805 - Attr not supported : Dmpu
2024-11-04 19:14:15,490 [ERROR] ConditionMgr:805 - Attr not supported : Dmpu
2024-11-04 19:14:15,490 [ERROR] ConditionMgr:805 - Attr not supported : Dmpu
2024-11-04 19:14:15,491 [ERROR] ConditionMgr:805 - Attr not supported : Dmpu
2024-11-04 19:14:15,491 [ERROR] ConditionMgr:805 - Attr not supported : Dmpu
2024-11-04 19:14:15,491 [ERROR] ConditionMgr:805 - Attr not supported : Dmpu
2024-11-04 19:14:15,492 [ERROR] ConditionMgr:805 - Attr not supported : Dmpu
2024-11-04 19:14:15,492 [ERROR] ConditionMgr:805 - Attr not supported : Dmpu
2024-11-04 19:14:15,492 [ERROR] ConditionMgr:805 - Attr not supported : Dmpu
2024-11-04 19:14:15,492 [ERROR] ConditionMgr:805 - Attr not supported : Dmpu
2024-11-04 19:14:15,493 [ERROR] ConditionMgr:805 - Attr not supported : Dmpu
2024-11-04 19:14:15,493 [ERROR] ConditionMgr:805 - Attr not supported : Dmpu
2024-11-04 19:14:15,493 [ERROR] ConditionMgr:805 - Attr not supported : Dmpu
2024-11-04 19:14:15,493 [ERROR] ConditionMgr:805 - Attr not supported : Dmpu
2024-11-04 19:14:15,493 [ERROR] ConditionMgr:805 - Attr not supported : Dmpu
2024-11-04 19:14:15,493 [ERROR] ConditionMgr:805 - Attr not supported : Dmpu
2024-11-04 19:14:15,494 [ERROR] ConditionMgr:805 - Attr not supported : Dmpu
2024-11-04 19:14:15,494 [ERROR] ConditionMgr:805 - Attr not supported : Dmpu
2024-11-04 19:14:15,494 [ERROR] ConditionMgr:805 - Attr not supported : Dmpu
2024-11-04 19:14:15,494 [ERROR] ConditionMgr:805 - Attr not supported : Dmpu
2024-11-04 19:14:15,495 [ERROR] ConditionMgr:805 - Attr not supported : Dmpu
2024-11-04 19:14:15,495 [ERROR] ConditionMgr:805 - Attr not supported : Dmpu
2024-11-04 19:14:15,495 [ERROR] ConditionMgr:805 - Attr not supported : Dmpu
2024-11-04 19:14:15,495 [ERROR] ConditionMgr:805 - Attr not supported : Dmpu
2024-11-04 19:14:15,495 [ERROR] ConditionMgr:805 - Attr not supported : Dmpu
2024-11-04 19:14:15,495 [ERROR] ConditionMgr:805 - Attr not supported : Dmpu
2024-11-04 19:14:15,495 [ERROR] ConditionMgr:805 - Attr not supported : Dmpu
2024-11-04 19:14:15,496 [ERROR] ConditionMgr:805 - Attr not supported : Dmpu
2024-11-04 19:14:15,496 [ERROR] ConditionMgr:805 - Attr not supported : Dmpu
2024-11-04 19:14:15,496 [ERROR] ConditionMgr:805 - Attr not supported : Dmpu
2024-11-04 19:14:15,496 [ERROR] ConditionMgr:805 - Attr not supported : Dmpu
2024-11-04 19:14:15,496 [ERROR] ConditionMgr:805 - Attr not supported : Dmpu
2024-11-04 19:14:15,496 [ERROR] ConditionMgr:805 - Attr not supported : Dmpu
2024-11-04 19:14:15,496 [ERROR] ConditionMgr:805 - Attr not supported : Dmpu
2024-11-04 19:14:15,497 [ERROR] ConditionMgr:805 - Attr not supported : Dmpu
2024-11-04 19:14:15,497 [ERROR] ConditionMgr:805 - Attr not supported : Dmpu
2024-11-04 19:14:15,525 [WARN] PackLoader:240 - Cannot read IP mode file for RealThread.X-CUBE-RT-Thread_Nano.4.1.1
2024-11-04 19:14:15,547 [WARN] PackLoader:240 - Cannot read IP mode file for wolfSSL.I-CUBE-wolfSSL.5.7.0
2024-11-04 19:14:15,568 [WARN] PackLoader:240 - Cannot read IP mode file for STMicroelectronics.FP-ATR-SIGFOX1.3.2.0
2024-11-04 19:14:15,596 [WARN] PackLoader:240 - Cannot read IP mode file for STMicroelectronics.X-CUBE-EEPRMA1.5.1.0
2024-11-04 19:14:15,623 [WARN] PackLoader:240 - Cannot read IP mode file for ITTIA_DB.I-CUBE-ITTIADB.8.9.0
2024-11-04 19:14:15,718 [WARN] PackLoader:240 - Cannot read IP mode file for SEGGER.I-CUBE-embOS.1.3.1
2024-11-04 19:14:15,829 [WARN] PackLoader:240 - Cannot read IP mode file for STMicroelectronics.X-CUBE-ALGOBUILD.1.4.0
2024-11-04 19:14:15,852 [WARN] PackLoader:240 - Cannot read IP mode file for STMicroelectronics.X-CUBE-AI.9.1.0
2024-11-04 19:14:15,878 [WARN] PackLoader:240 - Cannot read IP mode file for STMicroelectronics.X-CUBE-GNSS1.6.0.0
2024-11-04 19:14:15,934 [WARN] PackLoader:240 - Cannot read IP mode file for STMicroelectronics.X-CUBE-AZRTOS-F4.1.1.0
2024-11-04 19:14:15,964 [WARN] PackLoader:240 - Cannot read IP mode file for STMicroelectronics.X-CUBE-ISPU.2.1.0
2024-11-04 19:14:15,988 [WARN] PackLoader:240 - Cannot read IP mode file for STMicroelectronics.X-CUBE-FREERTOS.1.2.0
2024-11-04 19:14:16,039 [WARN] PackLoader:240 - Cannot read IP mode file for STMicroelectronics.X-CUBE-AZRTOS-L5.2.0.0
2024-11-04 19:14:16,074 [WARN] PackLoader:240 - Cannot read IP mode file for STMicroelectronics.X-CUBE-NFC6.3.1.0
2024-11-04 19:14:16,102 [WARN] PackLoader:240 - Cannot read IP mode file for STMicroelectronics.X-CUBE-DPower.1.2.0
2024-11-04 19:14:16,124 [WARN] PackLoader:240 - Cannot read IP mode file for STMicroelectronics.X-CUBE-AI.9.0.0
2024-11-04 19:14:16,149 [WARN] PackLoader:240 - Cannot read IP mode file for STMicroelectronics.X-CUBE-NFC7.1.0.1
2024-11-04 19:14:16,201 [WARN] ConditionMgr:438 - getConditionDescription Invalid condition id : LAN8742 Phy interface Condition cause : null
2024-11-04 19:14:16,202 [WARN] PackLoader:240 - Cannot read IP mode file for STMicroelectronics.X-CUBE-AZRTOS-L4.2.0.0
2024-11-04 19:14:16,205 [WARN] ConditionMgr:1039 - genDependencies : Invalid condition id : LAN8742 Phy interface Condition cause : null
2024-11-04 19:14:16,205 [WARN] ConditionMgr:1039 - genDependencies : Invalid condition id : LAN8742 Phy interface Condition cause : null
2024-11-04 19:14:16,207 [WARN] ConditionMgr:1039 - genDependencies : Invalid condition id : LAN8742 Phy interface Condition cause : null
2024-11-04 19:14:16,237 [WARN] PackLoader:240 - Cannot read IP mode file for STMicroelectronics.X-CUBE-SFXS2LP1.4.0.0
2024-11-04 19:14:16,296 [WARN] PackLoader:240 - Cannot read IP mode file for STMicroelectronics.X-CUBE-AZRTOS-H7.3.3.0
2024-11-04 19:14:16,349 [WARN] PackLoader:240 - Cannot read IP mode file for STMicroelectronics.X-CUBE-IPS.3.0.0
2024-11-04 19:14:16,401 [WARN] ConditionMgr:438 - getConditionDescription Invalid condition id : UX DEVICE CLASS RTOS Condition cause : null
2024-11-04 19:14:16,402 [WARN] ConditionMgr:438 - getConditionDescription Invalid condition id : UX DEVICE CLASS RTOS Condition cause : null
2024-11-04 19:14:16,405 [WARN] PackLoader:240 - Cannot read IP mode file for STMicroelectronics.X-CUBE-AZRTOS-WB.2.0.0
2024-11-04 19:14:16,407 [WARN] ConditionMgr:1039 - genDependencies : Invalid condition id : UX DEVICE CLASS RTOS Condition cause : null
2024-11-04 19:14:16,407 [WARN] ConditionMgr:1039 - genDependencies : Invalid condition id : UX DEVICE CLASS RTOS Condition cause : null
2024-11-04 19:14:16,408 [WARN] ConditionMgr:1039 - genDependencies : Invalid condition id : UX DEVICE CLASS RTOS Condition cause : null
2024-11-04 19:14:16,408 [WARN] ConditionMgr:1039 - genDependencies : Invalid condition id : UX DEVICE CLASS RTOS Condition cause : null
2024-11-04 19:14:16,408 [WARN] ConditionMgr:1039 - genDependencies : Invalid condition id : UX DEVICE CLASS RTOS Condition cause : null
2024-11-04 19:14:16,437 [WARN] PackLoader:240 - Cannot read IP mode file for STMicroelectronics.X-CUBE-GNSS1.7.0.0
2024-11-04 19:14:16,463 [WARN] PackLoader:240 - Cannot read IP mode file for STMicroelectronics.FP-SNS-STBOX1.2.0.0
2024-11-04 19:14:16,498 [WARN] PackLoader:240 - Cannot read IP mode file for STMicroelectronics.X-CUBE-SUBG2.5.0.0
2024-11-04 19:14:16,527 [WARN] PackLoader:240 - Cannot read IP mode file for Cesanta.I-CUBE-Mongoose.7.13.0
2024-11-04 19:14:16,575 [WARN] PackLoader:240 - Cannot read IP mode file for STMicroelectronics.X-CUBE-AZRTOS-G4.2.0.0
2024-11-04 19:14:16,601 [WARN] PackLoader:240 - Cannot read IP mode file for STMicroelectronics.X-CUBE-ISPU.2.0.0
2024-11-04 19:14:16,623 [WARN] PackLoader:240 - Cannot read IP mode file for STMicroelectronics.X-CUBE-ALS.1.0.2
2024-11-04 19:14:16,736 [WARN] PackLoader:240 - Cannot read IP mode file for STMicroelectronics.X-CUBE-MEMS1.10.0.0
2024-11-04 19:14:16,982 [WARN] PackLoader:240 - Cannot read IP mode file for STMicroelectronics.X-CUBE-TOUCHGFX.4.24.1
2024-11-04 19:14:17,001 [WARN] PackLoader:240 - Cannot read IP mode file for wolfSSL.I-CUBE-wolfTPM.3.4.0
2024-11-04 19:14:17,025 [WARN] PackLoader:240 - Cannot read IP mode file for portGmbH.I-Cube-SoM-uGOAL.1.1.0
2024-11-04 19:14:17,075 [WARN] PackLoader:240 - Cannot read IP mode file for STMicroelectronics.X-CUBE-AZRTOS-H7RS.1.0.0
2024-11-04 19:14:17,095 [WARN] PackLoader:240 - Cannot read IP mode file for STMicroelectronics.FP-ATR-ASTRA1.2.0.0
2024-11-04 19:14:17,125 [WARN] PackLoader:240 - Cannot read IP mode file for STMicroelectronics.X-CUBE-TOF1.3.4.2
2024-11-04 19:14:17,176 [WARN] PackLoader:240 - Cannot read IP mode file for STMicroelectronics.X-CUBE-TOF1.3.4.1
2024-11-04 19:14:17,239 [WARN] PackLoader:240 - Cannot read IP mode file for STMicroelectronics.X-CUBE-AZRTOS-H7.3.2.0
2024-11-04 19:14:17,293 [WARN] PackLoader:240 - Cannot read IP mode file for Infineon.AIROC-Wi-Fi-Bluetooth-STM32.1.6.0
2024-11-04 19:14:17,319 [WARN] PackLoader:240 - Cannot read IP mode file for wolfSSL.I-CUBE-wolfSSH.1.4.17
2024-11-04 19:14:17,320 [INFO] ThirdParty:978 - Integrity check success = true
2024-11-04 19:14:17,320 [INFO] IntegrityCheckThread:100 - exiting critical section [integrity check]
2024-11-04 19:14:17,320 [INFO] IntegrityCheckThread:103 - End integrity checks thread
2024-11-04 19:14:24,108 [INFO] WebApp:161 - Instantiating new browser for Auth
2024-11-04 19:14:25,100 [INFO] WebApp:779 - Register for checkConnection events
2024-11-04 19:14:25,100 [INFO] WebApp:414 - Apply proxy settings
2024-11-04 19:14:25,100 [INFO] WebApp:499 - Chromium requires no authentication
2024-11-04 19:14:25,113 [INFO] WebApp:442 - Direct internet connection detected
2024-11-04 19:14:25,453 [INFO] WebApp:192 - Starting web application
2024-11-04 19:14:25,453 [INFO] WebApp:544 - Web application path used C:\Users\USER\Downloads\STM32CubeIDE_1.15.1\STM32CubeIDE\plugins\com.st.stm32cube.common.mx_6.11.1.202404110753\db\plugins\mcufinder\reactClient1\index.html
