2024-10-09 21:09:09,922 [INFO] Activator:176 - 


2024-10-09 21:09:09,930 [INFO] Activator:177 - !SESSION log4j initialized
2024-10-09 21:09:16,903 [INFO] LogOutputStream:77 - [STDOUT_REDIRECT] 
2024-10-09 21:09:19,518 [INFO] ApplicationProperties:184 - Using Application install path: C:\Users\USER\Downloads\STM32CubeIDE_1.15.1\STM32CubeIDE\plugins\com.st.stm32cube.common.mx_6.11.1.202404110753
2024-10-09 21:09:19,541 [INFO] DbMcusXml:78 - Set database path to: C:\Users\USER\Downloads\STM32CubeIDE_1.15.1\STM32CubeIDE\plugins\com.st.stm32cube.common.mx_6.11.1.202404110753\\db\/mcu/
2024-10-09 21:09:19,541 [INFO] ApiDb:274 - Set plugin database path to: C:\Users\USER\Downloads\STM32CubeIDE_1.15.1\STM32CubeIDE\plugins\com.st.stm32cube.common.mx_6.11.1.202404110753\\db\/plugins/boardmanager/
2024-10-09 21:09:19,542 [WARN] ApiDb:259 - Overriding images path with different value:  => C:\Users\USER\Downloads\STM32CubeIDE_1.15.1\STM32CubeIDE\plugins\com.st.stm32cube.common.mx_6.11.1.202404110753\\db\/plugins/mcufinder/images/
2024-10-09 21:09:19,555 [INFO] ApiDb:250 - Set database path to: C:\Users\USER\.stmcufinder\plugins\mcufinder//mcu/
2024-10-09 21:09:19,556 [INFO] DbMcusAds:125 - Set database path to: C:\Users\USER\.stmcufinder\plugins\mcufinder//mcu/
2024-10-09 21:09:19,557 [INFO] CrossReferenceDbSqlite:203 - Set database path to: C:\Users\USER\.stmcufinder\plugins\mcufinder//mcu/cs/
2024-10-09 21:09:19,709 [INFO] RulesReader:64 - Compatibility file has been processed (297 Rules)
2024-10-09 21:09:19,849 [INFO] DbMcusXml:78 - Set database path to: C:\Users\USER\Downloads\STM32CubeIDE_1.15.1\STM32CubeIDE\plugins\com.st.stm32cube.common.mx_6.11.1.202404110753\\db\/mcu/
2024-10-09 21:09:19,849 [INFO] ApiDb:274 - Set plugin database path to: C:\Users\USER\Downloads\STM32CubeIDE_1.15.1\STM32CubeIDE\plugins\com.st.stm32cube.common.mx_6.11.1.202404110753\\db\/plugins/boardmanager/
2024-10-09 21:09:19,849 [INFO] ApiDb:261 - Set plugin images path to: C:\Users\USER\Downloads\STM32CubeIDE_1.15.1\STM32CubeIDE\plugins\com.st.stm32cube.common.mx_6.11.1.202404110753\\db\/plugins/mcufinder/images/
2024-10-09 21:09:19,849 [WARN] DbFile:41 - Overriding database path with different value: C:\Users\USER\.stmcufinder\plugins\mcufinder/ => C:\Users\USER\.stmcufinder\plugins\mcufinder
2024-10-09 21:09:19,849 [INFO] ApiDb:250 - Set database path to: C:\Users\USER\.stmcufinder\plugins\mcufinder//mcu/
2024-10-09 21:09:19,850 [WARN] DbFile:41 - Overriding database path with different value: C:\Users\USER\.stmcufinder\plugins\mcufinder/ => C:\Users\USER\.stmcufinder\plugins\mcufinder
2024-10-09 21:09:19,850 [INFO] DbMcusAds:125 - Set database path to: C:\Users\USER\.stmcufinder\plugins\mcufinder//mcu/
2024-10-09 21:09:19,850 [WARN] DbFile:41 - Overriding database path with different value: C:\Users\USER\.stmcufinder\plugins\mcufinder/ => C:\Users\USER\.stmcufinder\plugins\mcufinder
2024-10-09 21:09:19,850 [WARN] DbFile:41 - Overriding database path with different value: C:\Users\USER\.stmcufinder\plugins\mcufinder/ => C:\Users\USER\.stmcufinder\plugins\mcufinder
2024-10-09 21:09:19,850 [INFO] CrossReferenceDbSqlite:203 - Set database path to: C:\Users\USER\.stmcufinder\plugins\mcufinder//mcu/cs/
2024-10-09 21:09:19,942 [INFO] MainPanel:264 - HeapMemory: 268435456
2024-10-09 21:09:20,093 [INFO] DbMcusXml:78 - Set database path to: C:\Users\USER\Downloads\STM32CubeIDE_1.15.1\STM32CubeIDE\plugins\com.st.stm32cube.common.mx_6.11.1.202404110753\\db\/mcu/
2024-10-09 21:09:20,093 [INFO] ApiDb:274 - Set plugin database path to: C:\Users\USER\Downloads\STM32CubeIDE_1.15.1\STM32CubeIDE\plugins\com.st.stm32cube.common.mx_6.11.1.202404110753\\db\/plugins/boardmanager/
2024-10-09 21:09:20,093 [INFO] ApiDb:261 - Set plugin images path to: C:\Users\USER\Downloads\STM32CubeIDE_1.15.1\STM32CubeIDE\plugins\com.st.stm32cube.common.mx_6.11.1.202404110753\\db\/plugins/mcufinder/images/
2024-10-09 21:09:20,093 [WARN] DbFile:41 - Overriding database path with different value: C:\Users\USER\.stmcufinder\plugins\mcufinder/ => C:\Users\USER\.stmcufinder\plugins\mcufinder
2024-10-09 21:09:20,094 [INFO] ApiDb:250 - Set database path to: C:\Users\USER\.stmcufinder\plugins\mcufinder//mcu/
2024-10-09 21:09:20,094 [WARN] DbFile:41 - Overriding database path with different value: C:\Users\USER\.stmcufinder\plugins\mcufinder/ => C:\Users\USER\.stmcufinder\plugins\mcufinder
2024-10-09 21:09:20,094 [INFO] DbMcusAds:125 - Set database path to: C:\Users\USER\.stmcufinder\plugins\mcufinder//mcu/
2024-10-09 21:09:20,094 [WARN] DbFile:41 - Overriding database path with different value: C:\Users\USER\.stmcufinder\plugins\mcufinder/ => C:\Users\USER\.stmcufinder\plugins\mcufinder
2024-10-09 21:09:20,094 [WARN] DbFile:41 - Overriding database path with different value: C:\Users\USER\.stmcufinder\plugins\mcufinder/ => C:\Users\USER\.stmcufinder\plugins\mcufinder
2024-10-09 21:09:20,094 [INFO] CrossReferenceDbSqlite:203 - Set database path to: C:\Users\USER\.stmcufinder\plugins\mcufinder//mcu/cs/
2024-10-09 21:09:20,118 [INFO] ApplicationProperties:184 - Using Application install path: C:\Users\USER\Downloads\STM32CubeIDE_1.15.1\STM32CubeIDE\plugins\com.st.stm32cube.common.mx_6.11.1.202404110753
2024-10-09 21:09:20,120 [INFO] PluginManage:196 - Search for loadable plugins [exclusion list=, ]
2024-10-09 21:09:20,122 [INFO] PluginManage:310 - Check plugin analytics
2024-10-09 21:09:20,416 [INFO] AnalyticsPlugin:253 - Accepted Software Licenses: 
2024-10-09 21:09:20,416 [INFO] AnalyticsPlugin:255 - Accepted CMSIS Pack Licenses: 
2024-10-09 21:09:20,416 [INFO] AnalyticsPlugin:257 - Accepted Firmware Licenses: 
2024-10-09 21:09:20,420 [INFO] PluginManage:359 - Loaded plugin analytics (category:tool,tabindex:-1)
2024-10-09 21:09:20,421 [INFO] PluginManage:310 - Check plugin cadmodel
2024-10-09 21:09:20,438 [INFO] CADModel:105 - Init CAD model plugin
2024-10-09 21:09:20,438 [INFO] PluginManage:359 - Loaded plugin cadmodel (category:power,tabindex:5)
2024-10-09 21:09:20,438 [INFO] PluginManage:310 - Check plugin clock
2024-10-09 21:09:20,460 [INFO] PluginManage:359 - Loaded plugin clock (category:base,tabindex:2)
2024-10-09 21:09:20,460 [INFO] PluginManage:310 - Check plugin ddr
2024-10-09 21:09:20,464 [INFO] PluginManage:359 - Loaded plugin ddr (category:tool,tabindex:6)
2024-10-09 21:09:20,464 [INFO] PluginManage:310 - Check plugin filemanager
2024-10-09 21:09:20,651 [INFO] PluginManage:359 - Loaded plugin filemanager (category:base,tabindex:10)
2024-10-09 21:09:20,651 [INFO] PluginManage:310 - Check plugin ipmanager
2024-10-09 21:09:20,662 [INFO] PluginManage:359 - Loaded plugin ipmanager (category:base,tabindex:5)
2024-10-09 21:09:20,662 [INFO] PluginManage:310 - Check plugin lpbam
2024-10-09 21:09:20,686 [INFO] PluginManage:359 - Loaded plugin lpbam (category:base,tabindex:0)
2024-10-09 21:09:20,687 [INFO] PluginManage:310 - Check plugin memorymap
2024-10-09 21:09:20,716 [INFO] PluginManage:359 - Loaded plugin memorymap (category:base,tabindex:4)
2024-10-09 21:09:20,717 [INFO] PluginManage:310 - Check plugin pinoutandconfiguration
2024-10-09 21:09:20,738 [INFO] PluginManage:359 - Loaded plugin pinoutandconfiguration (category:base,tabindex:1)
2024-10-09 21:09:20,738 [INFO] PluginManage:310 - Check plugin pinoutconfig
2024-10-09 21:09:20,901 [WARN] SupportedApi:132 - Cannot load RTOS API schema: s4s-elt-must-match.1: The content of 'definitions' must match (annotation?, (simpleType | complexType)?, (unique | key | keyref)*)). A problem was found starting at: attribute.
2024-10-09 21:09:21,092 [INFO] PluginManage:359 - Loaded plugin pinoutconfig (category:base,tabindex:0)
2024-10-09 21:09:21,093 [INFO] PluginManage:310 - Check plugin power
2024-10-09 21:09:21,121 [INFO] PluginManage:359 - Loaded plugin power (category:power,tabindex:4)
2024-10-09 21:09:21,121 [INFO] PluginManage:310 - Check plugin projectmanager
2024-10-09 21:09:21,144 [INFO] PluginManage:359 - Loaded plugin projectmanager (category:projectmanager,tabindex:3)
2024-10-09 21:09:21,144 [INFO] PluginManage:310 - Check plugin thirdparty
2024-10-09 21:09:21,522 [INFO] PluginManage:359 - Loaded plugin thirdparty (category:base,tabindex:-1)
2024-10-09 21:09:21,522 [WARN] IntegrityCheckThread:84 - waiting for thirdparty lock release [integrity check]
2024-10-09 21:09:21,522 [INFO] IntegrityCheckThread:86 - entering critical section [integrity check]
2024-10-09 21:09:21,522 [INFO] PluginManage:310 - Check plugin tools
2024-10-09 21:09:21,522 [INFO] ThirdPartyUpdaterWithRetryManager:70 - Updater plugin not ready yet. [1/15]
2024-10-09 21:09:21,568 [INFO] PluginManage:359 - Loaded plugin tools (category:base,tabindex:7)
2024-10-09 21:09:21,568 [INFO] PluginManage:310 - Check plugin tutovideos
2024-10-09 21:09:21,867 [INFO] PluginManage:359 - Loaded plugin tutovideos (category:base,tabindex:-1)
2024-10-09 21:09:21,867 [INFO] PluginManage:310 - Check plugin updater
2024-10-09 21:09:21,911 [INFO] PluginManage:359 - Loaded plugin updater (category:base,tabindex:12)
2024-10-09 21:09:21,911 [INFO] PluginManage:310 - Check plugin userauth
2024-10-09 21:09:21,918 [INFO] UserAuth:114 - Init User Auth plugin
2024-10-09 21:09:21,918 [INFO] PluginManage:359 - Loaded plugin userauth (category:base,tabindex:14)
2024-10-09 21:09:21,919 [INFO] PluginManage:283 - PluginManage : Loaded plugins [17]
2024-10-09 21:09:22,221 [INFO] PinOutPanel:1561 - setPackage(No Configuration,No Configuration)
2024-10-09 21:09:22,313 [INFO] CADModel:165 - CPN selected for project level
2024-10-09 21:09:22,313 [INFO] CADModel:114 - Register for checkConnection events
2024-10-09 21:09:22,339 [INFO] IPUIPlugin:80 - create IPUIPlugin
2024-10-09 21:09:22,339 [INFO] PluginManager:220 - loadIPPluginJar : add adc
2024-10-09 21:09:22,375 [INFO] IPUIPlugin:80 - create IPUIPlugin
2024-10-09 21:09:22,376 [INFO] PluginManager:220 - loadIPPluginJar : add aes
2024-10-09 21:09:22,416 [INFO] IPUIPlugin:80 - create IPUIPlugin
2024-10-09 21:09:22,416 [INFO] PluginManager:220 - loadIPPluginJar : add can
2024-10-09 21:09:22,441 [INFO] IPUIPlugin:80 - create IPUIPlugin
2024-10-09 21:09:22,441 [INFO] PluginManager:220 - loadIPPluginJar : add comp
2024-10-09 21:09:22,480 [INFO] IPUIPlugin:80 - create IPUIPlugin
2024-10-09 21:09:22,480 [INFO] PluginManager:220 - loadIPPluginJar : add cryp
2024-10-09 21:09:22,529 [INFO] IPUIPlugin:80 - create IPUIPlugin
2024-10-09 21:09:22,530 [INFO] PluginManager:220 - loadIPPluginJar : add dfsdm
2024-10-09 21:09:22,551 [INFO] IPUIPlugin:80 - create IPUIPlugin
2024-10-09 21:09:22,551 [INFO] PluginManager:220 - loadIPPluginJar : add dma
2024-10-09 21:09:22,626 [INFO] IPUIPlugin:80 - create IPUIPlugin
2024-10-09 21:09:22,626 [INFO] PluginManager:220 - loadIPPluginJar : add dma3
2024-10-09 21:09:22,687 [INFO] IPUIPlugin:80 - create IPUIPlugin
2024-10-09 21:09:22,687 [INFO] PluginManager:220 - loadIPPluginJar : add extmemmanager
2024-10-09 21:09:22,716 [INFO] IPUIPlugin:80 - create IPUIPlugin
2024-10-09 21:09:22,716 [INFO] PluginManager:220 - loadIPPluginJar : add fatfs
2024-10-09 21:09:22,776 [INFO] IPUIPlugin:80 - create IPUIPlugin
2024-10-09 21:09:22,776 [INFO] PluginManager:220 - loadIPPluginJar : add fmc
2024-10-09 21:09:22,794 [INFO] IPUIPlugin:80 - create IPUIPlugin
2024-10-09 21:09:22,794 [INFO] PluginManager:220 - loadIPPluginJar : add freertos
2024-10-09 21:09:22,822 [INFO] IPUIPlugin:80 - create IPUIPlugin
2024-10-09 21:09:22,822 [INFO] PluginManager:220 - loadIPPluginJar : add genericplugin
2024-10-09 21:09:22,971 [INFO] IPUIPlugin:80 - create IPUIPlugin
2024-10-09 21:09:22,971 [INFO] PluginManager:220 - loadIPPluginJar : add gfxmmu
2024-10-09 21:09:23,145 [INFO] IPUIPlugin:80 - create IPUIPlugin
2024-10-09 21:09:23,145 [INFO] PluginManager:220 - loadIPPluginJar : add gic
2024-10-09 21:09:23,165 [INFO] IPUIPlugin:80 - create IPUIPlugin
2024-10-09 21:09:23,165 [INFO] PluginManager:220 - loadIPPluginJar : add gpio
2024-10-09 21:09:23,284 [INFO] IPUIPlugin:80 - create IPUIPlugin
2024-10-09 21:09:23,285 [INFO] PluginManager:220 - loadIPPluginJar : add gtzc
2024-10-09 21:09:23,325 [INFO] IPUIPlugin:80 - create IPUIPlugin
2024-10-09 21:09:23,325 [INFO] PluginManager:220 - loadIPPluginJar : add hash
2024-10-09 21:09:23,389 [INFO] IPUIPlugin:80 - create IPUIPlugin
2024-10-09 21:09:23,389 [INFO] PluginManager:220 - loadIPPluginJar : add i2c
2024-10-09 21:09:23,447 [INFO] IPUIPlugin:80 - create IPUIPlugin
2024-10-09 21:09:23,447 [INFO] PluginManager:220 - loadIPPluginJar : add i2s
2024-10-09 21:09:23,512 [INFO] IPUIPlugin:80 - create IPUIPlugin
2024-10-09 21:09:23,512 [INFO] PluginManager:220 - loadIPPluginJar : add i3c
2024-10-09 21:09:23,641 [INFO] IPUIPlugin:80 - create IPUIPlugin
2024-10-09 21:09:23,641 [INFO] PluginManager:220 - loadIPPluginJar : add ipddr
2024-10-09 21:09:23,761 [INFO] IPUIPlugin:80 - create IPUIPlugin
2024-10-09 21:09:23,761 [INFO] PluginManager:220 - loadIPPluginJar : add linkedlist
2024-10-09 21:09:23,808 [INFO] IPUIPlugin:80 - create IPUIPlugin
2024-10-09 21:09:23,808 [INFO] PluginManager:220 - loadIPPluginJar : add lorawan
2024-10-09 21:09:23,875 [INFO] IPUIPlugin:80 - create IPUIPlugin
2024-10-09 21:09:23,875 [INFO] PluginManager:220 - loadIPPluginJar : add ltdc
2024-10-09 21:09:23,896 [INFO] IPUIPlugin:80 - create IPUIPlugin
2024-10-09 21:09:23,897 [INFO] PluginManager:220 - loadIPPluginJar : add mdma
2024-10-09 21:09:23,909 [INFO] IPUIPlugin:80 - create IPUIPlugin
2024-10-09 21:09:23,909 [INFO] PluginManager:220 - loadIPPluginJar : add nvic
2024-10-09 21:09:23,953 [INFO] IPUIPlugin:80 - create IPUIPlugin
2024-10-09 21:09:23,953 [INFO] PluginManager:220 - loadIPPluginJar : add opamp
2024-10-09 21:09:24,041 [INFO] IPUIPlugin:80 - create IPUIPlugin
2024-10-09 21:09:24,042 [INFO] PluginManager:220 - loadIPPluginJar : add openamp
2024-10-09 21:09:24,095 [INFO] IPUIPlugin:80 - create IPUIPlugin
2024-10-09 21:09:24,096 [INFO] PluginManager:220 - loadIPPluginJar : add pdm2pcm
2024-10-09 21:09:24,112 [INFO] IPUIPlugin:80 - create IPUIPlugin
2024-10-09 21:09:24,114 [INFO] PluginManager:220 - loadIPPluginJar : add plateformsettings
2024-10-09 21:09:24,138 [INFO] IPUIPlugin:80 - create IPUIPlugin
2024-10-09 21:09:24,138 [INFO] PluginManager:220 - loadIPPluginJar : add quadspi
2024-10-09 21:09:24,150 [INFO] IPUIPlugin:80 - create IPUIPlugin
2024-10-09 21:09:24,150 [INFO] PluginManager:220 - loadIPPluginJar : add resmgrutility
2024-10-09 21:09:24,200 [INFO] IPUIPlugin:80 - create IPUIPlugin
2024-10-09 21:09:24,200 [INFO] PluginManager:220 - loadIPPluginJar : add sai
2024-10-09 21:09:24,241 [INFO] IPUIPlugin:80 - create IPUIPlugin
2024-10-09 21:09:24,241 [INFO] PluginManager:220 - loadIPPluginJar : add spi
2024-10-09 21:09:24,315 [INFO] IPUIPlugin:80 - create IPUIPlugin
2024-10-09 21:09:24,315 [INFO] PluginManager:220 - loadIPPluginJar : add stm32_wpan
2024-10-09 21:09:24,342 [INFO] IPUIPlugin:80 - create IPUIPlugin
2024-10-09 21:09:24,342 [INFO] PluginManager:220 - loadIPPluginJar : add tim
2024-10-09 21:09:24,405 [INFO] IPUIPlugin:80 - create IPUIPlugin
2024-10-09 21:09:24,405 [INFO] PluginManager:220 - loadIPPluginJar : add touchsensing
2024-10-09 21:09:24,426 [INFO] IPUIPlugin:80 - create IPUIPlugin
2024-10-09 21:09:24,427 [INFO] PluginManager:220 - loadIPPluginJar : add tracer_emb
2024-10-09 21:09:24,449 [INFO] IPUIPlugin:80 - create IPUIPlugin
2024-10-09 21:09:24,449 [INFO] PluginManager:220 - loadIPPluginJar : add ts
2024-10-09 21:09:24,470 [INFO] IPUIPlugin:80 - create IPUIPlugin
2024-10-09 21:09:24,470 [INFO] PluginManager:220 - loadIPPluginJar : add tsc
2024-10-09 21:09:24,491 [INFO] IPUIPlugin:80 - create IPUIPlugin
2024-10-09 21:09:24,492 [INFO] PluginManager:220 - loadIPPluginJar : add ucpd
2024-10-09 21:09:24,526 [INFO] ThirdPartyUpdaterWithRetryManager:70 - Updater plugin not ready yet. [2/15]
2024-10-09 21:09:24,537 [INFO] IPUIPlugin:80 - create IPUIPlugin
2024-10-09 21:09:24,537 [INFO] PluginManager:220 - loadIPPluginJar : add usart
2024-10-09 21:09:24,585 [INFO] IPUIPlugin:80 - create IPUIPlugin
2024-10-09 21:09:24,585 [INFO] PluginManager:220 - loadIPPluginJar : add usbx
2024-10-09 21:09:24,772 [INFO] CADModel:165 - CPN selected for project level
2024-10-09 21:09:24,772 [INFO] CADModel:114 - Register for checkConnection events
2024-10-09 21:09:24,772 [FATAL] Updater:308 - Updater called before beeing initialized
2024-10-09 21:09:24,772 [ERROR] CADModel:125 - Updater not yet initialized, retry later 
2024-10-09 21:09:24,965 [INFO] CADModel:165 - CPN selected for project level
2024-10-09 21:09:24,965 [INFO] CADModel:114 - Register for checkConnection events
2024-10-09 21:09:24,965 [FATAL] Updater:308 - Updater called before beeing initialized
2024-10-09 21:09:24,966 [ERROR] CADModel:125 - Updater not yet initialized, retry later 
2024-10-09 21:09:24,969 [FATAL] Updater:308 - Updater called before beeing initialized
2024-10-09 21:09:25,137 [FATAL] Updater:308 - Updater called before beeing initialized
2024-10-09 21:09:25,148 [INFO] DbMcusAds:53 - JSON generation date=Fri Sep 20 06:04:23 PDT 2024 (1726837463113)
2024-10-09 21:09:25,148 [FATAL] Updater:308 - Updater called before beeing initialized
2024-10-09 21:09:25,237 [WARN] DetailPanel:346 - Failed to get advertising image, set to default
2024-10-09 21:09:25,348 [FATAL] Updater:308 - Updater called before beeing initialized
2024-10-09 21:09:25,352 [FATAL] Updater:308 - Updater called before beeing initialized
2024-10-09 21:09:25,352 [FATAL] Updater:308 - Updater called before beeing initialized
2024-10-09 21:09:25,352 [WARN] DetailPanel:346 - Failed to get advertising image, set to default
2024-10-09 21:09:25,353 [FATAL] Updater:308 - Updater called before beeing initialized
2024-10-09 21:09:25,449 [ERROR] Updater:1120 - MainUpdater not yet initialized. External WinMGr cannot be set.
2024-10-09 21:09:25,462 [INFO] Updater:1056 - Updater Version found : 6.11.1
2024-10-09 21:09:25,483 [INFO] ApplicationProperties:184 - Using Application install path: C:\Users\USER\Downloads\STM32CubeIDE_1.15.1\STM32CubeIDE\plugins\com.st.stm32cube.common.mx_6.11.1.202404110753
2024-10-09 21:09:27,096 [ERROR] LogOutputStream:75 - [STDERR_REDIRECT] Oct 09, 2024 9:09:27 PM java.util.prefs.WindowsPreferences <init>
2024-10-09 21:09:27,098 [ERROR] LogOutputStream:75 - [STDERR_REDIRECT] WARNING: Could not open/create prefs root node Software\JavaSoft\Prefs at root 0xffffffff80000002. Windows RegCreateKeyEx(...) returned error code 5.
2024-10-09 21:09:27,098 [ERROR] LogOutputStream:75 - [STDERR_REDIRECT] 
2024-10-09 21:09:27,541 [INFO] ThirdPartyUpdaterWithRetryManager:70 - Updater plugin not ready yet. [3/15]
2024-10-09 21:09:27,855 [INFO] MainUpdater:2873 - connection check result : 10
2024-10-09 21:09:27,856 [INFO] MainUpdater:290 - Updater Check For Update Now.
2024-10-09 21:09:27,856 [INFO] MicroXplorer:498 - Change Database Version : DB.6.0.111
2024-10-09 21:09:27,882 [INFO] McuFinderGlobals:63 - Set McuFinder mode to 2 (CubeIDE integrated)
2024-10-09 21:09:27,909 [INFO] UserAuth:415 - Internet connection configuration mode: 1
2024-10-09 21:09:27,945 [INFO] JxBrowserEngine:152 - Initiate JxBrowser Engine with user profile folder
2024-10-09 21:09:28,188 [INFO] CheckServerUpdateThread:120 - End of CheckServer Thread
2024-10-09 21:09:30,897 [WARN] PackLoader:240 - Cannot read IP mode file for STMicroelectronics.FP-SNS-MOTENVWB1.1.4.0
2024-10-09 21:09:30,920 [WARN] PackLoader:240 - Cannot read IP mode file for STMicroelectronics.X-CUBE-SMBUS.2.1.0
2024-10-09 21:09:30,943 [WARN] PackLoader:240 - Cannot read IP mode file for STMicroelectronics.X-CUBE-WB05N.1.1.0
2024-10-09 21:09:30,959 [WARN] PackLoader:240 - Cannot read IP mode file for STMicroelectronics.X-CUBE-TOUCHGFX.4.23.2
2024-10-09 21:09:31,015 [WARN] PackLoader:240 - Cannot read IP mode file for STMicroelectronics.X-CUBE-AZRTOS-F7.1.1.0
2024-10-09 21:09:31,189 [WARN] PackLoader:240 - Cannot read IP mode file for STMicroelectronics.X-CUBE-MEMS1.11.0.0
2024-10-09 21:09:31,415 [WARN] PackLoader:240 - Cannot read IP mode file for STMicroelectronics.FP-SNS-FLIGHT1.5.0.2
2024-10-09 21:09:31,438 [WARN] PackLoader:240 - Cannot read IP mode file for STMicroelectronics.X-CUBE-DISPLAY.3.0.0
2024-10-09 21:09:31,458 [WARN] PackLoader:240 - Cannot read IP mode file for STMicroelectronics.X-CUBE-BLE1.7.0.0
2024-10-09 21:09:31,481 [WARN] PackLoader:240 - Cannot read IP mode file for STMicroelectronics.X-CUBE-NFC10.1.0.0
2024-10-09 21:09:31,505 [WARN] PackLoader:240 - Cannot read IP mode file for emotas.I-CUBE-CANOPEN.1.3.0
2024-10-09 21:09:31,534 [WARN] PackLoader:240 - Cannot read IP mode file for STMicroelectronics.X-CUBE-BLEMGR.3.1.0
2024-10-09 21:09:31,569 [WARN] PackLoader:240 - Cannot read IP mode file for STMicroelectronics.FP-SNS-SMARTAG2.1.2.0
2024-10-09 21:09:31,630 [INFO] LogOutputStream:77 - [STDOUT_REDIRECT] 1 : Invalid condition id : UX_CORESTACK_Condition cause : null
2024-10-09 21:09:31,631 [INFO] LogOutputStream:77 - [STDOUT_REDIRECT] 1 : Invalid condition id : UX_CORESTACK_Condition cause : null
2024-10-09 21:09:31,634 [INFO] LogOutputStream:77 - [STDOUT_REDIRECT] 1 : Invalid condition id : UX_CORESTACK_Condition cause : null
2024-10-09 21:09:31,636 [INFO] LogOutputStream:77 - [STDOUT_REDIRECT] 1 : Invalid condition id : UX_CORESTACK_Condition cause : null
2024-10-09 21:09:31,638 [INFO] LogOutputStream:77 - [STDOUT_REDIRECT] 1 : Invalid condition id : UX_CORESTACK_Condition cause : null
2024-10-09 21:09:31,642 [WARN] PackLoader:240 - Cannot read IP mode file for STMicroelectronics.X-CUBE-AZRTOS-WL.2.0.0
2024-10-09 21:09:31,663 [WARN] PackLoader:240 - Cannot read IP mode file for STMicroelectronics.FP-SNS-MOTENV1.5.0.0
2024-10-09 21:09:31,686 [WARN] PackLoader:240 - Cannot read IP mode file for wolfSSL.I-CUBE-wolfMQTT.1.19.0
2024-10-09 21:09:31,730 [WARN] PackLoader:240 - Cannot read IP mode file for WES.I-CUBE-Cesium.1.3.0
2024-10-09 21:09:31,752 [WARN] PackLoader:240 - Cannot read IP mode file for STMicroelectronics.X-CUBE-BLE2.3.3.0
2024-10-09 21:09:31,798 [WARN] PackLoader:240 - Cannot read IP mode file for STMicroelectronics.X-CUBE-NFC9.1.0.0
2024-10-09 21:09:31,820 [WARN] PackLoader:240 - Cannot read IP mode file for STMicroelectronics.X-CUBE-TCPP.4.1.0
2024-10-09 21:09:31,859 [WARN] PackLoader:240 - Cannot read IP mode file for STMicroelectronics.X-CUBE-AZRTOS-G0.1.1.0
2024-10-09 21:09:31,883 [WARN] PackLoader:240 - Cannot read IP mode file for STMicroelectronics.X-CUBE-SAFEA1.1.2.2
2024-10-09 21:09:31,900 [WARN] PackLoader:240 - Cannot read IP mode file for STMicroelectronics.X-CUBE-NFC4.3.0.0
2024-10-09 21:09:31,925 [WARN] PackLoader:240 - Cannot read IP mode file for EmbeddedOffice.I-CUBE-FS-RTOS.1.0.1
2024-10-09 21:09:31,926 [ERROR] ConditionMgr:805 - Attr not supported : Dmpu
2024-10-09 21:09:31,926 [ERROR] ConditionMgr:805 - Attr not supported : Dmpu
2024-10-09 21:09:31,926 [ERROR] ConditionMgr:805 - Attr not supported : Dmpu
2024-10-09 21:09:31,926 [ERROR] ConditionMgr:805 - Attr not supported : Dmpu
2024-10-09 21:09:31,926 [ERROR] ConditionMgr:805 - Attr not supported : Dmpu
2024-10-09 21:09:31,927 [ERROR] ConditionMgr:805 - Attr not supported : Dmpu
2024-10-09 21:09:31,927 [ERROR] ConditionMgr:805 - Attr not supported : Dmpu
2024-10-09 21:09:31,927 [ERROR] ConditionMgr:805 - Attr not supported : Dmpu
2024-10-09 21:09:31,927 [ERROR] ConditionMgr:805 - Attr not supported : Dmpu
2024-10-09 21:09:31,927 [ERROR] ConditionMgr:805 - Attr not supported : Dmpu
2024-10-09 21:09:31,927 [ERROR] ConditionMgr:805 - Attr not supported : Dmpu
2024-10-09 21:09:31,927 [ERROR] ConditionMgr:805 - Attr not supported : Dmpu
2024-10-09 21:09:31,927 [ERROR] ConditionMgr:805 - Attr not supported : Dmpu
2024-10-09 21:09:31,928 [ERROR] ConditionMgr:805 - Attr not supported : Dmpu
2024-10-09 21:09:31,928 [ERROR] ConditionMgr:805 - Attr not supported : Dmpu
2024-10-09 21:09:31,928 [ERROR] ConditionMgr:805 - Attr not supported : Dmpu
2024-10-09 21:09:31,928 [ERROR] ConditionMgr:805 - Attr not supported : Dmpu
2024-10-09 21:09:31,928 [ERROR] ConditionMgr:805 - Attr not supported : Dmpu
2024-10-09 21:09:31,928 [ERROR] ConditionMgr:805 - Attr not supported : Dmpu
2024-10-09 21:09:31,928 [ERROR] ConditionMgr:805 - Attr not supported : Dmpu
2024-10-09 21:09:31,928 [ERROR] ConditionMgr:805 - Attr not supported : Dmpu
2024-10-09 21:09:31,929 [ERROR] ConditionMgr:805 - Attr not supported : Dmpu
2024-10-09 21:09:31,929 [ERROR] ConditionMgr:805 - Attr not supported : Dmpu
2024-10-09 21:09:31,929 [ERROR] ConditionMgr:805 - Attr not supported : Dmpu
2024-10-09 21:09:31,929 [ERROR] ConditionMgr:805 - Attr not supported : Dmpu
2024-10-09 21:09:31,929 [ERROR] ConditionMgr:805 - Attr not supported : Dmpu
2024-10-09 21:09:31,929 [ERROR] ConditionMgr:805 - Attr not supported : Dmpu
2024-10-09 21:09:31,929 [ERROR] ConditionMgr:805 - Attr not supported : Dmpu
2024-10-09 21:09:31,929 [ERROR] ConditionMgr:805 - Attr not supported : Dmpu
2024-10-09 21:09:31,929 [ERROR] ConditionMgr:805 - Attr not supported : Dmpu
2024-10-09 21:09:31,929 [ERROR] ConditionMgr:805 - Attr not supported : Dmpu
2024-10-09 21:09:31,930 [ERROR] ConditionMgr:805 - Attr not supported : Dmpu
2024-10-09 21:09:31,930 [ERROR] ConditionMgr:805 - Attr not supported : Dmpu
2024-10-09 21:09:31,930 [ERROR] ConditionMgr:805 - Attr not supported : Dmpu
2024-10-09 21:09:31,930 [ERROR] ConditionMgr:805 - Attr not supported : Dmpu
2024-10-09 21:09:31,930 [ERROR] ConditionMgr:805 - Attr not supported : Dmpu
2024-10-09 21:09:31,930 [ERROR] ConditionMgr:805 - Attr not supported : Dmpu
2024-10-09 21:09:31,930 [ERROR] ConditionMgr:805 - Attr not supported : Dmpu
2024-10-09 21:09:31,930 [ERROR] ConditionMgr:805 - Attr not supported : Dmpu
2024-10-09 21:09:31,931 [ERROR] ConditionMgr:805 - Attr not supported : Dmpu
2024-10-09 21:09:31,931 [ERROR] ConditionMgr:805 - Attr not supported : Dmpu
2024-10-09 21:09:31,931 [ERROR] ConditionMgr:805 - Attr not supported : Dmpu
2024-10-09 21:09:31,931 [ERROR] ConditionMgr:805 - Attr not supported : Dmpu
2024-10-09 21:09:31,931 [ERROR] ConditionMgr:805 - Attr not supported : Dmpu
2024-10-09 21:09:31,931 [ERROR] ConditionMgr:805 - Attr not supported : Dmpu
2024-10-09 21:09:31,931 [ERROR] ConditionMgr:805 - Attr not supported : Dmpu
2024-10-09 21:09:31,931 [ERROR] ConditionMgr:805 - Attr not supported : Dmpu
2024-10-09 21:09:31,931 [ERROR] ConditionMgr:805 - Attr not supported : Dmpu
2024-10-09 21:09:31,931 [ERROR] ConditionMgr:805 - Attr not supported : Dmpu
2024-10-09 21:09:31,932 [ERROR] ConditionMgr:805 - Attr not supported : Dmpu
2024-10-09 21:09:31,932 [ERROR] ConditionMgr:805 - Attr not supported : Dmpu
2024-10-09 21:09:31,932 [ERROR] ConditionMgr:805 - Attr not supported : Dmpu
2024-10-09 21:09:31,932 [ERROR] ConditionMgr:805 - Attr not supported : Dmpu
2024-10-09 21:09:31,932 [ERROR] ConditionMgr:805 - Attr not supported : Dmpu
2024-10-09 21:09:31,932 [ERROR] ConditionMgr:805 - Attr not supported : Dmpu
2024-10-09 21:09:31,932 [ERROR] ConditionMgr:805 - Attr not supported : Dmpu
2024-10-09 21:09:31,932 [ERROR] ConditionMgr:805 - Attr not supported : Dmpu
2024-10-09 21:09:31,932 [ERROR] ConditionMgr:805 - Attr not supported : Dmpu
2024-10-09 21:09:31,932 [ERROR] ConditionMgr:805 - Attr not supported : Dmpu
2024-10-09 21:09:31,933 [ERROR] ConditionMgr:805 - Attr not supported : Dmpu
2024-10-09 21:09:31,933 [ERROR] ConditionMgr:805 - Attr not supported : Dmpu
2024-10-09 21:09:31,933 [ERROR] ConditionMgr:805 - Attr not supported : Dmpu
2024-10-09 21:09:31,933 [ERROR] ConditionMgr:805 - Attr not supported : Dmpu
2024-10-09 21:09:31,933 [ERROR] ConditionMgr:805 - Attr not supported : Dmpu
2024-10-09 21:09:31,949 [WARN] PackLoader:240 - Cannot read IP mode file for RealThread.X-CUBE-RT-Thread_Nano.4.1.1
2024-10-09 21:09:31,963 [WARN] PackLoader:240 - Cannot read IP mode file for wolfSSL.I-CUBE-wolfSSL.5.7.0
2024-10-09 21:09:31,980 [WARN] PackLoader:240 - Cannot read IP mode file for STMicroelectronics.FP-ATR-SIGFOX1.3.2.0
2024-10-09 21:09:31,999 [WARN] PackLoader:240 - Cannot read IP mode file for STMicroelectronics.X-CUBE-EEPRMA1.5.1.0
2024-10-09 21:09:32,018 [WARN] PackLoader:240 - Cannot read IP mode file for ITTIA_DB.I-CUBE-ITTIADB.8.9.0
2024-10-09 21:09:32,072 [WARN] PackLoader:240 - Cannot read IP mode file for SEGGER.I-CUBE-embOS.1.3.1
2024-10-09 21:09:32,147 [WARN] PackLoader:240 - Cannot read IP mode file for STMicroelectronics.X-CUBE-ALGOBUILD.1.4.0
2024-10-09 21:09:32,162 [WARN] PackLoader:240 - Cannot read IP mode file for STMicroelectronics.X-CUBE-AI.9.1.0
2024-10-09 21:09:32,177 [WARN] PackLoader:240 - Cannot read IP mode file for STMicroelectronics.X-CUBE-GNSS1.6.0.0
2024-10-09 21:09:32,210 [WARN] PackLoader:240 - Cannot read IP mode file for STMicroelectronics.X-CUBE-AZRTOS-F4.1.1.0
2024-10-09 21:09:32,229 [WARN] PackLoader:240 - Cannot read IP mode file for STMicroelectronics.X-CUBE-ISPU.2.1.0
2024-10-09 21:09:32,246 [WARN] PackLoader:240 - Cannot read IP mode file for STMicroelectronics.X-CUBE-FREERTOS.1.2.0
2024-10-09 21:09:32,286 [WARN] PackLoader:240 - Cannot read IP mode file for STMicroelectronics.X-CUBE-AZRTOS-L5.2.0.0
2024-10-09 21:09:32,313 [WARN] PackLoader:240 - Cannot read IP mode file for STMicroelectronics.X-CUBE-NFC6.3.1.0
2024-10-09 21:09:32,333 [WARN] PackLoader:240 - Cannot read IP mode file for STMicroelectronics.X-CUBE-DPower.1.2.0
2024-10-09 21:09:32,351 [WARN] PackLoader:240 - Cannot read IP mode file for STMicroelectronics.X-CUBE-AI.9.0.0
2024-10-09 21:09:32,369 [WARN] PackLoader:240 - Cannot read IP mode file for STMicroelectronics.X-CUBE-NFC7.1.0.1
2024-10-09 21:09:32,411 [WARN] ConditionMgr:438 - getConditionDescription Invalid condition id : LAN8742 Phy interface Condition cause : null
2024-10-09 21:09:32,412 [WARN] PackLoader:240 - Cannot read IP mode file for STMicroelectronics.X-CUBE-AZRTOS-L4.2.0.0
2024-10-09 21:09:32,414 [WARN] ConditionMgr:1039 - genDependencies : Invalid condition id : LAN8742 Phy interface Condition cause : null
2024-10-09 21:09:32,414 [WARN] ConditionMgr:1039 - genDependencies : Invalid condition id : LAN8742 Phy interface Condition cause : null
2024-10-09 21:09:32,415 [WARN] ConditionMgr:1039 - genDependencies : Invalid condition id : LAN8742 Phy interface Condition cause : null
2024-10-09 21:09:32,434 [WARN] PackLoader:240 - Cannot read IP mode file for STMicroelectronics.X-CUBE-SFXS2LP1.4.0.0
2024-10-09 21:09:32,471 [WARN] PackLoader:240 - Cannot read IP mode file for STMicroelectronics.X-CUBE-AZRTOS-H7.3.3.0
2024-10-09 21:09:32,500 [WARN] PackLoader:240 - Cannot read IP mode file for STMicroelectronics.X-CUBE-IPS.3.0.0
2024-10-09 21:09:32,534 [WARN] ConditionMgr:438 - getConditionDescription Invalid condition id : UX DEVICE CLASS RTOS Condition cause : null
2024-10-09 21:09:32,534 [WARN] ConditionMgr:438 - getConditionDescription Invalid condition id : UX DEVICE CLASS RTOS Condition cause : null
2024-10-09 21:09:32,536 [WARN] PackLoader:240 - Cannot read IP mode file for STMicroelectronics.X-CUBE-AZRTOS-WB.2.0.0
2024-10-09 21:09:32,537 [WARN] ConditionMgr:1039 - genDependencies : Invalid condition id : UX DEVICE CLASS RTOS Condition cause : null
2024-10-09 21:09:32,537 [WARN] ConditionMgr:1039 - genDependencies : Invalid condition id : UX DEVICE CLASS RTOS Condition cause : null
2024-10-09 21:09:32,538 [WARN] ConditionMgr:1039 - genDependencies : Invalid condition id : UX DEVICE CLASS RTOS Condition cause : null
2024-10-09 21:09:32,538 [WARN] ConditionMgr:1039 - genDependencies : Invalid condition id : UX DEVICE CLASS RTOS Condition cause : null
2024-10-09 21:09:32,539 [WARN] ConditionMgr:1039 - genDependencies : Invalid condition id : UX DEVICE CLASS RTOS Condition cause : null
2024-10-09 21:09:32,556 [WARN] PackLoader:240 - Cannot read IP mode file for STMicroelectronics.X-CUBE-GNSS1.7.0.0
2024-10-09 21:09:32,574 [WARN] PackLoader:240 - Cannot read IP mode file for STMicroelectronics.FP-SNS-STBOX1.2.0.0
2024-10-09 21:09:32,602 [WARN] PackLoader:240 - Cannot read IP mode file for STMicroelectronics.X-CUBE-SUBG2.5.0.0
2024-10-09 21:09:32,627 [WARN] PackLoader:240 - Cannot read IP mode file for Cesanta.I-CUBE-Mongoose.7.13.0
2024-10-09 21:09:32,670 [WARN] PackLoader:240 - Cannot read IP mode file for STMicroelectronics.X-CUBE-AZRTOS-G4.2.0.0
2024-10-09 21:09:32,692 [WARN] PackLoader:240 - Cannot read IP mode file for STMicroelectronics.X-CUBE-ISPU.2.0.0
2024-10-09 21:09:32,713 [WARN] PackLoader:240 - Cannot read IP mode file for STMicroelectronics.X-CUBE-ALS.1.0.2
2024-10-09 21:09:32,818 [WARN] PackLoader:240 - Cannot read IP mode file for STMicroelectronics.X-CUBE-MEMS1.10.0.0
2024-10-09 21:09:32,972 [WARN] PackLoader:240 - Cannot read IP mode file for STMicroelectronics.X-CUBE-TOUCHGFX.4.24.1
2024-10-09 21:09:32,984 [WARN] PackLoader:240 - Cannot read IP mode file for wolfSSL.I-CUBE-wolfTPM.3.4.0
2024-10-09 21:09:32,999 [WARN] PackLoader:240 - Cannot read IP mode file for portGmbH.I-Cube-SoM-uGOAL.1.1.0
2024-10-09 21:09:33,031 [WARN] PackLoader:240 - Cannot read IP mode file for STMicroelectronics.X-CUBE-AZRTOS-H7RS.1.0.0
2024-10-09 21:09:33,045 [WARN] PackLoader:240 - Cannot read IP mode file for STMicroelectronics.FP-ATR-ASTRA1.2.0.0
2024-10-09 21:09:33,065 [WARN] PackLoader:240 - Cannot read IP mode file for STMicroelectronics.X-CUBE-TOF1.3.4.2
2024-10-09 21:09:33,094 [WARN] PackLoader:240 - Cannot read IP mode file for STMicroelectronics.X-CUBE-TOF1.3.4.1
2024-10-09 21:09:33,137 [WARN] PackLoader:240 - Cannot read IP mode file for STMicroelectronics.X-CUBE-AZRTOS-H7.3.2.0
2024-10-09 21:09:33,172 [WARN] PackLoader:240 - Cannot read IP mode file for Infineon.AIROC-Wi-Fi-Bluetooth-STM32.1.6.0
2024-10-09 21:09:33,186 [WARN] PackLoader:240 - Cannot read IP mode file for wolfSSL.I-CUBE-wolfSSH.1.4.17
2024-10-09 21:09:33,186 [INFO] ThirdParty:978 - Integrity check success = true
2024-10-09 21:09:33,187 [INFO] IntegrityCheckThread:100 - exiting critical section [integrity check]
2024-10-09 21:09:33,187 [INFO] IntegrityCheckThread:103 - End integrity checks thread
2024-10-09 21:09:36,978 [INFO] WebApp:161 - Instantiating new browser for Auth
2024-10-09 21:09:37,788 [INFO] WebApp:779 - Register for checkConnection events
2024-10-09 21:09:37,788 [INFO] WebApp:414 - Apply proxy settings
2024-10-09 21:09:37,789 [INFO] WebApp:499 - Chromium requires no authentication
2024-10-09 21:09:37,797 [INFO] WebApp:442 - Direct internet connection detected
2024-10-09 21:09:38,028 [INFO] WebApp:192 - Starting web application
2024-10-09 21:09:38,028 [INFO] WebApp:544 - Web application path used C:\Users\USER\Downloads\STM32CubeIDE_1.15.1\STM32CubeIDE\plugins\com.st.stm32cube.common.mx_6.11.1.202404110753\db\plugins\mcufinder\reactClient1\index.html
