2024-09-26 22:21:24,991 [INFO] MainUpdater:2873 - connection check result : 10
2024-09-26 22:21:25,017 [INFO] McuFinderGlobals:76 - Set McuFinderConnectedMode to true
2024-09-26 22:21:25,643 [INFO] ServerAccessManage:473 - Download File mcusAds.json._tmp_
2024-09-26 22:21:25,806 [INFO] LoadUrlFilesThread:156 - End of LoadUrlFiles Thread
2024-09-26 22:21:25,996 [INFO] ServerAccessManage:473 - Download File cube-finder-db.zip
2024-09-26 22:21:28,856 [INFO] FileExtend:240 - Unzip File : cube-finder-db.zip
2024-09-26 22:21:28,857 [INFO] FileExtend:255 - Standard Zip Deflate
2024-09-26 22:21:31,708 [INFO] LoadUrlFilesThread:156 - End of LoadUrlFiles Thread
2024-09-26 22:21:32,593 [INFO] ServerAccessManage:473 - Download File crdb.zip
2024-09-26 22:21:33,625 [INFO] FileExtend:240 - Unzip File : crdb.zip
2024-09-26 22:21:33,625 [INFO] FileExtend:255 - Standard Zip Deflate
2024-09-26 22:21:33,804 [INFO] LoadUrlFilesThread:156 - End of LoadUrlFiles Thread
2024-09-26 22:21:34,009 [INFO] ServerAccessManage:473 - Download File tutoVideoDB.zip
2024-09-26 22:21:34,032 [INFO] FileExtend:240 - Unzip File : tutoVideoDB.zip
2024-09-26 22:21:34,032 [INFO] FileExtend:255 - Standard Zip Deflate
2024-09-26 22:21:34,191 [INFO] LoadUrlFilesThread:156 - End of LoadUrlFiles Thread
2024-09-26 22:21:34,201 [WARN] DbFile:41 - Overriding database path with different value: C:\Users\USER\.stmcufinder\plugins\mcufinder/ => C:\Users\USER\.stmcufinder\plugins\mcufinder
2024-09-26 22:21:34,322 [INFO] ServerAccessManage:473 - Download File api_config.json
2024-09-26 22:21:34,460 [INFO] LoadUrlFilesThread:156 - End of LoadUrlFiles Thread
2024-09-26 22:21:34,463 [INFO] DbMcusAds:53 - JSON generation date=Fri Sep 20 06:04:23 PDT 2024 (1726837463113)
2024-09-26 22:21:34,470 [INFO] ApiDb:448 - Save user favorites file C:\Users\USER/.stm32cubeide/favorites.mcus.txt: 1 item(s)
2024-09-26 22:21:34,470 [INFO] ApiDb:452 - User favorites MCUs=[STM32L476RGT6]
2024-09-26 22:21:34,500 [INFO] ApiDb:581 - Connected to CubeFinder SQLite database (C:\Users\USER\.stmcufinder\plugins\mcufinder\mcu\cube-finder-db.db)
2024-09-26 22:21:34,612 [INFO] ApiDb:668 - CubeFinder database Data Model version=2.1
2024-09-26 22:21:34,612 [INFO] ApiDb:669 - CubeFinder database Configuration version=3.0.39
2024-09-26 22:21:34,612 [INFO] ApiDb:670 - CubeFinder database generation date=2024-09-16 (1726485674)
2024-09-26 22:21:34,612 [INFO] ApiDb:671 - CubeFinder database FW Pack versions=[FP-ATR-ASTRA1_V2.0.0, FP-SNS-FLIGHT1_V5.0.2, FP-SNS-MOTENV1_V5.0.0, FP-SNS-MOTENVWB1_V1.4.0, FP-SNS-SMARTAG2_V1.2.0, FP-SNS-STBOX1_V2.0.0, STM32Cube_FW_C0_V1.2.0, STM32Cube_FW_F4_V1.28.1, STM32Cube_FW_F7_V1.17.2, STM32Cube_FW_G0_V1.6.2, STM32Cube_FW_G4_V1.6.0, STM32Cube_FW_H5_V1.3.0, STM32Cube_FW_H7RS_V1.1.0, STM32Cube_FW_H7_V1.11.2, STM32Cube_FW_L0_V1.12.2, STM32Cube_FW_L5_V1.5.1, STM32Cube_FW_U0_V1.1.0, STM32Cube_FW_U5_V1.6.0, STM32Cube_FW_WB0_V1.0.0, STM32Cube_FW_WBA_V1.4.1, STM32Cube_FW_WB_V1.20.0, STM32Cube_FW_WL_V1.3.0, X-CUBE-ALGOBUILD_V1.4.0, X-CUBE-ALS_V1.0.2, X-CUBE-AZRTOS-F4_V1.1.0, X-CUBE-AZRTOS-F7_V1.1.0, X-CUBE-AZRTOS-G0_V1.1.0, X-CUBE-AZRTOS-G4_V2.0.0, X-CUBE-AZRTOS-H7RS_V1.0.0, X-CUBE-AZRTOS-H7_V3.2.0, X-CUBE-AZRTOS-L4_V2.0.0, X-CUBE-AZRTOS-L5_V2.0.0, X-CUBE-AZRTOS-WB_V2.0.0, X-CUBE-AZRTOS-WL_V2.0.0, X-CUBE-BLE1_V7.0.0, X-CUBE-BLE2_V3.3.0, X-CUBE-BLEMGR_V3.1.0, X-CUBE-EEPRMA1_V5.1.0, X-CUBE-FREERTOS_V1.2.0, X-CUBE-GNSS1_V6.0.0, X-CUBE-MEMS1_V11.0.0, X-CUBE-NFC4_V3.0.0, X-CUBE-NFC7_V1.0.1, X-CUBE-SFXS2LP1_V4.0.0, X-CUBE-SUBG2_V5.0.0, X-CUBE-TOF1_V3.4.2]
2024-09-26 22:21:37,274 [INFO] ApiDb:240 - Found 483 in-development CPN: [B-G473E-ZEST1S, B-WB1M-WPAN1, B-WL5M-SUBG1, NUCLEO-C031C6, NUCLEO-H503RB, NUCLEO-H533RE, NUCLEO-H563ZI, NUCLEO-H7S3L8, NUCLEO-U031R8, NUCLEO-U083RC, NUCLEO-U545RE-Q, NUCLEO-U5A5ZJ-Q, NUCLEO-WBA52CG, NUCLEO-WBA55CG, STEVAL-PROTEUS1, STEVAL-SMARTAG2, STEVAL-STWINBX1, STM320518-EVAL, STM32C0116-DK, STM32C011D6Y3TR, STM32C011D6Y6TR, STM32C011F4P3, STM32C011F4P6, STM32C011F4U3, STM32C011F4U6TR, STM32C011F6P3, STM32C011F6P6, STM32C011F6U3, STM32C011F6U6TR, STM32C011J4M3, STM32C011J4M6, STM32C011J6M3, STM32C011J6M6, STM32C0316-DK, STM32C031C4T3, STM32C031C4T6, STM32C031C4U3, STM32C031C4U6, STM32C031C6T3, STM32C031C6T6, STM32C031C6U3, STM32C031C6U6, STM32C031F4P3, STM32C031F4P6, STM32C031F6P3, STM32C031F6P6, STM32C031G4U3, STM32C031G4U6, STM32C031G6U3, STM32C031G6U6, STM32C031K4T3, STM32C031K4T6, STM32C031K4U3, STM32C031K4U6, STM32C031K6T3, STM32C031K6T6, STM32C031K6U3, STM32C031K6U6, STM32G071K8TXN, STM32G071K8UXN, STM32G081GBU6N, STM32G081KBT6N, STM32G081KBUXN, STM32G0B1CCT6N, STM32G0B1KCT6, STM32G0B1NEY6TR, STM32G0B1RCT6N, STM32G0C1CCT6, STM32G0C1CCT6N, STM32G0C1CCU6N, STM32G0C1CET6N, STM32G0C1CEU6N, STM32G0C1KCT6, STM32G0C1NEY6TR, STM32G0C1RCI6N, STM32G0C1RCT6N, STM32G0C1REI6N, STM32G0C1RET6N, STM32G0C1VCI6, STM32G0C1VEI6, STM32G471CCT6, STM32G471CCU6, STM32G471CET3, STM32G471CET6, STM32G471CEU3, STM32G471CEU6, STM32G471MCT6, STM32G471MET3, STM32G471MET6, STM32G471MEY6TR, STM32G471QCT6, STM32G471QET3, STM32G471RCT6, STM32G471RET3, STM32G471RET6, STM32G471VCH6, STM32G471VCI6, STM32G471VCT6, STM32G471VEH3, STM32G471VEH6, STM32G471VEI3, STM32G471VEI6, STM32G471VET3, STM32G471VET6, STM32G474CCT6, STM32H503CBT6, STM32H503CBU6, STM32H503EBY6TR, STM32H503KBU6, STM32H503RBT6, STM32H523CCT6, STM32H523CCU6, STM32H523CET6, STM32H523CEU6, STM32H523HEY6TR, STM32H523RCT6, STM32H523RET6, STM32H523VCI6, STM32H523VCT6, STM32H523VEI6, STM32H523VET6, STM32H523ZCJ6, STM32H523ZCT6, STM32H523ZEJ6, STM32H523ZET6, STM32H533CET6, STM32H533CEU6, STM32H533HEY6TR, STM32H533RET6, STM32H533VEI6, STM32H533VET6, STM32H533ZEJ6, STM32H533ZET6, STM32H562AGI6, STM32H562AII6, STM32H562IGK6, STM32H562IGT6, STM32H562IIK6, STM32H562IIT6, STM32H562RGT6, STM32H562RGV6, STM32H562RIT6, STM32H562RIV6, STM32H562VGT6, STM32H562VIT6, STM32H562ZGT6, STM32H562ZIT6, STM32H563AGI6, STM32H563AII3Q, STM32H563AII6, STM32H563IGK6, STM32H563IGT6, STM32H563IIK3Q, STM32H563IIK6, STM32H563IIT3Q, STM32H563IIT6, STM32H563MIY3QTR, STM32H563RGT6, STM32H563RGV6, STM32H563RIT6, STM32H563RIV6, STM32H563VGT6, STM32H563VIT3Q, STM32H563VIT6, STM32H563ZGT6, STM32H563ZIT3Q, STM32H563ZIT6, STM32H573AII3Q, STM32H573AII6, STM32H573I-DK, STM32H573IIK3Q, STM32H573IIK6, STM32H573IIT3Q, STM32H573IIT6, STM32H573MIY3QTR, STM32H573RIT6, STM32H573RIV6, STM32H573VIT3Q, STM32H573VIT6, STM32H573ZIT3Q, STM32H573ZIT6, STM32H7R3A8I6, STM32H7R3I8K6, STM32H7R3I8T6, STM32H7R3L8H6, STM32H7R3L8H6H, STM32H7R3R8V6, STM32H7R3V8H6, STM32H7R3V8T6, STM32H7R3V8Y6, STM32H7R3Z8J6, STM32H7R3Z8T6, STM32H7R7A8I6, STM32H7R7I8K6, STM32H7R7I8T6, STM32H7R7L8H6, STM32H7R7L8H6H, STM32H7R7Z8J6, STM32H7S3A8I6, STM32H7S3I8K6, STM32H7S3I8T6, STM32H7S3L8H6, STM32H7S3L8H6H, STM32H7S3R8V6, STM32H7S3V8H6, STM32H7S3V8T6, STM32H7S3V8Y6, STM32H7S3Z8J6, STM32H7S3Z8T6, STM32H7S78-DK, STM32H7S7A8I6, STM32H7S7I8K6, STM32H7S7I8T6, STM32H7S7L8H6, STM32H7S7L8H6H, STM32H7S7Z8J6, STM32L4R5QGI6STR, STM32MP131AAE3, STM32MP131AAF3, STM32MP131AAG3, STM32MP131CAE3, STM32MP131CAF3, STM32MP131CAG3, STM32MP131DAE7, STM32MP131DAF7, STM32MP131DAG7, STM32MP131FAE7, STM32MP131FAF7, STM32MP131FAG7, STM32MP133AAE3, STM32MP133AAF3, STM32MP133AAG3, STM32MP133CAE3, STM32MP133CAF3, STM32MP133CAG3, STM32MP133DAE7, STM32MP133DAF7, STM32MP133DAG7, STM32MP133FAE7, STM32MP133FAF7, STM32MP133FAG7, STM32MP135AAE3, STM32MP135AAF3, STM32MP135AAG3, STM32MP135CAE3, STM32MP135CAF3, STM32MP135CAG3, STM32MP135DAE7, STM32MP135DAF7, STM32MP135DAG7, STM32MP135F-DK, STM32MP135FAE7, STM32MP135FAF7, STM32MP135FAF7T, STM32MP135FAF7U, STM32MP135FAG7, STM32U031C6T6, STM32U031C6U6, STM32U031C8T6, STM32U031C8U6, STM32U031F4P6, STM32U031F6P6, STM32U031F8P6, STM32U031G6Y6TR, STM32U031G8Y6TR, STM32U031K4U6, STM32U031K6U6, STM32U031K8U6, STM32U031R6I6, STM32U031R6T6, STM32U031R8I6, STM32U031R8T6, STM32U073C8T6, STM32U073C8U6, STM32U073CBT6, STM32U073CBU6, STM32U073CCT6, STM32U073CCU6, STM32U073H8Y6TR, STM32U073HBY6TR, STM32U073HCY6TR, STM32U073K8U6, STM32U073KBU6, STM32U073KCU6, STM32U073M8I6, STM32U073M8T6, STM32U073MBI6, STM32U073MBT6, STM32U073MCI6, STM32U073MCT6, STM32U073R8I6, STM32U073R8T6, STM32U073RBI6, STM32U073RBT6, STM32U073RCI6, STM32U073RCT6, STM32U083C-DK, STM32U083CCT6, STM32U083CCU6, STM32U083HCY6TR, STM32U083KCU6, STM32U083MCI6, STM32U083MCT6, STM32U083RCI6, STM32U083RCT6, STM32U535CBT6, STM32U535CBT6Q, STM32U535CBU6, STM32U535CBU6Q, STM32U535CCT6, STM32U535CCT6Q, STM32U535CCU6, STM32U535CCU6Q, STM32U535CET6, STM32U535CET6Q, STM32U535CEU6, STM32U535CEU6Q, STM32U535JEY6QTR, STM32U535NCY6QTR, STM32U535NEY6QTR, STM32U535RBI6, STM32U535RBI6Q, STM32U535RBT6, STM32U535RBT6Q, STM32U535RCI6, STM32U535RCI6Q, STM32U535RCT6, STM32U535RCT6Q, STM32U535REI6, STM32U535REI6Q, STM32U535RET6, STM32U535RET6Q, STM32U535VCI6, STM32U535VCI6Q, STM32U535VCT6, STM32U535VCT6Q, STM32U535VEI6, STM32U535VEI6Q, STM32U535VET6, STM32U535VET6Q, STM32U545CET6, STM32U545CET6Q, STM32U545CEU6, STM32U545CEU6Q, STM32U545JEY6QTR, STM32U545NEY6QTR, STM32U545REI6, STM32U545REI6Q, STM32U545RET6, STM32U545RET6Q, STM32U545VEI6, STM32U545VEI6Q, STM32U545VET6, STM32U545VET6Q, STM32U595AIH6, STM32U595AIH6Q, STM32U595AJH6, STM32U595AJH6Q, STM32U595QII6, STM32U595QII6Q, STM32U595QJI6, STM32U595QJI6Q, STM32U595RIT6, STM32U595RIT6Q, STM32U595RJT6, STM32U595RJT6Q, STM32U595VIT6, STM32U595VIT6Q, STM32U595VJT6, STM32U595VJT6Q, STM32U595ZIT6, STM32U595ZIT6Q, STM32U595ZIY6QTR, STM32U595ZJT6, STM32U595ZJT6Q, STM32U595ZJY6QTR, STM32U599BJY6QTR, STM32U599NIH6Q, STM32U599NJH6Q, STM32U599VIT6Q, STM32U599VJT6, STM32U599VJT6Q, STM32U599ZIT6Q, STM32U599ZIY6QTR, STM32U599ZJT6Q, STM32U599ZJY6QTR, STM32U5A5AJH6, STM32U5A5AJH6Q, STM32U5A5QII3Q , STM32U5A5QJI6, STM32U5A5QJI6Q, STM32U5A5RJT6, STM32U5A5RJT6Q, STM32U5A5VJT6, STM32U5A5VJT6Q, STM32U5A5ZJT6, STM32U5A5ZJT6Q, STM32U5A5ZJY6QTR, STM32U5A9BJY6QTR, STM32U5A9J-DK, STM32U5A9NJH6Q, STM32U5A9VJT6Q, STM32U5A9ZJT6Q, STM32U5A9ZJY6QTR, STM32U5F7VIT6, STM32U5F7VIT6Q, STM32U5F7VJT6, STM32U5F7VJT6Q, STM32U5F9BJY6QTR, STM32U5F9NJH6Q, STM32U5F9VIT6Q, STM32U5F9VJT6Q, STM32U5F9ZIJ6QTR, STM32U5F9ZIT6Q, STM32U5F9ZJJ6QTR, STM32U5F9ZJT6Q, STM32U5G7VJT6, STM32U5G7VJT6Q, STM32U5G9BJY6QTR, STM32U5G9J-DK1, STM32U5G9J-DK2, STM32U5G9NJH6Q, STM32U5G9VJT6Q, STM32U5G9ZJJ6QTR, STM32U5G9ZJT6Q, STM32WB1MMCH6, STM32WBA50KEU6, STM32WBA50KEU6TR, STM32WBA50KGU6, STM32WBA50KGU6TR, STM32WBA52CEU6, STM32WBA52CEU6TR, STM32WBA52CEU7, STM32WBA52CEU7TR, STM32WBA52CGU6, STM32WBA52CGU6TR, STM32WBA52CGU6U, STM32WBA52CGU7, STM32WBA52CGU7TR, STM32WBA52KEU6, STM32WBA52KEU6TR, STM32WBA52KGU6, STM32WBA52KGU6TR, STM32WBA54CEU6, STM32WBA54CEU6TR, STM32WBA54CEU7, STM32WBA54CEU7TR, STM32WBA54CGU6, STM32WBA54CGU6TR, STM32WBA54CGU7, STM32WBA54CGU7TR, STM32WBA54KEU6, STM32WBA54KEU6TR, STM32WBA54KEU7, STM32WBA54KEU7TR, STM32WBA54KGU6, STM32WBA54KGU6TR, STM32WBA54KGU7, STM32WBA54KGU7TR, STM32WBA55CEU6, STM32WBA55CEU6TR, STM32WBA55CEU7, STM32WBA55CEU7TR, STM32WBA55CGU6, STM32WBA55CGU6TR, STM32WBA55CGU6U, STM32WBA55CGU7, STM32WBA55CGU7TR, STM32WBA55G-DK1, STM32WBA55HEF6, STM32WBA55HEF7, STM32WBA55HGF6, STM32WBA55HGF7, STM32WBA55UEI6, STM32WBA55UEI6TR, STM32WBA55UEI7, STM32WBA55UEI7TR, STM32WBA55UGI6, STM32WBA55UGI6TR, STM32WBA55UGI7, STM32WBA55UGI7TR, STM32WL5MOCH6, STM32WL5MOCH6TR]
2024-09-26 22:21:37,278 [INFO] DbMcus:218 - Found 4204 MCUs, 4204 are supported
2024-09-26 22:21:37,278 [INFO] ApiDb:423 - Load user favorites file C:\Users\USER/.stm32cubeide/favorites.mcus.txt: 1 item(s)
2024-09-26 22:21:37,279 [INFO] ApiDb:427 - User favorites MCUs=[STM32L476RGT6]
2024-09-26 22:21:37,279 [INFO] DbMcus:224 - Set 1 / 1 favorites MCUs
2024-09-26 22:21:37,680 [INFO] ApiDb:448 - Save user favorites file C:\Users\USER/.stm32cubeide/favorites.boards.txt: 1 item(s)
2024-09-26 22:21:37,681 [INFO] ApiDb:452 - User favorites Boards=[NUCLEO-L476RG]
2024-09-26 22:21:37,684 [INFO] ApiDb:581 - Connected to CubeFinder SQLite database (C:\Users\USER\.stmcufinder\plugins\mcufinder\mcu\cube-finder-db.db)
2024-09-26 22:21:37,777 [INFO] ApiDb:668 - CubeFinder database Data Model version=2.1
2024-09-26 22:21:37,777 [INFO] ApiDb:669 - CubeFinder database Configuration version=3.0.39
2024-09-26 22:21:37,777 [INFO] ApiDb:670 - CubeFinder database generation date=2024-09-16 (1726485674)
2024-09-26 22:21:37,777 [INFO] ApiDb:671 - CubeFinder database FW Pack versions=[FP-ATR-ASTRA1_V2.0.0, FP-SNS-FLIGHT1_V5.0.2, FP-SNS-MOTENV1_V5.0.0, FP-SNS-MOTENVWB1_V1.4.0, FP-SNS-SMARTAG2_V1.2.0, FP-SNS-STBOX1_V2.0.0, STM32Cube_FW_C0_V1.2.0, STM32Cube_FW_F4_V1.28.1, STM32Cube_FW_F7_V1.17.2, STM32Cube_FW_G0_V1.6.2, STM32Cube_FW_G4_V1.6.0, STM32Cube_FW_H5_V1.3.0, STM32Cube_FW_H7RS_V1.1.0, STM32Cube_FW_H7_V1.11.2, STM32Cube_FW_L0_V1.12.2, STM32Cube_FW_L5_V1.5.1, STM32Cube_FW_U0_V1.1.0, STM32Cube_FW_U5_V1.6.0, STM32Cube_FW_WB0_V1.0.0, STM32Cube_FW_WBA_V1.4.1, STM32Cube_FW_WB_V1.20.0, STM32Cube_FW_WL_V1.3.0, X-CUBE-ALGOBUILD_V1.4.0, X-CUBE-ALS_V1.0.2, X-CUBE-AZRTOS-F4_V1.1.0, X-CUBE-AZRTOS-F7_V1.1.0, X-CUBE-AZRTOS-G0_V1.1.0, X-CUBE-AZRTOS-G4_V2.0.0, X-CUBE-AZRTOS-H7RS_V1.0.0, X-CUBE-AZRTOS-H7_V3.2.0, X-CUBE-AZRTOS-L4_V2.0.0, X-CUBE-AZRTOS-L5_V2.0.0, X-CUBE-AZRTOS-WB_V2.0.0, X-CUBE-AZRTOS-WL_V2.0.0, X-CUBE-BLE1_V7.0.0, X-CUBE-BLE2_V3.3.0, X-CUBE-BLEMGR_V3.1.0, X-CUBE-EEPRMA1_V5.1.0, X-CUBE-FREERTOS_V1.2.0, X-CUBE-GNSS1_V6.0.0, X-CUBE-MEMS1_V11.0.0, X-CUBE-NFC4_V3.0.0, X-CUBE-NFC7_V1.0.1, X-CUBE-SFXS2LP1_V4.0.0, X-CUBE-SUBG2_V5.0.0, X-CUBE-TOF1_V3.4.2]
2024-09-26 22:21:37,855 [INFO] DbBoardsSqlite:226 - include board P-NUCLEO-WB55-NUCLEO as a kit item of type 'Nucleo-64'
2024-09-26 22:21:37,856 [INFO] DbBoardsSqlite:226 - include board P-NUCLEO-WB55-USBDONGLE as a kit item of type 'Nucleo USB Dongle'
2024-09-26 22:21:37,856 [INFO] DbBoardsSqlite:226 - include board STEVAL-IDP005V1 as a kit item of type 'Evaluation Board'
2024-09-26 22:21:37,856 [INFO] DbBoardsSqlite:226 - include board STEVAL-IDP005V2 as a kit item of type 'Evaluation Board'
2024-09-26 22:21:37,930 [INFO] ApiDb:240 - Found 483 in-development CPN: [B-G473E-ZEST1S, B-WB1M-WPAN1, B-WL5M-SUBG1, NUCLEO-C031C6, NUCLEO-H503RB, NUCLEO-H533RE, NUCLEO-H563ZI, NUCLEO-H7S3L8, NUCLEO-U031R8, NUCLEO-U083RC, NUCLEO-U545RE-Q, NUCLEO-U5A5ZJ-Q, NUCLEO-WBA52CG, NUCLEO-WBA55CG, STEVAL-PROTEUS1, STEVAL-SMARTAG2, STEVAL-STWINBX1, STM320518-EVAL, STM32C0116-DK, STM32C011D6Y3TR, STM32C011D6Y6TR, STM32C011F4P3, STM32C011F4P6, STM32C011F4U3, STM32C011F4U6TR, STM32C011F6P3, STM32C011F6P6, STM32C011F6U3, STM32C011F6U6TR, STM32C011J4M3, STM32C011J4M6, STM32C011J6M3, STM32C011J6M6, STM32C0316-DK, STM32C031C4T3, STM32C031C4T6, STM32C031C4U3, STM32C031C4U6, STM32C031C6T3, STM32C031C6T6, STM32C031C6U3, STM32C031C6U6, STM32C031F4P3, STM32C031F4P6, STM32C031F6P3, STM32C031F6P6, STM32C031G4U3, STM32C031G4U6, STM32C031G6U3, STM32C031G6U6, STM32C031K4T3, STM32C031K4T6, STM32C031K4U3, STM32C031K4U6, STM32C031K6T3, STM32C031K6T6, STM32C031K6U3, STM32C031K6U6, STM32G071K8TXN, STM32G071K8UXN, STM32G081GBU6N, STM32G081KBT6N, STM32G081KBUXN, STM32G0B1CCT6N, STM32G0B1KCT6, STM32G0B1NEY6TR, STM32G0B1RCT6N, STM32G0C1CCT6, STM32G0C1CCT6N, STM32G0C1CCU6N, STM32G0C1CET6N, STM32G0C1CEU6N, STM32G0C1KCT6, STM32G0C1NEY6TR, STM32G0C1RCI6N, STM32G0C1RCT6N, STM32G0C1REI6N, STM32G0C1RET6N, STM32G0C1VCI6, STM32G0C1VEI6, STM32G471CCT6, STM32G471CCU6, STM32G471CET3, STM32G471CET6, STM32G471CEU3, STM32G471CEU6, STM32G471MCT6, STM32G471MET3, STM32G471MET6, STM32G471MEY6TR, STM32G471QCT6, STM32G471QET3, STM32G471RCT6, STM32G471RET3, STM32G471RET6, STM32G471VCH6, STM32G471VCI6, STM32G471VCT6, STM32G471VEH3, STM32G471VEH6, STM32G471VEI3, STM32G471VEI6, STM32G471VET3, STM32G471VET6, STM32G474CCT6, STM32H503CBT6, STM32H503CBU6, STM32H503EBY6TR, STM32H503KBU6, STM32H503RBT6, STM32H523CCT6, STM32H523CCU6, STM32H523CET6, STM32H523CEU6, STM32H523HEY6TR, STM32H523RCT6, STM32H523RET6, STM32H523VCI6, STM32H523VCT6, STM32H523VEI6, STM32H523VET6, STM32H523ZCJ6, STM32H523ZCT6, STM32H523ZEJ6, STM32H523ZET6, STM32H533CET6, STM32H533CEU6, STM32H533HEY6TR, STM32H533RET6, STM32H533VEI6, STM32H533VET6, STM32H533ZEJ6, STM32H533ZET6, STM32H562AGI6, STM32H562AII6, STM32H562IGK6, STM32H562IGT6, STM32H562IIK6, STM32H562IIT6, STM32H562RGT6, STM32H562RGV6, STM32H562RIT6, STM32H562RIV6, STM32H562VGT6, STM32H562VIT6, STM32H562ZGT6, STM32H562ZIT6, STM32H563AGI6, STM32H563AII3Q, STM32H563AII6, STM32H563IGK6, STM32H563IGT6, STM32H563IIK3Q, STM32H563IIK6, STM32H563IIT3Q, STM32H563IIT6, STM32H563MIY3QTR, STM32H563RGT6, STM32H563RGV6, STM32H563RIT6, STM32H563RIV6, STM32H563VGT6, STM32H563VIT3Q, STM32H563VIT6, STM32H563ZGT6, STM32H563ZIT3Q, STM32H563ZIT6, STM32H573AII3Q, STM32H573AII6, STM32H573I-DK, STM32H573IIK3Q, STM32H573IIK6, STM32H573IIT3Q, STM32H573IIT6, STM32H573MIY3QTR, STM32H573RIT6, STM32H573RIV6, STM32H573VIT3Q, STM32H573VIT6, STM32H573ZIT3Q, STM32H573ZIT6, STM32H7R3A8I6, STM32H7R3I8K6, STM32H7R3I8T6, STM32H7R3L8H6, STM32H7R3L8H6H, STM32H7R3R8V6, STM32H7R3V8H6, STM32H7R3V8T6, STM32H7R3V8Y6, STM32H7R3Z8J6, STM32H7R3Z8T6, STM32H7R7A8I6, STM32H7R7I8K6, STM32H7R7I8T6, STM32H7R7L8H6, STM32H7R7L8H6H, STM32H7R7Z8J6, STM32H7S3A8I6, STM32H7S3I8K6, STM32H7S3I8T6, STM32H7S3L8H6, STM32H7S3L8H6H, STM32H7S3R8V6, STM32H7S3V8H6, STM32H7S3V8T6, STM32H7S3V8Y6, STM32H7S3Z8J6, STM32H7S3Z8T6, STM32H7S78-DK, STM32H7S7A8I6, STM32H7S7I8K6, STM32H7S7I8T6, STM32H7S7L8H6, STM32H7S7L8H6H, STM32H7S7Z8J6, STM32L4R5QGI6STR, STM32MP131AAE3, STM32MP131AAF3, STM32MP131AAG3, STM32MP131CAE3, STM32MP131CAF3, STM32MP131CAG3, STM32MP131DAE7, STM32MP131DAF7, STM32MP131DAG7, STM32MP131FAE7, STM32MP131FAF7, STM32MP131FAG7, STM32MP133AAE3, STM32MP133AAF3, STM32MP133AAG3, STM32MP133CAE3, STM32MP133CAF3, STM32MP133CAG3, STM32MP133DAE7, STM32MP133DAF7, STM32MP133DAG7, STM32MP133FAE7, STM32MP133FAF7, STM32MP133FAG7, STM32MP135AAE3, STM32MP135AAF3, STM32MP135AAG3, STM32MP135CAE3, STM32MP135CAF3, STM32MP135CAG3, STM32MP135DAE7, STM32MP135DAF7, STM32MP135DAG7, STM32MP135F-DK, STM32MP135FAE7, STM32MP135FAF7, STM32MP135FAF7T, STM32MP135FAF7U, STM32MP135FAG7, STM32U031C6T6, STM32U031C6U6, STM32U031C8T6, STM32U031C8U6, STM32U031F4P6, STM32U031F6P6, STM32U031F8P6, STM32U031G6Y6TR, STM32U031G8Y6TR, STM32U031K4U6, STM32U031K6U6, STM32U031K8U6, STM32U031R6I6, STM32U031R6T6, STM32U031R8I6, STM32U031R8T6, STM32U073C8T6, STM32U073C8U6, STM32U073CBT6, STM32U073CBU6, STM32U073CCT6, STM32U073CCU6, STM32U073H8Y6TR, STM32U073HBY6TR, STM32U073HCY6TR, STM32U073K8U6, STM32U073KBU6, STM32U073KCU6, STM32U073M8I6, STM32U073M8T6, STM32U073MBI6, STM32U073MBT6, STM32U073MCI6, STM32U073MCT6, STM32U073R8I6, STM32U073R8T6, STM32U073RBI6, STM32U073RBT6, STM32U073RCI6, STM32U073RCT6, STM32U083C-DK, STM32U083CCT6, STM32U083CCU6, STM32U083HCY6TR, STM32U083KCU6, STM32U083MCI6, STM32U083MCT6, STM32U083RCI6, STM32U083RCT6, STM32U535CBT6, STM32U535CBT6Q, STM32U535CBU6, STM32U535CBU6Q, STM32U535CCT6, STM32U535CCT6Q, STM32U535CCU6, STM32U535CCU6Q, STM32U535CET6, STM32U535CET6Q, STM32U535CEU6, STM32U535CEU6Q, STM32U535JEY6QTR, STM32U535NCY6QTR, STM32U535NEY6QTR, STM32U535RBI6, STM32U535RBI6Q, STM32U535RBT6, STM32U535RBT6Q, STM32U535RCI6, STM32U535RCI6Q, STM32U535RCT6, STM32U535RCT6Q, STM32U535REI6, STM32U535REI6Q, STM32U535RET6, STM32U535RET6Q, STM32U535VCI6, STM32U535VCI6Q, STM32U535VCT6, STM32U535VCT6Q, STM32U535VEI6, STM32U535VEI6Q, STM32U535VET6, STM32U535VET6Q, STM32U545CET6, STM32U545CET6Q, STM32U545CEU6, STM32U545CEU6Q, STM32U545JEY6QTR, STM32U545NEY6QTR, STM32U545REI6, STM32U545REI6Q, STM32U545RET6, STM32U545RET6Q, STM32U545VEI6, STM32U545VEI6Q, STM32U545VET6, STM32U545VET6Q, STM32U595AIH6, STM32U595AIH6Q, STM32U595AJH6, STM32U595AJH6Q, STM32U595QII6, STM32U595QII6Q, STM32U595QJI6, STM32U595QJI6Q, STM32U595RIT6, STM32U595RIT6Q, STM32U595RJT6, STM32U595RJT6Q, STM32U595VIT6, STM32U595VIT6Q, STM32U595VJT6, STM32U595VJT6Q, STM32U595ZIT6, STM32U595ZIT6Q, STM32U595ZIY6QTR, STM32U595ZJT6, STM32U595ZJT6Q, STM32U595ZJY6QTR, STM32U599BJY6QTR, STM32U599NIH6Q, STM32U599NJH6Q, STM32U599VIT6Q, STM32U599VJT6, STM32U599VJT6Q, STM32U599ZIT6Q, STM32U599ZIY6QTR, STM32U599ZJT6Q, STM32U599ZJY6QTR, STM32U5A5AJH6, STM32U5A5AJH6Q, STM32U5A5QII3Q , STM32U5A5QJI6, STM32U5A5QJI6Q, STM32U5A5RJT6, STM32U5A5RJT6Q, STM32U5A5VJT6, STM32U5A5VJT6Q, STM32U5A5ZJT6, STM32U5A5ZJT6Q, STM32U5A5ZJY6QTR, STM32U5A9BJY6QTR, STM32U5A9J-DK, STM32U5A9NJH6Q, STM32U5A9VJT6Q, STM32U5A9ZJT6Q, STM32U5A9ZJY6QTR, STM32U5F7VIT6, STM32U5F7VIT6Q, STM32U5F7VJT6, STM32U5F7VJT6Q, STM32U5F9BJY6QTR, STM32U5F9NJH6Q, STM32U5F9VIT6Q, STM32U5F9VJT6Q, STM32U5F9ZIJ6QTR, STM32U5F9ZIT6Q, STM32U5F9ZJJ6QTR, STM32U5F9ZJT6Q, STM32U5G7VJT6, STM32U5G7VJT6Q, STM32U5G9BJY6QTR, STM32U5G9J-DK1, STM32U5G9J-DK2, STM32U5G9NJH6Q, STM32U5G9VJT6Q, STM32U5G9ZJJ6QTR, STM32U5G9ZJT6Q, STM32WB1MMCH6, STM32WBA50KEU6, STM32WBA50KEU6TR, STM32WBA50KGU6, STM32WBA50KGU6TR, STM32WBA52CEU6, STM32WBA52CEU6TR, STM32WBA52CEU7, STM32WBA52CEU7TR, STM32WBA52CGU6, STM32WBA52CGU6TR, STM32WBA52CGU6U, STM32WBA52CGU7, STM32WBA52CGU7TR, STM32WBA52KEU6, STM32WBA52KEU6TR, STM32WBA52KGU6, STM32WBA52KGU6TR, STM32WBA54CEU6, STM32WBA54CEU6TR, STM32WBA54CEU7, STM32WBA54CEU7TR, STM32WBA54CGU6, STM32WBA54CGU6TR, STM32WBA54CGU7, STM32WBA54CGU7TR, STM32WBA54KEU6, STM32WBA54KEU6TR, STM32WBA54KEU7, STM32WBA54KEU7TR, STM32WBA54KGU6, STM32WBA54KGU6TR, STM32WBA54KGU7, STM32WBA54KGU7TR, STM32WBA55CEU6, STM32WBA55CEU6TR, STM32WBA55CEU7, STM32WBA55CEU7TR, STM32WBA55CGU6, STM32WBA55CGU6TR, STM32WBA55CGU6U, STM32WBA55CGU7, STM32WBA55CGU7TR, STM32WBA55G-DK1, STM32WBA55HEF6, STM32WBA55HEF7, STM32WBA55HGF6, STM32WBA55HGF7, STM32WBA55UEI6, STM32WBA55UEI6TR, STM32WBA55UEI7, STM32WBA55UEI7TR, STM32WBA55UGI6, STM32WBA55UGI6TR, STM32WBA55UGI7, STM32WBA55UGI7TR, STM32WL5MOCH6, STM32WL5MOCH6TR]
2024-09-26 22:21:38,118 [INFO] BoardInfo:889 - No configuration file found for board NUCLEO-WB05KZ
2024-09-26 22:21:38,119 [INFO] DbBoards:161 - Board is not supported: NUCLEO-WB05KZ
2024-09-26 22:21:38,120 [INFO] BoardInfo:889 - No configuration file found for board NUCLEO-WB07CC
2024-09-26 22:21:38,120 [INFO] DbBoards:161 - Board is not supported: NUCLEO-WB07CC
2024-09-26 22:21:38,121 [INFO] BoardInfo:889 - No configuration file found for board NUCLEO-WB09KE
2024-09-26 22:21:38,122 [INFO] DbBoards:161 - Board is not supported: NUCLEO-WB09KE
2024-09-26 22:21:38,135 [INFO] BoardInfo:889 - No configuration file found for board P-NUCLEO-WB55
2024-09-26 22:21:38,135 [INFO] DbBoards:161 - Kit is not supported: P-NUCLEO-WB55
2024-09-26 22:21:38,143 [INFO] BoardInfo:889 - No configuration file found for board STEVAL-BFA001V1B
2024-09-26 22:21:38,143 [INFO] DbBoards:161 - Kit is not supported: STEVAL-BFA001V1B
2024-09-26 22:21:38,145 [INFO] BoardInfo:889 - No configuration file found for board STEVAL-BFA001V2B
2024-09-26 22:21:38,145 [INFO] DbBoards:161 - Kit is not supported: STEVAL-BFA001V2B
2024-09-26 22:21:38,298 [INFO] BoardInfo:889 - No configuration file found for board STM32MP257F-DK
2024-09-26 22:21:38,299 [INFO] DbBoards:161 - Board is not supported: STM32MP257F-DK
2024-09-26 22:21:38,300 [INFO] BoardInfo:889 - No configuration file found for board STM32MP257F-EV1
2024-09-26 22:21:38,300 [INFO] DbBoards:161 - Board is not supported: STM32MP257F-EV1
2024-09-26 22:21:38,313 [INFO] DbBoards:168 - Found 200 boards, 192 are supported
2024-09-26 22:21:38,313 [INFO] DbBoards:169 - Found 200 boards, 8 of them is supported for  Bsp
2024-09-26 22:21:38,316 [INFO] ApiDb:423 - Load user favorites file C:\Users\USER/.stm32cubeide/favorites.boards.txt: 1 item(s)
2024-09-26 22:21:38,317 [INFO] ApiDb:427 - User favorites Boards=[NUCLEO-L476RG]
2024-09-26 22:21:38,317 [INFO] DbBoards:198 - Set 1 / 1 favorites Boards
2024-09-26 22:21:38,342 [INFO] LoadUrlFilesThread:185 - End of LoadServerUrlFiles without Thread
2024-09-26 22:21:38,342 [INFO] TargetSelectorAdapter:259 - Refresh data is successful
2024-09-26 22:21:38,349 [INFO] ApiDb:668 - CubeFinder database Data Model version=2.1
2024-09-26 22:21:38,349 [INFO] ApiDb:669 - CubeFinder database Configuration version=3.0.39
2024-09-26 22:21:38,349 [INFO] ApiDb:670 - CubeFinder database generation date=2024-09-16 (1726485674)
2024-09-26 22:21:38,349 [INFO] ApiDb:671 - CubeFinder database FW Pack versions=[FP-ATR-ASTRA1_V2.0.0, FP-SNS-FLIGHT1_V5.0.2, FP-SNS-MOTENV1_V5.0.0, FP-SNS-MOTENVWB1_V1.4.0, FP-SNS-SMARTAG2_V1.2.0, FP-SNS-STBOX1_V2.0.0, STM32Cube_FW_C0_V1.2.0, STM32Cube_FW_F4_V1.28.1, STM32Cube_FW_F7_V1.17.2, STM32Cube_FW_G0_V1.6.2, STM32Cube_FW_G4_V1.6.0, STM32Cube_FW_H5_V1.3.0, STM32Cube_FW_H7RS_V1.1.0, STM32Cube_FW_H7_V1.11.2, STM32Cube_FW_L0_V1.12.2, STM32Cube_FW_L5_V1.5.1, STM32Cube_FW_U0_V1.1.0, STM32Cube_FW_U5_V1.6.0, STM32Cube_FW_WB0_V1.0.0, STM32Cube_FW_WBA_V1.4.1, STM32Cube_FW_WB_V1.20.0, STM32Cube_FW_WL_V1.3.0, X-CUBE-ALGOBUILD_V1.4.0, X-CUBE-ALS_V1.0.2, X-CUBE-AZRTOS-F4_V1.1.0, X-CUBE-AZRTOS-F7_V1.1.0, X-CUBE-AZRTOS-G0_V1.1.0, X-CUBE-AZRTOS-G4_V2.0.0, X-CUBE-AZRTOS-H7RS_V1.0.0, X-CUBE-AZRTOS-H7_V3.2.0, X-CUBE-AZRTOS-L4_V2.0.0, X-CUBE-AZRTOS-L5_V2.0.0, X-CUBE-AZRTOS-WB_V2.0.0, X-CUBE-AZRTOS-WL_V2.0.0, X-CUBE-BLE1_V7.0.0, X-CUBE-BLE2_V3.3.0, X-CUBE-BLEMGR_V3.1.0, X-CUBE-EEPRMA1_V5.1.0, X-CUBE-FREERTOS_V1.2.0, X-CUBE-GNSS1_V6.0.0, X-CUBE-MEMS1_V11.0.0, X-CUBE-NFC4_V3.0.0, X-CUBE-NFC7_V1.0.1, X-CUBE-SFXS2LP1_V4.0.0, X-CUBE-SUBG2_V5.0.0, X-CUBE-TOF1_V3.4.2]
2024-09-26 22:21:39,438 [ERROR] DbExamplesSqlite:437 - Missing JSON key: board_cpn
2024-09-26 22:21:39,438 [ERROR] DbExamplesSqlite:437 - Missing JSON key: board_cpn
2024-09-26 22:21:39,438 [ERROR] DbExamplesSqlite:437 - Missing JSON key: board_cpn
2024-09-26 22:21:39,439 [ERROR] DbExamplesSqlite:437 - Missing JSON key: board_cpn
2024-09-26 22:21:39,684 [ERROR] DbExamplesSqlite:437 - Missing JSON key: board_cpn
2024-09-26 22:21:39,684 [ERROR] DbExamplesSqlite:437 - Missing JSON key: board_cpn
2024-09-26 22:21:39,685 [ERROR] DbExamplesSqlite:437 - Missing JSON key: board_cpn
2024-09-26 22:21:39,685 [ERROR] DbExamplesSqlite:437 - Missing JSON key: board_cpn
2024-09-26 22:21:39,686 [ERROR] DbExamplesSqlite:437 - Missing JSON key: board_cpn
2024-09-26 22:21:39,686 [ERROR] DbExamplesSqlite:437 - Missing JSON key: board_cpn
2024-09-26 22:21:39,686 [ERROR] DbExamplesSqlite:437 - Missing JSON key: board_cpn
2024-09-26 22:21:39,687 [ERROR] DbExamplesSqlite:437 - Missing JSON key: board_cpn
2024-09-26 22:21:39,687 [ERROR] DbExamplesSqlite:437 - Missing JSON key: board_cpn
2024-09-26 22:21:39,690 [INFO] DbExamplesSqlite:395 - Ignored 28 examples not supported by CubeIDE
2024-09-26 22:21:39,690 [INFO] DbExamplesSqlite:396 - Found 8614 examples active
2024-09-26 22:21:39,690 [INFO] DbExamplesSqlite:397 - Found 0 examples obsolete
2024-09-26 22:21:39,690 [INFO] DbExamplesSqlite:398 - Found 0 examples under development
2024-09-26 22:21:39,690 [INFO] DbExamplesSqlite:399 - Found 10 examples not building
2024-09-26 22:21:39,693 [INFO] DbExamples:125 - Found 8596 examples
2024-09-26 22:21:39,820 [ERROR] DbExamples:208 - Found 206 examples with invalid data (board or MCU)
2024-09-26 22:21:39,820 [INFO] DbExamples:222 - Found 107 boards with related examples
2024-09-26 22:21:39,821 [INFO] DbExamples:235 - Found 87 MCUs with related examples
2024-09-26 22:21:39,844 [INFO] ApiDb:423 - Load user favorites file C:\Users\USER/.stm32cubeide/favorites.examples.txt: 0 item(s)
2024-09-26 22:21:39,844 [INFO] ApiDb:427 - User favorites Examples=[]
2024-09-26 22:21:39,845 [INFO] DbExamples:250 - Set 0 / 0 favorites Examples
2024-09-26 22:21:39,915 [INFO] McuFinderGlobals:76 - Set McuFinderConnectedMode to true
2024-09-26 22:21:39,918 [INFO] MultiScanPanel:200 - Auto-refresh data requested => check proxy status ongoing
2024-09-26 22:21:39,919 [INFO] FinderPluginLoader:95 - Searching for filters in installed packs
2024-09-26 22:21:41,821 [INFO] LoadUrlFilesThread:185 - End of LoadServerUrlFiles without Thread
2024-09-26 22:21:41,822 [INFO] DetailPanel:341 - Set advertising image to C:/Users/USER/STM32Cube/Repository/\en.prom-stm32c071-usb-memories-mcu-finder.png
2024-09-26 22:23:13,134 [INFO] MainUpdater:2873 - connection check result : 10
2024-09-26 22:23:13,134 [INFO] MainUpdater:2873 - connection check result : 10
2024-09-26 22:23:13,177 [INFO] MicroXplorer:468 - Change Database Path : 
2024-09-26 22:23:13,177 [INFO] MicroXplorer:498 - Change Database Version : DB.6.0.111
2024-09-26 22:23:13,253 [ERROR] ProjectManagerView:394 - 
java.lang.NullPointerException: Cannot invoke "javax.swing.JTextField.getText()" because the return value of "java.util.List.get(int)" is null
	at com.st.microxplorer.plugins.projectmanager.gui.ProjectChoiceTab$10.caretUpdate(ProjectChoiceTab.java:2504) ~[filemanager.jar:?]
	at javax.swing.text.JTextComponent.fireCaretUpdate(JTextComponent.java:412) ~[?:?]
	at javax.swing.text.JTextComponent$MutableCaretEvent.fire(JTextComponent.java:4491) ~[?:?]
	at javax.swing.text.JTextComponent$MutableCaretEvent.stateChanged(JTextComponent.java:4513) ~[?:?]
	at javax.swing.text.DefaultCaret.fireStateChanged(DefaultCaret.java:842) ~[?:?]
	at javax.swing.text.DefaultCaret.changeCaretPosition(DefaultCaret.java:1313) ~[?:?]
	at javax.swing.text.DefaultCaret.handleSetDot(DefaultCaret.java:1212) ~[?:?]
	at javax.swing.text.DefaultCaret.setDot(DefaultCaret.java:1193) ~[?:?]
	at javax.swing.text.DefaultCaret$Handler.insertUpdate(DefaultCaret.java:1789) ~[?:?]
	at javax.swing.text.AbstractDocument.fireInsertUpdate(AbstractDocument.java:226) ~[?:?]
	at javax.swing.text.AbstractDocument.handleInsertString(AbstractDocument.java:780) ~[?:?]
	at javax.swing.text.AbstractDocument.insertString(AbstractDocument.java:739) ~[?:?]
	at javax.swing.text.PlainDocument.insertString(PlainDocument.java:131) ~[?:?]
	at javax.swing.text.AbstractDocument.replace(AbstractDocument.java:698) ~[?:?]
	at javax.swing.text.JTextComponent.setText(JTextComponent.java:1729) ~[?:?]
	at com.st.microxplorer.plugins.projectmanager.gui.ProjectChoiceTab.createHeapStackFields(ProjectChoiceTab.java:944) ~[filemanager.jar:?]
	at com.st.microxplorer.plugins.projectmanager.gui.ProjectChoiceTab.buildLinkSettingsPanel(ProjectChoiceTab.java:3475) ~[filemanager.jar:?]
	at com.st.microxplorer.plugins.projectmanager.gui.ProjectChoiceTab.defineWindowsFields(ProjectChoiceTab.java:1816) ~[filemanager.jar:?]
	at com.st.microxplorer.plugins.projectmanager.gui.ProjectChoiceTab.updateSettings(ProjectChoiceTab.java:544) ~[filemanager.jar:?]
	at com.st.microxplorer.plugins.projectmanager.gui.ProjectSettingsPanel.UpdateDialog(ProjectSettingsPanel.java:245) ~[filemanager.jar:?]
	at com.st.microxplorer.plugins.projectmanager.ProjectManagerView.propertyChange(ProjectManagerView.java:391) ~[filemanager.jar:?]
	at java.beans.PropertyChangeSupport.fire(PropertyChangeSupport.java:343) ~[?:?]
	at java.beans.PropertyChangeSupport.firePropertyChange(PropertyChangeSupport.java:335) ~[?:?]
	at java.beans.PropertyChangeSupport.firePropertyChange(PropertyChangeSupport.java:268) ~[?:?]
	at com.st.microxplorer.util.MXPropertyChangeSupport.firePropertyChange(MXPropertyChangeSupport.java:54) ~[STM32CubeMX.jar:?]
	at com.st.microxplorer.mxsystem.MxSystem.closeConfig(MxSystem.java:900) ~[STM32CubeMX.jar:?]
	at com.st.microxplorer.maingui.MainPanel.closeConfig(MainPanel.java:776) ~[STM32CubeMX.jar:?]
	at com.st.microxplorer.plugins.filemanager.engine.OpenFileManager.loadConfigurationFile(OpenFileManager.java:245) ~[filemanager.jar:?]
	at com.st.microxplorer.plugins.filemanager.engine.MainFileManager.userLoadConfig(MainFileManager.java:315) ~[filemanager.jar:?]
	at com.st.microxplorer.plugins.filemanager.engine.MainFileManager.userLoadConfig(MainFileManager.java:293) ~[filemanager.jar:?]
	at com.st.microxplorer.plugins.filemanager.FileManagerView.getSpecificTask(FileManagerView.java:247) ~[filemanager.jar:?]
	at com.st.stm32cube.common.mx.editor.CubeMxEditor.getMxTabbedPaneInstance(CubeMxEditor.java:1198) ~[com.st.stm32cube.common.mx_6.11.1.202404110753/:?]
	at com.st.stm32cube.common.mx.editor.CubeMxEditor$12$1.createSwingComponent(CubeMxEditor.java:1068) ~[com.st.stm32cube.common.mx_6.11.1.202404110753/:?]
	at com.st.stm32cube.common.mx.oss.core.awtswtbridge.EmbeddedSwingComposite.doComponentCreation(EmbeddedSwingComposite.java:492) ~[com.st.stm32cube.common.mx.oss_6.11.1.202404110753/:?]
	at com.st.stm32cube.common.mx.oss.core.awtswtbridge.EmbeddedSwingComposite$4.run(EmbeddedSwingComposite.java:291) ~[com.st.stm32cube.common.mx.oss_6.11.1.202404110753/:?]
	at com.st.stm32cube.common.mx.oss.core.awtswtbridge.AwtEnvironment$2.run(AwtEnvironment.java:166) ~[com.st.stm32cube.common.mx.oss_6.11.1.202404110753/:?]
	at java.awt.event.InvocationEvent.dispatch(InvocationEvent.java:318) ~[?:?]
	at java.awt.EventQueue.dispatchEventImpl(EventQueue.java:773) ~[?:?]
	at java.awt.EventQueue$4.run(EventQueue.java:720) ~[?:?]
	at java.awt.EventQueue$4.run(EventQueue.java:714) ~[?:?]
	at java.security.AccessController.doPrivileged(AccessController.java:399) ~[?:?]
	at java.security.ProtectionDomain$JavaSecurityAccessImpl.doIntersectionPrivilege(ProtectionDomain.java:86) ~[?:?]
	at java.awt.EventQueue.dispatchEvent(EventQueue.java:742) ~[?:?]
	at java.awt.EventDispatchThread.pumpOneEventForFilters(EventDispatchThread.java:203) ~[?:?]
	at java.awt.EventDispatchThread.pumpEventsForFilter(EventDispatchThread.java:124) ~[?:?]
	at java.awt.EventDispatchThread.pumpEventsForHierarchy(EventDispatchThread.java:113) ~[?:?]
	at java.awt.EventDispatchThread.pumpEvents(EventDispatchThread.java:109) ~[?:?]
	at java.awt.EventDispatchThread.pumpEvents(EventDispatchThread.java:101) ~[?:?]
	at java.awt.EventDispatchThread.run(EventDispatchThread.java:90) ~[?:?]
2024-09-26 22:23:13,254 [WARN] ThirdParty:871 - waiting for thirdparty lock release [close project]
2024-09-26 22:23:13,254 [INFO] ThirdParty:873 - entering critical section [close project]
2024-09-26 22:23:13,255 [INFO] ThirdParty:883 - exiting critical section [close project]
2024-09-26 22:23:13,256 [INFO] PinOutPanel:1561 - setPackage(No Configuration,No Configuration)
2024-09-26 22:23:13,262 [INFO] UtilMem:75 - Begin LoadConfig() Used Memory: 871566760 Bytes (1073741824)
2024-09-26 22:23:13,263 [INFO] MicroXplorer:468 - Change Database Path : 
2024-09-26 22:23:13,263 [INFO] MicroXplorer:498 - Change Database Version : DB.6.0.111
2024-09-26 22:23:13,263 [INFO] OpenFileManager:312 - Change cursor
2024-09-26 22:23:13,292 [INFO] Mcu:2021 - Initializing MCU STM32L476RGTx STM32L476RGTx STM32L476RGT6
2024-09-26 22:23:15,772 [INFO] Context:663 - Trying to add GPIOservice into a context  which must be forbidden
2024-09-26 22:23:16,443 [INFO] ImportTextPane:194 - (OptionalMessage_ERROR) Unable to find key (Mcu.ThirdPartyNb) in loaded IOC file
2024-09-26 22:23:16,443 [INFO] ImportTextPane:194 - (OptionalMessage_ERROR) Unable to find key (Mcu.PinsNb) in loaded IOC file
2024-09-26 22:23:16,443 [INFO] ImportTextPane:194 - (OptionalMessage_ERROR) Unable to find key (Mcu.IPNb) in loaded IOC file
2024-09-26 22:23:16,567 [INFO] RtosManager:555 - Registered RTOS mode: class=CMSIS, group=RTOS, mode=CMSIS_V1, owner=FREERTOS
2024-09-26 22:23:16,568 [INFO] RtosManager:555 - Registered RTOS mode: class=CMSIS, group=RTOS2, mode=CMSIS_V2, owner=FREERTOS
2024-09-26 22:23:16,568 [INFO] RtosManager:555 - Registered RTOS mode: class=RTOS, group=Core, mode=CMSIS_V1, owner=FREERTOS
2024-09-26 22:23:16,568 [INFO] RtosManager:555 - Registered RTOS mode: class=RTOS, group=Core, mode=CMSIS_V2, owner=FREERTOS
2024-09-26 22:23:16,568 [WARN] ModelIntegratedComponent:184 - Missing modes for component STMicroelectronics:FreeRTOS:0.0.1:STMicroelectronics:RTOS:FreeRTOS:Core:::10.2.0:
2024-09-26 22:23:16,575 [WARN] ModelIntegratedComponent:63 - No mode defined for component null
2024-09-26 22:23:16,575 [WARN] ModelIntegratedComponent:63 - No mode defined for component null
2024-09-26 22:23:16,575 [WARN] ModelIntegratedComponent:63 - No mode defined for component null
2024-09-26 22:23:16,575 [WARN] ModelIntegratedComponent:63 - No mode defined for component null
2024-09-26 22:23:16,575 [WARN] ModelIntegratedComponent:63 - No mode defined for component null
2024-09-26 22:23:16,575 [WARN] ModelIntegratedComponent:63 - No mode defined for component null
2024-09-26 22:23:16,575 [WARN] ModelIntegratedComponent:63 - No mode defined for component null
2024-09-26 22:23:16,575 [WARN] ModelIntegratedComponent:63 - No mode defined for component null
2024-09-26 22:23:16,575 [WARN] ModelIntegratedComponent:63 - No mode defined for component null
2024-09-26 22:23:16,575 [WARN] ModelIntegratedComponent:63 - No mode defined for component null
2024-09-26 22:23:16,575 [WARN] ModelIntegratedComponent:63 - No mode defined for component null
2024-09-26 22:23:16,575 [WARN] ModelIntegratedComponent:63 - No mode defined for component null
2024-09-26 22:23:16,575 [WARN] ModelIntegratedComponent:63 - No mode defined for component null
2024-09-26 22:23:16,576 [WARN] ModelIntegratedComponent:63 - No mode defined for component null
2024-09-26 22:23:16,576 [WARN] ModelIntegratedComponent:63 - No mode defined for component null
2024-09-26 22:23:16,576 [WARN] ModelIntegratedComponent:63 - No mode defined for component null
2024-09-26 22:23:16,576 [WARN] ModelIntegratedComponent:63 - No mode defined for component null
2024-09-26 22:23:16,576 [WARN] ModelIntegratedComponent:63 - No mode defined for component null
2024-09-26 22:23:16,576 [WARN] ModelIntegratedComponent:63 - No mode defined for component null
2024-09-26 22:23:16,576 [WARN] ModelIntegratedComponent:63 - No mode defined for component null
2024-09-26 22:23:16,576 [WARN] ModelIntegratedComponent:63 - No mode defined for component null
2024-09-26 22:23:16,576 [WARN] ModelIntegratedComponent:63 - No mode defined for component null
2024-09-26 22:23:16,576 [WARN] ModelIntegratedComponent:63 - No mode defined for component null
2024-09-26 22:23:16,576 [WARN] ModelIntegratedComponent:63 - No mode defined for component null
2024-09-26 22:23:16,576 [WARN] ModelIntegratedComponent:63 - No mode defined for component null
2024-09-26 22:23:16,576 [WARN] ModelIntegratedComponent:63 - No mode defined for component null
2024-09-26 22:23:16,576 [WARN] ModelIntegratedComponent:63 - No mode defined for component null
2024-09-26 22:23:16,576 [WARN] ModelIntegratedComponent:63 - No mode defined for component null
2024-09-26 22:23:16,576 [WARN] ModelIntegratedComponent:63 - No mode defined for component null
2024-09-26 22:23:16,576 [WARN] ModelIntegratedComponent:63 - No mode defined for component null
2024-09-26 22:23:16,576 [WARN] ModelIntegratedComponent:63 - No mode defined for component null
2024-09-26 22:23:16,576 [WARN] ModelIntegratedComponent:63 - No mode defined for component null
2024-09-26 22:23:16,576 [WARN] ModelIntegratedComponent:63 - No mode defined for component null
2024-09-26 22:23:16,576 [WARN] ModelIntegratedComponent:63 - No mode defined for component null
2024-09-26 22:23:16,687 [INFO] ThirdPartyModel:298 - Start build external matchings
2024-09-26 22:23:17,531 [INFO] ThirdPartyModel:316 - End build external matchings
2024-09-26 22:23:18,004 [INFO] UtilMem:75 - End LoadConfig() Used Memory: 883712368 Bytes (1073741824)
2024-09-26 22:23:18,167 [WARN] ThirdParty:833 - waiting for thirdparty lock release [change project]
2024-09-26 22:23:18,168 [INFO] ThirdParty:835 - entering critical section [change project]
2024-09-26 22:23:18,168 [INFO] ThirdParty:1030 - CMSIS Pack Vendor :STMicroelectronics USBPD 4.1
2024-09-26 22:23:18,168 [INFO] ThirdParty:1030 - CMSIS Pack Vendor :STMicroelectronics X-CUBE-AZRTOS-H7 3.3.0
2024-09-26 22:23:18,168 [INFO] ThirdParty:1030 - CMSIS Pack Vendor :STMicroelectronics X-CUBE-GNSS1 6.0.0
2024-09-26 22:23:18,168 [INFO] ThirdParty:1030 - CMSIS Pack Vendor :STMicroelectronics USB_HOST 2.0.0
2024-09-26 22:23:18,168 [INFO] ThirdParty:1030 - CMSIS Pack Vendor :STMicroelectronics FP-SNS-MOTENVWB1 1.4.0
2024-09-26 22:23:18,168 [INFO] ThirdParty:1030 - CMSIS Pack Vendor :STMicroelectronics X-CUBE-AZRTOS-F4 1.1.0
2024-09-26 22:23:18,168 [INFO] ThirdParty:1030 - CMSIS Pack Vendor :STMicroelectronics LIBJPEG 8.0.0
2024-09-26 22:23:18,168 [INFO] ThirdParty:1030 - CMSIS Pack Vendor :STMicroelectronics X-CUBE-SMBUS 2.1.0
2024-09-26 22:23:18,168 [INFO] ThirdParty:1030 - CMSIS Pack Vendor :STMicroelectronics USB_DEVICE 3.0.0
2024-09-26 22:23:18,168 [INFO] ThirdParty:1030 - CMSIS Pack Vendor :STMicroelectronics X-CUBE-TCPP 4.1.0
2024-09-26 22:23:18,168 [INFO] ThirdParty:1030 - CMSIS Pack Vendor :STMicroelectronics X-CUBE-ISPU 2.1.0
2024-09-26 22:23:18,168 [INFO] ThirdParty:1030 - CMSIS Pack Vendor :STMicroelectronics X-CUBE-FREERTOS 1.2.0
2024-09-26 22:23:18,168 [INFO] ThirdParty:1030 - CMSIS Pack Vendor :STMicroelectronics X-CUBE-AZRTOS-WB 2.0.0
2024-09-26 22:23:18,168 [INFO] ThirdParty:1030 - CMSIS Pack Vendor :STMicroelectronics X-CUBE-GNSS1 7.0.0
2024-09-26 22:23:18,168 [INFO] ThirdParty:1030 - CMSIS Pack Vendor :STMicroelectronics X-CUBE-TOUCHGFX 4.23.2
2024-09-26 22:23:18,168 [INFO] ThirdParty:1030 - CMSIS Pack Vendor :STMicroelectronics X-CUBE-AZRTOS-F7 1.1.0
2024-09-26 22:23:18,168 [INFO] ThirdParty:1030 - CMSIS Pack Vendor :STMicroelectronics X-CUBE-AZRTOS-L5 2.0.0
2024-09-26 22:23:18,168 [INFO] ThirdParty:1030 - CMSIS Pack Vendor :STMicroelectronics USB_DEVICE 2.0.0
2024-09-26 22:23:18,168 [INFO] ThirdParty:1030 - CMSIS Pack Vendor :STMicroelectronics X-CUBE-NFC6 3.1.0
2024-09-26 22:23:18,168 [INFO] ThirdParty:1030 - CMSIS Pack Vendor :STMicroelectronics FP-SNS-STBOX1 2.0.0
2024-09-26 22:23:18,168 [INFO] ThirdParty:1030 - CMSIS Pack Vendor :STMicroelectronics X-CUBE-MEMS1 11.0.0
2024-09-26 22:23:18,168 [INFO] ThirdParty:1030 - CMSIS Pack Vendor :STMicroelectronics FreeRTOS 0.0.1
2024-09-26 22:23:18,168 [INFO] ThirdParty:1030 - CMSIS Pack Vendor :STMicroelectronics X-CUBE-AZRTOS-G0 1.1.0
2024-09-26 22:23:18,168 [INFO] ThirdParty:1030 - CMSIS Pack Vendor :STMicroelectronics X-CUBE-SAFEA1 1.2.2
2024-09-26 22:23:18,169 [INFO] ThirdParty:1030 - CMSIS Pack Vendor :STMicroelectronics X-CUBE-NFC4 3.0.0
2024-09-26 22:23:18,169 [INFO] ThirdParty:1030 - CMSIS Pack Vendor :STMicroelectronics X-CUBE-DPower 1.2.0
2024-09-26 22:23:18,169 [INFO] ThirdParty:1030 - CMSIS Pack Vendor :STMicroelectronics X-CUBE-SUBG2 5.0.0
2024-09-26 22:23:18,169 [INFO] ThirdParty:1030 - CMSIS Pack Vendor :STMicroelectronics STM32_WPAN 1.0.0
2024-09-26 22:23:18,169 [INFO] ThirdParty:1030 - CMSIS Pack Vendor :EmbeddedOffice I-CUBE-FS-RTOS 1.0.1
2024-09-26 22:23:18,169 [INFO] ThirdParty:1030 - CMSIS Pack Vendor :STMicroelectronics lwIP 2.0.3
2024-09-26 22:23:18,169 [INFO] ThirdParty:1030 - CMSIS Pack Vendor :STMicroelectronics FP-SNS-FLIGHT1 5.0.2
2024-09-26 22:23:18,169 [INFO] ThirdParty:1030 - CMSIS Pack Vendor :Cesanta I-CUBE-Mongoose 7.13.0
2024-09-26 22:23:18,169 [INFO] ThirdParty:1030 - CMSIS Pack Vendor :STMicroelectronics USB_HOST 1.0.0
2024-09-26 22:23:18,169 [INFO] ThirdParty:1030 - CMSIS Pack Vendor :STMicroelectronics X-CUBE-AI 9.0.0
2024-09-26 22:23:18,169 [INFO] ThirdParty:1030 - CMSIS Pack Vendor :STMicroelectronics X-CUBE-AZRTOS-G4 2.0.0
2024-09-26 22:23:18,169 [INFO] ThirdParty:1030 - CMSIS Pack Vendor :STMicroelectronics PDM2PCM 3.1.0
2024-09-26 22:23:18,169 [INFO] ThirdParty:1030 - CMSIS Pack Vendor :STMicroelectronics PDM2PCM 3.3.0
2024-09-26 22:23:18,169 [INFO] ThirdParty:1030 - CMSIS Pack Vendor :STMicroelectronics X-CUBE-DISPLAY 3.0.0
2024-09-26 22:23:18,169 [INFO] ThirdParty:1030 - CMSIS Pack Vendor :RealThread X-CUBE-RT-Thread_Nano 4.1.1
2024-09-26 22:23:18,169 [INFO] ThirdParty:1030 - CMSIS Pack Vendor :wolfSSL I-CUBE-wolfSSL 5.7.0
2024-09-26 22:23:18,169 [INFO] ThirdParty:1030 - CMSIS Pack Vendor :STMicroelectronics X-CUBE-BLE1 7.0.0
2024-09-26 22:23:18,169 [INFO] ThirdParty:1030 - CMSIS Pack Vendor :STMicroelectronics FP-ATR-SIGFOX1 3.2.0
2024-09-26 22:23:18,169 [INFO] ThirdParty:1030 - CMSIS Pack Vendor :STMicroelectronics X-CUBE-ISPU 2.0.0
2024-09-26 22:23:18,169 [INFO] ThirdParty:1030 - CMSIS Pack Vendor :STMicroelectronics X-CUBE-EEPRMA1 5.1.0
2024-09-26 22:23:18,169 [INFO] ThirdParty:1030 - CMSIS Pack Vendor :STMicroelectronics HAL Drivers 0.0.0
2024-09-26 22:23:18,169 [INFO] ThirdParty:1030 - CMSIS Pack Vendor :STMicroelectronics MBEDTLS 2.16.2
2024-09-26 22:23:18,169 [INFO] ThirdParty:1030 - CMSIS Pack Vendor :STMicroelectronics X-CUBE-ALS 1.0.2
2024-09-26 22:23:18,169 [INFO] ThirdParty:1030 - CMSIS Pack Vendor :emotas I-CUBE-CANOPEN 1.3.0
2024-09-26 22:23:18,170 [INFO] ThirdParty:1030 - CMSIS Pack Vendor :STMicroelectronics X-CUBE-MEMS1 10.0.0
2024-09-26 22:23:18,170 [INFO] ThirdParty:1030 - CMSIS Pack Vendor :STMicroelectronics X-CUBE-NFC7 1.0.1
2024-09-26 22:23:18,170 [INFO] ThirdParty:1030 - CMSIS Pack Vendor :STMicroelectronics MBEDTLS 2.14.1
2024-09-26 22:23:18,170 [INFO] ThirdParty:1030 - CMSIS Pack Vendor :ITTIA_DB I-CUBE-ITTIADB 8.9.0
2024-09-26 22:23:18,170 [INFO] ThirdParty:1030 - CMSIS Pack Vendor :STMicroelectronics X-CUBE-TOUCHGFX 4.24.1
2024-09-26 22:23:18,170 [INFO] ThirdParty:1030 - CMSIS Pack Vendor :wolfSSL I-CUBE-wolfTPM 3.4.0
2024-09-26 22:23:18,170 [INFO] ThirdParty:1030 - CMSIS Pack Vendor :portGmbH I-Cube-SoM-uGOAL 1.1.0
2024-09-26 22:23:18,170 [INFO] ThirdParty:1030 - CMSIS Pack Vendor :STMicroelectronics X-CUBE-BLEMGR 3.1.0
2024-09-26 22:23:18,170 [INFO] ThirdParty:1030 - CMSIS Pack Vendor :STMicroelectronics ThreadX 1.0.0
2024-09-26 22:23:18,170 [INFO] ThirdParty:1030 - CMSIS Pack Vendor :STMicroelectronics FP-SNS-SMARTAG2 1.2.0
2024-09-26 22:23:18,170 [INFO] ThirdParty:1030 - CMSIS Pack Vendor :STMicroelectronics X-CUBE-AZRTOS-WL 2.0.0
2024-09-26 22:23:18,170 [INFO] ThirdParty:1030 - CMSIS Pack Vendor :SEGGER I-CUBE-embOS 1.3.1
2024-09-26 22:23:18,170 [INFO] ThirdParty:1030 - CMSIS Pack Vendor :STMicroelectronics X-CUBE-ALGOBUILD 1.4.0
2024-09-26 22:23:18,170 [INFO] ThirdParty:1030 - CMSIS Pack Vendor :STMicroelectronics FP-SNS-MOTENV1 5.0.0
2024-09-26 22:23:18,170 [INFO] ThirdParty:1030 - CMSIS Pack Vendor :STMicroelectronics USB_DEVICE 1.0.0
2024-09-26 22:23:18,170 [INFO] ThirdParty:1030 - CMSIS Pack Vendor :STMicroelectronics X-CUBE-AZRTOS-H7RS 1.0.0
2024-09-26 22:23:18,170 [INFO] ThirdParty:1030 - CMSIS Pack Vendor :wolfSSL I-CUBE-wolfMQTT 1.19.0
2024-09-26 22:23:18,170 [INFO] ThirdParty:1030 - CMSIS Pack Vendor :STMicroelectronics X-CUBE-AZRTOS-L4 2.0.0
2024-09-26 22:23:18,170 [INFO] ThirdParty:1030 - CMSIS Pack Vendor :STMicroelectronics ThreadX 0.0.2
2024-09-26 22:23:18,170 [INFO] ThirdParty:1030 - CMSIS Pack Vendor :WES I-CUBE-Cesium 1.3.0
2024-09-26 22:23:18,170 [INFO] ThirdParty:1030 - CMSIS Pack Vendor :STMicroelectronics FP-ATR-ASTRA1 2.0.0
2024-09-26 22:23:18,170 [INFO] ThirdParty:1030 - CMSIS Pack Vendor :STMicroelectronics lwIP 2.1.2
2024-09-26 22:23:18,170 [INFO] ThirdParty:1030 - CMSIS Pack Vendor :STMicroelectronics X-CUBE-SFXS2LP1 4.0.0
2024-09-26 22:23:18,170 [INFO] ThirdParty:1030 - CMSIS Pack Vendor :STMicroelectronics X-CUBE-BLE2 3.3.0
2024-09-26 22:23:18,170 [INFO] ThirdParty:1030 - CMSIS Pack Vendor :STMicroelectronics X-CUBE-TOF1 3.4.2
2024-09-26 22:23:18,170 [INFO] ThirdParty:1030 - CMSIS Pack Vendor :STMicroelectronics X-CUBE-TOF1 3.4.1
2024-09-26 22:23:18,170 [INFO] ThirdParty:1030 - CMSIS Pack Vendor :STMicroelectronics X-CUBE-AZRTOS-H7 3.2.0
2024-09-26 22:23:18,170 [INFO] ThirdParty:1030 - CMSIS Pack Vendor :Infineon AIROC-Wi-Fi-Bluetooth-STM32 1.6.0
2024-09-26 22:23:18,170 [INFO] ThirdParty:1030 - CMSIS Pack Vendor :STMicroelectronics PDM2PCM 3.2.0
2024-09-26 22:23:18,170 [INFO] ThirdParty:1030 - CMSIS Pack Vendor :wolfSSL I-CUBE-wolfSSH 1.4.17
2024-09-26 22:23:18,170 [INFO] ThirdParty:841 - exiting critical section [change project]
2024-09-26 22:23:18,539 [INFO] PinOutPanel:1561 - setPackage(No Configuration,No Configuration)
2024-09-26 22:23:18,541 [INFO] PinOutPanel:1561 - setPackage(STM32L476RGTx,LQFP64)
2024-09-26 22:23:18,965 [INFO] UtilMem:75 - Before build in PCC Used Memory: 930446480 Bytes (1073741824)
2024-09-26 22:23:19,434 [INFO] UtilMem:75 - After build in PCC Used Memory: 826113648 Bytes (1073741824)
2024-09-26 22:23:19,480 [INFO] IPUIPlugin:80 - create IPUIPlugin
2024-09-26 22:23:19,480 [INFO] IPUIPlugin:80 - create IPUIPlugin
2024-09-26 22:23:19,481 [INFO] IPUIPlugin:80 - create IPUIPlugin
2024-09-26 22:23:19,481 [INFO] IPUIPlugin:80 - create IPUIPlugin
2024-09-26 22:23:19,481 [INFO] IPUIPlugin:80 - create IPUIPlugin
2024-09-26 22:23:19,481 [INFO] IPUIPlugin:80 - create IPUIPlugin
2024-09-26 22:23:19,481 [INFO] IPUIPlugin:80 - create IPUIPlugin
2024-09-26 22:23:19,483 [INFO] IPUIPlugin:80 - create IPUIPlugin
2024-09-26 22:23:19,484 [INFO] IPUIPlugin:80 - create IPUIPlugin
2024-09-26 22:23:19,484 [INFO] IPUIPlugin:80 - create IPUIPlugin
2024-09-26 22:23:19,484 [INFO] IPUIPlugin:80 - create IPUIPlugin
2024-09-26 22:23:19,484 [INFO] IPUIPlugin:80 - create IPUIPlugin
2024-09-26 22:23:19,484 [INFO] IPUIPlugin:80 - create IPUIPlugin
2024-09-26 22:23:19,484 [INFO] IPUIPlugin:80 - create IPUIPlugin
2024-09-26 22:23:19,485 [INFO] IPUIPlugin:80 - create IPUIPlugin
2024-09-26 22:23:19,485 [INFO] IPUIPlugin:80 - create IPUIPlugin
2024-09-26 22:23:19,485 [INFO] IPUIPlugin:80 - create IPUIPlugin
2024-09-26 22:23:19,485 [INFO] IPUIPlugin:80 - create IPUIPlugin
2024-09-26 22:23:19,486 [INFO] IPUIPlugin:80 - create IPUIPlugin
2024-09-26 22:23:19,486 [INFO] IPUIPlugin:80 - create IPUIPlugin
2024-09-26 22:23:19,486 [INFO] IPUIPlugin:80 - create IPUIPlugin
2024-09-26 22:23:19,487 [INFO] IPUIPlugin:80 - create IPUIPlugin
2024-09-26 22:23:19,487 [INFO] IPUIPlugin:80 - create IPUIPlugin
2024-09-26 22:23:19,487 [INFO] IPUIPlugin:80 - create IPUIPlugin
2024-09-26 22:23:19,487 [INFO] IPUIPlugin:80 - create IPUIPlugin
2024-09-26 22:23:19,488 [INFO] IPUIPlugin:80 - create IPUIPlugin
2024-09-26 22:23:19,490 [INFO] IPUIPlugin:80 - create IPUIPlugin
2024-09-26 22:23:19,491 [INFO] IPUIPlugin:80 - create IPUIPlugin
2024-09-26 22:23:19,492 [INFO] IPUIPlugin:80 - create IPUIPlugin
2024-09-26 22:23:19,492 [INFO] IPUIPlugin:80 - create IPUIPlugin
2024-09-26 22:23:19,492 [INFO] IPUIPlugin:80 - create IPUIPlugin
2024-09-26 22:23:19,493 [INFO] IPUIPlugin:80 - create IPUIPlugin
2024-09-26 22:23:19,493 [INFO] IPUIPlugin:80 - create IPUIPlugin
2024-09-26 22:23:19,493 [INFO] IPUIPlugin:80 - create IPUIPlugin
2024-09-26 22:23:19,494 [INFO] IPUIPlugin:80 - create IPUIPlugin
2024-09-26 22:23:19,494 [INFO] IPUIPlugin:80 - create IPUIPlugin
2024-09-26 22:23:19,498 [INFO] IPUIPlugin:80 - create IPUIPlugin
2024-09-26 22:23:19,498 [INFO] IPUIPlugin:80 - create IPUIPlugin
2024-09-26 22:23:19,499 [INFO] IPUIPlugin:80 - create IPUIPlugin
2024-09-26 22:23:19,499 [INFO] IPUIPlugin:80 - create IPUIPlugin
2024-09-26 22:23:19,499 [INFO] IPUIPlugin:80 - create IPUIPlugin
2024-09-26 22:23:19,499 [INFO] IPUIPlugin:80 - create IPUIPlugin
2024-09-26 22:23:19,500 [INFO] IPUIPlugin:80 - create IPUIPlugin
2024-09-26 22:23:19,500 [INFO] IPUIPlugin:80 - create IPUIPlugin
2024-09-26 22:23:19,500 [INFO] IPUIPlugin:80 - create IPUIPlugin
2024-09-26 22:23:19,501 [INFO] IPUIPlugin:80 - create IPUIPlugin
2024-09-26 22:23:19,501 [INFO] IPUIPlugin:80 - create IPUIPlugin
2024-09-26 22:23:19,502 [INFO] IPUIPlugin:80 - create IPUIPlugin
2024-09-26 22:23:19,503 [INFO] IPUIPlugin:80 - create IPUIPlugin
2024-09-26 22:23:19,504 [INFO] IPUIPlugin:80 - create IPUIPlugin
2024-09-26 22:23:19,504 [INFO] IPUIPlugin:80 - create IPUIPlugin
2024-09-26 22:23:19,505 [INFO] IPUIPlugin:80 - create IPUIPlugin
2024-09-26 22:23:19,506 [INFO] IPUIPlugin:80 - create IPUIPlugin
2024-09-26 22:23:19,507 [INFO] IPUIPlugin:80 - create IPUIPlugin
2024-09-26 22:23:19,507 [INFO] IPUIPlugin:80 - create IPUIPlugin
2024-09-26 22:23:19,508 [INFO] IPUIPlugin:80 - create IPUIPlugin
2024-09-26 22:23:19,509 [INFO] IPUIPlugin:80 - create IPUIPlugin
2024-09-26 22:23:19,510 [INFO] IPUIPlugin:80 - create IPUIPlugin
2024-09-26 22:23:19,511 [INFO] IPUIPlugin:80 - create IPUIPlugin
2024-09-26 22:23:19,562 [INFO] CADModel:165 - CPN selected for project levelSTM32L476RGT6
2024-09-26 22:23:19,562 [INFO] CADModel:114 - Register for checkConnection events
2024-09-26 22:23:19,618 [INFO] OpenFileManager:343 - Restore cursor
2024-09-26 22:23:20,033 [INFO] UtilMem:75 - End SaveConfig() Used Memory: 761374176 Bytes (1073741824)
2024-09-26 22:23:20,089 [INFO] UtilMem:75 - End SaveConfig() Used Memory: 787585208 Bytes (1073741824)
2024-09-26 22:23:20,247 [INFO] BlockDiagram:2759 - set Specific Code input for plugin: RCC
2024-09-26 22:23:20,247 [INFO] BlockDiagram:2759 - set Specific Code input for plugin: NVIC
2024-09-26 22:23:20,248 [INFO] CodeGenerator:807 - code generatio: config db path: C:\Users\USER\Downloads\STM32CubeIDE_1.15.1\STM32CubeIDE\plugins\com.st.stm32cube.common.mx_6.11.1.202404110753\\db\
2024-09-26 22:23:20,466 [INFO] CodeEngine:255 - oldGeneratedFile, C:\Users\USER\STM32CubeIDE\workspace_school\PROJECT2KEYPAD\MXTmpFiles\license.tmp_save
2024-09-26 22:23:20,755 [INFO] CodeEngine:279 - Generated code: C:\Users\USER\STM32CubeIDE\workspace_school\PROJECT2KEYPAD\MXTmpFiles\license.tmp
2024-09-26 22:23:20,824 [INFO] CodeEngine:255 - oldGeneratedFile, C:\Users\USER\STM32CubeIDE\workspace_school\PROJECT2KEYPAD\Core\Src\stm32l4xx_it.c_save
2024-09-26 22:23:21,257 [INFO] CodeEngine:279 - Generated code: C:\Users\USER\STM32CubeIDE\workspace_school\PROJECT2KEYPAD\Core\Src\stm32l4xx_it.c
2024-09-26 22:23:21,279 [INFO] CodeEngine:255 - oldGeneratedFile, C:\Users\USER\STM32CubeIDE\workspace_school\PROJECT2KEYPAD\Core\Inc\stm32l4xx_it.h_save
2024-09-26 22:23:21,412 [INFO] CodeEngine:279 - Generated code: C:\Users\USER\STM32CubeIDE\workspace_school\PROJECT2KEYPAD\Core\Inc\stm32l4xx_it.h
2024-09-26 22:23:21,515 [INFO] CodeEngine:255 - oldGeneratedFile, C:\Users\USER\STM32CubeIDE\workspace_school\PROJECT2KEYPAD\Core\Src\stm32l4xx_hal_msp.c_save
2024-09-26 22:23:21,702 [INFO] CodeEngine:279 - Generated code: C:\Users\USER\STM32CubeIDE\workspace_school\PROJECT2KEYPAD\Core\Src\stm32l4xx_hal_msp.c
2024-09-26 22:23:21,716 [INFO] CodeEngine:255 - oldGeneratedFile, C:\Users\USER\STM32CubeIDE\workspace_school\PROJECT2KEYPAD\MXTmpFiles\system.tmp_save
2024-09-26 22:23:21,782 [INFO] CodeEngine:279 - Generated code: C:\Users\USER\STM32CubeIDE\workspace_school\PROJECT2KEYPAD\MXTmpFiles\system.tmp
2024-09-26 22:23:21,804 [INFO] CodeEngine:311 - oldGeneratedFile, C:\Users\USER\STM32CubeIDE\workspace_school\PROJECT2KEYPAD\Core\Inc\stm32l4xx_hal_conf.h_save
2024-09-26 22:23:21,916 [INFO] CodeEngine:335 - Generated code: C:\Users\USER\STM32CubeIDE\workspace_school\PROJECT2KEYPAD\Core\Inc\stm32l4xx_hal_conf.h
2024-09-26 22:23:21,973 [INFO] CodeEngine:255 - oldGeneratedFile, C:\Users\USER\STM32CubeIDE\workspace_school\PROJECT2KEYPAD\Core\Inc\main.h_save
2024-09-26 22:23:22,118 [INFO] CodeEngine:279 - Generated code: C:\Users\USER\STM32CubeIDE\workspace_school\PROJECT2KEYPAD\Core\Inc\main.h
2024-09-26 22:23:22,134 [INFO] CodeEngine:255 - oldGeneratedFile, C:\Users\USER\STM32CubeIDE\workspace_school\PROJECT2KEYPAD\Core\Src\main.c_save
2024-09-26 22:23:22,272 [INFO] CodeEngine:279 - Generated code: C:\Users\USER\STM32CubeIDE\workspace_school\PROJECT2KEYPAD\Core\Src\main.c
2024-09-26 22:23:22,769 [INFO] ProjectBuilder:3163 - Time for Copy HAL[1] : 264mS.
2024-09-26 22:23:22,775 [INFO] ProjectBuilder:4736 - Project Generator version: 4.3.0-B58
2024-09-26 22:23:22,880 [INFO] ConfigFileManager:1503 - The Die is : DIE415
2024-09-26 22:23:22,893 [INFO] ApiDbMcu:508 - Load IP Config File for FATFS
2024-09-26 22:23:22,909 [INFO] ApiDbMcu:508 - Load IP Config File for FREERTOS
2024-09-26 22:23:22,934 [INFO] ApiDbMcu:508 - Load IP Config File for TOUCHSENSING
2024-09-26 22:23:22,950 [INFO] ApiDbMcu:508 - Load IP Config File for USB_DEVICE
2024-09-26 22:23:22,966 [INFO] ApiDbMcu:508 - Load IP Config File for USB_HOST
2024-09-26 22:23:25,156 [INFO] ProjectBuilder:5002 - Time for Generating toolchain IDE Files: 2381mS.
2024-09-26 22:23:25,157 [INFO] ProjectBuilder:3034 - Time for Copy CMSIS : 1mS.
2024-09-26 22:23:25,161 [INFO] ProjectBuilder:3034 - Time for Copy CMSIS : 0mS.
2024-09-26 22:23:25,853 [INFO] McuFinderGlobals:76 - Set McuFinderConnectedMode to true
2024-09-26 22:23:25,856 [INFO] ApiDb:448 - Save user favorites file C:\Users\USER/.stm32cubeide/favorites.mcus.txt: 1 item(s)
2024-09-26 22:23:25,857 [INFO] ApiDb:452 - User favorites MCUs=[STM32L476RGT6]
