2024-10-30 13:04:29,788 [INFO] Activator:176 - 


2024-10-30 13:04:29,795 [INFO] Activator:177 - !SESSION log4j initialized
2024-10-30 13:04:37,139 [INFO] LogOutputStream:77 - [STDOUT_REDIRECT] 
2024-10-30 13:04:44,663 [INFO] ApplicationProperties:184 - Using Application install path: C:\Users\USER\Downloads\STM32CubeIDE_1.15.1\STM32CubeIDE\plugins\com.st.stm32cube.common.mx_6.11.1.202404110753
2024-10-30 13:04:44,682 [INFO] DbMcusXml:78 - Set database path to: C:\Users\USER\Downloads\STM32CubeIDE_1.15.1\STM32CubeIDE\plugins\com.st.stm32cube.common.mx_6.11.1.202404110753\\db\/mcu/
2024-10-30 13:04:44,682 [INFO] ApiDb:274 - Set plugin database path to: C:\Users\USER\Downloads\STM32CubeIDE_1.15.1\STM32CubeIDE\plugins\com.st.stm32cube.common.mx_6.11.1.202404110753\\db\/plugins/boardmanager/
2024-10-30 13:04:44,682 [WARN] ApiDb:259 - Overriding images path with different value:  => C:\Users\USER\Downloads\STM32CubeIDE_1.15.1\STM32CubeIDE\plugins\com.st.stm32cube.common.mx_6.11.1.202404110753\\db\/plugins/mcufinder/images/
2024-10-30 13:04:44,693 [INFO] ApiDb:250 - Set database path to: C:\Users\USER\.stmcufinder\plugins\mcufinder//mcu/
2024-10-30 13:04:44,694 [INFO] DbMcusAds:125 - Set database path to: C:\Users\USER\.stmcufinder\plugins\mcufinder//mcu/
2024-10-30 13:04:44,696 [INFO] CrossReferenceDbSqlite:203 - Set database path to: C:\Users\USER\.stmcufinder\plugins\mcufinder//mcu/cs/
2024-10-30 13:04:44,823 [INFO] RulesReader:64 - Compatibility file has been processed (297 Rules)
2024-10-30 13:04:44,911 [INFO] DbMcusXml:78 - Set database path to: C:\Users\USER\Downloads\STM32CubeIDE_1.15.1\STM32CubeIDE\plugins\com.st.stm32cube.common.mx_6.11.1.202404110753\\db\/mcu/
2024-10-30 13:04:44,911 [INFO] ApiDb:274 - Set plugin database path to: C:\Users\USER\Downloads\STM32CubeIDE_1.15.1\STM32CubeIDE\plugins\com.st.stm32cube.common.mx_6.11.1.202404110753\\db\/plugins/boardmanager/
2024-10-30 13:04:44,911 [INFO] ApiDb:261 - Set plugin images path to: C:\Users\USER\Downloads\STM32CubeIDE_1.15.1\STM32CubeIDE\plugins\com.st.stm32cube.common.mx_6.11.1.202404110753\\db\/plugins/mcufinder/images/
2024-10-30 13:04:44,911 [WARN] DbFile:41 - Overriding database path with different value: C:\Users\USER\.stmcufinder\plugins\mcufinder/ => C:\Users\USER\.stmcufinder\plugins\mcufinder
2024-10-30 13:04:44,911 [INFO] ApiDb:250 - Set database path to: C:\Users\USER\.stmcufinder\plugins\mcufinder//mcu/
2024-10-30 13:04:44,911 [WARN] DbFile:41 - Overriding database path with different value: C:\Users\USER\.stmcufinder\plugins\mcufinder/ => C:\Users\USER\.stmcufinder\plugins\mcufinder
2024-10-30 13:04:44,911 [INFO] DbMcusAds:125 - Set database path to: C:\Users\USER\.stmcufinder\plugins\mcufinder//mcu/
2024-10-30 13:04:44,911 [WARN] DbFile:41 - Overriding database path with different value: C:\Users\USER\.stmcufinder\plugins\mcufinder/ => C:\Users\USER\.stmcufinder\plugins\mcufinder
2024-10-30 13:04:44,912 [WARN] DbFile:41 - Overriding database path with different value: C:\Users\USER\.stmcufinder\plugins\mcufinder/ => C:\Users\USER\.stmcufinder\plugins\mcufinder
2024-10-30 13:04:44,912 [INFO] CrossReferenceDbSqlite:203 - Set database path to: C:\Users\USER\.stmcufinder\plugins\mcufinder//mcu/cs/
2024-10-30 13:04:45,014 [INFO] MainPanel:264 - HeapMemory: 268435456
2024-10-30 13:04:45,115 [INFO] DbMcusXml:78 - Set database path to: C:\Users\USER\Downloads\STM32CubeIDE_1.15.1\STM32CubeIDE\plugins\com.st.stm32cube.common.mx_6.11.1.202404110753\\db\/mcu/
2024-10-30 13:04:45,115 [INFO] ApiDb:274 - Set plugin database path to: C:\Users\USER\Downloads\STM32CubeIDE_1.15.1\STM32CubeIDE\plugins\com.st.stm32cube.common.mx_6.11.1.202404110753\\db\/plugins/boardmanager/
2024-10-30 13:04:45,115 [INFO] ApiDb:261 - Set plugin images path to: C:\Users\USER\Downloads\STM32CubeIDE_1.15.1\STM32CubeIDE\plugins\com.st.stm32cube.common.mx_6.11.1.202404110753\\db\/plugins/mcufinder/images/
2024-10-30 13:04:45,115 [WARN] DbFile:41 - Overriding database path with different value: C:\Users\USER\.stmcufinder\plugins\mcufinder/ => C:\Users\USER\.stmcufinder\plugins\mcufinder
2024-10-30 13:04:45,115 [INFO] ApiDb:250 - Set database path to: C:\Users\USER\.stmcufinder\plugins\mcufinder//mcu/
2024-10-30 13:04:45,115 [WARN] DbFile:41 - Overriding database path with different value: C:\Users\USER\.stmcufinder\plugins\mcufinder/ => C:\Users\USER\.stmcufinder\plugins\mcufinder
2024-10-30 13:04:45,115 [INFO] DbMcusAds:125 - Set database path to: C:\Users\USER\.stmcufinder\plugins\mcufinder//mcu/
2024-10-30 13:04:45,116 [WARN] DbFile:41 - Overriding database path with different value: C:\Users\USER\.stmcufinder\plugins\mcufinder/ => C:\Users\USER\.stmcufinder\plugins\mcufinder
2024-10-30 13:04:45,116 [WARN] DbFile:41 - Overriding database path with different value: C:\Users\USER\.stmcufinder\plugins\mcufinder/ => C:\Users\USER\.stmcufinder\plugins\mcufinder
2024-10-30 13:04:45,116 [INFO] CrossReferenceDbSqlite:203 - Set database path to: C:\Users\USER\.stmcufinder\plugins\mcufinder//mcu/cs/
2024-10-30 13:04:45,133 [INFO] ApplicationProperties:184 - Using Application install path: C:\Users\USER\Downloads\STM32CubeIDE_1.15.1\STM32CubeIDE\plugins\com.st.stm32cube.common.mx_6.11.1.202404110753
2024-10-30 13:04:45,135 [INFO] PluginManage:196 - Search for loadable plugins [exclusion list=, ]
2024-10-30 13:04:45,136 [INFO] PluginManage:310 - Check plugin analytics
2024-10-30 13:04:49,831 [INFO] AnalyticsPlugin:253 - Accepted Software Licenses: 
2024-10-30 13:04:49,831 [INFO] AnalyticsPlugin:255 - Accepted CMSIS Pack Licenses: 
2024-10-30 13:04:49,832 [INFO] AnalyticsPlugin:257 - Accepted Firmware Licenses: 
2024-10-30 13:04:49,834 [INFO] PluginManage:359 - Loaded plugin analytics (category:tool,tabindex:-1)
2024-10-30 13:04:49,834 [INFO] PluginManage:310 - Check plugin cadmodel
2024-10-30 13:04:49,850 [INFO] CADModel:105 - Init CAD model plugin
2024-10-30 13:04:49,850 [INFO] PluginManage:359 - Loaded plugin cadmodel (category:power,tabindex:5)
2024-10-30 13:04:49,850 [INFO] PluginManage:310 - Check plugin clock
2024-10-30 13:04:49,870 [INFO] PluginManage:359 - Loaded plugin clock (category:base,tabindex:2)
2024-10-30 13:04:49,870 [INFO] PluginManage:310 - Check plugin ddr
2024-10-30 13:04:49,873 [INFO] PluginManage:359 - Loaded plugin ddr (category:tool,tabindex:6)
2024-10-30 13:04:49,873 [INFO] PluginManage:310 - Check plugin filemanager
2024-10-30 13:04:50,011 [INFO] PluginManage:359 - Loaded plugin filemanager (category:base,tabindex:10)
2024-10-30 13:04:50,011 [INFO] PluginManage:310 - Check plugin ipmanager
2024-10-30 13:04:50,018 [INFO] PluginManage:359 - Loaded plugin ipmanager (category:base,tabindex:5)
2024-10-30 13:04:50,018 [INFO] PluginManage:310 - Check plugin lpbam
2024-10-30 13:04:50,035 [INFO] PluginManage:359 - Loaded plugin lpbam (category:base,tabindex:0)
2024-10-30 13:04:50,035 [INFO] PluginManage:310 - Check plugin memorymap
2024-10-30 13:04:50,058 [INFO] PluginManage:359 - Loaded plugin memorymap (category:base,tabindex:4)
2024-10-30 13:04:50,058 [INFO] PluginManage:310 - Check plugin pinoutandconfiguration
2024-10-30 13:04:50,075 [INFO] PluginManage:359 - Loaded plugin pinoutandconfiguration (category:base,tabindex:1)
2024-10-30 13:04:50,075 [INFO] PluginManage:310 - Check plugin pinoutconfig
2024-10-30 13:04:50,169 [WARN] SupportedApi:132 - Cannot load RTOS API schema: s4s-elt-must-match.1: The content of 'definitions' must match (annotation?, (simpleType | complexType)?, (unique | key | keyref)*)). A problem was found starting at: attribute.
2024-10-30 13:04:50,309 [INFO] PluginManage:359 - Loaded plugin pinoutconfig (category:base,tabindex:0)
2024-10-30 13:04:50,309 [INFO] PluginManage:310 - Check plugin power
2024-10-30 13:04:50,328 [INFO] PluginManage:359 - Loaded plugin power (category:power,tabindex:4)
2024-10-30 13:04:50,328 [INFO] PluginManage:310 - Check plugin projectmanager
2024-10-30 13:04:50,344 [INFO] PluginManage:359 - Loaded plugin projectmanager (category:projectmanager,tabindex:3)
2024-10-30 13:04:50,344 [INFO] PluginManage:310 - Check plugin thirdparty
2024-10-30 13:04:50,613 [INFO] PluginManage:359 - Loaded plugin thirdparty (category:base,tabindex:-1)
2024-10-30 13:04:50,613 [WARN] IntegrityCheckThread:84 - waiting for thirdparty lock release [integrity check]
2024-10-30 13:04:50,613 [INFO] PluginManage:310 - Check plugin tools
2024-10-30 13:04:50,613 [INFO] IntegrityCheckThread:86 - entering critical section [integrity check]
2024-10-30 13:04:50,613 [INFO] ThirdPartyUpdaterWithRetryManager:70 - Updater plugin not ready yet. [1/15]
2024-10-30 13:04:50,646 [INFO] PluginManage:359 - Loaded plugin tools (category:base,tabindex:7)
2024-10-30 13:04:50,646 [INFO] PluginManage:310 - Check plugin tutovideos
2024-10-30 13:04:50,864 [INFO] PluginManage:359 - Loaded plugin tutovideos (category:base,tabindex:-1)
2024-10-30 13:04:50,864 [INFO] PluginManage:310 - Check plugin updater
2024-10-30 13:04:50,879 [INFO] PluginManage:359 - Loaded plugin updater (category:base,tabindex:12)
2024-10-30 13:04:50,879 [INFO] PluginManage:310 - Check plugin userauth
2024-10-30 13:04:50,886 [INFO] UserAuth:114 - Init User Auth plugin
2024-10-30 13:04:50,886 [INFO] PluginManage:359 - Loaded plugin userauth (category:base,tabindex:14)
2024-10-30 13:04:50,887 [INFO] PluginManage:283 - PluginManage : Loaded plugins [17]
2024-10-30 13:04:51,029 [INFO] McuFinderGlobals:63 - Set McuFinder mode to 2 (CubeIDE integrated)
2024-10-30 13:04:51,126 [INFO] PinOutPanel:1561 - setPackage(No Configuration,No Configuration)
2024-10-30 13:04:51,204 [INFO] CADModel:165 - CPN selected for project level
2024-10-30 13:04:51,204 [INFO] CADModel:114 - Register for checkConnection events
2024-10-30 13:04:51,229 [INFO] IPUIPlugin:80 - create IPUIPlugin
2024-10-30 13:04:51,230 [INFO] PluginManager:220 - loadIPPluginJar : add adc
2024-10-30 13:04:51,263 [INFO] IPUIPlugin:80 - create IPUIPlugin
2024-10-30 13:04:51,263 [INFO] PluginManager:220 - loadIPPluginJar : add aes
2024-10-30 13:04:51,300 [INFO] IPUIPlugin:80 - create IPUIPlugin
2024-10-30 13:04:51,300 [INFO] PluginManager:220 - loadIPPluginJar : add can
2024-10-30 13:04:51,323 [INFO] IPUIPlugin:80 - create IPUIPlugin
2024-10-30 13:04:51,323 [INFO] PluginManager:220 - loadIPPluginJar : add comp
2024-10-30 13:04:51,353 [INFO] IPUIPlugin:80 - create IPUIPlugin
2024-10-30 13:04:51,354 [INFO] PluginManager:220 - loadIPPluginJar : add cryp
2024-10-30 13:04:51,381 [INFO] IPUIPlugin:80 - create IPUIPlugin
2024-10-30 13:04:51,381 [INFO] PluginManager:220 - loadIPPluginJar : add dfsdm
2024-10-30 13:04:51,395 [INFO] IPUIPlugin:80 - create IPUIPlugin
2024-10-30 13:04:51,395 [INFO] PluginManager:220 - loadIPPluginJar : add dma
2024-10-30 13:04:51,437 [INFO] IPUIPlugin:80 - create IPUIPlugin
2024-10-30 13:04:51,437 [INFO] PluginManager:220 - loadIPPluginJar : add dma3
2024-10-30 13:04:51,479 [INFO] IPUIPlugin:80 - create IPUIPlugin
2024-10-30 13:04:51,480 [INFO] PluginManager:220 - loadIPPluginJar : add extmemmanager
2024-10-30 13:04:51,498 [INFO] IPUIPlugin:80 - create IPUIPlugin
2024-10-30 13:04:51,498 [INFO] PluginManager:220 - loadIPPluginJar : add fatfs
2024-10-30 13:04:51,542 [INFO] IPUIPlugin:80 - create IPUIPlugin
2024-10-30 13:04:51,543 [INFO] PluginManager:220 - loadIPPluginJar : add fmc
2024-10-30 13:04:51,557 [INFO] IPUIPlugin:80 - create IPUIPlugin
2024-10-30 13:04:51,557 [INFO] PluginManager:220 - loadIPPluginJar : add freertos
2024-10-30 13:04:51,576 [INFO] IPUIPlugin:80 - create IPUIPlugin
2024-10-30 13:04:51,576 [INFO] PluginManager:220 - loadIPPluginJar : add genericplugin
2024-10-30 13:04:51,663 [INFO] IPUIPlugin:80 - create IPUIPlugin
2024-10-30 13:04:51,663 [INFO] PluginManager:220 - loadIPPluginJar : add gfxmmu
2024-10-30 13:04:51,787 [INFO] IPUIPlugin:80 - create IPUIPlugin
2024-10-30 13:04:51,787 [INFO] PluginManager:220 - loadIPPluginJar : add gic
2024-10-30 13:04:51,800 [INFO] IPUIPlugin:80 - create IPUIPlugin
2024-10-30 13:04:51,801 [INFO] PluginManager:220 - loadIPPluginJar : add gpio
2024-10-30 13:04:51,887 [INFO] IPUIPlugin:80 - create IPUIPlugin
2024-10-30 13:04:51,887 [INFO] PluginManager:220 - loadIPPluginJar : add gtzc
2024-10-30 13:04:51,919 [INFO] IPUIPlugin:80 - create IPUIPlugin
2024-10-30 13:04:51,919 [INFO] PluginManager:220 - loadIPPluginJar : add hash
2024-10-30 13:04:51,968 [INFO] IPUIPlugin:80 - create IPUIPlugin
2024-10-30 13:04:51,968 [INFO] PluginManager:220 - loadIPPluginJar : add i2c
2024-10-30 13:04:52,004 [INFO] IPUIPlugin:80 - create IPUIPlugin
2024-10-30 13:04:52,004 [INFO] PluginManager:220 - loadIPPluginJar : add i2s
2024-10-30 13:04:52,043 [INFO] IPUIPlugin:80 - create IPUIPlugin
2024-10-30 13:04:52,043 [INFO] PluginManager:220 - loadIPPluginJar : add i3c
2024-10-30 13:04:52,146 [INFO] IPUIPlugin:80 - create IPUIPlugin
2024-10-30 13:04:52,146 [INFO] PluginManager:220 - loadIPPluginJar : add ipddr
2024-10-30 13:04:52,239 [INFO] IPUIPlugin:80 - create IPUIPlugin
2024-10-30 13:04:52,240 [INFO] PluginManager:220 - loadIPPluginJar : add linkedlist
2024-10-30 13:04:52,277 [INFO] IPUIPlugin:80 - create IPUIPlugin
2024-10-30 13:04:52,277 [INFO] PluginManager:220 - loadIPPluginJar : add lorawan
2024-10-30 13:04:52,312 [INFO] IPUIPlugin:80 - create IPUIPlugin
2024-10-30 13:04:52,312 [INFO] PluginManager:220 - loadIPPluginJar : add ltdc
2024-10-30 13:04:52,326 [INFO] IPUIPlugin:80 - create IPUIPlugin
2024-10-30 13:04:52,326 [INFO] PluginManager:220 - loadIPPluginJar : add mdma
2024-10-30 13:04:52,337 [INFO] IPUIPlugin:80 - create IPUIPlugin
2024-10-30 13:04:52,338 [INFO] PluginManager:220 - loadIPPluginJar : add nvic
2024-10-30 13:04:52,373 [INFO] IPUIPlugin:80 - create IPUIPlugin
2024-10-30 13:04:52,373 [INFO] PluginManager:220 - loadIPPluginJar : add opamp
2024-10-30 13:04:52,430 [INFO] IPUIPlugin:80 - create IPUIPlugin
2024-10-30 13:04:52,430 [INFO] PluginManager:220 - loadIPPluginJar : add openamp
2024-10-30 13:04:52,472 [INFO] IPUIPlugin:80 - create IPUIPlugin
2024-10-30 13:04:52,472 [INFO] PluginManager:220 - loadIPPluginJar : add pdm2pcm
2024-10-30 13:04:52,487 [INFO] IPUIPlugin:80 - create IPUIPlugin
2024-10-30 13:04:52,489 [INFO] PluginManager:220 - loadIPPluginJar : add plateformsettings
2024-10-30 13:04:52,511 [INFO] IPUIPlugin:80 - create IPUIPlugin
2024-10-30 13:04:52,511 [INFO] PluginManager:220 - loadIPPluginJar : add quadspi
2024-10-30 13:04:52,523 [INFO] IPUIPlugin:80 - create IPUIPlugin
2024-10-30 13:04:52,523 [INFO] PluginManager:220 - loadIPPluginJar : add resmgrutility
2024-10-30 13:04:52,570 [INFO] IPUIPlugin:80 - create IPUIPlugin
2024-10-30 13:04:52,570 [INFO] PluginManager:220 - loadIPPluginJar : add sai
2024-10-30 13:04:52,604 [INFO] IPUIPlugin:80 - create IPUIPlugin
2024-10-30 13:04:52,604 [INFO] PluginManager:220 - loadIPPluginJar : add spi
2024-10-30 13:04:52,670 [INFO] IPUIPlugin:80 - create IPUIPlugin
2024-10-30 13:04:52,670 [INFO] PluginManager:220 - loadIPPluginJar : add stm32_wpan
2024-10-30 13:04:52,693 [INFO] IPUIPlugin:80 - create IPUIPlugin
2024-10-30 13:04:52,693 [INFO] PluginManager:220 - loadIPPluginJar : add tim
2024-10-30 13:04:52,750 [INFO] IPUIPlugin:80 - create IPUIPlugin
2024-10-30 13:04:52,750 [INFO] PluginManager:220 - loadIPPluginJar : add touchsensing
2024-10-30 13:04:52,771 [INFO] IPUIPlugin:80 - create IPUIPlugin
2024-10-30 13:04:52,772 [INFO] PluginManager:220 - loadIPPluginJar : add tracer_emb
2024-10-30 13:04:52,794 [INFO] IPUIPlugin:80 - create IPUIPlugin
2024-10-30 13:04:52,794 [INFO] PluginManager:220 - loadIPPluginJar : add ts
2024-10-30 13:04:52,815 [INFO] IPUIPlugin:80 - create IPUIPlugin
2024-10-30 13:04:52,816 [INFO] PluginManager:220 - loadIPPluginJar : add tsc
2024-10-30 13:04:52,838 [INFO] IPUIPlugin:80 - create IPUIPlugin
2024-10-30 13:04:52,838 [INFO] PluginManager:220 - loadIPPluginJar : add ucpd
2024-10-30 13:04:52,878 [INFO] IPUIPlugin:80 - create IPUIPlugin
2024-10-30 13:04:52,878 [INFO] PluginManager:220 - loadIPPluginJar : add usart
2024-10-30 13:04:52,920 [INFO] IPUIPlugin:80 - create IPUIPlugin
2024-10-30 13:04:52,921 [INFO] PluginManager:220 - loadIPPluginJar : add usbx
2024-10-30 13:04:53,051 [INFO] CADModel:165 - CPN selected for project level
2024-10-30 13:04:53,051 [INFO] CADModel:114 - Register for checkConnection events
2024-10-30 13:04:53,051 [FATAL] Updater:308 - Updater called before beeing initialized
2024-10-30 13:04:53,051 [ERROR] CADModel:125 - Updater not yet initialized, retry later 
2024-10-30 13:04:53,195 [INFO] CADModel:165 - CPN selected for project level
2024-10-30 13:04:53,195 [INFO] CADModel:114 - Register for checkConnection events
2024-10-30 13:04:53,195 [FATAL] Updater:308 - Updater called before beeing initialized
2024-10-30 13:04:53,195 [ERROR] CADModel:125 - Updater not yet initialized, retry later 
2024-10-30 13:04:53,198 [FATAL] Updater:308 - Updater called before beeing initialized
2024-10-30 13:04:53,312 [FATAL] Updater:308 - Updater called before beeing initialized
2024-10-30 13:04:53,322 [INFO] DbMcusAds:53 - JSON generation date=Fri Sep 20 06:04:38 PDT 2024 (1726837478367)
2024-10-30 13:04:53,322 [FATAL] Updater:308 - Updater called before beeing initialized
2024-10-30 13:04:53,395 [WARN] DetailPanel:346 - Failed to get advertising image, set to default
2024-10-30 13:04:53,488 [FATAL] Updater:308 - Updater called before beeing initialized
2024-10-30 13:04:53,490 [FATAL] Updater:308 - Updater called before beeing initialized
2024-10-30 13:04:53,490 [FATAL] Updater:308 - Updater called before beeing initialized
2024-10-30 13:04:53,491 [WARN] DetailPanel:346 - Failed to get advertising image, set to default
2024-10-30 13:04:53,491 [FATAL] Updater:308 - Updater called before beeing initialized
2024-10-30 13:04:53,554 [ERROR] Updater:1120 - MainUpdater not yet initialized. External WinMGr cannot be set.
2024-10-30 13:04:53,565 [INFO] Updater:1056 - Updater Version found : 6.11.1
2024-10-30 13:04:53,584 [INFO] ApplicationProperties:184 - Using Application install path: C:\Users\USER\Downloads\STM32CubeIDE_1.15.1\STM32CubeIDE\plugins\com.st.stm32cube.common.mx_6.11.1.202404110753
2024-10-30 13:04:53,614 [INFO] ThirdPartyUpdaterWithRetryManager:70 - Updater plugin not ready yet. [2/15]
2024-10-30 13:04:55,160 [ERROR] LogOutputStream:75 - [STDERR_REDIRECT] Oct 30, 2024 1:04:55 PM java.util.prefs.WindowsPreferences <init>
2024-10-30 13:04:55,162 [ERROR] LogOutputStream:75 - [STDERR_REDIRECT] WARNING: Could not open/create prefs root node Software\JavaSoft\Prefs at root 0xffffffff80000002. Windows RegCreateKeyEx(...) returned error code 5.
2024-10-30 13:04:55,162 [ERROR] LogOutputStream:75 - [STDERR_REDIRECT] 
2024-10-30 13:04:55,563 [INFO] MainUpdater:2873 - connection check result : 10
2024-10-30 13:04:55,564 [INFO] MainUpdater:290 - Updater Check For Update Now.
2024-10-30 13:04:55,564 [INFO] MicroXplorer:498 - Change Database Version : DB.6.0.111
2024-10-30 13:04:55,587 [INFO] McuFinderGlobals:63 - Set McuFinder mode to 2 (CubeIDE integrated)
2024-10-30 13:04:55,603 [INFO] UserAuth:415 - Internet connection configuration mode: 1
2024-10-30 13:04:55,639 [INFO] JxBrowserEngine:152 - Initiate JxBrowser Engine with user profile folder
2024-10-30 13:04:55,840 [INFO] CheckServerUpdateThread:120 - End of CheckServer Thread
2024-10-30 13:04:56,019 [INFO] MainUpdater:2873 - connection check result : 10
2024-10-30 13:04:56,044 [INFO] McuFinderGlobals:76 - Set McuFinderConnectedMode to true
2024-10-30 13:04:56,276 [INFO] ServerAccessManage:473 - Download File mcusAds.json._tmp_
2024-10-30 13:04:56,393 [INFO] LoadUrlFilesThread:156 - End of LoadUrlFiles Thread
2024-10-30 13:04:56,594 [INFO] ServerAccessManage:473 - Download File cube-finder-db.zip
2024-10-30 13:04:56,616 [WARN] MainUpdater:1194 - Updater busy. Cannot search thirdparties
2024-10-30 13:04:56,616 [INFO] ThirdPartyUpdaterWithRetryManager:96 - Updater plugin is busy. [1/15]
2024-10-30 13:04:57,776 [INFO] FileExtend:240 - Unzip File : cube-finder-db.zip
2024-10-30 13:04:57,777 [INFO] FileExtend:255 - Standard Zip Deflate
2024-10-30 13:04:58,856 [INFO] LoadUrlFilesThread:156 - End of LoadUrlFiles Thread
2024-10-30 13:04:59,617 [WARN] MainUpdater:1194 - Updater busy. Cannot search thirdparties
2024-10-30 13:04:59,617 [INFO] ThirdPartyUpdaterWithRetryManager:96 - Updater plugin is busy. [2/15]
2024-10-30 13:04:59,784 [INFO] ServerAccessManage:473 - Download File crdb.zip
2024-10-30 13:05:00,799 [INFO] FileExtend:240 - Unzip File : crdb.zip
2024-10-30 13:05:00,799 [INFO] FileExtend:255 - Standard Zip Deflate
2024-10-30 13:05:00,933 [INFO] LoadUrlFilesThread:156 - End of LoadUrlFiles Thread
2024-10-30 13:05:01,089 [INFO] ServerAccessManage:473 - Download File tutoVideoDB.zip
2024-10-30 13:05:01,095 [INFO] FileExtend:240 - Unzip File : tutoVideoDB.zip
2024-10-30 13:05:01,095 [INFO] FileExtend:255 - Standard Zip Deflate
2024-10-30 13:05:01,215 [INFO] LoadUrlFilesThread:156 - End of LoadUrlFiles Thread
2024-10-30 13:05:01,218 [WARN] DbFile:41 - Overriding database path with different value: C:\Users\USER\.stmcufinder\plugins\mcufinder/ => C:\Users\USER\.stmcufinder\plugins\mcufinder
2024-10-30 13:05:01,257 [INFO] ServerAccessManage:473 - Download File api_config.json
2024-10-30 13:05:01,365 [INFO] LoadUrlFilesThread:156 - End of LoadUrlFiles Thread
2024-10-30 13:05:01,367 [INFO] DbMcusAds:53 - JSON generation date=Fri Sep 20 06:04:38 PDT 2024 (1726837478367)
2024-10-30 13:05:01,403 [INFO] LoadUrlFilesThread:185 - End of LoadServerUrlFiles without Thread
2024-10-30 13:05:01,404 [INFO] TargetSelectorAdapter:259 - Refresh data is successful
2024-10-30 13:05:01,541 [INFO] ApiDb:581 - Connected to CubeFinder SQLite database (C:\Users\USER\.stmcufinder\plugins\mcufinder\mcu\cube-finder-db.db)
2024-10-30 13:05:01,619 [INFO] ApiDb:668 - CubeFinder database Data Model version=2.1
2024-10-30 13:05:01,619 [INFO] ApiDb:669 - CubeFinder database Configuration version=3.0.39
2024-10-30 13:05:01,619 [INFO] ApiDb:670 - CubeFinder database generation date=2024-10-15 (1729006872)
2024-10-30 13:05:01,620 [INFO] ApiDb:671 - CubeFinder database FW Pack versions=[FP-ATR-ASTRA1_V2.0.0, FP-SNS-FLIGHT1_V5.0.2, FP-SNS-MOTENV1_V5.0.0, FP-SNS-MOTENVWB1_V1.4.0, FP-SNS-SMARTAG2_V1.2.0, FP-SNS-STBOX1_V2.0.0, STM32Cube_FW_C0_V1.2.0, STM32Cube_FW_F4_V1.28.1, STM32Cube_FW_F7_V1.17.2, STM32Cube_FW_G0_V1.6.2, STM32Cube_FW_G4_V1.6.0, STM32Cube_FW_H5_V1.3.0, STM32Cube_FW_H7RS_V1.1.0, STM32Cube_FW_H7_V1.11.2, STM32Cube_FW_L0_V1.12.2, STM32Cube_FW_L5_V1.5.1, STM32Cube_FW_U0_V1.1.0, STM32Cube_FW_U5_V1.6.0, STM32Cube_FW_WB0_V1.0.0, STM32Cube_FW_WBA_V1.4.1, STM32Cube_FW_WB_V1.20.0, STM32Cube_FW_WL_V1.3.0, X-CUBE-ALGOBUILD_V1.4.0, X-CUBE-ALS_V1.0.2, X-CUBE-AZRTOS-F4_V1.1.0, X-CUBE-AZRTOS-F7_V1.1.0, X-CUBE-AZRTOS-G0_V1.1.0, X-CUBE-AZRTOS-G4_V2.0.0, X-CUBE-AZRTOS-H7RS_V1.0.0, X-CUBE-AZRTOS-H7_V3.3.0, X-CUBE-AZRTOS-L4_V2.0.0, X-CUBE-AZRTOS-L5_V2.0.0, X-CUBE-AZRTOS-WB_V2.0.0, X-CUBE-AZRTOS-WL_V2.0.0, X-CUBE-BLE1_V7.0.0, X-CUBE-BLE2_V3.3.0, X-CUBE-BLEMGR_V3.1.0, X-CUBE-EEPRMA1_V5.1.0, X-CUBE-FREERTOS_V1.2.0, X-CUBE-GNSS1_V6.0.0, X-CUBE-MEMS1_V11.0.0, X-CUBE-NFC4_V3.0.0, X-CUBE-NFC7_V1.0.1, X-CUBE-SFXS2LP1_V4.0.0, X-CUBE-SUBG2_V5.0.0, X-CUBE-TOF1_V3.4.2]
2024-10-30 13:05:02,945 [WARN] PackLoader:240 - Cannot read IP mode file for STMicroelectronics.FP-SNS-MOTENVWB1.1.4.0
2024-10-30 13:05:02,968 [WARN] PackLoader:240 - Cannot read IP mode file for STMicroelectronics.X-CUBE-SMBUS.2.1.0
2024-10-30 13:05:02,992 [WARN] PackLoader:240 - Cannot read IP mode file for STMicroelectronics.X-CUBE-WB05N.1.1.0
2024-10-30 13:05:03,016 [WARN] PackLoader:240 - Cannot read IP mode file for STMicroelectronics.X-CUBE-TOUCHGFX.4.23.2
2024-10-30 13:05:03,072 [WARN] PackLoader:240 - Cannot read IP mode file for STMicroelectronics.X-CUBE-AZRTOS-F7.1.1.0
2024-10-30 13:05:03,210 [WARN] PackLoader:240 - Cannot read IP mode file for STMicroelectronics.X-CUBE-MEMS1.11.0.0
2024-10-30 13:05:03,445 [WARN] PackLoader:240 - Cannot read IP mode file for STMicroelectronics.FP-SNS-FLIGHT1.5.0.2
2024-10-30 13:05:03,470 [WARN] PackLoader:240 - Cannot read IP mode file for STMicroelectronics.X-CUBE-DISPLAY.3.0.0
2024-10-30 13:05:03,498 [WARN] PackLoader:240 - Cannot read IP mode file for STMicroelectronics.X-CUBE-BLE1.7.0.0
2024-10-30 13:05:03,523 [WARN] PackLoader:240 - Cannot read IP mode file for STMicroelectronics.X-CUBE-NFC10.1.0.0
2024-10-30 13:05:03,553 [WARN] PackLoader:240 - Cannot read IP mode file for emotas.I-CUBE-CANOPEN.1.3.0
2024-10-30 13:05:03,582 [WARN] PackLoader:240 - Cannot read IP mode file for STMicroelectronics.X-CUBE-BLEMGR.3.1.0
2024-10-30 13:05:03,604 [WARN] PackLoader:240 - Cannot read IP mode file for STMicroelectronics.FP-SNS-SMARTAG2.1.2.0
2024-10-30 13:05:03,635 [INFO] LogOutputStream:77 - [STDOUT_REDIRECT] 1 : Invalid condition id : UX_CORESTACK_Condition cause : null
2024-10-30 13:05:03,638 [INFO] LogOutputStream:77 - [STDOUT_REDIRECT] 1 : Invalid condition id : UX_CORESTACK_Condition cause : null
2024-10-30 13:05:03,640 [INFO] LogOutputStream:77 - [STDOUT_REDIRECT] 1 : Invalid condition id : UX_CORESTACK_Condition cause : null
2024-10-30 13:05:03,642 [INFO] LogOutputStream:77 - [STDOUT_REDIRECT] 1 : Invalid condition id : UX_CORESTACK_Condition cause : null
2024-10-30 13:05:03,644 [INFO] LogOutputStream:77 - [STDOUT_REDIRECT] 1 : Invalid condition id : UX_CORESTACK_Condition cause : null
2024-10-30 13:05:03,648 [WARN] PackLoader:240 - Cannot read IP mode file for STMicroelectronics.X-CUBE-AZRTOS-WL.2.0.0
2024-10-30 13:05:03,674 [WARN] PackLoader:240 - Cannot read IP mode file for STMicroelectronics.FP-SNS-MOTENV1.5.0.0
2024-10-30 13:05:03,695 [WARN] PackLoader:240 - Cannot read IP mode file for wolfSSL.I-CUBE-wolfMQTT.1.19.0
2024-10-30 13:05:03,720 [WARN] PackLoader:240 - Cannot read IP mode file for WES.I-CUBE-Cesium.1.3.0
2024-10-30 13:05:03,744 [WARN] PackLoader:240 - Cannot read IP mode file for STMicroelectronics.X-CUBE-BLE2.3.3.0
2024-10-30 13:05:03,766 [WARN] PackLoader:240 - Cannot read IP mode file for STMicroelectronics.X-CUBE-NFC9.1.0.0
2024-10-30 13:05:03,789 [WARN] PackLoader:240 - Cannot read IP mode file for STMicroelectronics.X-CUBE-TCPP.4.1.0
2024-10-30 13:05:03,848 [WARN] PackLoader:240 - Cannot read IP mode file for STMicroelectronics.X-CUBE-AZRTOS-G0.1.1.0
2024-10-30 13:05:03,885 [WARN] PackLoader:240 - Cannot read IP mode file for STMicroelectronics.X-CUBE-SAFEA1.1.2.2
2024-10-30 13:05:03,913 [WARN] PackLoader:240 - Cannot read IP mode file for STMicroelectronics.X-CUBE-NFC4.3.0.0
2024-10-30 13:05:03,949 [WARN] PackLoader:240 - Cannot read IP mode file for EmbeddedOffice.I-CUBE-FS-RTOS.1.0.1
2024-10-30 13:05:03,949 [ERROR] ConditionMgr:805 - Attr not supported : Dmpu
2024-10-30 13:05:03,949 [ERROR] ConditionMgr:805 - Attr not supported : Dmpu
2024-10-30 13:05:03,950 [ERROR] ConditionMgr:805 - Attr not supported : Dmpu
2024-10-30 13:05:03,950 [ERROR] ConditionMgr:805 - Attr not supported : Dmpu
2024-10-30 13:05:03,951 [ERROR] ConditionMgr:805 - Attr not supported : Dmpu
2024-10-30 13:05:03,951 [ERROR] ConditionMgr:805 - Attr not supported : Dmpu
2024-10-30 13:05:03,951 [ERROR] ConditionMgr:805 - Attr not supported : Dmpu
2024-10-30 13:05:03,951 [ERROR] ConditionMgr:805 - Attr not supported : Dmpu
2024-10-30 13:05:03,951 [ERROR] ConditionMgr:805 - Attr not supported : Dmpu
2024-10-30 13:05:03,952 [ERROR] ConditionMgr:805 - Attr not supported : Dmpu
2024-10-30 13:05:03,952 [ERROR] ConditionMgr:805 - Attr not supported : Dmpu
2024-10-30 13:05:03,952 [ERROR] ConditionMgr:805 - Attr not supported : Dmpu
2024-10-30 13:05:03,952 [ERROR] ConditionMgr:805 - Attr not supported : Dmpu
2024-10-30 13:05:03,952 [ERROR] ConditionMgr:805 - Attr not supported : Dmpu
2024-10-30 13:05:03,952 [ERROR] ConditionMgr:805 - Attr not supported : Dmpu
2024-10-30 13:05:03,952 [ERROR] ConditionMgr:805 - Attr not supported : Dmpu
2024-10-30 13:05:03,953 [ERROR] ConditionMgr:805 - Attr not supported : Dmpu
2024-10-30 13:05:03,953 [ERROR] ConditionMgr:805 - Attr not supported : Dmpu
2024-10-30 13:05:03,960 [ERROR] ConditionMgr:805 - Attr not supported : Dmpu
2024-10-30 13:05:03,964 [ERROR] ConditionMgr:805 - Attr not supported : Dmpu
2024-10-30 13:05:03,964 [ERROR] ConditionMgr:805 - Attr not supported : Dmpu
2024-10-30 13:05:03,965 [ERROR] ConditionMgr:805 - Attr not supported : Dmpu
2024-10-30 13:05:03,965 [ERROR] ConditionMgr:805 - Attr not supported : Dmpu
2024-10-30 13:05:03,965 [ERROR] ConditionMgr:805 - Attr not supported : Dmpu
2024-10-30 13:05:03,965 [ERROR] ConditionMgr:805 - Attr not supported : Dmpu
2024-10-30 13:05:03,965 [ERROR] ConditionMgr:805 - Attr not supported : Dmpu
2024-10-30 13:05:03,965 [ERROR] ConditionMgr:805 - Attr not supported : Dmpu
2024-10-30 13:05:03,965 [ERROR] ConditionMgr:805 - Attr not supported : Dmpu
2024-10-30 13:05:03,965 [ERROR] ConditionMgr:805 - Attr not supported : Dmpu
2024-10-30 13:05:03,966 [ERROR] ConditionMgr:805 - Attr not supported : Dmpu
2024-10-30 13:05:03,966 [ERROR] ConditionMgr:805 - Attr not supported : Dmpu
2024-10-30 13:05:03,966 [ERROR] ConditionMgr:805 - Attr not supported : Dmpu
2024-10-30 13:05:03,966 [ERROR] ConditionMgr:805 - Attr not supported : Dmpu
2024-10-30 13:05:03,966 [ERROR] ConditionMgr:805 - Attr not supported : Dmpu
2024-10-30 13:05:03,966 [ERROR] ConditionMgr:805 - Attr not supported : Dmpu
2024-10-30 13:05:03,966 [ERROR] ConditionMgr:805 - Attr not supported : Dmpu
2024-10-30 13:05:03,967 [ERROR] ConditionMgr:805 - Attr not supported : Dmpu
2024-10-30 13:05:03,967 [ERROR] ConditionMgr:805 - Attr not supported : Dmpu
2024-10-30 13:05:03,967 [ERROR] ConditionMgr:805 - Attr not supported : Dmpu
2024-10-30 13:05:03,967 [ERROR] ConditionMgr:805 - Attr not supported : Dmpu
2024-10-30 13:05:03,967 [ERROR] ConditionMgr:805 - Attr not supported : Dmpu
2024-10-30 13:05:03,967 [ERROR] ConditionMgr:805 - Attr not supported : Dmpu
2024-10-30 13:05:03,967 [ERROR] ConditionMgr:805 - Attr not supported : Dmpu
2024-10-30 13:05:03,967 [ERROR] ConditionMgr:805 - Attr not supported : Dmpu
2024-10-30 13:05:03,968 [ERROR] ConditionMgr:805 - Attr not supported : Dmpu
2024-10-30 13:05:03,968 [ERROR] ConditionMgr:805 - Attr not supported : Dmpu
2024-10-30 13:05:03,979 [ERROR] ConditionMgr:805 - Attr not supported : Dmpu
2024-10-30 13:05:03,979 [ERROR] ConditionMgr:805 - Attr not supported : Dmpu
2024-10-30 13:05:03,979 [ERROR] ConditionMgr:805 - Attr not supported : Dmpu
2024-10-30 13:05:03,980 [ERROR] ConditionMgr:805 - Attr not supported : Dmpu
2024-10-30 13:05:03,980 [ERROR] ConditionMgr:805 - Attr not supported : Dmpu
2024-10-30 13:05:03,980 [ERROR] ConditionMgr:805 - Attr not supported : Dmpu
2024-10-30 13:05:03,980 [ERROR] ConditionMgr:805 - Attr not supported : Dmpu
2024-10-30 13:05:03,980 [ERROR] ConditionMgr:805 - Attr not supported : Dmpu
2024-10-30 13:05:03,980 [ERROR] ConditionMgr:805 - Attr not supported : Dmpu
2024-10-30 13:05:03,980 [ERROR] ConditionMgr:805 - Attr not supported : Dmpu
2024-10-30 13:05:03,980 [ERROR] ConditionMgr:805 - Attr not supported : Dmpu
2024-10-30 13:05:03,980 [ERROR] ConditionMgr:805 - Attr not supported : Dmpu
2024-10-30 13:05:03,980 [ERROR] ConditionMgr:805 - Attr not supported : Dmpu
2024-10-30 13:05:03,981 [ERROR] ConditionMgr:805 - Attr not supported : Dmpu
2024-10-30 13:05:03,981 [ERROR] ConditionMgr:805 - Attr not supported : Dmpu
2024-10-30 13:05:03,981 [ERROR] ConditionMgr:805 - Attr not supported : Dmpu
2024-10-30 13:05:03,981 [ERROR] ConditionMgr:805 - Attr not supported : Dmpu
2024-10-30 13:05:03,981 [ERROR] ConditionMgr:805 - Attr not supported : Dmpu
2024-10-30 13:05:04,006 [WARN] PackLoader:240 - Cannot read IP mode file for RealThread.X-CUBE-RT-Thread_Nano.4.1.1
2024-10-30 13:05:04,026 [WARN] PackLoader:240 - Cannot read IP mode file for wolfSSL.I-CUBE-wolfSSL.5.7.0
2024-10-30 13:05:04,047 [WARN] PackLoader:240 - Cannot read IP mode file for STMicroelectronics.FP-ATR-SIGFOX1.3.2.0
2024-10-30 13:05:04,073 [WARN] PackLoader:240 - Cannot read IP mode file for STMicroelectronics.X-CUBE-EEPRMA1.5.1.0
2024-10-30 13:05:04,101 [WARN] PackLoader:240 - Cannot read IP mode file for ITTIA_DB.I-CUBE-ITTIADB.8.9.0
2024-10-30 13:05:04,167 [WARN] PackLoader:240 - Cannot read IP mode file for SEGGER.I-CUBE-embOS.1.3.1
2024-10-30 13:05:04,231 [WARN] PackLoader:240 - Cannot read IP mode file for STMicroelectronics.X-CUBE-ALGOBUILD.1.4.0
2024-10-30 13:05:04,251 [WARN] PackLoader:240 - Cannot read IP mode file for STMicroelectronics.X-CUBE-AI.9.1.0
2024-10-30 13:05:04,272 [WARN] PackLoader:240 - Cannot read IP mode file for STMicroelectronics.X-CUBE-GNSS1.6.0.0
2024-10-30 13:05:04,316 [WARN] PackLoader:240 - Cannot read IP mode file for STMicroelectronics.X-CUBE-AZRTOS-F4.1.1.0
2024-10-30 13:05:04,343 [WARN] PackLoader:240 - Cannot read IP mode file for STMicroelectronics.X-CUBE-ISPU.2.1.0
2024-10-30 13:05:04,363 [WARN] PackLoader:240 - Cannot read IP mode file for STMicroelectronics.X-CUBE-FREERTOS.1.2.0
2024-10-30 13:05:04,404 [WARN] PackLoader:240 - Cannot read IP mode file for STMicroelectronics.X-CUBE-AZRTOS-L5.2.0.0
2024-10-30 13:05:04,432 [WARN] PackLoader:240 - Cannot read IP mode file for STMicroelectronics.X-CUBE-NFC6.3.1.0
2024-10-30 13:05:04,451 [WARN] PackLoader:240 - Cannot read IP mode file for STMicroelectronics.X-CUBE-DPower.1.2.0
2024-10-30 13:05:04,470 [WARN] PackLoader:240 - Cannot read IP mode file for STMicroelectronics.X-CUBE-AI.9.0.0
2024-10-30 13:05:04,492 [WARN] PackLoader:240 - Cannot read IP mode file for STMicroelectronics.X-CUBE-NFC7.1.0.1
2024-10-30 13:05:04,539 [WARN] ConditionMgr:438 - getConditionDescription Invalid condition id : LAN8742 Phy interface Condition cause : null
2024-10-30 13:05:04,540 [WARN] PackLoader:240 - Cannot read IP mode file for STMicroelectronics.X-CUBE-AZRTOS-L4.2.0.0
2024-10-30 13:05:04,542 [WARN] ConditionMgr:1039 - genDependencies : Invalid condition id : LAN8742 Phy interface Condition cause : null
2024-10-30 13:05:04,542 [WARN] ConditionMgr:1039 - genDependencies : Invalid condition id : LAN8742 Phy interface Condition cause : null
2024-10-30 13:05:04,543 [WARN] ConditionMgr:1039 - genDependencies : Invalid condition id : LAN8742 Phy interface Condition cause : null
2024-10-30 13:05:04,570 [WARN] PackLoader:240 - Cannot read IP mode file for STMicroelectronics.X-CUBE-SFXS2LP1.4.0.0
2024-10-30 13:05:04,627 [WARN] PackLoader:240 - Cannot read IP mode file for STMicroelectronics.X-CUBE-AZRTOS-H7.3.3.0
2024-10-30 13:05:04,657 [WARN] PackLoader:240 - Cannot read IP mode file for STMicroelectronics.X-CUBE-IPS.3.0.0
2024-10-30 13:05:04,694 [WARN] ConditionMgr:438 - getConditionDescription Invalid condition id : UX DEVICE CLASS RTOS Condition cause : null
2024-10-30 13:05:04,694 [WARN] ConditionMgr:438 - getConditionDescription Invalid condition id : UX DEVICE CLASS RTOS Condition cause : null
2024-10-30 13:05:04,696 [WARN] PackLoader:240 - Cannot read IP mode file for STMicroelectronics.X-CUBE-AZRTOS-WB.2.0.0
2024-10-30 13:05:04,696 [WARN] ConditionMgr:1039 - genDependencies : Invalid condition id : UX DEVICE CLASS RTOS Condition cause : null
2024-10-30 13:05:04,697 [WARN] ConditionMgr:1039 - genDependencies : Invalid condition id : UX DEVICE CLASS RTOS Condition cause : null
2024-10-30 13:05:04,697 [WARN] ConditionMgr:1039 - genDependencies : Invalid condition id : UX DEVICE CLASS RTOS Condition cause : null
2024-10-30 13:05:04,697 [WARN] ConditionMgr:1039 - genDependencies : Invalid condition id : UX DEVICE CLASS RTOS Condition cause : null
2024-10-30 13:05:04,698 [WARN] ConditionMgr:1039 - genDependencies : Invalid condition id : UX DEVICE CLASS RTOS Condition cause : null
2024-10-30 13:05:04,721 [WARN] PackLoader:240 - Cannot read IP mode file for STMicroelectronics.X-CUBE-GNSS1.7.0.0
2024-10-30 13:05:04,743 [INFO] ApiDb:240 - Found 483 in-development CPN: [B-G473E-ZEST1S, B-WB1M-WPAN1, B-WL5M-SUBG1, NUCLEO-C031C6, NUCLEO-H503RB, NUCLEO-H533RE, NUCLEO-H563ZI, NUCLEO-H7S3L8, NUCLEO-U031R8, NUCLEO-U083RC, NUCLEO-U545RE-Q, NUCLEO-U5A5ZJ-Q, NUCLEO-WBA52CG, NUCLEO-WBA55CG, STEVAL-PROTEUS1, STEVAL-SMARTAG2, STEVAL-STWINBX1, STM320518-EVAL, STM32C0116-DK, STM32C011D6Y3TR, STM32C011D6Y6TR, STM32C011F4P3, STM32C011F4P6, STM32C011F4U3, STM32C011F4U6TR, STM32C011F6P3, STM32C011F6P6, STM32C011F6U3, STM32C011F6U6TR, STM32C011J4M3, STM32C011J4M6, STM32C011J6M3, STM32C011J6M6, STM32C0316-DK, STM32C031C4T3, STM32C031C4T6, STM32C031C4U3, STM32C031C4U6, STM32C031C6T3, STM32C031C6T6, STM32C031C6U3, STM32C031C6U6, STM32C031F4P3, STM32C031F4P6, STM32C031F6P3, STM32C031F6P6, STM32C031G4U3, STM32C031G4U6, STM32C031G6U3, STM32C031G6U6, STM32C031K4T3, STM32C031K4T6, STM32C031K4U3, STM32C031K4U6, STM32C031K6T3, STM32C031K6T6, STM32C031K6U3, STM32C031K6U6, STM32G071K8TXN, STM32G071K8UXN, STM32G081GBU6N, STM32G081KBT6N, STM32G081KBUXN, STM32G0B1CCT6N, STM32G0B1KCT6, STM32G0B1NEY6TR, STM32G0B1RCT6N, STM32G0C1CCT6, STM32G0C1CCT6N, STM32G0C1CCU6N, STM32G0C1CET6N, STM32G0C1CEU6N, STM32G0C1KCT6, STM32G0C1NEY6TR, STM32G0C1RCI6N, STM32G0C1RCT6N, STM32G0C1REI6N, STM32G0C1RET6N, STM32G0C1VCI6, STM32G0C1VEI6, STM32G471CCT6, STM32G471CCU6, STM32G471CET3, STM32G471CET6, STM32G471CEU3, STM32G471CEU6, STM32G471MCT6, STM32G471MET3, STM32G471MET6, STM32G471MEY6TR, STM32G471QCT6, STM32G471QET3, STM32G471RCT6, STM32G471RET3, STM32G471RET6, STM32G471VCH6, STM32G471VCI6, STM32G471VCT6, STM32G471VEH3, STM32G471VEH6, STM32G471VEI3, STM32G471VEI6, STM32G471VET3, STM32G471VET6, STM32G474CCT6, STM32H503CBT6, STM32H503CBU6, STM32H503EBY6TR, STM32H503KBU6, STM32H503RBT6, STM32H523CCT6, STM32H523CCU6, STM32H523CET6, STM32H523CEU6, STM32H523HEY6TR, STM32H523RCT6, STM32H523RET6, STM32H523VCI6, STM32H523VCT6, STM32H523VEI6, STM32H523VET6, STM32H523ZCJ6, STM32H523ZCT6, STM32H523ZEJ6, STM32H523ZET6, STM32H533CET6, STM32H533CEU6, STM32H533HEY6TR, STM32H533RET6, STM32H533VEI6, STM32H533VET6, STM32H533ZEJ6, STM32H533ZET6, STM32H562AGI6, STM32H562AII6, STM32H562IGK6, STM32H562IGT6, STM32H562IIK6, STM32H562IIT6, STM32H562RGT6, STM32H562RGV6, STM32H562RIT6, STM32H562RIV6, STM32H562VGT6, STM32H562VIT6, STM32H562ZGT6, STM32H562ZIT6, STM32H563AGI6, STM32H563AII3Q, STM32H563AII6, STM32H563IGK6, STM32H563IGT6, STM32H563IIK3Q, STM32H563IIK6, STM32H563IIT3Q, STM32H563IIT6, STM32H563MIY3QTR, STM32H563RGT6, STM32H563RGV6, STM32H563RIT6, STM32H563RIV6, STM32H563VGT6, STM32H563VIT3Q, STM32H563VIT6, STM32H563ZGT6, STM32H563ZIT3Q, STM32H563ZIT6, STM32H573AII3Q, STM32H573AII6, STM32H573I-DK, STM32H573IIK3Q, STM32H573IIK6, STM32H573IIT3Q, STM32H573IIT6, STM32H573MIY3QTR, STM32H573RIT6, STM32H573RIV6, STM32H573VIT3Q, STM32H573VIT6, STM32H573ZIT3Q, STM32H573ZIT6, STM32H7R3A8I6, STM32H7R3I8K6, STM32H7R3I8T6, STM32H7R3L8H6, STM32H7R3L8H6H, STM32H7R3R8V6, STM32H7R3V8H6, STM32H7R3V8T6, STM32H7R3V8Y6, STM32H7R3Z8J6, STM32H7R3Z8T6, STM32H7R7A8I6, STM32H7R7I8K6, STM32H7R7I8T6, STM32H7R7L8H6, STM32H7R7L8H6H, STM32H7R7Z8J6, STM32H7S3A8I6, STM32H7S3I8K6, STM32H7S3I8T6, STM32H7S3L8H6, STM32H7S3L8H6H, STM32H7S3R8V6, STM32H7S3V8H6, STM32H7S3V8T6, STM32H7S3V8Y6, STM32H7S3Z8J6, STM32H7S3Z8T6, STM32H7S78-DK, STM32H7S7A8I6, STM32H7S7I8K6, STM32H7S7I8T6, STM32H7S7L8H6, STM32H7S7L8H6H, STM32H7S7Z8J6, STM32L4R5QGI6STR, STM32MP131AAE3, STM32MP131AAF3, STM32MP131AAG3, STM32MP131CAE3, STM32MP131CAF3, STM32MP131CAG3, STM32MP131DAE7, STM32MP131DAF7, STM32MP131DAG7, STM32MP131FAE7, STM32MP131FAF7, STM32MP131FAG7, STM32MP133AAE3, STM32MP133AAF3, STM32MP133AAG3, STM32MP133CAE3, STM32MP133CAF3, STM32MP133CAG3, STM32MP133DAE7, STM32MP133DAF7, STM32MP133DAG7, STM32MP133FAE7, STM32MP133FAF7, STM32MP133FAG7, STM32MP135AAE3, STM32MP135AAF3, STM32MP135AAG3, STM32MP135CAE3, STM32MP135CAF3, STM32MP135CAG3, STM32MP135DAE7, STM32MP135DAF7, STM32MP135DAG7, STM32MP135F-DK, STM32MP135FAE7, STM32MP135FAF7, STM32MP135FAF7T, STM32MP135FAF7U, STM32MP135FAG7, STM32U031C6T6, STM32U031C6U6, STM32U031C8T6, STM32U031C8U6, STM32U031F4P6, STM32U031F6P6, STM32U031F8P6, STM32U031G6Y6TR, STM32U031G8Y6TR, STM32U031K4U6, STM32U031K6U6, STM32U031K8U6, STM32U031R6I6, STM32U031R6T6, STM32U031R8I6, STM32U031R8T6, STM32U073C8T6, STM32U073C8U6, STM32U073CBT6, STM32U073CBU6, STM32U073CCT6, STM32U073CCU6, STM32U073H8Y6TR, STM32U073HBY6TR, STM32U073HCY6TR, STM32U073K8U6, STM32U073KBU6, STM32U073KCU6, STM32U073M8I6, STM32U073M8T6, STM32U073MBI6, STM32U073MBT6, STM32U073MCI6, STM32U073MCT6, STM32U073R8I6, STM32U073R8T6, STM32U073RBI6, STM32U073RBT6, STM32U073RCI6, STM32U073RCT6, STM32U083C-DK, STM32U083CCT6, STM32U083CCU6, STM32U083HCY6TR, STM32U083KCU6, STM32U083MCI6, STM32U083MCT6, STM32U083RCI6, STM32U083RCT6, STM32U535CBT6, STM32U535CBT6Q, STM32U535CBU6, STM32U535CBU6Q, STM32U535CCT6, STM32U535CCT6Q, STM32U535CCU6, STM32U535CCU6Q, STM32U535CET6, STM32U535CET6Q, STM32U535CEU6, STM32U535CEU6Q, STM32U535JEY6QTR, STM32U535NCY6QTR, STM32U535NEY6QTR, STM32U535RBI6, STM32U535RBI6Q, STM32U535RBT6, STM32U535RBT6Q, STM32U535RCI6, STM32U535RCI6Q, STM32U535RCT6, STM32U535RCT6Q, STM32U535REI6, STM32U535REI6Q, STM32U535RET6, STM32U535RET6Q, STM32U535VCI6, STM32U535VCI6Q, STM32U535VCT6, STM32U535VCT6Q, STM32U535VEI6, STM32U535VEI6Q, STM32U535VET6, STM32U535VET6Q, STM32U545CET6, STM32U545CET6Q, STM32U545CEU6, STM32U545CEU6Q, STM32U545JEY6QTR, STM32U545NEY6QTR, STM32U545REI6, STM32U545REI6Q, STM32U545RET6, STM32U545RET6Q, STM32U545VEI6, STM32U545VEI6Q, STM32U545VET6, STM32U545VET6Q, STM32U595AIH6, STM32U595AIH6Q, STM32U595AJH6, STM32U595AJH6Q, STM32U595QII6, STM32U595QII6Q, STM32U595QJI6, STM32U595QJI6Q, STM32U595RIT6, STM32U595RIT6Q, STM32U595RJT6, STM32U595RJT6Q, STM32U595VIT6, STM32U595VIT6Q, STM32U595VJT6, STM32U595VJT6Q, STM32U595ZIT6, STM32U595ZIT6Q, STM32U595ZIY6QTR, STM32U595ZJT6, STM32U595ZJT6Q, STM32U595ZJY6QTR, STM32U599BJY6QTR, STM32U599NIH6Q, STM32U599NJH6Q, STM32U599VIT6Q, STM32U599VJT6, STM32U599VJT6Q, STM32U599ZIT6Q, STM32U599ZIY6QTR, STM32U599ZJT6Q, STM32U599ZJY6QTR, STM32U5A5AJH6, STM32U5A5AJH6Q, STM32U5A5QII3Q , STM32U5A5QJI6, STM32U5A5QJI6Q, STM32U5A5RJT6, STM32U5A5RJT6Q, STM32U5A5VJT6, STM32U5A5VJT6Q, STM32U5A5ZJT6, STM32U5A5ZJT6Q, STM32U5A5ZJY6QTR, STM32U5A9BJY6QTR, STM32U5A9J-DK, STM32U5A9NJH6Q, STM32U5A9VJT6Q, STM32U5A9ZJT6Q, STM32U5A9ZJY6QTR, STM32U5F7VIT6, STM32U5F7VIT6Q, STM32U5F7VJT6, STM32U5F7VJT6Q, STM32U5F9BJY6QTR, STM32U5F9NJH6Q, STM32U5F9VIT6Q, STM32U5F9VJT6Q, STM32U5F9ZIJ6QTR, STM32U5F9ZIT6Q, STM32U5F9ZJJ6QTR, STM32U5F9ZJT6Q, STM32U5G7VJT6, STM32U5G7VJT6Q, STM32U5G9BJY6QTR, STM32U5G9J-DK1, STM32U5G9J-DK2, STM32U5G9NJH6Q, STM32U5G9VJT6Q, STM32U5G9ZJJ6QTR, STM32U5G9ZJT6Q, STM32WB1MMCH6, STM32WBA50KEU6, STM32WBA50KEU6TR, STM32WBA50KGU6, STM32WBA50KGU6TR, STM32WBA52CEU6, STM32WBA52CEU6TR, STM32WBA52CEU7, STM32WBA52CEU7TR, STM32WBA52CGU6, STM32WBA52CGU6TR, STM32WBA52CGU6U, STM32WBA52CGU7, STM32WBA52CGU7TR, STM32WBA52KEU6, STM32WBA52KEU6TR, STM32WBA52KGU6, STM32WBA52KGU6TR, STM32WBA54CEU6, STM32WBA54CEU6TR, STM32WBA54CEU7, STM32WBA54CEU7TR, STM32WBA54CGU6, STM32WBA54CGU6TR, STM32WBA54CGU7, STM32WBA54CGU7TR, STM32WBA54KEU6, STM32WBA54KEU6TR, STM32WBA54KEU7, STM32WBA54KEU7TR, STM32WBA54KGU6, STM32WBA54KGU6TR, STM32WBA54KGU7, STM32WBA54KGU7TR, STM32WBA55CEU6, STM32WBA55CEU6TR, STM32WBA55CEU7, STM32WBA55CEU7TR, STM32WBA55CGU6, STM32WBA55CGU6TR, STM32WBA55CGU6U, STM32WBA55CGU7, STM32WBA55CGU7TR, STM32WBA55G-DK1, STM32WBA55HEF6, STM32WBA55HEF7, STM32WBA55HGF6, STM32WBA55HGF7, STM32WBA55UEI6, STM32WBA55UEI6TR, STM32WBA55UEI7, STM32WBA55UEI7TR, STM32WBA55UGI6, STM32WBA55UGI6TR, STM32WBA55UGI7, STM32WBA55UGI7TR, STM32WL5MOCH6, STM32WL5MOCH6TR]
2024-10-30 13:05:04,746 [WARN] PackLoader:240 - Cannot read IP mode file for STMicroelectronics.FP-SNS-STBOX1.2.0.0
2024-10-30 13:05:04,754 [INFO] DbMcus:218 - Found 4204 MCUs, 4204 are supported
2024-10-30 13:05:04,760 [INFO] ApiDb:423 - Load user favorites file C:\Users\USER/.stm32cubeide/favorites.mcus.txt: 1 item(s)
2024-10-30 13:05:04,760 [INFO] ApiDb:427 - User favorites MCUs=[STM32L476RGT6]
2024-10-30 13:05:04,761 [INFO] DbMcus:224 - Set 1 / 1 favorites MCUs
2024-10-30 13:05:04,777 [WARN] PackLoader:240 - Cannot read IP mode file for STMicroelectronics.X-CUBE-SUBG2.5.0.0
2024-10-30 13:05:04,802 [WARN] PackLoader:240 - Cannot read IP mode file for Cesanta.I-CUBE-Mongoose.7.13.0
2024-10-30 13:05:04,842 [WARN] PackLoader:240 - Cannot read IP mode file for STMicroelectronics.X-CUBE-AZRTOS-G4.2.0.0
2024-10-30 13:05:04,865 [WARN] PackLoader:240 - Cannot read IP mode file for STMicroelectronics.X-CUBE-ISPU.2.0.0
2024-10-30 13:05:04,885 [WARN] PackLoader:240 - Cannot read IP mode file for STMicroelectronics.X-CUBE-ALS.1.0.2
2024-10-30 13:05:04,973 [WARN] PackLoader:240 - Cannot read IP mode file for STMicroelectronics.X-CUBE-MEMS1.10.0.0
2024-10-30 13:05:05,143 [WARN] PackLoader:240 - Cannot read IP mode file for STMicroelectronics.X-CUBE-TOUCHGFX.4.24.1
2024-10-30 13:05:05,162 [WARN] PackLoader:240 - Cannot read IP mode file for wolfSSL.I-CUBE-wolfTPM.3.4.0
2024-10-30 13:05:05,184 [WARN] PackLoader:240 - Cannot read IP mode file for portGmbH.I-Cube-SoM-uGOAL.1.1.0
2024-10-30 13:05:05,230 [WARN] PackLoader:240 - Cannot read IP mode file for STMicroelectronics.X-CUBE-AZRTOS-H7RS.1.0.0
2024-10-30 13:05:05,251 [WARN] PackLoader:240 - Cannot read IP mode file for STMicroelectronics.FP-ATR-ASTRA1.2.0.0
2024-10-30 13:05:05,282 [WARN] PackLoader:240 - Cannot read IP mode file for STMicroelectronics.X-CUBE-TOF1.3.4.2
2024-10-30 13:05:05,325 [WARN] PackLoader:240 - Cannot read IP mode file for STMicroelectronics.X-CUBE-TOF1.3.4.1
2024-10-30 13:05:05,394 [WARN] PackLoader:240 - Cannot read IP mode file for STMicroelectronics.X-CUBE-AZRTOS-H7.3.2.0
2024-10-30 13:05:05,462 [WARN] PackLoader:240 - Cannot read IP mode file for Infineon.AIROC-Wi-Fi-Bluetooth-STM32.1.6.0
2024-10-30 13:05:05,496 [WARN] PackLoader:240 - Cannot read IP mode file for wolfSSL.I-CUBE-wolfSSH.1.4.17
2024-10-30 13:05:05,496 [INFO] ThirdParty:978 - Integrity check success = true
2024-10-30 13:05:05,497 [INFO] IntegrityCheckThread:100 - exiting critical section [integrity check]
2024-10-30 13:05:05,497 [INFO] IntegrityCheckThread:103 - End integrity checks thread
2024-10-30 13:05:05,843 [INFO] ApiDb:668 - CubeFinder database Data Model version=2.1
2024-10-30 13:05:05,843 [INFO] ApiDb:669 - CubeFinder database Configuration version=3.0.39
2024-10-30 13:05:05,843 [INFO] ApiDb:670 - CubeFinder database generation date=2024-10-15 (1729006872)
2024-10-30 13:05:05,843 [INFO] ApiDb:671 - CubeFinder database FW Pack versions=[FP-ATR-ASTRA1_V2.0.0, FP-SNS-FLIGHT1_V5.0.2, FP-SNS-MOTENV1_V5.0.0, FP-SNS-MOTENVWB1_V1.4.0, FP-SNS-SMARTAG2_V1.2.0, FP-SNS-STBOX1_V2.0.0, STM32Cube_FW_C0_V1.2.0, STM32Cube_FW_F4_V1.28.1, STM32Cube_FW_F7_V1.17.2, STM32Cube_FW_G0_V1.6.2, STM32Cube_FW_G4_V1.6.0, STM32Cube_FW_H5_V1.3.0, STM32Cube_FW_H7RS_V1.1.0, STM32Cube_FW_H7_V1.11.2, STM32Cube_FW_L0_V1.12.2, STM32Cube_FW_L5_V1.5.1, STM32Cube_FW_U0_V1.1.0, STM32Cube_FW_U5_V1.6.0, STM32Cube_FW_WB0_V1.0.0, STM32Cube_FW_WBA_V1.4.1, STM32Cube_FW_WB_V1.20.0, STM32Cube_FW_WL_V1.3.0, X-CUBE-ALGOBUILD_V1.4.0, X-CUBE-ALS_V1.0.2, X-CUBE-AZRTOS-F4_V1.1.0, X-CUBE-AZRTOS-F7_V1.1.0, X-CUBE-AZRTOS-G0_V1.1.0, X-CUBE-AZRTOS-G4_V2.0.0, X-CUBE-AZRTOS-H7RS_V1.0.0, X-CUBE-AZRTOS-H7_V3.3.0, X-CUBE-AZRTOS-L4_V2.0.0, X-CUBE-AZRTOS-L5_V2.0.0, X-CUBE-AZRTOS-WB_V2.0.0, X-CUBE-AZRTOS-WL_V2.0.0, X-CUBE-BLE1_V7.0.0, X-CUBE-BLE2_V3.3.0, X-CUBE-BLEMGR_V3.1.0, X-CUBE-EEPRMA1_V5.1.0, X-CUBE-FREERTOS_V1.2.0, X-CUBE-GNSS1_V6.0.0, X-CUBE-MEMS1_V11.0.0, X-CUBE-NFC4_V3.0.0, X-CUBE-NFC7_V1.0.1, X-CUBE-SFXS2LP1_V4.0.0, X-CUBE-SUBG2_V5.0.0, X-CUBE-TOF1_V3.4.2]
2024-10-30 13:05:05,914 [INFO] DbBoardsSqlite:226 - include board P-NUCLEO-WB55-NUCLEO as a kit item of type 'Nucleo-64'
2024-10-30 13:05:05,915 [INFO] DbBoardsSqlite:226 - include board P-NUCLEO-WB55-USBDONGLE as a kit item of type 'Nucleo USB Dongle'
2024-10-30 13:05:05,915 [INFO] DbBoardsSqlite:226 - include board STEVAL-IDP005V1 as a kit item of type 'Evaluation Board'
2024-10-30 13:05:05,915 [INFO] DbBoardsSqlite:226 - include board STEVAL-IDP005V2 as a kit item of type 'Evaluation Board'
2024-10-30 13:05:05,989 [INFO] ApiDb:240 - Found 483 in-development CPN: [B-G473E-ZEST1S, B-WB1M-WPAN1, B-WL5M-SUBG1, NUCLEO-C031C6, NUCLEO-H503RB, NUCLEO-H533RE, NUCLEO-H563ZI, NUCLEO-H7S3L8, NUCLEO-U031R8, NUCLEO-U083RC, NUCLEO-U545RE-Q, NUCLEO-U5A5ZJ-Q, NUCLEO-WBA52CG, NUCLEO-WBA55CG, STEVAL-PROTEUS1, STEVAL-SMARTAG2, STEVAL-STWINBX1, STM320518-EVAL, STM32C0116-DK, STM32C011D6Y3TR, STM32C011D6Y6TR, STM32C011F4P3, STM32C011F4P6, STM32C011F4U3, STM32C011F4U6TR, STM32C011F6P3, STM32C011F6P6, STM32C011F6U3, STM32C011F6U6TR, STM32C011J4M3, STM32C011J4M6, STM32C011J6M3, STM32C011J6M6, STM32C0316-DK, STM32C031C4T3, STM32C031C4T6, STM32C031C4U3, STM32C031C4U6, STM32C031C6T3, STM32C031C6T6, STM32C031C6U3, STM32C031C6U6, STM32C031F4P3, STM32C031F4P6, STM32C031F6P3, STM32C031F6P6, STM32C031G4U3, STM32C031G4U6, STM32C031G6U3, STM32C031G6U6, STM32C031K4T3, STM32C031K4T6, STM32C031K4U3, STM32C031K4U6, STM32C031K6T3, STM32C031K6T6, STM32C031K6U3, STM32C031K6U6, STM32G071K8TXN, STM32G071K8UXN, STM32G081GBU6N, STM32G081KBT6N, STM32G081KBUXN, STM32G0B1CCT6N, STM32G0B1KCT6, STM32G0B1NEY6TR, STM32G0B1RCT6N, STM32G0C1CCT6, STM32G0C1CCT6N, STM32G0C1CCU6N, STM32G0C1CET6N, STM32G0C1CEU6N, STM32G0C1KCT6, STM32G0C1NEY6TR, STM32G0C1RCI6N, STM32G0C1RCT6N, STM32G0C1REI6N, STM32G0C1RET6N, STM32G0C1VCI6, STM32G0C1VEI6, STM32G471CCT6, STM32G471CCU6, STM32G471CET3, STM32G471CET6, STM32G471CEU3, STM32G471CEU6, STM32G471MCT6, STM32G471MET3, STM32G471MET6, STM32G471MEY6TR, STM32G471QCT6, STM32G471QET3, STM32G471RCT6, STM32G471RET3, STM32G471RET6, STM32G471VCH6, STM32G471VCI6, STM32G471VCT6, STM32G471VEH3, STM32G471VEH6, STM32G471VEI3, STM32G471VEI6, STM32G471VET3, STM32G471VET6, STM32G474CCT6, STM32H503CBT6, STM32H503CBU6, STM32H503EBY6TR, STM32H503KBU6, STM32H503RBT6, STM32H523CCT6, STM32H523CCU6, STM32H523CET6, STM32H523CEU6, STM32H523HEY6TR, STM32H523RCT6, STM32H523RET6, STM32H523VCI6, STM32H523VCT6, STM32H523VEI6, STM32H523VET6, STM32H523ZCJ6, STM32H523ZCT6, STM32H523ZEJ6, STM32H523ZET6, STM32H533CET6, STM32H533CEU6, STM32H533HEY6TR, STM32H533RET6, STM32H533VEI6, STM32H533VET6, STM32H533ZEJ6, STM32H533ZET6, STM32H562AGI6, STM32H562AII6, STM32H562IGK6, STM32H562IGT6, STM32H562IIK6, STM32H562IIT6, STM32H562RGT6, STM32H562RGV6, STM32H562RIT6, STM32H562RIV6, STM32H562VGT6, STM32H562VIT6, STM32H562ZGT6, STM32H562ZIT6, STM32H563AGI6, STM32H563AII3Q, STM32H563AII6, STM32H563IGK6, STM32H563IGT6, STM32H563IIK3Q, STM32H563IIK6, STM32H563IIT3Q, STM32H563IIT6, STM32H563MIY3QTR, STM32H563RGT6, STM32H563RGV6, STM32H563RIT6, STM32H563RIV6, STM32H563VGT6, STM32H563VIT3Q, STM32H563VIT6, STM32H563ZGT6, STM32H563ZIT3Q, STM32H563ZIT6, STM32H573AII3Q, STM32H573AII6, STM32H573I-DK, STM32H573IIK3Q, STM32H573IIK6, STM32H573IIT3Q, STM32H573IIT6, STM32H573MIY3QTR, STM32H573RIT6, STM32H573RIV6, STM32H573VIT3Q, STM32H573VIT6, STM32H573ZIT3Q, STM32H573ZIT6, STM32H7R3A8I6, STM32H7R3I8K6, STM32H7R3I8T6, STM32H7R3L8H6, STM32H7R3L8H6H, STM32H7R3R8V6, STM32H7R3V8H6, STM32H7R3V8T6, STM32H7R3V8Y6, STM32H7R3Z8J6, STM32H7R3Z8T6, STM32H7R7A8I6, STM32H7R7I8K6, STM32H7R7I8T6, STM32H7R7L8H6, STM32H7R7L8H6H, STM32H7R7Z8J6, STM32H7S3A8I6, STM32H7S3I8K6, STM32H7S3I8T6, STM32H7S3L8H6, STM32H7S3L8H6H, STM32H7S3R8V6, STM32H7S3V8H6, STM32H7S3V8T6, STM32H7S3V8Y6, STM32H7S3Z8J6, STM32H7S3Z8T6, STM32H7S78-DK, STM32H7S7A8I6, STM32H7S7I8K6, STM32H7S7I8T6, STM32H7S7L8H6, STM32H7S7L8H6H, STM32H7S7Z8J6, STM32L4R5QGI6STR, STM32MP131AAE3, STM32MP131AAF3, STM32MP131AAG3, STM32MP131CAE3, STM32MP131CAF3, STM32MP131CAG3, STM32MP131DAE7, STM32MP131DAF7, STM32MP131DAG7, STM32MP131FAE7, STM32MP131FAF7, STM32MP131FAG7, STM32MP133AAE3, STM32MP133AAF3, STM32MP133AAG3, STM32MP133CAE3, STM32MP133CAF3, STM32MP133CAG3, STM32MP133DAE7, STM32MP133DAF7, STM32MP133DAG7, STM32MP133FAE7, STM32MP133FAF7, STM32MP133FAG7, STM32MP135AAE3, STM32MP135AAF3, STM32MP135AAG3, STM32MP135CAE3, STM32MP135CAF3, STM32MP135CAG3, STM32MP135DAE7, STM32MP135DAF7, STM32MP135DAG7, STM32MP135F-DK, STM32MP135FAE7, STM32MP135FAF7, STM32MP135FAF7T, STM32MP135FAF7U, STM32MP135FAG7, STM32U031C6T6, STM32U031C6U6, STM32U031C8T6, STM32U031C8U6, STM32U031F4P6, STM32U031F6P6, STM32U031F8P6, STM32U031G6Y6TR, STM32U031G8Y6TR, STM32U031K4U6, STM32U031K6U6, STM32U031K8U6, STM32U031R6I6, STM32U031R6T6, STM32U031R8I6, STM32U031R8T6, STM32U073C8T6, STM32U073C8U6, STM32U073CBT6, STM32U073CBU6, STM32U073CCT6, STM32U073CCU6, STM32U073H8Y6TR, STM32U073HBY6TR, STM32U073HCY6TR, STM32U073K8U6, STM32U073KBU6, STM32U073KCU6, STM32U073M8I6, STM32U073M8T6, STM32U073MBI6, STM32U073MBT6, STM32U073MCI6, STM32U073MCT6, STM32U073R8I6, STM32U073R8T6, STM32U073RBI6, STM32U073RBT6, STM32U073RCI6, STM32U073RCT6, STM32U083C-DK, STM32U083CCT6, STM32U083CCU6, STM32U083HCY6TR, STM32U083KCU6, STM32U083MCI6, STM32U083MCT6, STM32U083RCI6, STM32U083RCT6, STM32U535CBT6, STM32U535CBT6Q, STM32U535CBU6, STM32U535CBU6Q, STM32U535CCT6, STM32U535CCT6Q, STM32U535CCU6, STM32U535CCU6Q, STM32U535CET6, STM32U535CET6Q, STM32U535CEU6, STM32U535CEU6Q, STM32U535JEY6QTR, STM32U535NCY6QTR, STM32U535NEY6QTR, STM32U535RBI6, STM32U535RBI6Q, STM32U535RBT6, STM32U535RBT6Q, STM32U535RCI6, STM32U535RCI6Q, STM32U535RCT6, STM32U535RCT6Q, STM32U535REI6, STM32U535REI6Q, STM32U535RET6, STM32U535RET6Q, STM32U535VCI6, STM32U535VCI6Q, STM32U535VCT6, STM32U535VCT6Q, STM32U535VEI6, STM32U535VEI6Q, STM32U535VET6, STM32U535VET6Q, STM32U545CET6, STM32U545CET6Q, STM32U545CEU6, STM32U545CEU6Q, STM32U545JEY6QTR, STM32U545NEY6QTR, STM32U545REI6, STM32U545REI6Q, STM32U545RET6, STM32U545RET6Q, STM32U545VEI6, STM32U545VEI6Q, STM32U545VET6, STM32U545VET6Q, STM32U595AIH6, STM32U595AIH6Q, STM32U595AJH6, STM32U595AJH6Q, STM32U595QII6, STM32U595QII6Q, STM32U595QJI6, STM32U595QJI6Q, STM32U595RIT6, STM32U595RIT6Q, STM32U595RJT6, STM32U595RJT6Q, STM32U595VIT6, STM32U595VIT6Q, STM32U595VJT6, STM32U595VJT6Q, STM32U595ZIT6, STM32U595ZIT6Q, STM32U595ZIY6QTR, STM32U595ZJT6, STM32U595ZJT6Q, STM32U595ZJY6QTR, STM32U599BJY6QTR, STM32U599NIH6Q, STM32U599NJH6Q, STM32U599VIT6Q, STM32U599VJT6, STM32U599VJT6Q, STM32U599ZIT6Q, STM32U599ZIY6QTR, STM32U599ZJT6Q, STM32U599ZJY6QTR, STM32U5A5AJH6, STM32U5A5AJH6Q, STM32U5A5QII3Q , STM32U5A5QJI6, STM32U5A5QJI6Q, STM32U5A5RJT6, STM32U5A5RJT6Q, STM32U5A5VJT6, STM32U5A5VJT6Q, STM32U5A5ZJT6, STM32U5A5ZJT6Q, STM32U5A5ZJY6QTR, STM32U5A9BJY6QTR, STM32U5A9J-DK, STM32U5A9NJH6Q, STM32U5A9VJT6Q, STM32U5A9ZJT6Q, STM32U5A9ZJY6QTR, STM32U5F7VIT6, STM32U5F7VIT6Q, STM32U5F7VJT6, STM32U5F7VJT6Q, STM32U5F9BJY6QTR, STM32U5F9NJH6Q, STM32U5F9VIT6Q, STM32U5F9VJT6Q, STM32U5F9ZIJ6QTR, STM32U5F9ZIT6Q, STM32U5F9ZJJ6QTR, STM32U5F9ZJT6Q, STM32U5G7VJT6, STM32U5G7VJT6Q, STM32U5G9BJY6QTR, STM32U5G9J-DK1, STM32U5G9J-DK2, STM32U5G9NJH6Q, STM32U5G9VJT6Q, STM32U5G9ZJJ6QTR, STM32U5G9ZJT6Q, STM32WB1MMCH6, STM32WBA50KEU6, STM32WBA50KEU6TR, STM32WBA50KGU6, STM32WBA50KGU6TR, STM32WBA52CEU6, STM32WBA52CEU6TR, STM32WBA52CEU7, STM32WBA52CEU7TR, STM32WBA52CGU6, STM32WBA52CGU6TR, STM32WBA52CGU6U, STM32WBA52CGU7, STM32WBA52CGU7TR, STM32WBA52KEU6, STM32WBA52KEU6TR, STM32WBA52KGU6, STM32WBA52KGU6TR, STM32WBA54CEU6, STM32WBA54CEU6TR, STM32WBA54CEU7, STM32WBA54CEU7TR, STM32WBA54CGU6, STM32WBA54CGU6TR, STM32WBA54CGU7, STM32WBA54CGU7TR, STM32WBA54KEU6, STM32WBA54KEU6TR, STM32WBA54KEU7, STM32WBA54KEU7TR, STM32WBA54KGU6, STM32WBA54KGU6TR, STM32WBA54KGU7, STM32WBA54KGU7TR, STM32WBA55CEU6, STM32WBA55CEU6TR, STM32WBA55CEU7, STM32WBA55CEU7TR, STM32WBA55CGU6, STM32WBA55CGU6TR, STM32WBA55CGU6U, STM32WBA55CGU7, STM32WBA55CGU7TR, STM32WBA55G-DK1, STM32WBA55HEF6, STM32WBA55HEF7, STM32WBA55HGF6, STM32WBA55HGF7, STM32WBA55UEI6, STM32WBA55UEI6TR, STM32WBA55UEI7, STM32WBA55UEI7TR, STM32WBA55UGI6, STM32WBA55UGI6TR, STM32WBA55UGI7, STM32WBA55UGI7TR, STM32WL5MOCH6, STM32WL5MOCH6TR]
2024-10-30 13:05:06,041 [INFO] BoardInfo:889 - No configuration file found for board NUCLEO-C071RB
2024-10-30 13:05:06,041 [INFO] DbBoards:161 - Board is not supported: NUCLEO-C071RB
2024-10-30 13:05:06,285 [INFO] BoardInfo:889 - No configuration file found for board NUCLEO-WB05KZ
2024-10-30 13:05:06,285 [INFO] DbBoards:161 - Board is not supported: NUCLEO-WB05KZ
2024-10-30 13:05:06,288 [INFO] BoardInfo:889 - No configuration file found for board NUCLEO-WB07CC
2024-10-30 13:05:06,288 [INFO] DbBoards:161 - Board is not supported: NUCLEO-WB07CC
2024-10-30 13:05:06,291 [INFO] BoardInfo:889 - No configuration file found for board NUCLEO-WB09KE
2024-10-30 13:05:06,292 [INFO] DbBoards:161 - Board is not supported: NUCLEO-WB09KE
2024-10-30 13:05:06,328 [INFO] BoardInfo:889 - No configuration file found for board P-NUCLEO-WB55
2024-10-30 13:05:06,328 [INFO] DbBoards:161 - Kit is not supported: P-NUCLEO-WB55
2024-10-30 13:05:06,340 [INFO] BoardInfo:889 - No configuration file found for board STEVAL-BFA001V1B
2024-10-30 13:05:06,341 [INFO] DbBoards:161 - Kit is not supported: STEVAL-BFA001V1B
2024-10-30 13:05:06,343 [INFO] BoardInfo:889 - No configuration file found for board STEVAL-BFA001V2B
2024-10-30 13:05:06,343 [INFO] DbBoards:161 - Kit is not supported: STEVAL-BFA001V2B
2024-10-30 13:05:06,569 [INFO] WebApp:161 - Instantiating new browser for Auth
2024-10-30 13:05:06,618 [INFO] BoardInfo:889 - No configuration file found for board STM32MP257F-DK
2024-10-30 13:05:06,630 [INFO] DbBoards:161 - Board is not supported: STM32MP257F-DK
2024-10-30 13:05:06,635 [INFO] BoardInfo:889 - No configuration file found for board STM32MP257F-EV1
2024-10-30 13:05:06,636 [INFO] DbBoards:161 - Board is not supported: STM32MP257F-EV1
2024-10-30 13:05:06,666 [INFO] DbBoards:168 - Found 201 boards, 192 are supported
2024-10-30 13:05:06,666 [INFO] DbBoards:169 - Found 201 boards, 8 of them is supported for  Bsp
2024-10-30 13:05:06,683 [INFO] ApiDb:423 - Load user favorites file C:\Users\USER/.stm32cubeide/favorites.boards.txt: 1 item(s)
2024-10-30 13:05:06,684 [INFO] ApiDb:427 - User favorites Boards=[NUCLEO-L476RG]
2024-10-30 13:05:06,684 [INFO] DbBoards:198 - Set 1 / 1 favorites Boards
2024-10-30 13:05:06,688 [INFO] ApiDb:668 - CubeFinder database Data Model version=2.1
2024-10-30 13:05:06,688 [INFO] ApiDb:669 - CubeFinder database Configuration version=3.0.39
2024-10-30 13:05:06,688 [INFO] ApiDb:670 - CubeFinder database generation date=2024-10-15 (1729006872)
2024-10-30 13:05:06,688 [INFO] ApiDb:671 - CubeFinder database FW Pack versions=[FP-ATR-ASTRA1_V2.0.0, FP-SNS-FLIGHT1_V5.0.2, FP-SNS-MOTENV1_V5.0.0, FP-SNS-MOTENVWB1_V1.4.0, FP-SNS-SMARTAG2_V1.2.0, FP-SNS-STBOX1_V2.0.0, STM32Cube_FW_C0_V1.2.0, STM32Cube_FW_F4_V1.28.1, STM32Cube_FW_F7_V1.17.2, STM32Cube_FW_G0_V1.6.2, STM32Cube_FW_G4_V1.6.0, STM32Cube_FW_H5_V1.3.0, STM32Cube_FW_H7RS_V1.1.0, STM32Cube_FW_H7_V1.11.2, STM32Cube_FW_L0_V1.12.2, STM32Cube_FW_L5_V1.5.1, STM32Cube_FW_U0_V1.1.0, STM32Cube_FW_U5_V1.6.0, STM32Cube_FW_WB0_V1.0.0, STM32Cube_FW_WBA_V1.4.1, STM32Cube_FW_WB_V1.20.0, STM32Cube_FW_WL_V1.3.0, X-CUBE-ALGOBUILD_V1.4.0, X-CUBE-ALS_V1.0.2, X-CUBE-AZRTOS-F4_V1.1.0, X-CUBE-AZRTOS-F7_V1.1.0, X-CUBE-AZRTOS-G0_V1.1.0, X-CUBE-AZRTOS-G4_V2.0.0, X-CUBE-AZRTOS-H7RS_V1.0.0, X-CUBE-AZRTOS-H7_V3.3.0, X-CUBE-AZRTOS-L4_V2.0.0, X-CUBE-AZRTOS-L5_V2.0.0, X-CUBE-AZRTOS-WB_V2.0.0, X-CUBE-AZRTOS-WL_V2.0.0, X-CUBE-BLE1_V7.0.0, X-CUBE-BLE2_V3.3.0, X-CUBE-BLEMGR_V3.1.0, X-CUBE-EEPRMA1_V5.1.0, X-CUBE-FREERTOS_V1.2.0, X-CUBE-GNSS1_V6.0.0, X-CUBE-MEMS1_V11.0.0, X-CUBE-NFC4_V3.0.0, X-CUBE-NFC7_V1.0.1, X-CUBE-SFXS2LP1_V4.0.0, X-CUBE-SUBG2_V5.0.0, X-CUBE-TOF1_V3.4.2]
2024-10-30 13:05:07,478 [INFO] WebApp:779 - Register for checkConnection events
2024-10-30 13:05:07,479 [INFO] WebApp:414 - Apply proxy settings
2024-10-30 13:05:07,479 [INFO] WebApp:499 - Chromium requires no authentication
2024-10-30 13:05:07,494 [INFO] WebApp:442 - Direct internet connection detected
2024-10-30 13:05:07,608 [ERROR] DbExamplesSqlite:437 - Missing JSON key: board_cpn
2024-10-30 13:05:07,608 [ERROR] DbExamplesSqlite:437 - Missing JSON key: board_cpn
2024-10-30 13:05:07,608 [ERROR] DbExamplesSqlite:437 - Missing JSON key: board_cpn
2024-10-30 13:05:07,609 [ERROR] DbExamplesSqlite:437 - Missing JSON key: board_cpn
2024-10-30 13:05:07,751 [INFO] WebApp:192 - Starting web application
2024-10-30 13:05:07,751 [INFO] WebApp:544 - Web application path used C:\Users\USER\Downloads\STM32CubeIDE_1.15.1\STM32CubeIDE\plugins\com.st.stm32cube.common.mx_6.11.1.202404110753\db\plugins\mcufinder\reactClient1\index.html
2024-10-30 13:05:07,771 [ERROR] DbExamplesSqlite:437 - Missing JSON key: board_cpn
2024-10-30 13:05:07,772 [ERROR] DbExamplesSqlite:437 - Missing JSON key: board_cpn
2024-10-30 13:05:07,772 [ERROR] DbExamplesSqlite:437 - Missing JSON key: board_cpn
2024-10-30 13:05:07,773 [ERROR] DbExamplesSqlite:437 - Missing JSON key: board_cpn
2024-10-30 13:05:07,773 [ERROR] DbExamplesSqlite:437 - Missing JSON key: board_cpn
2024-10-30 13:05:07,773 [ERROR] DbExamplesSqlite:437 - Missing JSON key: board_cpn
2024-10-30 13:05:07,773 [ERROR] DbExamplesSqlite:437 - Missing JSON key: board_cpn
2024-10-30 13:05:07,774 [ERROR] DbExamplesSqlite:437 - Missing JSON key: board_cpn
2024-10-30 13:05:07,774 [ERROR] DbExamplesSqlite:437 - Missing JSON key: board_cpn
2024-10-30 13:05:07,790 [INFO] DbExamplesSqlite:395 - Ignored 28 examples not supported by CubeIDE
2024-10-30 13:05:07,791 [INFO] DbExamplesSqlite:396 - Found 8617 examples active
2024-10-30 13:05:07,791 [INFO] DbExamplesSqlite:397 - Found 0 examples obsolete
2024-10-30 13:05:07,791 [INFO] DbExamplesSqlite:398 - Found 0 examples under development
2024-10-30 13:05:07,791 [INFO] DbExamplesSqlite:399 - Found 10 examples not building
2024-10-30 13:05:07,793 [INFO] DbExamples:125 - Found 8599 examples
2024-10-30 13:05:07,906 [ERROR] DbExamples:208 - Found 206 examples with invalid data (board or MCU)
2024-10-30 13:05:07,906 [INFO] DbExamples:222 - Found 108 boards with related examples
2024-10-30 13:05:07,907 [INFO] DbExamples:235 - Found 87 MCUs with related examples
2024-10-30 13:05:07,923 [INFO] ApiDb:423 - Load user favorites file C:\Users\USER/.stm32cubeide/favorites.examples.txt: 0 item(s)
2024-10-30 13:05:07,923 [INFO] ApiDb:427 - User favorites Examples=[]
2024-10-30 13:05:07,924 [INFO] DbExamples:250 - Set 0 / 0 favorites Examples
2024-10-30 13:05:08,405 [INFO] McuFinderGlobals:76 - Set McuFinderConnectedMode to true
2024-10-30 13:05:08,417 [INFO] MultiScanPanel:200 - Auto-refresh data requested => check proxy status ongoing
2024-10-30 13:05:08,421 [INFO] FinderPluginLoader:95 - Searching for filters in installed packs
2024-10-30 13:05:10,072 [INFO] LoadUrlFilesThread:185 - End of LoadServerUrlFiles without Thread
2024-10-30 13:05:10,127 [INFO] DetailPanel:341 - Set advertising image to C:/Users/USER/STM32Cube/Repository/\en.prom-stm32c071-usb-memories-mcu-finder.png
2024-10-30 13:06:16,105 [INFO] MainUpdater:2873 - connection check result : 10
2024-10-30 13:06:16,105 [INFO] MainUpdater:2873 - connection check result : 10
2024-10-30 13:06:16,153 [INFO] MicroXplorer:468 - Change Database Path : 
2024-10-30 13:06:16,154 [INFO] MicroXplorer:498 - Change Database Version : DB.6.0.111
2024-10-30 13:06:16,168 [WARN] ThirdParty:871 - waiting for thirdparty lock release [close project]
2024-10-30 13:06:16,168 [INFO] ThirdParty:873 - entering critical section [close project]
2024-10-30 13:06:16,169 [INFO] ThirdParty:883 - exiting critical section [close project]
2024-10-30 13:06:16,173 [INFO] PinOutPanel:1561 - setPackage(No Configuration,No Configuration)
2024-10-30 13:06:16,180 [INFO] UtilMem:75 - Begin LoadConfig() Used Memory: 564322992 Bytes (868220928)
2024-10-30 13:06:16,182 [INFO] MicroXplorer:468 - Change Database Path : 
2024-10-30 13:06:16,182 [INFO] MicroXplorer:498 - Change Database Version : DB.6.0.111
2024-10-30 13:06:16,183 [INFO] OpenFileManager:312 - Change cursor
2024-10-30 13:06:16,447 [INFO] Mcu:2021 - Initializing MCU STM32L476RGTx STM32L476RGTx STM32L476RGT6
2024-10-30 13:06:20,140 [INFO] Context:663 - Trying to add GPIOservice into a context  which must be forbidden
2024-10-30 13:06:21,452 [INFO] ImportTextPane:194 - (OptionalMessage_ERROR) Unable to find key (Mcu.ThirdPartyNb) in loaded IOC file
2024-10-30 13:06:21,452 [INFO] ImportTextPane:194 - (OptionalMessage_ERROR) Unable to find key (Mcu.PinsNb) in loaded IOC file
2024-10-30 13:06:21,452 [INFO] ImportTextPane:194 - (OptionalMessage_ERROR) Unable to find key (Mcu.IPNb) in loaded IOC file
2024-10-30 13:06:21,695 [INFO] RtosManager:555 - Registered RTOS mode: class=CMSIS, group=RTOS, mode=CMSIS_V1, owner=FREERTOS
2024-10-30 13:06:21,695 [INFO] RtosManager:555 - Registered RTOS mode: class=CMSIS, group=RTOS2, mode=CMSIS_V2, owner=FREERTOS
2024-10-30 13:06:21,695 [INFO] RtosManager:555 - Registered RTOS mode: class=RTOS, group=Core, mode=CMSIS_V1, owner=FREERTOS
2024-10-30 13:06:21,695 [INFO] RtosManager:555 - Registered RTOS mode: class=RTOS, group=Core, mode=CMSIS_V2, owner=FREERTOS
2024-10-30 13:06:21,695 [WARN] ModelIntegratedComponent:184 - Missing modes for component STMicroelectronics:FreeRTOS:0.0.1:STMicroelectronics:RTOS:FreeRTOS:Core:::10.2.0:
2024-10-30 13:06:21,711 [WARN] ModelIntegratedComponent:63 - No mode defined for component null
2024-10-30 13:06:21,712 [WARN] ModelIntegratedComponent:63 - No mode defined for component null
2024-10-30 13:06:21,712 [WARN] ModelIntegratedComponent:63 - No mode defined for component null
2024-10-30 13:06:21,712 [WARN] ModelIntegratedComponent:63 - No mode defined for component null
2024-10-30 13:06:21,712 [WARN] ModelIntegratedComponent:63 - No mode defined for component null
2024-10-30 13:06:21,712 [WARN] ModelIntegratedComponent:63 - No mode defined for component null
2024-10-30 13:06:21,712 [WARN] ModelIntegratedComponent:63 - No mode defined for component null
2024-10-30 13:06:21,712 [WARN] ModelIntegratedComponent:63 - No mode defined for component null
2024-10-30 13:06:21,712 [WARN] ModelIntegratedComponent:63 - No mode defined for component null
2024-10-30 13:06:21,713 [WARN] ModelIntegratedComponent:63 - No mode defined for component null
2024-10-30 13:06:21,713 [WARN] ModelIntegratedComponent:63 - No mode defined for component null
2024-10-30 13:06:21,713 [WARN] ModelIntegratedComponent:63 - No mode defined for component null
2024-10-30 13:06:21,713 [WARN] ModelIntegratedComponent:63 - No mode defined for component null
2024-10-30 13:06:21,713 [WARN] ModelIntegratedComponent:63 - No mode defined for component null
2024-10-30 13:06:21,713 [WARN] ModelIntegratedComponent:63 - No mode defined for component null
2024-10-30 13:06:21,713 [WARN] ModelIntegratedComponent:63 - No mode defined for component null
2024-10-30 13:06:21,713 [WARN] ModelIntegratedComponent:63 - No mode defined for component null
2024-10-30 13:06:21,713 [WARN] ModelIntegratedComponent:63 - No mode defined for component null
2024-10-30 13:06:21,713 [WARN] ModelIntegratedComponent:63 - No mode defined for component null
2024-10-30 13:06:21,713 [WARN] ModelIntegratedComponent:63 - No mode defined for component null
2024-10-30 13:06:21,713 [WARN] ModelIntegratedComponent:63 - No mode defined for component null
2024-10-30 13:06:21,713 [WARN] ModelIntegratedComponent:63 - No mode defined for component null
2024-10-30 13:06:21,713 [WARN] ModelIntegratedComponent:63 - No mode defined for component null
2024-10-30 13:06:21,713 [WARN] ModelIntegratedComponent:63 - No mode defined for component null
2024-10-30 13:06:21,713 [WARN] ModelIntegratedComponent:63 - No mode defined for component null
2024-10-30 13:06:21,713 [WARN] ModelIntegratedComponent:63 - No mode defined for component null
2024-10-30 13:06:21,713 [WARN] ModelIntegratedComponent:63 - No mode defined for component null
2024-10-30 13:06:21,713 [WARN] ModelIntegratedComponent:63 - No mode defined for component null
2024-10-30 13:06:21,714 [WARN] ModelIntegratedComponent:63 - No mode defined for component null
2024-10-30 13:06:21,714 [WARN] ModelIntegratedComponent:63 - No mode defined for component null
2024-10-30 13:06:21,714 [WARN] ModelIntegratedComponent:63 - No mode defined for component null
2024-10-30 13:06:21,714 [WARN] ModelIntegratedComponent:63 - No mode defined for component null
2024-10-30 13:06:21,714 [WARN] ModelIntegratedComponent:63 - No mode defined for component null
2024-10-30 13:06:21,714 [WARN] ModelIntegratedComponent:63 - No mode defined for component null
2024-10-30 13:06:21,849 [INFO] ThirdPartyModel:298 - Start build external matchings
2024-10-30 13:06:23,387 [INFO] ThirdPartyModel:316 - End build external matchings
2024-10-30 13:06:23,915 [INFO] UtilMem:75 - End LoadConfig() Used Memory: 705643768 Bytes (1073741824)
2024-10-30 13:06:24,122 [WARN] ThirdParty:833 - waiting for thirdparty lock release [change project]
2024-10-30 13:06:24,122 [INFO] ThirdParty:835 - entering critical section [change project]
2024-10-30 13:06:24,123 [INFO] ThirdParty:1030 - CMSIS Pack Vendor :STMicroelectronics USBPD 4.1
2024-10-30 13:06:24,123 [INFO] ThirdParty:1030 - CMSIS Pack Vendor :STMicroelectronics X-CUBE-AZRTOS-H7 3.3.0
2024-10-30 13:06:24,123 [INFO] ThirdParty:1030 - CMSIS Pack Vendor :STMicroelectronics X-CUBE-NFC9 1.0.0
2024-10-30 13:06:24,123 [INFO] ThirdParty:1030 - CMSIS Pack Vendor :STMicroelectronics X-CUBE-GNSS1 6.0.0
2024-10-30 13:06:24,123 [INFO] ThirdParty:1030 - CMSIS Pack Vendor :STMicroelectronics USB_HOST 2.0.0
2024-10-30 13:06:24,123 [INFO] ThirdParty:1030 - CMSIS Pack Vendor :STMicroelectronics FP-SNS-MOTENVWB1 1.4.0
2024-10-30 13:06:24,123 [INFO] ThirdParty:1030 - CMSIS Pack Vendor :STMicroelectronics X-CUBE-AZRTOS-F4 1.1.0
2024-10-30 13:06:24,124 [INFO] ThirdParty:1030 - CMSIS Pack Vendor :STMicroelectronics LIBJPEG 8.0.0
2024-10-30 13:06:24,124 [INFO] ThirdParty:1030 - CMSIS Pack Vendor :STMicroelectronics X-CUBE-SMBUS 2.1.0
2024-10-30 13:06:24,124 [INFO] ThirdParty:1030 - CMSIS Pack Vendor :STMicroelectronics X-CUBE-WB05N 1.1.0
2024-10-30 13:06:24,124 [INFO] ThirdParty:1030 - CMSIS Pack Vendor :STMicroelectronics USB_DEVICE 3.0.0
2024-10-30 13:06:24,124 [INFO] ThirdParty:1030 - CMSIS Pack Vendor :STMicroelectronics X-CUBE-TCPP 4.1.0
2024-10-30 13:06:24,124 [INFO] ThirdParty:1030 - CMSIS Pack Vendor :STMicroelectronics X-CUBE-ISPU 2.1.0
2024-10-30 13:06:24,124 [INFO] ThirdParty:1030 - CMSIS Pack Vendor :STMicroelectronics X-CUBE-FREERTOS 1.2.0
2024-10-30 13:06:24,124 [INFO] ThirdParty:1030 - CMSIS Pack Vendor :STMicroelectronics X-CUBE-IPS 3.0.0
2024-10-30 13:06:24,124 [INFO] ThirdParty:1030 - CMSIS Pack Vendor :STMicroelectronics X-CUBE-AZRTOS-WB 2.0.0
2024-10-30 13:06:24,124 [INFO] ThirdParty:1030 - CMSIS Pack Vendor :STMicroelectronics X-CUBE-GNSS1 7.0.0
2024-10-30 13:06:24,124 [INFO] ThirdParty:1030 - CMSIS Pack Vendor :STMicroelectronics X-CUBE-TOUCHGFX 4.23.2
2024-10-30 13:06:24,124 [INFO] ThirdParty:1030 - CMSIS Pack Vendor :STMicroelectronics X-CUBE-AZRTOS-F7 1.1.0
2024-10-30 13:06:24,124 [INFO] ThirdParty:1030 - CMSIS Pack Vendor :STMicroelectronics X-CUBE-AZRTOS-L5 2.0.0
2024-10-30 13:06:24,124 [INFO] ThirdParty:1030 - CMSIS Pack Vendor :STMicroelectronics USB_DEVICE 2.0.0
2024-10-30 13:06:24,124 [INFO] ThirdParty:1030 - CMSIS Pack Vendor :STMicroelectronics X-CUBE-NFC6 3.1.0
2024-10-30 13:06:24,125 [INFO] ThirdParty:1030 - CMSIS Pack Vendor :STMicroelectronics FP-SNS-STBOX1 2.0.0
2024-10-30 13:06:24,125 [INFO] ThirdParty:1030 - CMSIS Pack Vendor :STMicroelectronics X-CUBE-MEMS1 11.0.0
2024-10-30 13:06:24,125 [INFO] ThirdParty:1030 - CMSIS Pack Vendor :STMicroelectronics FreeRTOS 0.0.1
2024-10-30 13:06:24,125 [INFO] ThirdParty:1030 - CMSIS Pack Vendor :STMicroelectronics X-CUBE-AZRTOS-G0 1.1.0
2024-10-30 13:06:24,125 [INFO] ThirdParty:1030 - CMSIS Pack Vendor :STMicroelectronics X-CUBE-SAFEA1 1.2.2
2024-10-30 13:06:24,125 [INFO] ThirdParty:1030 - CMSIS Pack Vendor :STMicroelectronics X-CUBE-NFC4 3.0.0
2024-10-30 13:06:24,125 [INFO] ThirdParty:1030 - CMSIS Pack Vendor :STMicroelectronics X-CUBE-DPower 1.2.0
2024-10-30 13:06:24,125 [INFO] ThirdParty:1030 - CMSIS Pack Vendor :STMicroelectronics X-CUBE-SUBG2 5.0.0
2024-10-30 13:06:24,125 [INFO] ThirdParty:1030 - CMSIS Pack Vendor :STMicroelectronics STM32_WPAN 1.0.0
2024-10-30 13:06:24,125 [INFO] ThirdParty:1030 - CMSIS Pack Vendor :EmbeddedOffice I-CUBE-FS-RTOS 1.0.1
2024-10-30 13:06:24,125 [INFO] ThirdParty:1030 - CMSIS Pack Vendor :STMicroelectronics lwIP 2.0.3
2024-10-30 13:06:24,125 [INFO] ThirdParty:1030 - CMSIS Pack Vendor :STMicroelectronics FP-SNS-FLIGHT1 5.0.2
2024-10-30 13:06:24,125 [INFO] ThirdParty:1030 - CMSIS Pack Vendor :Cesanta I-CUBE-Mongoose 7.13.0
2024-10-30 13:06:24,125 [INFO] ThirdParty:1030 - CMSIS Pack Vendor :STMicroelectronics USB_HOST 1.0.0
2024-10-30 13:06:24,126 [INFO] ThirdParty:1030 - CMSIS Pack Vendor :STMicroelectronics X-CUBE-AI 9.0.0
2024-10-30 13:06:24,126 [INFO] ThirdParty:1030 - CMSIS Pack Vendor :STMicroelectronics X-CUBE-AZRTOS-G4 2.0.0
2024-10-30 13:06:24,126 [INFO] ThirdParty:1030 - CMSIS Pack Vendor :STMicroelectronics PDM2PCM 3.1.0
2024-10-30 13:06:24,126 [INFO] ThirdParty:1030 - CMSIS Pack Vendor :STMicroelectronics PDM2PCM 3.3.0
2024-10-30 13:06:24,126 [INFO] ThirdParty:1030 - CMSIS Pack Vendor :STMicroelectronics X-CUBE-DISPLAY 3.0.0
2024-10-30 13:06:24,126 [INFO] ThirdParty:1030 - CMSIS Pack Vendor :RealThread X-CUBE-RT-Thread_Nano 4.1.1
2024-10-30 13:06:24,126 [INFO] ThirdParty:1030 - CMSIS Pack Vendor :wolfSSL I-CUBE-wolfSSL 5.7.0
2024-10-30 13:06:24,126 [INFO] ThirdParty:1030 - CMSIS Pack Vendor :STMicroelectronics X-CUBE-BLE1 7.0.0
2024-10-30 13:06:24,126 [INFO] ThirdParty:1030 - CMSIS Pack Vendor :STMicroelectronics FP-ATR-SIGFOX1 3.2.0
2024-10-30 13:06:24,126 [INFO] ThirdParty:1030 - CMSIS Pack Vendor :STMicroelectronics X-CUBE-NFC10 1.0.0
2024-10-30 13:06:24,126 [INFO] ThirdParty:1030 - CMSIS Pack Vendor :STMicroelectronics X-CUBE-ISPU 2.0.0
2024-10-30 13:06:24,126 [INFO] ThirdParty:1030 - CMSIS Pack Vendor :STMicroelectronics X-CUBE-EEPRMA1 5.1.0
2024-10-30 13:06:24,126 [INFO] ThirdParty:1030 - CMSIS Pack Vendor :STMicroelectronics HAL Drivers 0.0.0
2024-10-30 13:06:24,127 [INFO] ThirdParty:1030 - CMSIS Pack Vendor :STMicroelectronics MBEDTLS 2.16.2
2024-10-30 13:06:24,127 [INFO] ThirdParty:1030 - CMSIS Pack Vendor :STMicroelectronics X-CUBE-ALS 1.0.2
2024-10-30 13:06:24,127 [INFO] ThirdParty:1030 - CMSIS Pack Vendor :emotas I-CUBE-CANOPEN 1.3.0
2024-10-30 13:06:24,127 [INFO] ThirdParty:1030 - CMSIS Pack Vendor :STMicroelectronics X-CUBE-MEMS1 10.0.0
2024-10-30 13:06:24,127 [INFO] ThirdParty:1030 - CMSIS Pack Vendor :STMicroelectronics X-CUBE-NFC7 1.0.1
2024-10-30 13:06:24,127 [INFO] ThirdParty:1030 - CMSIS Pack Vendor :STMicroelectronics MBEDTLS 2.14.1
2024-10-30 13:06:24,127 [INFO] ThirdParty:1030 - CMSIS Pack Vendor :ITTIA_DB I-CUBE-ITTIADB 8.9.0
2024-10-30 13:06:24,127 [INFO] ThirdParty:1030 - CMSIS Pack Vendor :STMicroelectronics X-CUBE-TOUCHGFX 4.24.1
2024-10-30 13:06:24,127 [INFO] ThirdParty:1030 - CMSIS Pack Vendor :wolfSSL I-CUBE-wolfTPM 3.4.0
2024-10-30 13:06:24,127 [INFO] ThirdParty:1030 - CMSIS Pack Vendor :portGmbH I-Cube-SoM-uGOAL 1.1.0
2024-10-30 13:06:24,127 [INFO] ThirdParty:1030 - CMSIS Pack Vendor :STMicroelectronics X-CUBE-BLEMGR 3.1.0
2024-10-30 13:06:24,127 [INFO] ThirdParty:1030 - CMSIS Pack Vendor :STMicroelectronics ThreadX 1.0.0
2024-10-30 13:06:24,127 [INFO] ThirdParty:1030 - CMSIS Pack Vendor :STMicroelectronics FP-SNS-SMARTAG2 1.2.0
2024-10-30 13:06:24,127 [INFO] ThirdParty:1030 - CMSIS Pack Vendor :STMicroelectronics X-CUBE-AZRTOS-WL 2.0.0
2024-10-30 13:06:24,127 [INFO] ThirdParty:1030 - CMSIS Pack Vendor :SEGGER I-CUBE-embOS 1.3.1
2024-10-30 13:06:24,127 [INFO] ThirdParty:1030 - CMSIS Pack Vendor :STMicroelectronics X-CUBE-ALGOBUILD 1.4.0
2024-10-30 13:06:24,127 [INFO] ThirdParty:1030 - CMSIS Pack Vendor :STMicroelectronics FP-SNS-MOTENV1 5.0.0
2024-10-30 13:06:24,127 [INFO] ThirdParty:1030 - CMSIS Pack Vendor :STMicroelectronics USB_DEVICE 1.0.0
2024-10-30 13:06:24,127 [INFO] ThirdParty:1030 - CMSIS Pack Vendor :STMicroelectronics X-CUBE-AZRTOS-H7RS 1.0.0
2024-10-30 13:06:24,127 [INFO] ThirdParty:1030 - CMSIS Pack Vendor :wolfSSL I-CUBE-wolfMQTT 1.19.0
2024-10-30 13:06:24,127 [INFO] ThirdParty:1030 - CMSIS Pack Vendor :STMicroelectronics X-CUBE-AZRTOS-L4 2.0.0
2024-10-30 13:06:24,127 [INFO] ThirdParty:1030 - CMSIS Pack Vendor :STMicroelectronics ThreadX 0.0.2
2024-10-30 13:06:24,127 [INFO] ThirdParty:1030 - CMSIS Pack Vendor :WES I-CUBE-Cesium 1.3.0
2024-10-30 13:06:24,127 [INFO] ThirdParty:1030 - CMSIS Pack Vendor :STMicroelectronics FP-ATR-ASTRA1 2.0.0
2024-10-30 13:06:24,128 [INFO] ThirdParty:1030 - CMSIS Pack Vendor :STMicroelectronics lwIP 2.1.2
2024-10-30 13:06:24,128 [INFO] ThirdParty:1030 - CMSIS Pack Vendor :STMicroelectronics X-CUBE-SFXS2LP1 4.0.0
2024-10-30 13:06:24,128 [INFO] ThirdParty:1030 - CMSIS Pack Vendor :STMicroelectronics X-CUBE-BLE2 3.3.0
2024-10-30 13:06:24,128 [INFO] ThirdParty:1030 - CMSIS Pack Vendor :STMicroelectronics X-CUBE-TOF1 3.4.2
2024-10-30 13:06:24,128 [INFO] ThirdParty:1030 - CMSIS Pack Vendor :STMicroelectronics X-CUBE-AI 9.1.0
2024-10-30 13:06:24,128 [INFO] ThirdParty:1030 - CMSIS Pack Vendor :STMicroelectronics X-CUBE-TOF1 3.4.1
2024-10-30 13:06:24,128 [INFO] ThirdParty:1030 - CMSIS Pack Vendor :STMicroelectronics X-CUBE-AZRTOS-H7 3.2.0
2024-10-30 13:06:24,128 [INFO] ThirdParty:1030 - CMSIS Pack Vendor :Infineon AIROC-Wi-Fi-Bluetooth-STM32 1.6.0
2024-10-30 13:06:24,128 [INFO] ThirdParty:1030 - CMSIS Pack Vendor :STMicroelectronics PDM2PCM 3.2.0
2024-10-30 13:06:24,128 [INFO] ThirdParty:1030 - CMSIS Pack Vendor :wolfSSL I-CUBE-wolfSSH 1.4.17
2024-10-30 13:06:24,129 [INFO] ThirdParty:841 - exiting critical section [change project]
2024-10-30 13:06:24,977 [INFO] PinOutPanel:1561 - setPackage(No Configuration,No Configuration)
2024-10-30 13:06:24,978 [INFO] PinOutPanel:1561 - setPackage(STM32L476RGTx,LQFP64)
2024-10-30 13:06:25,972 [INFO] UtilMem:75 - Before build in PCC Used Memory: 865499528 Bytes (1073741824)
2024-10-30 13:06:27,534 [INFO] UtilMem:75 - After build in PCC Used Memory: 737865728 Bytes (1073741824)
2024-10-30 13:06:27,597 [INFO] IPUIPlugin:80 - create IPUIPlugin
2024-10-30 13:06:27,597 [INFO] IPUIPlugin:80 - create IPUIPlugin
2024-10-30 13:06:27,597 [INFO] IPUIPlugin:80 - create IPUIPlugin
2024-10-30 13:06:27,597 [INFO] IPUIPlugin:80 - create IPUIPlugin
2024-10-30 13:06:27,597 [INFO] IPUIPlugin:80 - create IPUIPlugin
2024-10-30 13:06:27,597 [INFO] IPUIPlugin:80 - create IPUIPlugin
2024-10-30 13:06:27,598 [INFO] IPUIPlugin:80 - create IPUIPlugin
2024-10-30 13:06:27,598 [INFO] IPUIPlugin:80 - create IPUIPlugin
2024-10-30 13:06:27,598 [INFO] IPUIPlugin:80 - create IPUIPlugin
2024-10-30 13:06:27,598 [INFO] IPUIPlugin:80 - create IPUIPlugin
2024-10-30 13:06:27,599 [INFO] IPUIPlugin:80 - create IPUIPlugin
2024-10-30 13:06:27,599 [INFO] IPUIPlugin:80 - create IPUIPlugin
2024-10-30 13:06:27,599 [INFO] IPUIPlugin:80 - create IPUIPlugin
2024-10-30 13:06:27,599 [INFO] IPUIPlugin:80 - create IPUIPlugin
2024-10-30 13:06:27,600 [INFO] IPUIPlugin:80 - create IPUIPlugin
2024-10-30 13:06:27,600 [INFO] IPUIPlugin:80 - create IPUIPlugin
2024-10-30 13:06:27,600 [INFO] IPUIPlugin:80 - create IPUIPlugin
2024-10-30 13:06:27,601 [INFO] IPUIPlugin:80 - create IPUIPlugin
2024-10-30 13:06:27,601 [INFO] IPUIPlugin:80 - create IPUIPlugin
2024-10-30 13:06:27,602 [INFO] IPUIPlugin:80 - create IPUIPlugin
2024-10-30 13:06:27,602 [INFO] IPUIPlugin:80 - create IPUIPlugin
2024-10-30 13:06:27,602 [INFO] IPUIPlugin:80 - create IPUIPlugin
2024-10-30 13:06:27,603 [INFO] IPUIPlugin:80 - create IPUIPlugin
2024-10-30 13:06:27,603 [INFO] IPUIPlugin:80 - create IPUIPlugin
2024-10-30 13:06:27,603 [INFO] IPUIPlugin:80 - create IPUIPlugin
2024-10-30 13:06:27,603 [INFO] IPUIPlugin:80 - create IPUIPlugin
2024-10-30 13:06:27,603 [INFO] IPUIPlugin:80 - create IPUIPlugin
2024-10-30 13:06:27,604 [INFO] IPUIPlugin:80 - create IPUIPlugin
2024-10-30 13:06:27,604 [INFO] IPUIPlugin:80 - create IPUIPlugin
2024-10-30 13:06:27,604 [INFO] IPUIPlugin:80 - create IPUIPlugin
2024-10-30 13:06:27,605 [INFO] IPUIPlugin:80 - create IPUIPlugin
2024-10-30 13:06:27,605 [INFO] IPUIPlugin:80 - create IPUIPlugin
2024-10-30 13:06:27,606 [INFO] IPUIPlugin:80 - create IPUIPlugin
2024-10-30 13:06:27,606 [INFO] IPUIPlugin:80 - create IPUIPlugin
2024-10-30 13:06:27,606 [INFO] IPUIPlugin:80 - create IPUIPlugin
2024-10-30 13:06:27,607 [INFO] IPUIPlugin:80 - create IPUIPlugin
2024-10-30 13:06:27,608 [INFO] IPUIPlugin:80 - create IPUIPlugin
2024-10-30 13:06:27,608 [INFO] IPUIPlugin:80 - create IPUIPlugin
2024-10-30 13:06:27,609 [INFO] IPUIPlugin:80 - create IPUIPlugin
2024-10-30 13:06:27,609 [INFO] IPUIPlugin:80 - create IPUIPlugin
2024-10-30 13:06:27,609 [INFO] IPUIPlugin:80 - create IPUIPlugin
2024-10-30 13:06:27,610 [INFO] IPUIPlugin:80 - create IPUIPlugin
2024-10-30 13:06:27,610 [INFO] IPUIPlugin:80 - create IPUIPlugin
2024-10-30 13:06:27,610 [INFO] IPUIPlugin:80 - create IPUIPlugin
2024-10-30 13:06:27,611 [INFO] IPUIPlugin:80 - create IPUIPlugin
2024-10-30 13:06:27,611 [INFO] IPUIPlugin:80 - create IPUIPlugin
2024-10-30 13:06:27,612 [INFO] IPUIPlugin:80 - create IPUIPlugin
2024-10-30 13:06:27,612 [INFO] IPUIPlugin:80 - create IPUIPlugin
2024-10-30 13:06:27,613 [INFO] IPUIPlugin:80 - create IPUIPlugin
2024-10-30 13:06:27,614 [INFO] IPUIPlugin:80 - create IPUIPlugin
2024-10-30 13:06:27,614 [INFO] IPUIPlugin:80 - create IPUIPlugin
2024-10-30 13:06:27,615 [INFO] IPUIPlugin:80 - create IPUIPlugin
2024-10-30 13:06:27,616 [INFO] IPUIPlugin:80 - create IPUIPlugin
2024-10-30 13:06:27,617 [INFO] IPUIPlugin:80 - create IPUIPlugin
2024-10-30 13:06:27,618 [INFO] IPUIPlugin:80 - create IPUIPlugin
2024-10-30 13:06:27,619 [INFO] IPUIPlugin:80 - create IPUIPlugin
2024-10-30 13:06:27,620 [INFO] IPUIPlugin:80 - create IPUIPlugin
2024-10-30 13:06:27,621 [INFO] IPUIPlugin:80 - create IPUIPlugin
2024-10-30 13:06:27,621 [INFO] IPUIPlugin:80 - create IPUIPlugin
2024-10-30 13:06:27,908 [INFO] CADModel:165 - CPN selected for project levelSTM32L476RGT6
2024-10-30 13:06:27,908 [INFO] CADModel:114 - Register for checkConnection events
2024-10-30 13:06:27,959 [INFO] OpenFileManager:343 - Restore cursor
2024-10-30 13:06:31,533 [INFO] UtilMem:75 - End SaveConfig() Used Memory: 699931832 Bytes (1073741824)
2024-10-30 13:06:31,658 [INFO] UtilMem:75 - End SaveConfig() Used Memory: 731921216 Bytes (1073741824)
2024-10-30 13:06:32,382 [INFO] BlockDiagram:2759 - set Specific Code input for plugin: RCC
2024-10-30 13:06:32,382 [INFO] BlockDiagram:2759 - set Specific Code input for plugin: NVIC
2024-10-30 13:06:32,384 [INFO] CodeGenerator:807 - code generatio: config db path: C:\Users\USER\Downloads\STM32CubeIDE_1.15.1\STM32CubeIDE\plugins\com.st.stm32cube.common.mx_6.11.1.202404110753\\db\
2024-10-30 13:06:32,767 [INFO] CodeEngine:255 - oldGeneratedFile, C:\Users\USER\STM32CubeIDE\workspace_school\UARTA5\MXTmpFiles\license.tmp_save
2024-10-30 13:06:33,410 [INFO] CodeEngine:279 - Generated code: C:\Users\USER\STM32CubeIDE\workspace_school\UARTA5\MXTmpFiles\license.tmp
2024-10-30 13:06:33,488 [INFO] CodeEngine:255 - oldGeneratedFile, C:\Users\USER\STM32CubeIDE\workspace_school\UARTA5\Core\Src\stm32l4xx_it.c_save
2024-10-30 13:06:33,863 [INFO] CodeEngine:279 - Generated code: C:\Users\USER\STM32CubeIDE\workspace_school\UARTA5\Core\Src\stm32l4xx_it.c
2024-10-30 13:06:33,883 [INFO] CodeEngine:255 - oldGeneratedFile, C:\Users\USER\STM32CubeIDE\workspace_school\UARTA5\Core\Inc\stm32l4xx_it.h_save
2024-10-30 13:06:34,047 [INFO] CodeEngine:279 - Generated code: C:\Users\USER\STM32CubeIDE\workspace_school\UARTA5\Core\Inc\stm32l4xx_it.h
2024-10-30 13:06:34,312 [INFO] CodeEngine:255 - oldGeneratedFile, C:\Users\USER\STM32CubeIDE\workspace_school\UARTA5\Core\Src\stm32l4xx_hal_msp.c_save
2024-10-30 13:06:34,602 [INFO] CodeEngine:279 - Generated code: C:\Users\USER\STM32CubeIDE\workspace_school\UARTA5\Core\Src\stm32l4xx_hal_msp.c
2024-10-30 13:06:34,621 [INFO] CodeEngine:255 - oldGeneratedFile, C:\Users\USER\STM32CubeIDE\workspace_school\UARTA5\MXTmpFiles\system.tmp_save
2024-10-30 13:06:34,743 [INFO] CodeEngine:279 - Generated code: C:\Users\USER\STM32CubeIDE\workspace_school\UARTA5\MXTmpFiles\system.tmp
2024-10-30 13:06:34,776 [INFO] CodeEngine:311 - oldGeneratedFile, C:\Users\USER\STM32CubeIDE\workspace_school\UARTA5\Core\Inc\stm32l4xx_hal_conf.h_save
2024-10-30 13:06:34,945 [INFO] CodeEngine:335 - Generated code: C:\Users\USER\STM32CubeIDE\workspace_school\UARTA5\Core\Inc\stm32l4xx_hal_conf.h
2024-10-30 13:06:35,056 [INFO] CodeEngine:255 - oldGeneratedFile, C:\Users\USER\STM32CubeIDE\workspace_school\UARTA5\Core\Inc\main.h_save
2024-10-30 13:06:35,264 [INFO] CodeEngine:279 - Generated code: C:\Users\USER\STM32CubeIDE\workspace_school\UARTA5\Core\Inc\main.h
2024-10-30 13:06:35,284 [INFO] CodeEngine:255 - oldGeneratedFile, C:\Users\USER\STM32CubeIDE\workspace_school\UARTA5\Core\Src\main.c_save
2024-10-30 13:06:35,525 [INFO] CodeEngine:279 - Generated code: C:\Users\USER\STM32CubeIDE\workspace_school\UARTA5\Core\Src\main.c
2024-10-30 13:06:36,336 [INFO] ProjectBuilder:3163 - Time for Copy HAL[1] : 356mS.
2024-10-30 13:06:36,346 [INFO] ProjectBuilder:4736 - Project Generator version: 4.3.0-B58
2024-10-30 13:06:36,553 [INFO] ConfigFileManager:1503 - The Die is : DIE415
2024-10-30 13:06:36,589 [INFO] ApiDbMcu:508 - Load IP Config File for FATFS
2024-10-30 13:06:36,618 [INFO] ApiDbMcu:508 - Load IP Config File for FREERTOS
2024-10-30 13:06:36,664 [INFO] ApiDbMcu:508 - Load IP Config File for TOUCHSENSING
2024-10-30 13:06:36,695 [INFO] ApiDbMcu:508 - Load IP Config File for USB_DEVICE
2024-10-30 13:06:36,720 [INFO] ApiDbMcu:508 - Load IP Config File for USB_HOST
2024-10-30 13:06:37,880 [INFO] LogOutputStream:77 - [STDOUT_REDIRECT] 
2024-10-30 13:06:43,032 [INFO] ProjectBuilder:5002 - Time for Generating toolchain IDE Files: 6685mS.
2024-10-30 13:06:43,033 [INFO] ProjectBuilder:3034 - Time for Copy CMSIS : 1mS.
2024-10-30 13:06:43,038 [INFO] ProjectBuilder:3034 - Time for Copy CMSIS : 0mS.
2024-10-30 13:06:44,353 [INFO] McuFinderGlobals:76 - Set McuFinderConnectedMode to true
2024-10-30 13:06:44,358 [INFO] ApiDb:448 - Save user favorites file C:\Users\USER/.stm32cubeide/favorites.mcus.txt: 1 item(s)
2024-10-30 13:06:44,378 [INFO] ApiDb:452 - User favorites MCUs=[STM32L476RGT6]
