2024-09-27 10:39:38,813 [INFO] Activator:176 - 


2024-09-27 10:39:38,822 [INFO] Activator:177 - !SESSION log4j initialized
2024-09-27 10:39:45,569 [INFO] LogOutputStream:77 - [STDOUT_REDIRECT] 
2024-09-27 10:39:49,771 [INFO] ApplicationProperties:184 - Using Application install path: C:\Users\USER\Downloads\STM32CubeIDE_1.15.1\STM32CubeIDE\plugins\com.st.stm32cube.common.mx_6.11.1.202404110753
2024-09-27 10:39:49,805 [INFO] DbMcusXml:78 - Set database path to: C:\Users\USER\Downloads\STM32CubeIDE_1.15.1\STM32CubeIDE\plugins\com.st.stm32cube.common.mx_6.11.1.202404110753\\db\/mcu/
2024-09-27 10:39:49,806 [INFO] ApiDb:274 - Set plugin database path to: C:\Users\USER\Downloads\STM32CubeIDE_1.15.1\STM32CubeIDE\plugins\com.st.stm32cube.common.mx_6.11.1.202404110753\\db\/plugins/boardmanager/
2024-09-27 10:39:49,807 [WARN] ApiDb:259 - Overriding images path with different value:  => C:\Users\USER\Downloads\STM32CubeIDE_1.15.1\STM32CubeIDE\plugins\com.st.stm32cube.common.mx_6.11.1.202404110753\\db\/plugins/mcufinder/images/
2024-09-27 10:39:49,822 [INFO] ApiDb:250 - Set database path to: C:\Users\USER\.stmcufinder\plugins\mcufinder//mcu/
2024-09-27 10:39:49,824 [INFO] DbMcusAds:125 - Set database path to: C:\Users\USER\.stmcufinder\plugins\mcufinder//mcu/
2024-09-27 10:39:49,829 [INFO] CrossReferenceDbSqlite:203 - Set database path to: C:\Users\USER\.stmcufinder\plugins\mcufinder//mcu/cs/
2024-09-27 10:39:50,108 [INFO] RulesReader:64 - Compatibility file has been processed (297 Rules)
2024-09-27 10:39:50,292 [INFO] DbMcusXml:78 - Set database path to: C:\Users\USER\Downloads\STM32CubeIDE_1.15.1\STM32CubeIDE\plugins\com.st.stm32cube.common.mx_6.11.1.202404110753\\db\/mcu/
2024-09-27 10:39:50,293 [INFO] ApiDb:274 - Set plugin database path to: C:\Users\USER\Downloads\STM32CubeIDE_1.15.1\STM32CubeIDE\plugins\com.st.stm32cube.common.mx_6.11.1.202404110753\\db\/plugins/boardmanager/
2024-09-27 10:39:50,293 [INFO] ApiDb:261 - Set plugin images path to: C:\Users\USER\Downloads\STM32CubeIDE_1.15.1\STM32CubeIDE\plugins\com.st.stm32cube.common.mx_6.11.1.202404110753\\db\/plugins/mcufinder/images/
2024-09-27 10:39:50,293 [WARN] DbFile:41 - Overriding database path with different value: C:\Users\USER\.stmcufinder\plugins\mcufinder/ => C:\Users\USER\.stmcufinder\plugins\mcufinder
2024-09-27 10:39:50,294 [INFO] ApiDb:250 - Set database path to: C:\Users\USER\.stmcufinder\plugins\mcufinder//mcu/
2024-09-27 10:39:50,294 [WARN] DbFile:41 - Overriding database path with different value: C:\Users\USER\.stmcufinder\plugins\mcufinder/ => C:\Users\USER\.stmcufinder\plugins\mcufinder
2024-09-27 10:39:50,294 [INFO] DbMcusAds:125 - Set database path to: C:\Users\USER\.stmcufinder\plugins\mcufinder//mcu/
2024-09-27 10:39:50,294 [WARN] DbFile:41 - Overriding database path with different value: C:\Users\USER\.stmcufinder\plugins\mcufinder/ => C:\Users\USER\.stmcufinder\plugins\mcufinder
2024-09-27 10:39:50,294 [WARN] DbFile:41 - Overriding database path with different value: C:\Users\USER\.stmcufinder\plugins\mcufinder/ => C:\Users\USER\.stmcufinder\plugins\mcufinder
2024-09-27 10:39:50,294 [INFO] CrossReferenceDbSqlite:203 - Set database path to: C:\Users\USER\.stmcufinder\plugins\mcufinder//mcu/cs/
2024-09-27 10:39:50,458 [INFO] MainPanel:264 - HeapMemory: 268435456
2024-09-27 10:39:50,634 [INFO] DbMcusXml:78 - Set database path to: C:\Users\USER\Downloads\STM32CubeIDE_1.15.1\STM32CubeIDE\plugins\com.st.stm32cube.common.mx_6.11.1.202404110753\\db\/mcu/
2024-09-27 10:39:50,634 [INFO] ApiDb:274 - Set plugin database path to: C:\Users\USER\Downloads\STM32CubeIDE_1.15.1\STM32CubeIDE\plugins\com.st.stm32cube.common.mx_6.11.1.202404110753\\db\/plugins/boardmanager/
2024-09-27 10:39:50,634 [INFO] ApiDb:261 - Set plugin images path to: C:\Users\USER\Downloads\STM32CubeIDE_1.15.1\STM32CubeIDE\plugins\com.st.stm32cube.common.mx_6.11.1.202404110753\\db\/plugins/mcufinder/images/
2024-09-27 10:39:50,634 [WARN] DbFile:41 - Overriding database path with different value: C:\Users\USER\.stmcufinder\plugins\mcufinder/ => C:\Users\USER\.stmcufinder\plugins\mcufinder
2024-09-27 10:39:50,635 [INFO] ApiDb:250 - Set database path to: C:\Users\USER\.stmcufinder\plugins\mcufinder//mcu/
2024-09-27 10:39:50,635 [WARN] DbFile:41 - Overriding database path with different value: C:\Users\USER\.stmcufinder\plugins\mcufinder/ => C:\Users\USER\.stmcufinder\plugins\mcufinder
2024-09-27 10:39:50,635 [INFO] DbMcusAds:125 - Set database path to: C:\Users\USER\.stmcufinder\plugins\mcufinder//mcu/
2024-09-27 10:39:50,635 [WARN] DbFile:41 - Overriding database path with different value: C:\Users\USER\.stmcufinder\plugins\mcufinder/ => C:\Users\USER\.stmcufinder\plugins\mcufinder
2024-09-27 10:39:50,635 [WARN] DbFile:41 - Overriding database path with different value: C:\Users\USER\.stmcufinder\plugins\mcufinder/ => C:\Users\USER\.stmcufinder\plugins\mcufinder
2024-09-27 10:39:50,635 [INFO] CrossReferenceDbSqlite:203 - Set database path to: C:\Users\USER\.stmcufinder\plugins\mcufinder//mcu/cs/
2024-09-27 10:39:50,686 [INFO] ApplicationProperties:184 - Using Application install path: C:\Users\USER\Downloads\STM32CubeIDE_1.15.1\STM32CubeIDE\plugins\com.st.stm32cube.common.mx_6.11.1.202404110753
2024-09-27 10:39:50,689 [INFO] PluginManage:196 - Search for loadable plugins [exclusion list=, ]
2024-09-27 10:39:50,692 [INFO] PluginManage:310 - Check plugin analytics
2024-09-27 10:39:51,109 [INFO] AnalyticsPlugin:253 - Accepted Software Licenses: 
2024-09-27 10:39:51,110 [INFO] AnalyticsPlugin:255 - Accepted CMSIS Pack Licenses: 
2024-09-27 10:39:51,110 [INFO] AnalyticsPlugin:257 - Accepted Firmware Licenses: 
2024-09-27 10:39:51,115 [INFO] PluginManage:359 - Loaded plugin analytics (category:tool,tabindex:-1)
2024-09-27 10:39:51,115 [INFO] PluginManage:310 - Check plugin cadmodel
2024-09-27 10:39:51,141 [INFO] CADModel:105 - Init CAD model plugin
2024-09-27 10:39:51,142 [INFO] PluginManage:359 - Loaded plugin cadmodel (category:power,tabindex:5)
2024-09-27 10:39:51,142 [INFO] PluginManage:310 - Check plugin clock
2024-09-27 10:39:51,223 [INFO] PluginManage:359 - Loaded plugin clock (category:base,tabindex:2)
2024-09-27 10:39:51,224 [INFO] PluginManage:310 - Check plugin ddr
2024-09-27 10:39:51,228 [INFO] PluginManage:359 - Loaded plugin ddr (category:tool,tabindex:6)
2024-09-27 10:39:51,228 [INFO] PluginManage:310 - Check plugin filemanager
2024-09-27 10:39:51,545 [INFO] PluginManage:359 - Loaded plugin filemanager (category:base,tabindex:10)
2024-09-27 10:39:51,545 [INFO] PluginManage:310 - Check plugin ipmanager
2024-09-27 10:39:51,558 [INFO] PluginManage:359 - Loaded plugin ipmanager (category:base,tabindex:5)
2024-09-27 10:39:51,559 [INFO] PluginManage:310 - Check plugin lpbam
2024-09-27 10:39:51,596 [INFO] PluginManage:359 - Loaded plugin lpbam (category:base,tabindex:0)
2024-09-27 10:39:51,596 [INFO] PluginManage:310 - Check plugin memorymap
2024-09-27 10:39:51,646 [INFO] PluginManage:359 - Loaded plugin memorymap (category:base,tabindex:4)
2024-09-27 10:39:51,646 [INFO] PluginManage:310 - Check plugin pinoutandconfiguration
2024-09-27 10:39:51,673 [INFO] PluginManage:359 - Loaded plugin pinoutandconfiguration (category:base,tabindex:1)
2024-09-27 10:39:51,673 [INFO] PluginManage:310 - Check plugin pinoutconfig
2024-09-27 10:39:51,845 [WARN] SupportedApi:132 - Cannot load RTOS API schema: s4s-elt-must-match.1: The content of 'definitions' must match (annotation?, (simpleType | complexType)?, (unique | key | keyref)*)). A problem was found starting at: attribute.
2024-09-27 10:39:52,102 [INFO] PluginManage:359 - Loaded plugin pinoutconfig (category:base,tabindex:0)
2024-09-27 10:39:52,102 [INFO] PluginManage:310 - Check plugin power
2024-09-27 10:39:52,137 [INFO] PluginManage:359 - Loaded plugin power (category:power,tabindex:4)
2024-09-27 10:39:52,137 [INFO] PluginManage:310 - Check plugin projectmanager
2024-09-27 10:39:52,162 [INFO] PluginManage:359 - Loaded plugin projectmanager (category:projectmanager,tabindex:3)
2024-09-27 10:39:52,162 [INFO] PluginManage:310 - Check plugin thirdparty
2024-09-27 10:39:52,667 [INFO] PluginManage:359 - Loaded plugin thirdparty (category:base,tabindex:-1)
2024-09-27 10:39:52,667 [WARN] IntegrityCheckThread:84 - waiting for thirdparty lock release [integrity check]
2024-09-27 10:39:52,667 [INFO] PluginManage:310 - Check plugin tools
2024-09-27 10:39:52,667 [INFO] IntegrityCheckThread:86 - entering critical section [integrity check]
2024-09-27 10:39:52,668 [INFO] ThirdPartyUpdaterWithRetryManager:70 - Updater plugin not ready yet. [1/15]
2024-09-27 10:39:52,731 [INFO] PluginManage:359 - Loaded plugin tools (category:base,tabindex:7)
2024-09-27 10:39:52,732 [INFO] PluginManage:310 - Check plugin tutovideos
2024-09-27 10:39:53,046 [INFO] PluginManage:359 - Loaded plugin tutovideos (category:base,tabindex:-1)
2024-09-27 10:39:53,046 [INFO] PluginManage:310 - Check plugin updater
2024-09-27 10:39:53,060 [INFO] PluginManage:359 - Loaded plugin updater (category:base,tabindex:12)
2024-09-27 10:39:53,060 [INFO] PluginManage:310 - Check plugin userauth
2024-09-27 10:39:53,068 [INFO] UserAuth:114 - Init User Auth plugin
2024-09-27 10:39:53,068 [INFO] PluginManage:359 - Loaded plugin userauth (category:base,tabindex:14)
2024-09-27 10:39:53,069 [INFO] PluginManage:283 - PluginManage : Loaded plugins [17]
2024-09-27 10:39:53,438 [INFO] PinOutPanel:1561 - setPackage(No Configuration,No Configuration)
2024-09-27 10:39:53,558 [INFO] CADModel:165 - CPN selected for project level
2024-09-27 10:39:53,558 [INFO] CADModel:114 - Register for checkConnection events
2024-09-27 10:39:53,597 [INFO] IPUIPlugin:80 - create IPUIPlugin
2024-09-27 10:39:53,598 [INFO] PluginManager:220 - loadIPPluginJar : add adc
2024-09-27 10:39:53,664 [INFO] IPUIPlugin:80 - create IPUIPlugin
2024-09-27 10:39:53,664 [INFO] PluginManager:220 - loadIPPluginJar : add aes
2024-09-27 10:39:53,730 [INFO] IPUIPlugin:80 - create IPUIPlugin
2024-09-27 10:39:53,730 [INFO] PluginManager:220 - loadIPPluginJar : add can
2024-09-27 10:39:53,768 [INFO] IPUIPlugin:80 - create IPUIPlugin
2024-09-27 10:39:53,768 [INFO] PluginManager:220 - loadIPPluginJar : add comp
2024-09-27 10:39:53,827 [INFO] IPUIPlugin:80 - create IPUIPlugin
2024-09-27 10:39:53,827 [INFO] PluginManager:220 - loadIPPluginJar : add cryp
2024-09-27 10:39:53,876 [INFO] IPUIPlugin:80 - create IPUIPlugin
2024-09-27 10:39:53,876 [INFO] PluginManager:220 - loadIPPluginJar : add dfsdm
2024-09-27 10:39:53,898 [INFO] IPUIPlugin:80 - create IPUIPlugin
2024-09-27 10:39:53,899 [INFO] PluginManager:220 - loadIPPluginJar : add dma
2024-09-27 10:39:53,969 [INFO] IPUIPlugin:80 - create IPUIPlugin
2024-09-27 10:39:53,969 [INFO] PluginManager:220 - loadIPPluginJar : add dma3
2024-09-27 10:39:54,043 [INFO] IPUIPlugin:80 - create IPUIPlugin
2024-09-27 10:39:54,044 [INFO] PluginManager:220 - loadIPPluginJar : add extmemmanager
2024-09-27 10:39:54,081 [INFO] IPUIPlugin:80 - create IPUIPlugin
2024-09-27 10:39:54,081 [INFO] PluginManager:220 - loadIPPluginJar : add fatfs
2024-09-27 10:39:54,165 [INFO] IPUIPlugin:80 - create IPUIPlugin
2024-09-27 10:39:54,165 [INFO] PluginManager:220 - loadIPPluginJar : add fmc
2024-09-27 10:39:54,190 [INFO] IPUIPlugin:80 - create IPUIPlugin
2024-09-27 10:39:54,190 [INFO] PluginManager:220 - loadIPPluginJar : add freertos
2024-09-27 10:39:54,225 [INFO] IPUIPlugin:80 - create IPUIPlugin
2024-09-27 10:39:54,226 [INFO] PluginManager:220 - loadIPPluginJar : add genericplugin
2024-09-27 10:39:54,404 [INFO] IPUIPlugin:80 - create IPUIPlugin
2024-09-27 10:39:54,404 [INFO] PluginManager:220 - loadIPPluginJar : add gfxmmu
2024-09-27 10:39:54,650 [INFO] IPUIPlugin:80 - create IPUIPlugin
2024-09-27 10:39:54,650 [INFO] PluginManager:220 - loadIPPluginJar : add gic
2024-09-27 10:39:54,673 [INFO] IPUIPlugin:80 - create IPUIPlugin
2024-09-27 10:39:54,674 [INFO] PluginManager:220 - loadIPPluginJar : add gpio
2024-09-27 10:39:54,890 [INFO] IPUIPlugin:80 - create IPUIPlugin
2024-09-27 10:39:54,890 [INFO] PluginManager:220 - loadIPPluginJar : add gtzc
2024-09-27 10:39:54,940 [INFO] IPUIPlugin:80 - create IPUIPlugin
2024-09-27 10:39:54,940 [INFO] PluginManager:220 - loadIPPluginJar : add hash
2024-09-27 10:39:55,032 [INFO] IPUIPlugin:80 - create IPUIPlugin
2024-09-27 10:39:55,033 [INFO] PluginManager:220 - loadIPPluginJar : add i2c
2024-09-27 10:39:55,100 [INFO] IPUIPlugin:80 - create IPUIPlugin
2024-09-27 10:39:55,100 [INFO] PluginManager:220 - loadIPPluginJar : add i2s
2024-09-27 10:39:55,200 [INFO] IPUIPlugin:80 - create IPUIPlugin
2024-09-27 10:39:55,200 [INFO] PluginManager:220 - loadIPPluginJar : add i3c
2024-09-27 10:39:55,469 [INFO] IPUIPlugin:80 - create IPUIPlugin
2024-09-27 10:39:55,469 [INFO] PluginManager:220 - loadIPPluginJar : add ipddr
2024-09-27 10:39:55,650 [INFO] IPUIPlugin:80 - create IPUIPlugin
2024-09-27 10:39:55,650 [INFO] PluginManager:220 - loadIPPluginJar : add linkedlist
2024-09-27 10:39:55,669 [INFO] ThirdPartyUpdaterWithRetryManager:70 - Updater plugin not ready yet. [2/15]
2024-09-27 10:39:55,711 [INFO] IPUIPlugin:80 - create IPUIPlugin
2024-09-27 10:39:55,711 [INFO] PluginManager:220 - loadIPPluginJar : add lorawan
2024-09-27 10:39:55,778 [INFO] IPUIPlugin:80 - create IPUIPlugin
2024-09-27 10:39:55,779 [INFO] PluginManager:220 - loadIPPluginJar : add ltdc
2024-09-27 10:39:55,803 [INFO] IPUIPlugin:80 - create IPUIPlugin
2024-09-27 10:39:55,803 [INFO] PluginManager:220 - loadIPPluginJar : add mdma
2024-09-27 10:39:55,821 [INFO] IPUIPlugin:80 - create IPUIPlugin
2024-09-27 10:39:55,821 [INFO] PluginManager:220 - loadIPPluginJar : add nvic
2024-09-27 10:39:55,885 [INFO] IPUIPlugin:80 - create IPUIPlugin
2024-09-27 10:39:55,885 [INFO] PluginManager:220 - loadIPPluginJar : add opamp
2024-09-27 10:39:55,998 [INFO] IPUIPlugin:80 - create IPUIPlugin
2024-09-27 10:39:55,999 [INFO] PluginManager:220 - loadIPPluginJar : add openamp
2024-09-27 10:39:56,101 [INFO] IPUIPlugin:80 - create IPUIPlugin
2024-09-27 10:39:56,101 [INFO] PluginManager:220 - loadIPPluginJar : add pdm2pcm
2024-09-27 10:39:56,123 [INFO] IPUIPlugin:80 - create IPUIPlugin
2024-09-27 10:39:56,126 [INFO] PluginManager:220 - loadIPPluginJar : add plateformsettings
2024-09-27 10:39:56,163 [INFO] IPUIPlugin:80 - create IPUIPlugin
2024-09-27 10:39:56,163 [INFO] PluginManager:220 - loadIPPluginJar : add quadspi
2024-09-27 10:39:56,185 [INFO] IPUIPlugin:80 - create IPUIPlugin
2024-09-27 10:39:56,185 [INFO] PluginManager:220 - loadIPPluginJar : add resmgrutility
2024-09-27 10:39:56,313 [INFO] IPUIPlugin:80 - create IPUIPlugin
2024-09-27 10:39:56,313 [INFO] PluginManager:220 - loadIPPluginJar : add sai
2024-09-27 10:39:56,393 [INFO] IPUIPlugin:80 - create IPUIPlugin
2024-09-27 10:39:56,394 [INFO] PluginManager:220 - loadIPPluginJar : add spi
2024-09-27 10:39:56,528 [INFO] IPUIPlugin:80 - create IPUIPlugin
2024-09-27 10:39:56,529 [INFO] PluginManager:220 - loadIPPluginJar : add stm32_wpan
2024-09-27 10:39:56,571 [INFO] IPUIPlugin:80 - create IPUIPlugin
2024-09-27 10:39:56,572 [INFO] PluginManager:220 - loadIPPluginJar : add tim
2024-09-27 10:39:56,677 [INFO] IPUIPlugin:80 - create IPUIPlugin
2024-09-27 10:39:56,677 [INFO] PluginManager:220 - loadIPPluginJar : add touchsensing
2024-09-27 10:39:56,716 [INFO] IPUIPlugin:80 - create IPUIPlugin
2024-09-27 10:39:56,717 [INFO] PluginManager:220 - loadIPPluginJar : add tracer_emb
2024-09-27 10:39:56,751 [INFO] IPUIPlugin:80 - create IPUIPlugin
2024-09-27 10:39:56,751 [INFO] PluginManager:220 - loadIPPluginJar : add ts
2024-09-27 10:39:56,783 [INFO] IPUIPlugin:80 - create IPUIPlugin
2024-09-27 10:39:56,784 [INFO] PluginManager:220 - loadIPPluginJar : add tsc
2024-09-27 10:39:56,845 [INFO] IPUIPlugin:80 - create IPUIPlugin
2024-09-27 10:39:56,845 [INFO] PluginManager:220 - loadIPPluginJar : add ucpd
2024-09-27 10:39:56,917 [INFO] IPUIPlugin:80 - create IPUIPlugin
2024-09-27 10:39:56,917 [INFO] PluginManager:220 - loadIPPluginJar : add usart
2024-09-27 10:39:56,994 [INFO] IPUIPlugin:80 - create IPUIPlugin
2024-09-27 10:39:56,995 [INFO] PluginManager:220 - loadIPPluginJar : add usbx
2024-09-27 10:39:57,163 [INFO] CADModel:165 - CPN selected for project level
2024-09-27 10:39:57,163 [INFO] CADModel:114 - Register for checkConnection events
2024-09-27 10:39:57,163 [FATAL] Updater:308 - Updater called before beeing initialized
2024-09-27 10:39:57,164 [ERROR] CADModel:125 - Updater not yet initialized, retry later 
2024-09-27 10:39:57,376 [INFO] CADModel:165 - CPN selected for project level
2024-09-27 10:39:57,376 [INFO] CADModel:114 - Register for checkConnection events
2024-09-27 10:39:57,376 [FATAL] Updater:308 - Updater called before beeing initialized
2024-09-27 10:39:57,376 [ERROR] CADModel:125 - Updater not yet initialized, retry later 
2024-09-27 10:39:57,379 [FATAL] Updater:308 - Updater called before beeing initialized
2024-09-27 10:39:57,531 [FATAL] Updater:308 - Updater called before beeing initialized
2024-09-27 10:39:57,546 [INFO] DbMcusAds:53 - JSON generation date=Fri Sep 20 06:04:23 PDT 2024 (1726837463113)
2024-09-27 10:39:57,547 [FATAL] Updater:308 - Updater called before beeing initialized
2024-09-27 10:39:57,638 [WARN] DetailPanel:346 - Failed to get advertising image, set to default
2024-09-27 10:39:57,745 [FATAL] Updater:308 - Updater called before beeing initialized
2024-09-27 10:39:57,747 [FATAL] Updater:308 - Updater called before beeing initialized
2024-09-27 10:39:57,747 [FATAL] Updater:308 - Updater called before beeing initialized
2024-09-27 10:39:57,747 [WARN] DetailPanel:346 - Failed to get advertising image, set to default
2024-09-27 10:39:57,748 [FATAL] Updater:308 - Updater called before beeing initialized
2024-09-27 10:39:57,828 [ERROR] Updater:1120 - MainUpdater not yet initialized. External WinMGr cannot be set.
2024-09-27 10:39:57,838 [INFO] Updater:1056 - Updater Version found : 6.11.1
2024-09-27 10:39:57,855 [INFO] ApplicationProperties:184 - Using Application install path: C:\Users\USER\Downloads\STM32CubeIDE_1.15.1\STM32CubeIDE\plugins\com.st.stm32cube.common.mx_6.11.1.202404110753
2024-09-27 10:39:58,672 [INFO] ThirdPartyUpdaterWithRetryManager:70 - Updater plugin not ready yet. [3/15]
2024-09-27 10:39:59,433 [ERROR] LogOutputStream:75 - [STDERR_REDIRECT] Sep 27, 2024 10:39:59 AM java.util.prefs.WindowsPreferences <init>
2024-09-27 10:39:59,435 [ERROR] LogOutputStream:75 - [STDERR_REDIRECT] WARNING: Could not open/create prefs root node Software\JavaSoft\Prefs at root 0xffffffff80000002. Windows RegCreateKeyEx(...) returned error code 5.
2024-09-27 10:39:59,435 [ERROR] LogOutputStream:75 - [STDERR_REDIRECT] 
2024-09-27 10:39:59,787 [INFO] MainUpdater:2873 - connection check result : 10
2024-09-27 10:39:59,787 [INFO] MainUpdater:290 - Updater Check For Update Now.
2024-09-27 10:39:59,788 [INFO] MicroXplorer:498 - Change Database Version : DB.6.0.111
2024-09-27 10:39:59,814 [INFO] McuFinderGlobals:63 - Set McuFinder mode to 2 (CubeIDE integrated)
2024-09-27 10:39:59,829 [INFO] UserAuth:415 - Internet connection configuration mode: 1
2024-09-27 10:39:59,872 [INFO] JxBrowserEngine:152 - Initiate JxBrowser Engine with user profile folder
2024-09-27 10:40:00,044 [INFO] CheckServerUpdateThread:120 - End of CheckServer Thread
2024-09-27 10:40:01,984 [WARN] PackLoader:240 - Cannot read IP mode file for STMicroelectronics.FP-SNS-MOTENVWB1.1.4.0
2024-09-27 10:40:02,012 [WARN] PackLoader:240 - Cannot read IP mode file for STMicroelectronics.X-CUBE-SMBUS.2.1.0
2024-09-27 10:40:02,028 [WARN] PackLoader:240 - Cannot read IP mode file for STMicroelectronics.X-CUBE-TOUCHGFX.4.23.2
2024-09-27 10:40:02,094 [WARN] PackLoader:240 - Cannot read IP mode file for STMicroelectronics.X-CUBE-AZRTOS-F7.1.1.0
2024-09-27 10:40:02,233 [WARN] PackLoader:240 - Cannot read IP mode file for STMicroelectronics.X-CUBE-MEMS1.11.0.0
2024-09-27 10:40:02,457 [WARN] PackLoader:240 - Cannot read IP mode file for STMicroelectronics.FP-SNS-FLIGHT1.5.0.2
2024-09-27 10:40:02,481 [WARN] PackLoader:240 - Cannot read IP mode file for STMicroelectronics.X-CUBE-DISPLAY.3.0.0
2024-09-27 10:40:02,504 [WARN] PackLoader:240 - Cannot read IP mode file for STMicroelectronics.X-CUBE-BLE1.7.0.0
2024-09-27 10:40:02,522 [WARN] PackLoader:240 - Cannot read IP mode file for emotas.I-CUBE-CANOPEN.1.3.0
2024-09-27 10:40:02,548 [WARN] PackLoader:240 - Cannot read IP mode file for STMicroelectronics.X-CUBE-BLEMGR.3.1.0
2024-09-27 10:40:02,569 [WARN] PackLoader:240 - Cannot read IP mode file for STMicroelectronics.FP-SNS-SMARTAG2.1.2.0
2024-09-27 10:40:02,593 [INFO] LogOutputStream:77 - [STDOUT_REDIRECT] 1 : Invalid condition id : UX_CORESTACK_Condition cause : null
2024-09-27 10:40:02,593 [INFO] LogOutputStream:77 - [STDOUT_REDIRECT] 1 : Invalid condition id : UX_CORESTACK_Condition cause : null
2024-09-27 10:40:02,595 [INFO] LogOutputStream:77 - [STDOUT_REDIRECT] 1 : Invalid condition id : UX_CORESTACK_Condition cause : null
2024-09-27 10:40:02,596 [INFO] LogOutputStream:77 - [STDOUT_REDIRECT] 1 : Invalid condition id : UX_CORESTACK_Condition cause : null
2024-09-27 10:40:02,598 [INFO] LogOutputStream:77 - [STDOUT_REDIRECT] 1 : Invalid condition id : UX_CORESTACK_Condition cause : null
2024-09-27 10:40:02,602 [WARN] PackLoader:240 - Cannot read IP mode file for STMicroelectronics.X-CUBE-AZRTOS-WL.2.0.0
2024-09-27 10:40:02,620 [WARN] PackLoader:240 - Cannot read IP mode file for STMicroelectronics.FP-SNS-MOTENV1.5.0.0
2024-09-27 10:40:02,636 [WARN] PackLoader:240 - Cannot read IP mode file for wolfSSL.I-CUBE-wolfMQTT.1.19.0
2024-09-27 10:40:02,657 [WARN] PackLoader:240 - Cannot read IP mode file for WES.I-CUBE-Cesium.1.3.0
2024-09-27 10:40:02,674 [WARN] PackLoader:240 - Cannot read IP mode file for STMicroelectronics.X-CUBE-BLE2.3.3.0
2024-09-27 10:40:02,692 [WARN] PackLoader:240 - Cannot read IP mode file for STMicroelectronics.X-CUBE-TCPP.4.1.0
2024-09-27 10:40:02,733 [WARN] PackLoader:240 - Cannot read IP mode file for STMicroelectronics.X-CUBE-AZRTOS-G0.1.1.0
2024-09-27 10:40:02,759 [WARN] PackLoader:240 - Cannot read IP mode file for STMicroelectronics.X-CUBE-SAFEA1.1.2.2
2024-09-27 10:40:02,781 [WARN] PackLoader:240 - Cannot read IP mode file for STMicroelectronics.X-CUBE-NFC4.3.0.0
2024-09-27 10:40:02,807 [WARN] PackLoader:240 - Cannot read IP mode file for EmbeddedOffice.I-CUBE-FS-RTOS.1.0.1
2024-09-27 10:40:02,807 [ERROR] ConditionMgr:805 - Attr not supported : Dmpu
2024-09-27 10:40:02,807 [ERROR] ConditionMgr:805 - Attr not supported : Dmpu
2024-09-27 10:40:02,807 [ERROR] ConditionMgr:805 - Attr not supported : Dmpu
2024-09-27 10:40:02,807 [ERROR] ConditionMgr:805 - Attr not supported : Dmpu
2024-09-27 10:40:02,807 [ERROR] ConditionMgr:805 - Attr not supported : Dmpu
2024-09-27 10:40:02,807 [ERROR] ConditionMgr:805 - Attr not supported : Dmpu
2024-09-27 10:40:02,808 [ERROR] ConditionMgr:805 - Attr not supported : Dmpu
2024-09-27 10:40:02,808 [ERROR] ConditionMgr:805 - Attr not supported : Dmpu
2024-09-27 10:40:02,808 [ERROR] ConditionMgr:805 - Attr not supported : Dmpu
2024-09-27 10:40:02,808 [ERROR] ConditionMgr:805 - Attr not supported : Dmpu
2024-09-27 10:40:02,808 [ERROR] ConditionMgr:805 - Attr not supported : Dmpu
2024-09-27 10:40:02,808 [ERROR] ConditionMgr:805 - Attr not supported : Dmpu
2024-09-27 10:40:02,808 [ERROR] ConditionMgr:805 - Attr not supported : Dmpu
2024-09-27 10:40:02,808 [ERROR] ConditionMgr:805 - Attr not supported : Dmpu
2024-09-27 10:40:02,809 [ERROR] ConditionMgr:805 - Attr not supported : Dmpu
2024-09-27 10:40:02,809 [ERROR] ConditionMgr:805 - Attr not supported : Dmpu
2024-09-27 10:40:02,809 [ERROR] ConditionMgr:805 - Attr not supported : Dmpu
2024-09-27 10:40:02,809 [ERROR] ConditionMgr:805 - Attr not supported : Dmpu
2024-09-27 10:40:02,809 [ERROR] ConditionMgr:805 - Attr not supported : Dmpu
2024-09-27 10:40:02,809 [ERROR] ConditionMgr:805 - Attr not supported : Dmpu
2024-09-27 10:40:02,809 [ERROR] ConditionMgr:805 - Attr not supported : Dmpu
2024-09-27 10:40:02,809 [ERROR] ConditionMgr:805 - Attr not supported : Dmpu
2024-09-27 10:40:02,809 [ERROR] ConditionMgr:805 - Attr not supported : Dmpu
2024-09-27 10:40:02,810 [ERROR] ConditionMgr:805 - Attr not supported : Dmpu
2024-09-27 10:40:02,810 [ERROR] ConditionMgr:805 - Attr not supported : Dmpu
2024-09-27 10:40:02,810 [ERROR] ConditionMgr:805 - Attr not supported : Dmpu
2024-09-27 10:40:02,810 [ERROR] ConditionMgr:805 - Attr not supported : Dmpu
2024-09-27 10:40:02,810 [ERROR] ConditionMgr:805 - Attr not supported : Dmpu
2024-09-27 10:40:02,810 [ERROR] ConditionMgr:805 - Attr not supported : Dmpu
2024-09-27 10:40:02,810 [ERROR] ConditionMgr:805 - Attr not supported : Dmpu
2024-09-27 10:40:02,810 [ERROR] ConditionMgr:805 - Attr not supported : Dmpu
2024-09-27 10:40:02,810 [ERROR] ConditionMgr:805 - Attr not supported : Dmpu
2024-09-27 10:40:02,811 [ERROR] ConditionMgr:805 - Attr not supported : Dmpu
2024-09-27 10:40:02,811 [ERROR] ConditionMgr:805 - Attr not supported : Dmpu
2024-09-27 10:40:02,811 [ERROR] ConditionMgr:805 - Attr not supported : Dmpu
2024-09-27 10:40:02,811 [ERROR] ConditionMgr:805 - Attr not supported : Dmpu
2024-09-27 10:40:02,811 [ERROR] ConditionMgr:805 - Attr not supported : Dmpu
2024-09-27 10:40:02,811 [ERROR] ConditionMgr:805 - Attr not supported : Dmpu
2024-09-27 10:40:02,811 [ERROR] ConditionMgr:805 - Attr not supported : Dmpu
2024-09-27 10:40:02,812 [ERROR] ConditionMgr:805 - Attr not supported : Dmpu
2024-09-27 10:40:02,812 [ERROR] ConditionMgr:805 - Attr not supported : Dmpu
2024-09-27 10:40:02,812 [ERROR] ConditionMgr:805 - Attr not supported : Dmpu
2024-09-27 10:40:02,812 [ERROR] ConditionMgr:805 - Attr not supported : Dmpu
2024-09-27 10:40:02,812 [ERROR] ConditionMgr:805 - Attr not supported : Dmpu
2024-09-27 10:40:02,812 [ERROR] ConditionMgr:805 - Attr not supported : Dmpu
2024-09-27 10:40:02,812 [ERROR] ConditionMgr:805 - Attr not supported : Dmpu
2024-09-27 10:40:02,813 [ERROR] ConditionMgr:805 - Attr not supported : Dmpu
2024-09-27 10:40:02,813 [ERROR] ConditionMgr:805 - Attr not supported : Dmpu
2024-09-27 10:40:02,813 [ERROR] ConditionMgr:805 - Attr not supported : Dmpu
2024-09-27 10:40:02,813 [ERROR] ConditionMgr:805 - Attr not supported : Dmpu
2024-09-27 10:40:02,813 [ERROR] ConditionMgr:805 - Attr not supported : Dmpu
2024-09-27 10:40:02,813 [ERROR] ConditionMgr:805 - Attr not supported : Dmpu
2024-09-27 10:40:02,813 [ERROR] ConditionMgr:805 - Attr not supported : Dmpu
2024-09-27 10:40:02,813 [ERROR] ConditionMgr:805 - Attr not supported : Dmpu
2024-09-27 10:40:02,813 [ERROR] ConditionMgr:805 - Attr not supported : Dmpu
2024-09-27 10:40:02,813 [ERROR] ConditionMgr:805 - Attr not supported : Dmpu
2024-09-27 10:40:02,813 [ERROR] ConditionMgr:805 - Attr not supported : Dmpu
2024-09-27 10:40:02,813 [ERROR] ConditionMgr:805 - Attr not supported : Dmpu
2024-09-27 10:40:02,814 [ERROR] ConditionMgr:805 - Attr not supported : Dmpu
2024-09-27 10:40:02,814 [ERROR] ConditionMgr:805 - Attr not supported : Dmpu
2024-09-27 10:40:02,814 [ERROR] ConditionMgr:805 - Attr not supported : Dmpu
2024-09-27 10:40:02,814 [ERROR] ConditionMgr:805 - Attr not supported : Dmpu
2024-09-27 10:40:02,814 [ERROR] ConditionMgr:805 - Attr not supported : Dmpu
2024-09-27 10:40:02,814 [ERROR] ConditionMgr:805 - Attr not supported : Dmpu
2024-09-27 10:40:02,829 [WARN] PackLoader:240 - Cannot read IP mode file for RealThread.X-CUBE-RT-Thread_Nano.4.1.1
2024-09-27 10:40:02,841 [WARN] PackLoader:240 - Cannot read IP mode file for wolfSSL.I-CUBE-wolfSSL.5.7.0
2024-09-27 10:40:02,854 [WARN] PackLoader:240 - Cannot read IP mode file for STMicroelectronics.FP-ATR-SIGFOX1.3.2.0
2024-09-27 10:40:02,870 [WARN] PackLoader:240 - Cannot read IP mode file for STMicroelectronics.X-CUBE-EEPRMA1.5.1.0
2024-09-27 10:40:02,891 [WARN] PackLoader:240 - Cannot read IP mode file for ITTIA_DB.I-CUBE-ITTIADB.8.9.0
2024-09-27 10:40:02,930 [WARN] PackLoader:240 - Cannot read IP mode file for SEGGER.I-CUBE-embOS.1.3.1
2024-09-27 10:40:03,016 [WARN] PackLoader:240 - Cannot read IP mode file for STMicroelectronics.X-CUBE-ALGOBUILD.1.4.0
2024-09-27 10:40:03,033 [WARN] PackLoader:240 - Cannot read IP mode file for STMicroelectronics.X-CUBE-GNSS1.6.0.0
2024-09-27 10:40:03,065 [WARN] PackLoader:240 - Cannot read IP mode file for STMicroelectronics.X-CUBE-AZRTOS-F4.1.1.0
2024-09-27 10:40:03,081 [WARN] PackLoader:240 - Cannot read IP mode file for STMicroelectronics.X-CUBE-ISPU.2.1.0
2024-09-27 10:40:03,099 [WARN] PackLoader:240 - Cannot read IP mode file for STMicroelectronics.X-CUBE-FREERTOS.1.2.0
2024-09-27 10:40:03,140 [WARN] PackLoader:240 - Cannot read IP mode file for STMicroelectronics.X-CUBE-AZRTOS-L5.2.0.0
2024-09-27 10:40:03,162 [WARN] PackLoader:240 - Cannot read IP mode file for STMicroelectronics.X-CUBE-NFC6.3.1.0
2024-09-27 10:40:03,183 [WARN] PackLoader:240 - Cannot read IP mode file for STMicroelectronics.X-CUBE-DPower.1.2.0
2024-09-27 10:40:03,198 [WARN] PackLoader:240 - Cannot read IP mode file for STMicroelectronics.X-CUBE-AI.9.0.0
2024-09-27 10:40:03,216 [WARN] PackLoader:240 - Cannot read IP mode file for STMicroelectronics.X-CUBE-NFC7.1.0.1
2024-09-27 10:40:03,260 [WARN] ConditionMgr:438 - getConditionDescription Invalid condition id : LAN8742 Phy interface Condition cause : null
2024-09-27 10:40:03,261 [WARN] PackLoader:240 - Cannot read IP mode file for STMicroelectronics.X-CUBE-AZRTOS-L4.2.0.0
2024-09-27 10:40:03,262 [WARN] ConditionMgr:1039 - genDependencies : Invalid condition id : LAN8742 Phy interface Condition cause : null
2024-09-27 10:40:03,262 [WARN] ConditionMgr:1039 - genDependencies : Invalid condition id : LAN8742 Phy interface Condition cause : null
2024-09-27 10:40:03,262 [WARN] ConditionMgr:1039 - genDependencies : Invalid condition id : LAN8742 Phy interface Condition cause : null
2024-09-27 10:40:03,280 [WARN] PackLoader:240 - Cannot read IP mode file for STMicroelectronics.X-CUBE-SFXS2LP1.4.0.0
2024-09-27 10:40:03,322 [WARN] PackLoader:240 - Cannot read IP mode file for STMicroelectronics.X-CUBE-AZRTOS-H7.3.3.0
2024-09-27 10:40:03,352 [WARN] ConditionMgr:438 - getConditionDescription Invalid condition id : UX DEVICE CLASS RTOS Condition cause : null
2024-09-27 10:40:03,352 [WARN] ConditionMgr:438 - getConditionDescription Invalid condition id : UX DEVICE CLASS RTOS Condition cause : null
2024-09-27 10:40:03,355 [WARN] PackLoader:240 - Cannot read IP mode file for STMicroelectronics.X-CUBE-AZRTOS-WB.2.0.0
2024-09-27 10:40:03,355 [WARN] ConditionMgr:1039 - genDependencies : Invalid condition id : UX DEVICE CLASS RTOS Condition cause : null
2024-09-27 10:40:03,355 [WARN] ConditionMgr:1039 - genDependencies : Invalid condition id : UX DEVICE CLASS RTOS Condition cause : null
2024-09-27 10:40:03,356 [WARN] ConditionMgr:1039 - genDependencies : Invalid condition id : UX DEVICE CLASS RTOS Condition cause : null
2024-09-27 10:40:03,356 [WARN] ConditionMgr:1039 - genDependencies : Invalid condition id : UX DEVICE CLASS RTOS Condition cause : null
2024-09-27 10:40:03,356 [WARN] ConditionMgr:1039 - genDependencies : Invalid condition id : UX DEVICE CLASS RTOS Condition cause : null
2024-09-27 10:40:03,374 [WARN] PackLoader:240 - Cannot read IP mode file for STMicroelectronics.X-CUBE-GNSS1.7.0.0
2024-09-27 10:40:03,393 [WARN] PackLoader:240 - Cannot read IP mode file for STMicroelectronics.FP-SNS-STBOX1.2.0.0
2024-09-27 10:40:03,426 [WARN] PackLoader:240 - Cannot read IP mode file for STMicroelectronics.X-CUBE-SUBG2.5.0.0
2024-09-27 10:40:03,452 [WARN] PackLoader:240 - Cannot read IP mode file for Cesanta.I-CUBE-Mongoose.7.13.0
2024-09-27 10:40:03,486 [WARN] PackLoader:240 - Cannot read IP mode file for STMicroelectronics.X-CUBE-AZRTOS-G4.2.0.0
2024-09-27 10:40:03,502 [WARN] PackLoader:240 - Cannot read IP mode file for STMicroelectronics.X-CUBE-ISPU.2.0.0
2024-09-27 10:40:03,519 [WARN] PackLoader:240 - Cannot read IP mode file for STMicroelectronics.X-CUBE-ALS.1.0.2
2024-09-27 10:40:03,582 [WARN] PackLoader:240 - Cannot read IP mode file for STMicroelectronics.X-CUBE-MEMS1.10.0.0
2024-09-27 10:40:03,752 [WARN] PackLoader:240 - Cannot read IP mode file for STMicroelectronics.X-CUBE-TOUCHGFX.4.24.1
2024-09-27 10:40:03,764 [WARN] PackLoader:240 - Cannot read IP mode file for wolfSSL.I-CUBE-wolfTPM.3.4.0
2024-09-27 10:40:03,784 [WARN] PackLoader:240 - Cannot read IP mode file for portGmbH.I-Cube-SoM-uGOAL.1.1.0
2024-09-27 10:40:03,829 [WARN] PackLoader:240 - Cannot read IP mode file for STMicroelectronics.X-CUBE-AZRTOS-H7RS.1.0.0
2024-09-27 10:40:03,850 [WARN] PackLoader:240 - Cannot read IP mode file for STMicroelectronics.FP-ATR-ASTRA1.2.0.0
2024-09-27 10:40:03,877 [WARN] PackLoader:240 - Cannot read IP mode file for STMicroelectronics.X-CUBE-TOF1.3.4.2
2024-09-27 10:40:03,914 [WARN] PackLoader:240 - Cannot read IP mode file for STMicroelectronics.X-CUBE-TOF1.3.4.1
2024-09-27 10:40:03,957 [WARN] PackLoader:240 - Cannot read IP mode file for STMicroelectronics.X-CUBE-AZRTOS-H7.3.2.0
2024-09-27 10:40:03,989 [WARN] PackLoader:240 - Cannot read IP mode file for Infineon.AIROC-Wi-Fi-Bluetooth-STM32.1.6.0
2024-09-27 10:40:04,008 [WARN] PackLoader:240 - Cannot read IP mode file for wolfSSL.I-CUBE-wolfSSH.1.4.17
2024-09-27 10:40:04,008 [INFO] ThirdParty:978 - Integrity check success = true
2024-09-27 10:40:04,009 [INFO] IntegrityCheckThread:100 - exiting critical section [integrity check]
2024-09-27 10:40:04,009 [INFO] IntegrityCheckThread:103 - End integrity checks thread
2024-09-27 10:40:05,823 [INFO] WebApp:161 - Instantiating new browser for Auth
2024-09-27 10:40:06,551 [INFO] WebApp:779 - Register for checkConnection events
2024-09-27 10:40:06,552 [INFO] WebApp:414 - Apply proxy settings
2024-09-27 10:40:06,552 [INFO] WebApp:499 - Chromium requires no authentication
2024-09-27 10:40:06,563 [INFO] WebApp:442 - Direct internet connection detected
2024-09-27 10:40:06,762 [INFO] WebApp:192 - Starting web application
2024-09-27 10:40:06,762 [INFO] WebApp:544 - Web application path used C:\Users\USER\Downloads\STM32CubeIDE_1.15.1\STM32CubeIDE\plugins\com.st.stm32cube.common.mx_6.11.1.202404110753\db\plugins\mcufinder\reactClient1\index.html
2024-09-27 11:36:27,310 [INFO] McuFinderGlobals:63 - Set McuFinder mode to 2 (CubeIDE integrated)
2024-09-27 11:36:27,338 [INFO] MainUpdater:2873 - connection check result : 10
2024-09-27 11:36:27,345 [INFO] MainUpdater:2873 - connection check result : 10
2024-09-27 11:36:27,580 [INFO] MicroXplorer:468 - Change Database Path : 
2024-09-27 11:36:27,580 [INFO] MicroXplorer:498 - Change Database Version : DB.6.0.111
2024-09-27 11:36:27,593 [WARN] ThirdParty:871 - waiting for thirdparty lock release [close project]
2024-09-27 11:36:27,593 [INFO] ThirdParty:873 - entering critical section [close project]
2024-09-27 11:36:27,596 [INFO] ThirdParty:883 - exiting critical section [close project]
2024-09-27 11:36:27,602 [INFO] PinOutPanel:1561 - setPackage(No Configuration,No Configuration)
2024-09-27 11:36:27,614 [INFO] UtilMem:75 - Begin LoadConfig() Used Memory: 677867008 Bytes (1073741824)
2024-09-27 11:36:27,618 [INFO] MicroXplorer:468 - Change Database Path : 
2024-09-27 11:36:27,619 [INFO] MicroXplorer:498 - Change Database Version : DB.6.0.111
2024-09-27 11:36:27,619 [INFO] OpenFileManager:312 - Change cursor
2024-09-27 11:36:27,695 [INFO] Mcu:2021 - Initializing MCU STM32L476R(C-E-G)Tx STM32L476RGTx STM32L476RGT6
2024-09-27 11:36:32,066 [INFO] Context:663 - Trying to add GPIOservice into a context  which must be forbidden
2024-09-27 11:36:33,252 [INFO] RtosManager:555 - Registered RTOS mode: class=CMSIS, group=RTOS, mode=CMSIS_V1, owner=FREERTOS
2024-09-27 11:36:33,252 [INFO] RtosManager:555 - Registered RTOS mode: class=CMSIS, group=RTOS2, mode=CMSIS_V2, owner=FREERTOS
2024-09-27 11:36:33,253 [INFO] RtosManager:555 - Registered RTOS mode: class=RTOS, group=Core, mode=CMSIS_V1, owner=FREERTOS
2024-09-27 11:36:33,253 [INFO] RtosManager:555 - Registered RTOS mode: class=RTOS, group=Core, mode=CMSIS_V2, owner=FREERTOS
2024-09-27 11:36:33,253 [WARN] ModelIntegratedComponent:184 - Missing modes for component STMicroelectronics:FreeRTOS:0.0.1:STMicroelectronics:RTOS:FreeRTOS:Core:::10.2.0:
2024-09-27 11:36:33,272 [WARN] ModelIntegratedComponent:63 - No mode defined for component null
2024-09-27 11:36:33,272 [WARN] ModelIntegratedComponent:63 - No mode defined for component null
2024-09-27 11:36:33,272 [WARN] ModelIntegratedComponent:63 - No mode defined for component null
2024-09-27 11:36:33,272 [WARN] ModelIntegratedComponent:63 - No mode defined for component null
2024-09-27 11:36:33,272 [WARN] ModelIntegratedComponent:63 - No mode defined for component null
2024-09-27 11:36:33,272 [WARN] ModelIntegratedComponent:63 - No mode defined for component null
2024-09-27 11:36:33,272 [WARN] ModelIntegratedComponent:63 - No mode defined for component null
2024-09-27 11:36:33,272 [WARN] ModelIntegratedComponent:63 - No mode defined for component null
2024-09-27 11:36:33,272 [WARN] ModelIntegratedComponent:63 - No mode defined for component null
2024-09-27 11:36:33,272 [WARN] ModelIntegratedComponent:63 - No mode defined for component null
2024-09-27 11:36:33,272 [WARN] ModelIntegratedComponent:63 - No mode defined for component null
2024-09-27 11:36:33,272 [WARN] ModelIntegratedComponent:63 - No mode defined for component null
2024-09-27 11:36:33,273 [WARN] ModelIntegratedComponent:63 - No mode defined for component null
2024-09-27 11:36:33,273 [WARN] ModelIntegratedComponent:63 - No mode defined for component null
2024-09-27 11:36:33,273 [WARN] ModelIntegratedComponent:63 - No mode defined for component null
2024-09-27 11:36:33,273 [WARN] ModelIntegratedComponent:63 - No mode defined for component null
2024-09-27 11:36:33,273 [WARN] ModelIntegratedComponent:63 - No mode defined for component null
2024-09-27 11:36:33,273 [WARN] ModelIntegratedComponent:63 - No mode defined for component null
2024-09-27 11:36:33,273 [WARN] ModelIntegratedComponent:63 - No mode defined for component null
2024-09-27 11:36:33,273 [WARN] ModelIntegratedComponent:63 - No mode defined for component null
2024-09-27 11:36:33,273 [WARN] ModelIntegratedComponent:63 - No mode defined for component null
2024-09-27 11:36:33,273 [WARN] ModelIntegratedComponent:63 - No mode defined for component null
2024-09-27 11:36:33,273 [WARN] ModelIntegratedComponent:63 - No mode defined for component null
2024-09-27 11:36:33,273 [WARN] ModelIntegratedComponent:63 - No mode defined for component null
2024-09-27 11:36:33,273 [WARN] ModelIntegratedComponent:63 - No mode defined for component null
2024-09-27 11:36:33,273 [WARN] ModelIntegratedComponent:63 - No mode defined for component null
2024-09-27 11:36:33,273 [WARN] ModelIntegratedComponent:63 - No mode defined for component null
2024-09-27 11:36:33,274 [WARN] ModelIntegratedComponent:63 - No mode defined for component null
2024-09-27 11:36:33,274 [WARN] ModelIntegratedComponent:63 - No mode defined for component null
2024-09-27 11:36:33,274 [WARN] ModelIntegratedComponent:63 - No mode defined for component null
2024-09-27 11:36:33,274 [WARN] ModelIntegratedComponent:63 - No mode defined for component null
2024-09-27 11:36:33,274 [WARN] ModelIntegratedComponent:63 - No mode defined for component null
2024-09-27 11:36:33,274 [WARN] ModelIntegratedComponent:63 - No mode defined for component null
2024-09-27 11:36:33,274 [WARN] ModelIntegratedComponent:63 - No mode defined for component null
2024-09-27 11:36:33,405 [INFO] ThirdPartyModel:298 - Start build external matchings
2024-09-27 11:36:34,119 [INFO] ThirdPartyModel:316 - End build external matchings
2024-09-27 11:36:34,885 [INFO] ApiDb:581 - Connected to CubeFinder SQLite database (C:\Users\USER\.stmcufinder\plugins\mcufinder\mcu\cube-finder-db.db)
2024-09-27 11:36:35,039 [INFO] ApiDb:668 - CubeFinder database Data Model version=2.1
2024-09-27 11:36:35,039 [INFO] ApiDb:669 - CubeFinder database Configuration version=3.0.39
2024-09-27 11:36:35,040 [INFO] ApiDb:670 - CubeFinder database generation date=2024-09-16 (1726485674)
2024-09-27 11:36:35,041 [INFO] ApiDb:671 - CubeFinder database FW Pack versions=[FP-ATR-ASTRA1_V2.0.0, FP-SNS-FLIGHT1_V5.0.2, FP-SNS-MOTENV1_V5.0.0, FP-SNS-MOTENVWB1_V1.4.0, FP-SNS-SMARTAG2_V1.2.0, FP-SNS-STBOX1_V2.0.0, STM32Cube_FW_C0_V1.2.0, STM32Cube_FW_F4_V1.28.1, STM32Cube_FW_F7_V1.17.2, STM32Cube_FW_G0_V1.6.2, STM32Cube_FW_G4_V1.6.0, STM32Cube_FW_H5_V1.3.0, STM32Cube_FW_H7RS_V1.1.0, STM32Cube_FW_H7_V1.11.2, STM32Cube_FW_L0_V1.12.2, STM32Cube_FW_L5_V1.5.1, STM32Cube_FW_U0_V1.1.0, STM32Cube_FW_U5_V1.6.0, STM32Cube_FW_WB0_V1.0.0, STM32Cube_FW_WBA_V1.4.1, STM32Cube_FW_WB_V1.20.0, STM32Cube_FW_WL_V1.3.0, X-CUBE-ALGOBUILD_V1.4.0, X-CUBE-ALS_V1.0.2, X-CUBE-AZRTOS-F4_V1.1.0, X-CUBE-AZRTOS-F7_V1.1.0, X-CUBE-AZRTOS-G0_V1.1.0, X-CUBE-AZRTOS-G4_V2.0.0, X-CUBE-AZRTOS-H7RS_V1.0.0, X-CUBE-AZRTOS-H7_V3.2.0, X-CUBE-AZRTOS-L4_V2.0.0, X-CUBE-AZRTOS-L5_V2.0.0, X-CUBE-AZRTOS-WB_V2.0.0, X-CUBE-AZRTOS-WL_V2.0.0, X-CUBE-BLE1_V7.0.0, X-CUBE-BLE2_V3.3.0, X-CUBE-BLEMGR_V3.1.0, X-CUBE-EEPRMA1_V5.1.0, X-CUBE-FREERTOS_V1.2.0, X-CUBE-GNSS1_V6.0.0, X-CUBE-MEMS1_V11.0.0, X-CUBE-NFC4_V3.0.0, X-CUBE-NFC7_V1.0.1, X-CUBE-SFXS2LP1_V4.0.0, X-CUBE-SUBG2_V5.0.0, X-CUBE-TOF1_V3.4.2]
2024-09-27 11:36:35,219 [INFO] DbBoardsSqlite:226 - include board P-NUCLEO-WB55-NUCLEO as a kit item of type 'Nucleo-64'
2024-09-27 11:36:35,219 [INFO] DbBoardsSqlite:226 - include board P-NUCLEO-WB55-USBDONGLE as a kit item of type 'Nucleo USB Dongle'
2024-09-27 11:36:35,220 [INFO] DbBoardsSqlite:226 - include board STEVAL-IDP005V1 as a kit item of type 'Evaluation Board'
2024-09-27 11:36:35,221 [INFO] DbBoardsSqlite:226 - include board STEVAL-IDP005V2 as a kit item of type 'Evaluation Board'
2024-09-27 11:36:35,689 [INFO] ApiDb:240 - Found 483 in-development CPN: [B-G473E-ZEST1S, B-WB1M-WPAN1, B-WL5M-SUBG1, NUCLEO-C031C6, NUCLEO-H503RB, NUCLEO-H533RE, NUCLEO-H563ZI, NUCLEO-H7S3L8, NUCLEO-U031R8, NUCLEO-U083RC, NUCLEO-U545RE-Q, NUCLEO-U5A5ZJ-Q, NUCLEO-WBA52CG, NUCLEO-WBA55CG, STEVAL-PROTEUS1, STEVAL-SMARTAG2, STEVAL-STWINBX1, STM320518-EVAL, STM32C0116-DK, STM32C011D6Y3TR, STM32C011D6Y6TR, STM32C011F4P3, STM32C011F4P6, STM32C011F4U3, STM32C011F4U6TR, STM32C011F6P3, STM32C011F6P6, STM32C011F6U3, STM32C011F6U6TR, STM32C011J4M3, STM32C011J4M6, STM32C011J6M3, STM32C011J6M6, STM32C0316-DK, STM32C031C4T3, STM32C031C4T6, STM32C031C4U3, STM32C031C4U6, STM32C031C6T3, STM32C031C6T6, STM32C031C6U3, STM32C031C6U6, STM32C031F4P3, STM32C031F4P6, STM32C031F6P3, STM32C031F6P6, STM32C031G4U3, STM32C031G4U6, STM32C031G6U3, STM32C031G6U6, STM32C031K4T3, STM32C031K4T6, STM32C031K4U3, STM32C031K4U6, STM32C031K6T3, STM32C031K6T6, STM32C031K6U3, STM32C031K6U6, STM32G071K8TXN, STM32G071K8UXN, STM32G081GBU6N, STM32G081KBT6N, STM32G081KBUXN, STM32G0B1CCT6N, STM32G0B1KCT6, STM32G0B1NEY6TR, STM32G0B1RCT6N, STM32G0C1CCT6, STM32G0C1CCT6N, STM32G0C1CCU6N, STM32G0C1CET6N, STM32G0C1CEU6N, STM32G0C1KCT6, STM32G0C1NEY6TR, STM32G0C1RCI6N, STM32G0C1RCT6N, STM32G0C1REI6N, STM32G0C1RET6N, STM32G0C1VCI6, STM32G0C1VEI6, STM32G471CCT6, STM32G471CCU6, STM32G471CET3, STM32G471CET6, STM32G471CEU3, STM32G471CEU6, STM32G471MCT6, STM32G471MET3, STM32G471MET6, STM32G471MEY6TR, STM32G471QCT6, STM32G471QET3, STM32G471RCT6, STM32G471RET3, STM32G471RET6, STM32G471VCH6, STM32G471VCI6, STM32G471VCT6, STM32G471VEH3, STM32G471VEH6, STM32G471VEI3, STM32G471VEI6, STM32G471VET3, STM32G471VET6, STM32G474CCT6, STM32H503CBT6, STM32H503CBU6, STM32H503EBY6TR, STM32H503KBU6, STM32H503RBT6, STM32H523CCT6, STM32H523CCU6, STM32H523CET6, STM32H523CEU6, STM32H523HEY6TR, STM32H523RCT6, STM32H523RET6, STM32H523VCI6, STM32H523VCT6, STM32H523VEI6, STM32H523VET6, STM32H523ZCJ6, STM32H523ZCT6, STM32H523ZEJ6, STM32H523ZET6, STM32H533CET6, STM32H533CEU6, STM32H533HEY6TR, STM32H533RET6, STM32H533VEI6, STM32H533VET6, STM32H533ZEJ6, STM32H533ZET6, STM32H562AGI6, STM32H562AII6, STM32H562IGK6, STM32H562IGT6, STM32H562IIK6, STM32H562IIT6, STM32H562RGT6, STM32H562RGV6, STM32H562RIT6, STM32H562RIV6, STM32H562VGT6, STM32H562VIT6, STM32H562ZGT6, STM32H562ZIT6, STM32H563AGI6, STM32H563AII3Q, STM32H563AII6, STM32H563IGK6, STM32H563IGT6, STM32H563IIK3Q, STM32H563IIK6, STM32H563IIT3Q, STM32H563IIT6, STM32H563MIY3QTR, STM32H563RGT6, STM32H563RGV6, STM32H563RIT6, STM32H563RIV6, STM32H563VGT6, STM32H563VIT3Q, STM32H563VIT6, STM32H563ZGT6, STM32H563ZIT3Q, STM32H563ZIT6, STM32H573AII3Q, STM32H573AII6, STM32H573I-DK, STM32H573IIK3Q, STM32H573IIK6, STM32H573IIT3Q, STM32H573IIT6, STM32H573MIY3QTR, STM32H573RIT6, STM32H573RIV6, STM32H573VIT3Q, STM32H573VIT6, STM32H573ZIT3Q, STM32H573ZIT6, STM32H7R3A8I6, STM32H7R3I8K6, STM32H7R3I8T6, STM32H7R3L8H6, STM32H7R3L8H6H, STM32H7R3R8V6, STM32H7R3V8H6, STM32H7R3V8T6, STM32H7R3V8Y6, STM32H7R3Z8J6, STM32H7R3Z8T6, STM32H7R7A8I6, STM32H7R7I8K6, STM32H7R7I8T6, STM32H7R7L8H6, STM32H7R7L8H6H, STM32H7R7Z8J6, STM32H7S3A8I6, STM32H7S3I8K6, STM32H7S3I8T6, STM32H7S3L8H6, STM32H7S3L8H6H, STM32H7S3R8V6, STM32H7S3V8H6, STM32H7S3V8T6, STM32H7S3V8Y6, STM32H7S3Z8J6, STM32H7S3Z8T6, STM32H7S78-DK, STM32H7S7A8I6, STM32H7S7I8K6, STM32H7S7I8T6, STM32H7S7L8H6, STM32H7S7L8H6H, STM32H7S7Z8J6, STM32L4R5QGI6STR, STM32MP131AAE3, STM32MP131AAF3, STM32MP131AAG3, STM32MP131CAE3, STM32MP131CAF3, STM32MP131CAG3, STM32MP131DAE7, STM32MP131DAF7, STM32MP131DAG7, STM32MP131FAE7, STM32MP131FAF7, STM32MP131FAG7, STM32MP133AAE3, STM32MP133AAF3, STM32MP133AAG3, STM32MP133CAE3, STM32MP133CAF3, STM32MP133CAG3, STM32MP133DAE7, STM32MP133DAF7, STM32MP133DAG7, STM32MP133FAE7, STM32MP133FAF7, STM32MP133FAG7, STM32MP135AAE3, STM32MP135AAF3, STM32MP135AAG3, STM32MP135CAE3, STM32MP135CAF3, STM32MP135CAG3, STM32MP135DAE7, STM32MP135DAF7, STM32MP135DAG7, STM32MP135F-DK, STM32MP135FAE7, STM32MP135FAF7, STM32MP135FAF7T, STM32MP135FAF7U, STM32MP135FAG7, STM32U031C6T6, STM32U031C6U6, STM32U031C8T6, STM32U031C8U6, STM32U031F4P6, STM32U031F6P6, STM32U031F8P6, STM32U031G6Y6TR, STM32U031G8Y6TR, STM32U031K4U6, STM32U031K6U6, STM32U031K8U6, STM32U031R6I6, STM32U031R6T6, STM32U031R8I6, STM32U031R8T6, STM32U073C8T6, STM32U073C8U6, STM32U073CBT6, STM32U073CBU6, STM32U073CCT6, STM32U073CCU6, STM32U073H8Y6TR, STM32U073HBY6TR, STM32U073HCY6TR, STM32U073K8U6, STM32U073KBU6, STM32U073KCU6, STM32U073M8I6, STM32U073M8T6, STM32U073MBI6, STM32U073MBT6, STM32U073MCI6, STM32U073MCT6, STM32U073R8I6, STM32U073R8T6, STM32U073RBI6, STM32U073RBT6, STM32U073RCI6, STM32U073RCT6, STM32U083C-DK, STM32U083CCT6, STM32U083CCU6, STM32U083HCY6TR, STM32U083KCU6, STM32U083MCI6, STM32U083MCT6, STM32U083RCI6, STM32U083RCT6, STM32U535CBT6, STM32U535CBT6Q, STM32U535CBU6, STM32U535CBU6Q, STM32U535CCT6, STM32U535CCT6Q, STM32U535CCU6, STM32U535CCU6Q, STM32U535CET6, STM32U535CET6Q, STM32U535CEU6, STM32U535CEU6Q, STM32U535JEY6QTR, STM32U535NCY6QTR, STM32U535NEY6QTR, STM32U535RBI6, STM32U535RBI6Q, STM32U535RBT6, STM32U535RBT6Q, STM32U535RCI6, STM32U535RCI6Q, STM32U535RCT6, STM32U535RCT6Q, STM32U535REI6, STM32U535REI6Q, STM32U535RET6, STM32U535RET6Q, STM32U535VCI6, STM32U535VCI6Q, STM32U535VCT6, STM32U535VCT6Q, STM32U535VEI6, STM32U535VEI6Q, STM32U535VET6, STM32U535VET6Q, STM32U545CET6, STM32U545CET6Q, STM32U545CEU6, STM32U545CEU6Q, STM32U545JEY6QTR, STM32U545NEY6QTR, STM32U545REI6, STM32U545REI6Q, STM32U545RET6, STM32U545RET6Q, STM32U545VEI6, STM32U545VEI6Q, STM32U545VET6, STM32U545VET6Q, STM32U595AIH6, STM32U595AIH6Q, STM32U595AJH6, STM32U595AJH6Q, STM32U595QII6, STM32U595QII6Q, STM32U595QJI6, STM32U595QJI6Q, STM32U595RIT6, STM32U595RIT6Q, STM32U595RJT6, STM32U595RJT6Q, STM32U595VIT6, STM32U595VIT6Q, STM32U595VJT6, STM32U595VJT6Q, STM32U595ZIT6, STM32U595ZIT6Q, STM32U595ZIY6QTR, STM32U595ZJT6, STM32U595ZJT6Q, STM32U595ZJY6QTR, STM32U599BJY6QTR, STM32U599NIH6Q, STM32U599NJH6Q, STM32U599VIT6Q, STM32U599VJT6, STM32U599VJT6Q, STM32U599ZIT6Q, STM32U599ZIY6QTR, STM32U599ZJT6Q, STM32U599ZJY6QTR, STM32U5A5AJH6, STM32U5A5AJH6Q, STM32U5A5QII3Q , STM32U5A5QJI6, STM32U5A5QJI6Q, STM32U5A5RJT6, STM32U5A5RJT6Q, STM32U5A5VJT6, STM32U5A5VJT6Q, STM32U5A5ZJT6, STM32U5A5ZJT6Q, STM32U5A5ZJY6QTR, STM32U5A9BJY6QTR, STM32U5A9J-DK, STM32U5A9NJH6Q, STM32U5A9VJT6Q, STM32U5A9ZJT6Q, STM32U5A9ZJY6QTR, STM32U5F7VIT6, STM32U5F7VIT6Q, STM32U5F7VJT6, STM32U5F7VJT6Q, STM32U5F9BJY6QTR, STM32U5F9NJH6Q, STM32U5F9VIT6Q, STM32U5F9VJT6Q, STM32U5F9ZIJ6QTR, STM32U5F9ZIT6Q, STM32U5F9ZJJ6QTR, STM32U5F9ZJT6Q, STM32U5G7VJT6, STM32U5G7VJT6Q, STM32U5G9BJY6QTR, STM32U5G9J-DK1, STM32U5G9J-DK2, STM32U5G9NJH6Q, STM32U5G9VJT6Q, STM32U5G9ZJJ6QTR, STM32U5G9ZJT6Q, STM32WB1MMCH6, STM32WBA50KEU6, STM32WBA50KEU6TR, STM32WBA50KGU6, STM32WBA50KGU6TR, STM32WBA52CEU6, STM32WBA52CEU6TR, STM32WBA52CEU7, STM32WBA52CEU7TR, STM32WBA52CGU6, STM32WBA52CGU6TR, STM32WBA52CGU6U, STM32WBA52CGU7, STM32WBA52CGU7TR, STM32WBA52KEU6, STM32WBA52KEU6TR, STM32WBA52KGU6, STM32WBA52KGU6TR, STM32WBA54CEU6, STM32WBA54CEU6TR, STM32WBA54CEU7, STM32WBA54CEU7TR, STM32WBA54CGU6, STM32WBA54CGU6TR, STM32WBA54CGU7, STM32WBA54CGU7TR, STM32WBA54KEU6, STM32WBA54KEU6TR, STM32WBA54KEU7, STM32WBA54KEU7TR, STM32WBA54KGU6, STM32WBA54KGU6TR, STM32WBA54KGU7, STM32WBA54KGU7TR, STM32WBA55CEU6, STM32WBA55CEU6TR, STM32WBA55CEU7, STM32WBA55CEU7TR, STM32WBA55CGU6, STM32WBA55CGU6TR, STM32WBA55CGU6U, STM32WBA55CGU7, STM32WBA55CGU7TR, STM32WBA55G-DK1, STM32WBA55HEF6, STM32WBA55HEF7, STM32WBA55HGF6, STM32WBA55HGF7, STM32WBA55UEI6, STM32WBA55UEI6TR, STM32WBA55UEI7, STM32WBA55UEI7TR, STM32WBA55UGI6, STM32WBA55UGI6TR, STM32WBA55UGI7, STM32WBA55UGI7TR, STM32WL5MOCH6, STM32WL5MOCH6TR]
2024-09-27 11:36:35,694 [INFO] ApiDb:668 - CubeFinder database Data Model version=2.1
2024-09-27 11:36:35,694 [INFO] ApiDb:669 - CubeFinder database Configuration version=3.0.39
2024-09-27 11:36:35,694 [INFO] ApiDb:670 - CubeFinder database generation date=2024-09-16 (1726485674)
2024-09-27 11:36:35,694 [INFO] ApiDb:671 - CubeFinder database FW Pack versions=[FP-ATR-ASTRA1_V2.0.0, FP-SNS-FLIGHT1_V5.0.2, FP-SNS-MOTENV1_V5.0.0, FP-SNS-MOTENVWB1_V1.4.0, FP-SNS-SMARTAG2_V1.2.0, FP-SNS-STBOX1_V2.0.0, STM32Cube_FW_C0_V1.2.0, STM32Cube_FW_F4_V1.28.1, STM32Cube_FW_F7_V1.17.2, STM32Cube_FW_G0_V1.6.2, STM32Cube_FW_G4_V1.6.0, STM32Cube_FW_H5_V1.3.0, STM32Cube_FW_H7RS_V1.1.0, STM32Cube_FW_H7_V1.11.2, STM32Cube_FW_L0_V1.12.2, STM32Cube_FW_L5_V1.5.1, STM32Cube_FW_U0_V1.1.0, STM32Cube_FW_U5_V1.6.0, STM32Cube_FW_WB0_V1.0.0, STM32Cube_FW_WBA_V1.4.1, STM32Cube_FW_WB_V1.20.0, STM32Cube_FW_WL_V1.3.0, X-CUBE-ALGOBUILD_V1.4.0, X-CUBE-ALS_V1.0.2, X-CUBE-AZRTOS-F4_V1.1.0, X-CUBE-AZRTOS-F7_V1.1.0, X-CUBE-AZRTOS-G0_V1.1.0, X-CUBE-AZRTOS-G4_V2.0.0, X-CUBE-AZRTOS-H7RS_V1.0.0, X-CUBE-AZRTOS-H7_V3.2.0, X-CUBE-AZRTOS-L4_V2.0.0, X-CUBE-AZRTOS-L5_V2.0.0, X-CUBE-AZRTOS-WB_V2.0.0, X-CUBE-AZRTOS-WL_V2.0.0, X-CUBE-BLE1_V7.0.0, X-CUBE-BLE2_V3.3.0, X-CUBE-BLEMGR_V3.1.0, X-CUBE-EEPRMA1_V5.1.0, X-CUBE-FREERTOS_V1.2.0, X-CUBE-GNSS1_V6.0.0, X-CUBE-MEMS1_V11.0.0, X-CUBE-NFC4_V3.0.0, X-CUBE-NFC7_V1.0.1, X-CUBE-SFXS2LP1_V4.0.0, X-CUBE-SUBG2_V5.0.0, X-CUBE-TOF1_V3.4.2]
2024-09-27 11:36:37,910 [INFO] ApiDb:240 - Found 483 in-development CPN: [B-G473E-ZEST1S, B-WB1M-WPAN1, B-WL5M-SUBG1, NUCLEO-C031C6, NUCLEO-H503RB, NUCLEO-H533RE, NUCLEO-H563ZI, NUCLEO-H7S3L8, NUCLEO-U031R8, NUCLEO-U083RC, NUCLEO-U545RE-Q, NUCLEO-U5A5ZJ-Q, NUCLEO-WBA52CG, NUCLEO-WBA55CG, STEVAL-PROTEUS1, STEVAL-SMARTAG2, STEVAL-STWINBX1, STM320518-EVAL, STM32C0116-DK, STM32C011D6Y3TR, STM32C011D6Y6TR, STM32C011F4P3, STM32C011F4P6, STM32C011F4U3, STM32C011F4U6TR, STM32C011F6P3, STM32C011F6P6, STM32C011F6U3, STM32C011F6U6TR, STM32C011J4M3, STM32C011J4M6, STM32C011J6M3, STM32C011J6M6, STM32C0316-DK, STM32C031C4T3, STM32C031C4T6, STM32C031C4U3, STM32C031C4U6, STM32C031C6T3, STM32C031C6T6, STM32C031C6U3, STM32C031C6U6, STM32C031F4P3, STM32C031F4P6, STM32C031F6P3, STM32C031F6P6, STM32C031G4U3, STM32C031G4U6, STM32C031G6U3, STM32C031G6U6, STM32C031K4T3, STM32C031K4T6, STM32C031K4U3, STM32C031K4U6, STM32C031K6T3, STM32C031K6T6, STM32C031K6U3, STM32C031K6U6, STM32G071K8TXN, STM32G071K8UXN, STM32G081GBU6N, STM32G081KBT6N, STM32G081KBUXN, STM32G0B1CCT6N, STM32G0B1KCT6, STM32G0B1NEY6TR, STM32G0B1RCT6N, STM32G0C1CCT6, STM32G0C1CCT6N, STM32G0C1CCU6N, STM32G0C1CET6N, STM32G0C1CEU6N, STM32G0C1KCT6, STM32G0C1NEY6TR, STM32G0C1RCI6N, STM32G0C1RCT6N, STM32G0C1REI6N, STM32G0C1RET6N, STM32G0C1VCI6, STM32G0C1VEI6, STM32G471CCT6, STM32G471CCU6, STM32G471CET3, STM32G471CET6, STM32G471CEU3, STM32G471CEU6, STM32G471MCT6, STM32G471MET3, STM32G471MET6, STM32G471MEY6TR, STM32G471QCT6, STM32G471QET3, STM32G471RCT6, STM32G471RET3, STM32G471RET6, STM32G471VCH6, STM32G471VCI6, STM32G471VCT6, STM32G471VEH3, STM32G471VEH6, STM32G471VEI3, STM32G471VEI6, STM32G471VET3, STM32G471VET6, STM32G474CCT6, STM32H503CBT6, STM32H503CBU6, STM32H503EBY6TR, STM32H503KBU6, STM32H503RBT6, STM32H523CCT6, STM32H523CCU6, STM32H523CET6, STM32H523CEU6, STM32H523HEY6TR, STM32H523RCT6, STM32H523RET6, STM32H523VCI6, STM32H523VCT6, STM32H523VEI6, STM32H523VET6, STM32H523ZCJ6, STM32H523ZCT6, STM32H523ZEJ6, STM32H523ZET6, STM32H533CET6, STM32H533CEU6, STM32H533HEY6TR, STM32H533RET6, STM32H533VEI6, STM32H533VET6, STM32H533ZEJ6, STM32H533ZET6, STM32H562AGI6, STM32H562AII6, STM32H562IGK6, STM32H562IGT6, STM32H562IIK6, STM32H562IIT6, STM32H562RGT6, STM32H562RGV6, STM32H562RIT6, STM32H562RIV6, STM32H562VGT6, STM32H562VIT6, STM32H562ZGT6, STM32H562ZIT6, STM32H563AGI6, STM32H563AII3Q, STM32H563AII6, STM32H563IGK6, STM32H563IGT6, STM32H563IIK3Q, STM32H563IIK6, STM32H563IIT3Q, STM32H563IIT6, STM32H563MIY3QTR, STM32H563RGT6, STM32H563RGV6, STM32H563RIT6, STM32H563RIV6, STM32H563VGT6, STM32H563VIT3Q, STM32H563VIT6, STM32H563ZGT6, STM32H563ZIT3Q, STM32H563ZIT6, STM32H573AII3Q, STM32H573AII6, STM32H573I-DK, STM32H573IIK3Q, STM32H573IIK6, STM32H573IIT3Q, STM32H573IIT6, STM32H573MIY3QTR, STM32H573RIT6, STM32H573RIV6, STM32H573VIT3Q, STM32H573VIT6, STM32H573ZIT3Q, STM32H573ZIT6, STM32H7R3A8I6, STM32H7R3I8K6, STM32H7R3I8T6, STM32H7R3L8H6, STM32H7R3L8H6H, STM32H7R3R8V6, STM32H7R3V8H6, STM32H7R3V8T6, STM32H7R3V8Y6, STM32H7R3Z8J6, STM32H7R3Z8T6, STM32H7R7A8I6, STM32H7R7I8K6, STM32H7R7I8T6, STM32H7R7L8H6, STM32H7R7L8H6H, STM32H7R7Z8J6, STM32H7S3A8I6, STM32H7S3I8K6, STM32H7S3I8T6, STM32H7S3L8H6, STM32H7S3L8H6H, STM32H7S3R8V6, STM32H7S3V8H6, STM32H7S3V8T6, STM32H7S3V8Y6, STM32H7S3Z8J6, STM32H7S3Z8T6, STM32H7S78-DK, STM32H7S7A8I6, STM32H7S7I8K6, STM32H7S7I8T6, STM32H7S7L8H6, STM32H7S7L8H6H, STM32H7S7Z8J6, STM32L4R5QGI6STR, STM32MP131AAE3, STM32MP131AAF3, STM32MP131AAG3, STM32MP131CAE3, STM32MP131CAF3, STM32MP131CAG3, STM32MP131DAE7, STM32MP131DAF7, STM32MP131DAG7, STM32MP131FAE7, STM32MP131FAF7, STM32MP131FAG7, STM32MP133AAE3, STM32MP133AAF3, STM32MP133AAG3, STM32MP133CAE3, STM32MP133CAF3, STM32MP133CAG3, STM32MP133DAE7, STM32MP133DAF7, STM32MP133DAG7, STM32MP133FAE7, STM32MP133FAF7, STM32MP133FAG7, STM32MP135AAE3, STM32MP135AAF3, STM32MP135AAG3, STM32MP135CAE3, STM32MP135CAF3, STM32MP135CAG3, STM32MP135DAE7, STM32MP135DAF7, STM32MP135DAG7, STM32MP135F-DK, STM32MP135FAE7, STM32MP135FAF7, STM32MP135FAF7T, STM32MP135FAF7U, STM32MP135FAG7, STM32U031C6T6, STM32U031C6U6, STM32U031C8T6, STM32U031C8U6, STM32U031F4P6, STM32U031F6P6, STM32U031F8P6, STM32U031G6Y6TR, STM32U031G8Y6TR, STM32U031K4U6, STM32U031K6U6, STM32U031K8U6, STM32U031R6I6, STM32U031R6T6, STM32U031R8I6, STM32U031R8T6, STM32U073C8T6, STM32U073C8U6, STM32U073CBT6, STM32U073CBU6, STM32U073CCT6, STM32U073CCU6, STM32U073H8Y6TR, STM32U073HBY6TR, STM32U073HCY6TR, STM32U073K8U6, STM32U073KBU6, STM32U073KCU6, STM32U073M8I6, STM32U073M8T6, STM32U073MBI6, STM32U073MBT6, STM32U073MCI6, STM32U073MCT6, STM32U073R8I6, STM32U073R8T6, STM32U073RBI6, STM32U073RBT6, STM32U073RCI6, STM32U073RCT6, STM32U083C-DK, STM32U083CCT6, STM32U083CCU6, STM32U083HCY6TR, STM32U083KCU6, STM32U083MCI6, STM32U083MCT6, STM32U083RCI6, STM32U083RCT6, STM32U535CBT6, STM32U535CBT6Q, STM32U535CBU6, STM32U535CBU6Q, STM32U535CCT6, STM32U535CCT6Q, STM32U535CCU6, STM32U535CCU6Q, STM32U535CET6, STM32U535CET6Q, STM32U535CEU6, STM32U535CEU6Q, STM32U535JEY6QTR, STM32U535NCY6QTR, STM32U535NEY6QTR, STM32U535RBI6, STM32U535RBI6Q, STM32U535RBT6, STM32U535RBT6Q, STM32U535RCI6, STM32U535RCI6Q, STM32U535RCT6, STM32U535RCT6Q, STM32U535REI6, STM32U535REI6Q, STM32U535RET6, STM32U535RET6Q, STM32U535VCI6, STM32U535VCI6Q, STM32U535VCT6, STM32U535VCT6Q, STM32U535VEI6, STM32U535VEI6Q, STM32U535VET6, STM32U535VET6Q, STM32U545CET6, STM32U545CET6Q, STM32U545CEU6, STM32U545CEU6Q, STM32U545JEY6QTR, STM32U545NEY6QTR, STM32U545REI6, STM32U545REI6Q, STM32U545RET6, STM32U545RET6Q, STM32U545VEI6, STM32U545VEI6Q, STM32U545VET6, STM32U545VET6Q, STM32U595AIH6, STM32U595AIH6Q, STM32U595AJH6, STM32U595AJH6Q, STM32U595QII6, STM32U595QII6Q, STM32U595QJI6, STM32U595QJI6Q, STM32U595RIT6, STM32U595RIT6Q, STM32U595RJT6, STM32U595RJT6Q, STM32U595VIT6, STM32U595VIT6Q, STM32U595VJT6, STM32U595VJT6Q, STM32U595ZIT6, STM32U595ZIT6Q, STM32U595ZIY6QTR, STM32U595ZJT6, STM32U595ZJT6Q, STM32U595ZJY6QTR, STM32U599BJY6QTR, STM32U599NIH6Q, STM32U599NJH6Q, STM32U599VIT6Q, STM32U599VJT6, STM32U599VJT6Q, STM32U599ZIT6Q, STM32U599ZIY6QTR, STM32U599ZJT6Q, STM32U599ZJY6QTR, STM32U5A5AJH6, STM32U5A5AJH6Q, STM32U5A5QII3Q , STM32U5A5QJI6, STM32U5A5QJI6Q, STM32U5A5RJT6, STM32U5A5RJT6Q, STM32U5A5VJT6, STM32U5A5VJT6Q, STM32U5A5ZJT6, STM32U5A5ZJT6Q, STM32U5A5ZJY6QTR, STM32U5A9BJY6QTR, STM32U5A9J-DK, STM32U5A9NJH6Q, STM32U5A9VJT6Q, STM32U5A9ZJT6Q, STM32U5A9ZJY6QTR, STM32U5F7VIT6, STM32U5F7VIT6Q, STM32U5F7VJT6, STM32U5F7VJT6Q, STM32U5F9BJY6QTR, STM32U5F9NJH6Q, STM32U5F9VIT6Q, STM32U5F9VJT6Q, STM32U5F9ZIJ6QTR, STM32U5F9ZIT6Q, STM32U5F9ZJJ6QTR, STM32U5F9ZJT6Q, STM32U5G7VJT6, STM32U5G7VJT6Q, STM32U5G9BJY6QTR, STM32U5G9J-DK1, STM32U5G9J-DK2, STM32U5G9NJH6Q, STM32U5G9VJT6Q, STM32U5G9ZJJ6QTR, STM32U5G9ZJT6Q, STM32WB1MMCH6, STM32WBA50KEU6, STM32WBA50KEU6TR, STM32WBA50KGU6, STM32WBA50KGU6TR, STM32WBA52CEU6, STM32WBA52CEU6TR, STM32WBA52CEU7, STM32WBA52CEU7TR, STM32WBA52CGU6, STM32WBA52CGU6TR, STM32WBA52CGU6U, STM32WBA52CGU7, STM32WBA52CGU7TR, STM32WBA52KEU6, STM32WBA52KEU6TR, STM32WBA52KGU6, STM32WBA52KGU6TR, STM32WBA54CEU6, STM32WBA54CEU6TR, STM32WBA54CEU7, STM32WBA54CEU7TR, STM32WBA54CGU6, STM32WBA54CGU6TR, STM32WBA54CGU7, STM32WBA54CGU7TR, STM32WBA54KEU6, STM32WBA54KEU6TR, STM32WBA54KEU7, STM32WBA54KEU7TR, STM32WBA54KGU6, STM32WBA54KGU6TR, STM32WBA54KGU7, STM32WBA54KGU7TR, STM32WBA55CEU6, STM32WBA55CEU6TR, STM32WBA55CEU7, STM32WBA55CEU7TR, STM32WBA55CGU6, STM32WBA55CGU6TR, STM32WBA55CGU6U, STM32WBA55CGU7, STM32WBA55CGU7TR, STM32WBA55G-DK1, STM32WBA55HEF6, STM32WBA55HEF7, STM32WBA55HGF6, STM32WBA55HGF7, STM32WBA55UEI6, STM32WBA55UEI6TR, STM32WBA55UEI7, STM32WBA55UEI7TR, STM32WBA55UGI6, STM32WBA55UGI6TR, STM32WBA55UGI7, STM32WBA55UGI7TR, STM32WL5MOCH6, STM32WL5MOCH6TR]
2024-09-27 11:36:37,918 [INFO] DbMcus:218 - Found 4204 MCUs, 4204 are supported
2024-09-27 11:36:37,925 [INFO] ApiDb:423 - Load user favorites file C:\Users\USER/.stm32cubeide/favorites.mcus.txt: 1 item(s)
2024-09-27 11:36:37,925 [INFO] ApiDb:427 - User favorites MCUs=[STM32L476RGT6]
2024-09-27 11:36:37,925 [INFO] DbMcus:224 - Set 1 / 1 favorites MCUs
2024-09-27 11:36:38,475 [INFO] BoardInfo:889 - No configuration file found for board NUCLEO-WB05KZ
2024-09-27 11:36:38,475 [INFO] DbBoards:161 - Board is not supported: NUCLEO-WB05KZ
2024-09-27 11:36:38,476 [INFO] BoardInfo:889 - No configuration file found for board NUCLEO-WB07CC
2024-09-27 11:36:38,477 [INFO] DbBoards:161 - Board is not supported: NUCLEO-WB07CC
2024-09-27 11:36:38,478 [INFO] BoardInfo:889 - No configuration file found for board NUCLEO-WB09KE
2024-09-27 11:36:38,478 [INFO] DbBoards:161 - Board is not supported: NUCLEO-WB09KE
2024-09-27 11:36:38,489 [INFO] BoardInfo:889 - No configuration file found for board P-NUCLEO-WB55
2024-09-27 11:36:38,490 [INFO] DbBoards:161 - Kit is not supported: P-NUCLEO-WB55
2024-09-27 11:36:38,495 [INFO] BoardInfo:889 - No configuration file found for board STEVAL-BFA001V1B
2024-09-27 11:36:38,495 [INFO] DbBoards:161 - Kit is not supported: STEVAL-BFA001V1B
2024-09-27 11:36:38,496 [INFO] BoardInfo:889 - No configuration file found for board STEVAL-BFA001V2B
2024-09-27 11:36:38,497 [INFO] DbBoards:161 - Kit is not supported: STEVAL-BFA001V2B
2024-09-27 11:36:38,707 [INFO] BoardInfo:889 - No configuration file found for board STM32MP257F-DK
2024-09-27 11:36:38,708 [INFO] DbBoards:161 - Board is not supported: STM32MP257F-DK
2024-09-27 11:36:38,709 [INFO] BoardInfo:889 - No configuration file found for board STM32MP257F-EV1
2024-09-27 11:36:38,710 [INFO] DbBoards:161 - Board is not supported: STM32MP257F-EV1
2024-09-27 11:36:38,721 [INFO] DbBoards:168 - Found 200 boards, 192 are supported
2024-09-27 11:36:38,721 [INFO] DbBoards:169 - Found 200 boards, 8 of them is supported for  Bsp
2024-09-27 11:36:38,729 [INFO] ApiDb:423 - Load user favorites file C:\Users\USER/.stm32cubeide/favorites.boards.txt: 1 item(s)
2024-09-27 11:36:38,729 [INFO] ApiDb:427 - User favorites Boards=[NUCLEO-L476RG]
2024-09-27 11:36:38,729 [INFO] DbBoards:198 - Set 1 / 1 favorites Boards
2024-09-27 11:36:38,772 [INFO] UtilMem:75 - End LoadConfig() Used Memory: 665863344 Bytes (1073741824)
2024-09-27 11:36:38,960 [WARN] ThirdParty:833 - waiting for thirdparty lock release [change project]
2024-09-27 11:36:38,960 [INFO] ThirdParty:835 - entering critical section [change project]
2024-09-27 11:36:38,960 [INFO] ThirdParty:1030 - CMSIS Pack Vendor :STMicroelectronics USBPD 4.1
2024-09-27 11:36:38,960 [INFO] ThirdParty:1030 - CMSIS Pack Vendor :STMicroelectronics X-CUBE-AZRTOS-H7 3.3.0
2024-09-27 11:36:38,960 [INFO] ThirdParty:1030 - CMSIS Pack Vendor :STMicroelectronics X-CUBE-GNSS1 6.0.0
2024-09-27 11:36:38,960 [INFO] ThirdParty:1030 - CMSIS Pack Vendor :STMicroelectronics USB_HOST 2.0.0
2024-09-27 11:36:38,960 [INFO] ThirdParty:1030 - CMSIS Pack Vendor :STMicroelectronics FP-SNS-MOTENVWB1 1.4.0
2024-09-27 11:36:38,960 [INFO] ThirdParty:1030 - CMSIS Pack Vendor :STMicroelectronics X-CUBE-AZRTOS-F4 1.1.0
2024-09-27 11:36:38,960 [INFO] ThirdParty:1030 - CMSIS Pack Vendor :STMicroelectronics LIBJPEG 8.0.0
2024-09-27 11:36:38,960 [INFO] ThirdParty:1030 - CMSIS Pack Vendor :STMicroelectronics X-CUBE-SMBUS 2.1.0
2024-09-27 11:36:38,960 [INFO] ThirdParty:1030 - CMSIS Pack Vendor :STMicroelectronics USB_DEVICE 3.0.0
2024-09-27 11:36:38,960 [INFO] ThirdParty:1030 - CMSIS Pack Vendor :STMicroelectronics X-CUBE-TCPP 4.1.0
2024-09-27 11:36:38,960 [INFO] ThirdParty:1030 - CMSIS Pack Vendor :STMicroelectronics X-CUBE-ISPU 2.1.0
2024-09-27 11:36:38,961 [INFO] ThirdParty:1030 - CMSIS Pack Vendor :STMicroelectronics X-CUBE-FREERTOS 1.2.0
2024-09-27 11:36:38,961 [INFO] ThirdParty:1030 - CMSIS Pack Vendor :STMicroelectronics X-CUBE-AZRTOS-WB 2.0.0
2024-09-27 11:36:38,961 [INFO] ThirdParty:1030 - CMSIS Pack Vendor :STMicroelectronics X-CUBE-GNSS1 7.0.0
2024-09-27 11:36:38,961 [INFO] ThirdParty:1030 - CMSIS Pack Vendor :STMicroelectronics X-CUBE-TOUCHGFX 4.23.2
2024-09-27 11:36:38,961 [INFO] ThirdParty:1030 - CMSIS Pack Vendor :STMicroelectronics X-CUBE-AZRTOS-F7 1.1.0
2024-09-27 11:36:38,961 [INFO] ThirdParty:1030 - CMSIS Pack Vendor :STMicroelectronics X-CUBE-AZRTOS-L5 2.0.0
2024-09-27 11:36:38,961 [INFO] ThirdParty:1030 - CMSIS Pack Vendor :STMicroelectronics USB_DEVICE 2.0.0
2024-09-27 11:36:38,961 [INFO] ThirdParty:1030 - CMSIS Pack Vendor :STMicroelectronics X-CUBE-NFC6 3.1.0
2024-09-27 11:36:38,961 [INFO] ThirdParty:1030 - CMSIS Pack Vendor :STMicroelectronics FP-SNS-STBOX1 2.0.0
2024-09-27 11:36:38,961 [INFO] ThirdParty:1030 - CMSIS Pack Vendor :STMicroelectronics X-CUBE-MEMS1 11.0.0
2024-09-27 11:36:38,961 [INFO] ThirdParty:1030 - CMSIS Pack Vendor :STMicroelectronics FreeRTOS 0.0.1
2024-09-27 11:36:38,961 [INFO] ThirdParty:1030 - CMSIS Pack Vendor :STMicroelectronics X-CUBE-AZRTOS-G0 1.1.0
2024-09-27 11:36:38,961 [INFO] ThirdParty:1030 - CMSIS Pack Vendor :STMicroelectronics X-CUBE-SAFEA1 1.2.2
2024-09-27 11:36:38,961 [INFO] ThirdParty:1030 - CMSIS Pack Vendor :STMicroelectronics X-CUBE-NFC4 3.0.0
2024-09-27 11:36:38,961 [INFO] ThirdParty:1030 - CMSIS Pack Vendor :STMicroelectronics X-CUBE-DPower 1.2.0
2024-09-27 11:36:38,961 [INFO] ThirdParty:1030 - CMSIS Pack Vendor :STMicroelectronics X-CUBE-SUBG2 5.0.0
2024-09-27 11:36:38,961 [INFO] ThirdParty:1030 - CMSIS Pack Vendor :STMicroelectronics STM32_WPAN 1.0.0
2024-09-27 11:36:38,961 [INFO] ThirdParty:1030 - CMSIS Pack Vendor :EmbeddedOffice I-CUBE-FS-RTOS 1.0.1
2024-09-27 11:36:38,961 [INFO] ThirdParty:1030 - CMSIS Pack Vendor :STMicroelectronics lwIP 2.0.3
2024-09-27 11:36:38,961 [INFO] ThirdParty:1030 - CMSIS Pack Vendor :STMicroelectronics FP-SNS-FLIGHT1 5.0.2
2024-09-27 11:36:38,961 [INFO] ThirdParty:1030 - CMSIS Pack Vendor :Cesanta I-CUBE-Mongoose 7.13.0
2024-09-27 11:36:38,961 [INFO] ThirdParty:1030 - CMSIS Pack Vendor :STMicroelectronics USB_HOST 1.0.0
2024-09-27 11:36:38,961 [INFO] ThirdParty:1030 - CMSIS Pack Vendor :STMicroelectronics X-CUBE-AI 9.0.0
2024-09-27 11:36:38,961 [INFO] ThirdParty:1030 - CMSIS Pack Vendor :STMicroelectronics X-CUBE-AZRTOS-G4 2.0.0
2024-09-27 11:36:38,961 [INFO] ThirdParty:1030 - CMSIS Pack Vendor :STMicroelectronics PDM2PCM 3.1.0
2024-09-27 11:36:38,961 [INFO] ThirdParty:1030 - CMSIS Pack Vendor :STMicroelectronics PDM2PCM 3.3.0
2024-09-27 11:36:38,962 [INFO] ThirdParty:1030 - CMSIS Pack Vendor :STMicroelectronics X-CUBE-DISPLAY 3.0.0
2024-09-27 11:36:38,962 [INFO] ThirdParty:1030 - CMSIS Pack Vendor :RealThread X-CUBE-RT-Thread_Nano 4.1.1
2024-09-27 11:36:38,962 [INFO] ThirdParty:1030 - CMSIS Pack Vendor :wolfSSL I-CUBE-wolfSSL 5.7.0
2024-09-27 11:36:38,962 [INFO] ThirdParty:1030 - CMSIS Pack Vendor :STMicroelectronics X-CUBE-BLE1 7.0.0
2024-09-27 11:36:38,962 [INFO] ThirdParty:1030 - CMSIS Pack Vendor :STMicroelectronics FP-ATR-SIGFOX1 3.2.0
2024-09-27 11:36:38,962 [INFO] ThirdParty:1030 - CMSIS Pack Vendor :STMicroelectronics X-CUBE-ISPU 2.0.0
2024-09-27 11:36:38,962 [INFO] ThirdParty:1030 - CMSIS Pack Vendor :STMicroelectronics X-CUBE-EEPRMA1 5.1.0
2024-09-27 11:36:38,962 [INFO] ThirdParty:1030 - CMSIS Pack Vendor :STMicroelectronics HAL Drivers 0.0.0
2024-09-27 11:36:38,962 [INFO] ThirdParty:1030 - CMSIS Pack Vendor :STMicroelectronics MBEDTLS 2.16.2
2024-09-27 11:36:38,962 [INFO] ThirdParty:1030 - CMSIS Pack Vendor :STMicroelectronics X-CUBE-ALS 1.0.2
2024-09-27 11:36:38,962 [INFO] ThirdParty:1030 - CMSIS Pack Vendor :emotas I-CUBE-CANOPEN 1.3.0
2024-09-27 11:36:38,962 [INFO] ThirdParty:1030 - CMSIS Pack Vendor :STMicroelectronics X-CUBE-MEMS1 10.0.0
2024-09-27 11:36:38,962 [INFO] ThirdParty:1030 - CMSIS Pack Vendor :STMicroelectronics X-CUBE-NFC7 1.0.1
2024-09-27 11:36:38,962 [INFO] ThirdParty:1030 - CMSIS Pack Vendor :STMicroelectronics MBEDTLS 2.14.1
2024-09-27 11:36:38,962 [INFO] ThirdParty:1030 - CMSIS Pack Vendor :ITTIA_DB I-CUBE-ITTIADB 8.9.0
2024-09-27 11:36:38,963 [INFO] ThirdParty:1030 - CMSIS Pack Vendor :STMicroelectronics X-CUBE-TOUCHGFX 4.24.1
2024-09-27 11:36:38,963 [INFO] ThirdParty:1030 - CMSIS Pack Vendor :wolfSSL I-CUBE-wolfTPM 3.4.0
2024-09-27 11:36:38,963 [INFO] ThirdParty:1030 - CMSIS Pack Vendor :portGmbH I-Cube-SoM-uGOAL 1.1.0
2024-09-27 11:36:38,963 [INFO] ThirdParty:1030 - CMSIS Pack Vendor :STMicroelectronics X-CUBE-BLEMGR 3.1.0
2024-09-27 11:36:38,963 [INFO] ThirdParty:1030 - CMSIS Pack Vendor :STMicroelectronics ThreadX 1.0.0
2024-09-27 11:36:38,963 [INFO] ThirdParty:1030 - CMSIS Pack Vendor :STMicroelectronics FP-SNS-SMARTAG2 1.2.0
2024-09-27 11:36:38,963 [INFO] ThirdParty:1030 - CMSIS Pack Vendor :STMicroelectronics X-CUBE-AZRTOS-WL 2.0.0
2024-09-27 11:36:38,963 [INFO] ThirdParty:1030 - CMSIS Pack Vendor :SEGGER I-CUBE-embOS 1.3.1
2024-09-27 11:36:38,963 [INFO] ThirdParty:1030 - CMSIS Pack Vendor :STMicroelectronics X-CUBE-ALGOBUILD 1.4.0
2024-09-27 11:36:38,963 [INFO] ThirdParty:1030 - CMSIS Pack Vendor :STMicroelectronics FP-SNS-MOTENV1 5.0.0
2024-09-27 11:36:38,963 [INFO] ThirdParty:1030 - CMSIS Pack Vendor :STMicroelectronics USB_DEVICE 1.0.0
2024-09-27 11:36:38,963 [INFO] ThirdParty:1030 - CMSIS Pack Vendor :STMicroelectronics X-CUBE-AZRTOS-H7RS 1.0.0
2024-09-27 11:36:38,963 [INFO] ThirdParty:1030 - CMSIS Pack Vendor :wolfSSL I-CUBE-wolfMQTT 1.19.0
2024-09-27 11:36:38,963 [INFO] ThirdParty:1030 - CMSIS Pack Vendor :STMicroelectronics X-CUBE-AZRTOS-L4 2.0.0
2024-09-27 11:36:38,963 [INFO] ThirdParty:1030 - CMSIS Pack Vendor :STMicroelectronics ThreadX 0.0.2
2024-09-27 11:36:38,963 [INFO] ThirdParty:1030 - CMSIS Pack Vendor :WES I-CUBE-Cesium 1.3.0
2024-09-27 11:36:38,963 [INFO] ThirdParty:1030 - CMSIS Pack Vendor :STMicroelectronics FP-ATR-ASTRA1 2.0.0
2024-09-27 11:36:38,963 [INFO] ThirdParty:1030 - CMSIS Pack Vendor :STMicroelectronics lwIP 2.1.2
2024-09-27 11:36:38,963 [INFO] ThirdParty:1030 - CMSIS Pack Vendor :STMicroelectronics X-CUBE-SFXS2LP1 4.0.0
2024-09-27 11:36:38,963 [INFO] ThirdParty:1030 - CMSIS Pack Vendor :STMicroelectronics X-CUBE-BLE2 3.3.0
2024-09-27 11:36:38,964 [INFO] ThirdParty:1030 - CMSIS Pack Vendor :STMicroelectronics X-CUBE-TOF1 3.4.2
2024-09-27 11:36:38,964 [INFO] ThirdParty:1030 - CMSIS Pack Vendor :STMicroelectronics X-CUBE-TOF1 3.4.1
2024-09-27 11:36:38,965 [INFO] ThirdParty:1030 - CMSIS Pack Vendor :STMicroelectronics X-CUBE-AZRTOS-H7 3.2.0
2024-09-27 11:36:38,965 [INFO] ThirdParty:1030 - CMSIS Pack Vendor :Infineon AIROC-Wi-Fi-Bluetooth-STM32 1.6.0
2024-09-27 11:36:38,965 [INFO] ThirdParty:1030 - CMSIS Pack Vendor :STMicroelectronics PDM2PCM 3.2.0
2024-09-27 11:36:38,965 [INFO] ThirdParty:1030 - CMSIS Pack Vendor :wolfSSL I-CUBE-wolfSSH 1.4.17
2024-09-27 11:36:38,965 [INFO] ThirdParty:841 - exiting critical section [change project]
2024-09-27 11:36:39,782 [INFO] PinOutPanel:1561 - setPackage(No Configuration,No Configuration)
2024-09-27 11:36:39,784 [INFO] PinOutPanel:1561 - setPackage(STM32L476RGTx,LQFP64)
2024-09-27 11:36:40,558 [INFO] UtilMem:75 - Before build in PCC Used Memory: 919110600 Bytes (1073741824)
2024-09-27 11:36:41,974 [INFO] UtilMem:75 - After build in PCC Used Memory: 757761664 Bytes (1073741824)
2024-09-27 11:36:42,030 [INFO] IPUIPlugin:80 - create IPUIPlugin
2024-09-27 11:36:42,030 [INFO] IPUIPlugin:80 - create IPUIPlugin
2024-09-27 11:36:42,030 [INFO] IPUIPlugin:80 - create IPUIPlugin
2024-09-27 11:36:42,030 [INFO] IPUIPlugin:80 - create IPUIPlugin
2024-09-27 11:36:42,030 [INFO] IPUIPlugin:80 - create IPUIPlugin
2024-09-27 11:36:42,030 [INFO] IPUIPlugin:80 - create IPUIPlugin
2024-09-27 11:36:42,030 [INFO] IPUIPlugin:80 - create IPUIPlugin
2024-09-27 11:36:42,031 [INFO] IPUIPlugin:80 - create IPUIPlugin
2024-09-27 11:36:42,031 [INFO] IPUIPlugin:80 - create IPUIPlugin
2024-09-27 11:36:42,031 [INFO] IPUIPlugin:80 - create IPUIPlugin
2024-09-27 11:36:42,031 [INFO] IPUIPlugin:80 - create IPUIPlugin
2024-09-27 11:36:42,031 [INFO] IPUIPlugin:80 - create IPUIPlugin
2024-09-27 11:36:42,031 [INFO] IPUIPlugin:80 - create IPUIPlugin
2024-09-27 11:36:42,031 [INFO] IPUIPlugin:80 - create IPUIPlugin
2024-09-27 11:36:42,031 [INFO] IPUIPlugin:80 - create IPUIPlugin
2024-09-27 11:36:42,032 [INFO] IPUIPlugin:80 - create IPUIPlugin
2024-09-27 11:36:42,032 [INFO] IPUIPlugin:80 - create IPUIPlugin
2024-09-27 11:36:42,032 [INFO] IPUIPlugin:80 - create IPUIPlugin
2024-09-27 11:36:42,032 [INFO] IPUIPlugin:80 - create IPUIPlugin
2024-09-27 11:36:42,032 [INFO] IPUIPlugin:80 - create IPUIPlugin
2024-09-27 11:36:42,033 [INFO] IPUIPlugin:80 - create IPUIPlugin
2024-09-27 11:36:42,033 [INFO] IPUIPlugin:80 - create IPUIPlugin
2024-09-27 11:36:42,033 [INFO] IPUIPlugin:80 - create IPUIPlugin
2024-09-27 11:36:42,034 [INFO] IPUIPlugin:80 - create IPUIPlugin
2024-09-27 11:36:42,034 [INFO] IPUIPlugin:80 - create IPUIPlugin
2024-09-27 11:36:42,035 [INFO] IPUIPlugin:80 - create IPUIPlugin
2024-09-27 11:36:42,035 [INFO] IPUIPlugin:80 - create IPUIPlugin
2024-09-27 11:36:42,036 [INFO] IPUIPlugin:80 - create IPUIPlugin
2024-09-27 11:36:42,036 [INFO] IPUIPlugin:80 - create IPUIPlugin
2024-09-27 11:36:42,036 [INFO] IPUIPlugin:80 - create IPUIPlugin
2024-09-27 11:36:42,037 [INFO] IPUIPlugin:80 - create IPUIPlugin
2024-09-27 11:36:42,037 [INFO] IPUIPlugin:80 - create IPUIPlugin
2024-09-27 11:36:42,038 [INFO] IPUIPlugin:80 - create IPUIPlugin
2024-09-27 11:36:42,038 [INFO] IPUIPlugin:80 - create IPUIPlugin
2024-09-27 11:36:42,038 [INFO] IPUIPlugin:80 - create IPUIPlugin
2024-09-27 11:36:42,038 [INFO] IPUIPlugin:80 - create IPUIPlugin
2024-09-27 11:36:42,039 [INFO] IPUIPlugin:80 - create IPUIPlugin
2024-09-27 11:36:42,039 [INFO] IPUIPlugin:80 - create IPUIPlugin
2024-09-27 11:36:42,039 [INFO] IPUIPlugin:80 - create IPUIPlugin
2024-09-27 11:36:42,040 [INFO] IPUIPlugin:80 - create IPUIPlugin
2024-09-27 11:36:42,040 [INFO] IPUIPlugin:80 - create IPUIPlugin
2024-09-27 11:36:42,040 [INFO] IPUIPlugin:80 - create IPUIPlugin
2024-09-27 11:36:42,041 [INFO] IPUIPlugin:80 - create IPUIPlugin
2024-09-27 11:36:42,042 [INFO] IPUIPlugin:80 - create IPUIPlugin
2024-09-27 11:36:42,042 [INFO] IPUIPlugin:80 - create IPUIPlugin
2024-09-27 11:36:42,043 [INFO] IPUIPlugin:80 - create IPUIPlugin
2024-09-27 11:36:42,043 [INFO] IPUIPlugin:80 - create IPUIPlugin
2024-09-27 11:36:42,044 [INFO] IPUIPlugin:80 - create IPUIPlugin
2024-09-27 11:36:42,044 [INFO] IPUIPlugin:80 - create IPUIPlugin
2024-09-27 11:36:42,045 [INFO] IPUIPlugin:80 - create IPUIPlugin
2024-09-27 11:36:42,046 [INFO] IPUIPlugin:80 - create IPUIPlugin
2024-09-27 11:36:42,046 [INFO] IPUIPlugin:80 - create IPUIPlugin
2024-09-27 11:36:42,047 [INFO] IPUIPlugin:80 - create IPUIPlugin
2024-09-27 11:36:42,048 [INFO] IPUIPlugin:80 - create IPUIPlugin
2024-09-27 11:36:42,048 [INFO] IPUIPlugin:80 - create IPUIPlugin
2024-09-27 11:36:42,049 [INFO] IPUIPlugin:80 - create IPUIPlugin
2024-09-27 11:36:42,050 [INFO] IPUIPlugin:80 - create IPUIPlugin
2024-09-27 11:36:42,052 [INFO] IPUIPlugin:80 - create IPUIPlugin
2024-09-27 11:36:42,053 [INFO] IPUIPlugin:80 - create IPUIPlugin
2024-09-27 11:36:42,385 [INFO] CADModel:165 - CPN selected for project levelSTM32L476RGT6
2024-09-27 11:36:42,385 [INFO] CADModel:114 - Register for checkConnection events
2024-09-27 11:36:42,518 [INFO] OpenFileManager:343 - Restore cursor
2024-09-27 11:36:42,852 [ERROR] LogOutputStream:75 - [STDERR_REDIRECT] Exception in thread "AWT-EventQueue-0" java.lang.NullPointerException: Cannot invoke "com.st.stm32cube.common.mx.oss.core.awtswtbridge.EmbeddedSwingComposite$AwtContext.setContentPane(java.awt.Container)" because "this.awtContext" is null
2024-09-27 11:36:42,855 [ERROR] LogOutputStream:75 - [STDERR_REDIRECT] 	at com.st.stm32cube.common.mx.oss.core.awtswtbridge.EmbeddedSwingComposite.doComponentCreation(EmbeddedSwingComposite.java:494)
2024-09-27 11:36:42,858 [ERROR] LogOutputStream:75 - [STDERR_REDIRECT] 	at com.st.stm32cube.common.mx.oss.core.awtswtbridge.EmbeddedSwingComposite$4.run(EmbeddedSwingComposite.java:291)
2024-09-27 11:36:42,862 [ERROR] LogOutputStream:75 - [STDERR_REDIRECT] 	at com.st.stm32cube.common.mx.oss.core.awtswtbridge.AwtEnvironment$2.run(AwtEnvironment.java:166)
2024-09-27 11:36:42,864 [ERROR] LogOutputStream:75 - [STDERR_REDIRECT] 	at java.desktop/java.awt.event.InvocationEvent.dispatch(InvocationEvent.java:318)
2024-09-27 11:36:42,867 [ERROR] LogOutputStream:75 - [STDERR_REDIRECT] 	at java.desktop/java.awt.EventQueue.dispatchEventImpl(EventQueue.java:773)
2024-09-27 11:36:42,869 [ERROR] LogOutputStream:75 - [STDERR_REDIRECT] 	at java.desktop/java.awt.EventQueue$4.run(EventQueue.java:720)
2024-09-27 11:36:42,870 [ERROR] LogOutputStream:75 - [STDERR_REDIRECT] 	at java.desktop/java.awt.EventQueue$4.run(EventQueue.java:714)
2024-09-27 11:36:42,872 [ERROR] LogOutputStream:75 - [STDERR_REDIRECT] 	at java.base/java.security.AccessController.doPrivileged(AccessController.java:399)
2024-09-27 11:36:42,875 [ERROR] LogOutputStream:75 - [STDERR_REDIRECT] 	at java.base/java.security.ProtectionDomain$JavaSecurityAccessImpl.doIntersectionPrivilege(ProtectionDomain.java:86)
2024-09-27 11:36:42,877 [ERROR] LogOutputStream:75 - [STDERR_REDIRECT] 	at java.desktop/java.awt.EventQueue.dispatchEvent(EventQueue.java:742)
2024-09-27 11:36:42,880 [ERROR] LogOutputStream:75 - [STDERR_REDIRECT] 	at java.desktop/java.awt.EventDispatchThread.pumpOneEventForFilters(EventDispatchThread.java:203)
2024-09-27 11:36:42,883 [ERROR] LogOutputStream:75 - [STDERR_REDIRECT] 	at java.desktop/java.awt.EventDispatchThread.pumpEventsForFilter(EventDispatchThread.java:124)
2024-09-27 11:36:42,886 [ERROR] LogOutputStream:75 - [STDERR_REDIRECT] 	at java.desktop/java.awt.EventDispatchThread.pumpEventsForHierarchy(EventDispatchThread.java:113)
2024-09-27 11:36:42,889 [ERROR] LogOutputStream:75 - [STDERR_REDIRECT] 	at java.desktop/java.awt.EventDispatchThread.pumpEvents(EventDispatchThread.java:109)
2024-09-27 11:36:42,892 [ERROR] LogOutputStream:75 - [STDERR_REDIRECT] 	at java.desktop/java.awt.EventDispatchThread.pumpEvents(EventDispatchThread.java:101)
2024-09-27 11:36:42,895 [ERROR] LogOutputStream:75 - [STDERR_REDIRECT] 	at java.desktop/java.awt.EventDispatchThread.run(EventDispatchThread.java:90)
