2024-10-22 14:04:26,679 [INFO] Activator:176 - 


2024-10-22 14:04:26,687 [INFO] Activator:177 - !SESSION log4j initialized
2024-10-22 14:04:34,529 [INFO] LogOutputStream:77 - [STDOUT_REDIRECT] 
2024-10-22 14:04:37,927 [INFO] ApplicationProperties:184 - Using Application install path: C:\Users\USER\Downloads\STM32CubeIDE_1.15.1\STM32CubeIDE\plugins\com.st.stm32cube.common.mx_6.11.1.202404110753
2024-10-22 14:04:37,946 [INFO] DbMcusXml:78 - Set database path to: C:\Users\USER\Downloads\STM32CubeIDE_1.15.1\STM32CubeIDE\plugins\com.st.stm32cube.common.mx_6.11.1.202404110753\\db\/mcu/
2024-10-22 14:04:37,947 [INFO] ApiDb:274 - Set plugin database path to: C:\Users\USER\Downloads\STM32CubeIDE_1.15.1\STM32CubeIDE\plugins\com.st.stm32cube.common.mx_6.11.1.202404110753\\db\/plugins/boardmanager/
2024-10-22 14:04:37,947 [WARN] ApiDb:259 - Overriding images path with different value:  => C:\Users\USER\Downloads\STM32CubeIDE_1.15.1\STM32CubeIDE\plugins\com.st.stm32cube.common.mx_6.11.1.202404110753\\db\/plugins/mcufinder/images/
2024-10-22 14:04:37,959 [INFO] ApiDb:250 - Set database path to: C:\Users\USER\.stmcufinder\plugins\mcufinder//mcu/
2024-10-22 14:04:37,960 [INFO] DbMcusAds:125 - Set database path to: C:\Users\USER\.stmcufinder\plugins\mcufinder//mcu/
2024-10-22 14:04:37,962 [INFO] CrossReferenceDbSqlite:203 - Set database path to: C:\Users\USER\.stmcufinder\plugins\mcufinder//mcu/cs/
2024-10-22 14:04:38,115 [INFO] RulesReader:64 - Compatibility file has been processed (297 Rules)
2024-10-22 14:04:38,222 [INFO] DbMcusXml:78 - Set database path to: C:\Users\USER\Downloads\STM32CubeIDE_1.15.1\STM32CubeIDE\plugins\com.st.stm32cube.common.mx_6.11.1.202404110753\\db\/mcu/
2024-10-22 14:04:38,222 [INFO] ApiDb:274 - Set plugin database path to: C:\Users\USER\Downloads\STM32CubeIDE_1.15.1\STM32CubeIDE\plugins\com.st.stm32cube.common.mx_6.11.1.202404110753\\db\/plugins/boardmanager/
2024-10-22 14:04:38,223 [INFO] ApiDb:261 - Set plugin images path to: C:\Users\USER\Downloads\STM32CubeIDE_1.15.1\STM32CubeIDE\plugins\com.st.stm32cube.common.mx_6.11.1.202404110753\\db\/plugins/mcufinder/images/
2024-10-22 14:04:38,223 [WARN] DbFile:41 - Overriding database path with different value: C:\Users\USER\.stmcufinder\plugins\mcufinder/ => C:\Users\USER\.stmcufinder\plugins\mcufinder
2024-10-22 14:04:38,223 [INFO] ApiDb:250 - Set database path to: C:\Users\USER\.stmcufinder\plugins\mcufinder//mcu/
2024-10-22 14:04:38,223 [WARN] DbFile:41 - Overriding database path with different value: C:\Users\USER\.stmcufinder\plugins\mcufinder/ => C:\Users\USER\.stmcufinder\plugins\mcufinder
2024-10-22 14:04:38,223 [INFO] DbMcusAds:125 - Set database path to: C:\Users\USER\.stmcufinder\plugins\mcufinder//mcu/
2024-10-22 14:04:38,223 [WARN] DbFile:41 - Overriding database path with different value: C:\Users\USER\.stmcufinder\plugins\mcufinder/ => C:\Users\USER\.stmcufinder\plugins\mcufinder
2024-10-22 14:04:38,224 [WARN] DbFile:41 - Overriding database path with different value: C:\Users\USER\.stmcufinder\plugins\mcufinder/ => C:\Users\USER\.stmcufinder\plugins\mcufinder
2024-10-22 14:04:38,224 [INFO] CrossReferenceDbSqlite:203 - Set database path to: C:\Users\USER\.stmcufinder\plugins\mcufinder//mcu/cs/
2024-10-22 14:04:38,323 [INFO] MainPanel:264 - HeapMemory: 268435456
2024-10-22 14:04:38,423 [INFO] DbMcusXml:78 - Set database path to: C:\Users\USER\Downloads\STM32CubeIDE_1.15.1\STM32CubeIDE\plugins\com.st.stm32cube.common.mx_6.11.1.202404110753\\db\/mcu/
2024-10-22 14:04:38,424 [INFO] ApiDb:274 - Set plugin database path to: C:\Users\USER\Downloads\STM32CubeIDE_1.15.1\STM32CubeIDE\plugins\com.st.stm32cube.common.mx_6.11.1.202404110753\\db\/plugins/boardmanager/
2024-10-22 14:04:38,424 [INFO] ApiDb:261 - Set plugin images path to: C:\Users\USER\Downloads\STM32CubeIDE_1.15.1\STM32CubeIDE\plugins\com.st.stm32cube.common.mx_6.11.1.202404110753\\db\/plugins/mcufinder/images/
2024-10-22 14:04:38,424 [WARN] DbFile:41 - Overriding database path with different value: C:\Users\USER\.stmcufinder\plugins\mcufinder/ => C:\Users\USER\.stmcufinder\plugins\mcufinder
2024-10-22 14:04:38,424 [INFO] ApiDb:250 - Set database path to: C:\Users\USER\.stmcufinder\plugins\mcufinder//mcu/
2024-10-22 14:04:38,424 [WARN] DbFile:41 - Overriding database path with different value: C:\Users\USER\.stmcufinder\plugins\mcufinder/ => C:\Users\USER\.stmcufinder\plugins\mcufinder
2024-10-22 14:04:38,424 [INFO] DbMcusAds:125 - Set database path to: C:\Users\USER\.stmcufinder\plugins\mcufinder//mcu/
2024-10-22 14:04:38,424 [WARN] DbFile:41 - Overriding database path with different value: C:\Users\USER\.stmcufinder\plugins\mcufinder/ => C:\Users\USER\.stmcufinder\plugins\mcufinder
2024-10-22 14:04:38,424 [WARN] DbFile:41 - Overriding database path with different value: C:\Users\USER\.stmcufinder\plugins\mcufinder/ => C:\Users\USER\.stmcufinder\plugins\mcufinder
2024-10-22 14:04:38,425 [INFO] CrossReferenceDbSqlite:203 - Set database path to: C:\Users\USER\.stmcufinder\plugins\mcufinder//mcu/cs/
2024-10-22 14:04:38,444 [INFO] ApplicationProperties:184 - Using Application install path: C:\Users\USER\Downloads\STM32CubeIDE_1.15.1\STM32CubeIDE\plugins\com.st.stm32cube.common.mx_6.11.1.202404110753
2024-10-22 14:04:38,446 [INFO] PluginManage:196 - Search for loadable plugins [exclusion list=, ]
2024-10-22 14:04:38,447 [INFO] PluginManage:310 - Check plugin analytics
2024-10-22 14:04:38,648 [INFO] AnalyticsPlugin:253 - Accepted Software Licenses: 
2024-10-22 14:04:38,649 [INFO] AnalyticsPlugin:255 - Accepted CMSIS Pack Licenses: 
2024-10-22 14:04:38,649 [INFO] AnalyticsPlugin:257 - Accepted Firmware Licenses: 
2024-10-22 14:04:38,653 [INFO] PluginManage:359 - Loaded plugin analytics (category:tool,tabindex:-1)
2024-10-22 14:04:38,653 [INFO] PluginManage:310 - Check plugin cadmodel
2024-10-22 14:04:38,670 [INFO] CADModel:105 - Init CAD model plugin
2024-10-22 14:04:38,670 [INFO] PluginManage:359 - Loaded plugin cadmodel (category:power,tabindex:5)
2024-10-22 14:04:38,670 [INFO] PluginManage:310 - Check plugin clock
2024-10-22 14:04:38,689 [INFO] PluginManage:359 - Loaded plugin clock (category:base,tabindex:2)
2024-10-22 14:04:38,689 [INFO] PluginManage:310 - Check plugin ddr
2024-10-22 14:04:38,692 [INFO] PluginManage:359 - Loaded plugin ddr (category:tool,tabindex:6)
2024-10-22 14:04:38,692 [INFO] PluginManage:310 - Check plugin filemanager
2024-10-22 14:04:38,850 [INFO] PluginManage:359 - Loaded plugin filemanager (category:base,tabindex:10)
2024-10-22 14:04:38,850 [INFO] PluginManage:310 - Check plugin ipmanager
2024-10-22 14:04:38,860 [INFO] PluginManage:359 - Loaded plugin ipmanager (category:base,tabindex:5)
2024-10-22 14:04:38,861 [INFO] PluginManage:310 - Check plugin lpbam
2024-10-22 14:04:38,879 [INFO] PluginManage:359 - Loaded plugin lpbam (category:base,tabindex:0)
2024-10-22 14:04:38,879 [INFO] PluginManage:310 - Check plugin memorymap
2024-10-22 14:04:38,904 [INFO] PluginManage:359 - Loaded plugin memorymap (category:base,tabindex:4)
2024-10-22 14:04:38,904 [INFO] PluginManage:310 - Check plugin pinoutandconfiguration
2024-10-22 14:04:38,922 [INFO] PluginManage:359 - Loaded plugin pinoutandconfiguration (category:base,tabindex:1)
2024-10-22 14:04:38,922 [INFO] PluginManage:310 - Check plugin pinoutconfig
2024-10-22 14:04:39,028 [WARN] SupportedApi:132 - Cannot load RTOS API schema: s4s-elt-must-match.1: The content of 'definitions' must match (annotation?, (simpleType | complexType)?, (unique | key | keyref)*)). A problem was found starting at: attribute.
2024-10-22 14:04:39,183 [INFO] PluginManage:359 - Loaded plugin pinoutconfig (category:base,tabindex:0)
2024-10-22 14:04:39,183 [INFO] PluginManage:310 - Check plugin power
2024-10-22 14:04:39,206 [INFO] PluginManage:359 - Loaded plugin power (category:power,tabindex:4)
2024-10-22 14:04:39,207 [INFO] PluginManage:310 - Check plugin projectmanager
2024-10-22 14:04:39,226 [INFO] PluginManage:359 - Loaded plugin projectmanager (category:projectmanager,tabindex:3)
2024-10-22 14:04:39,226 [INFO] PluginManage:310 - Check plugin thirdparty
2024-10-22 14:04:39,884 [INFO] PluginManage:359 - Loaded plugin thirdparty (category:base,tabindex:-1)
2024-10-22 14:04:39,887 [INFO] PluginManage:310 - Check plugin tools
2024-10-22 14:04:39,888 [WARN] IntegrityCheckThread:84 - waiting for thirdparty lock release [integrity check]
2024-10-22 14:04:39,890 [INFO] IntegrityCheckThread:86 - entering critical section [integrity check]
2024-10-22 14:04:39,893 [INFO] ThirdPartyUpdaterWithRetryManager:70 - Updater plugin not ready yet. [1/15]
2024-10-22 14:04:39,981 [INFO] PluginManage:359 - Loaded plugin tools (category:base,tabindex:7)
2024-10-22 14:04:39,982 [INFO] PluginManage:310 - Check plugin tutovideos
2024-10-22 14:04:40,294 [INFO] PluginManage:359 - Loaded plugin tutovideos (category:base,tabindex:-1)
2024-10-22 14:04:40,294 [INFO] PluginManage:310 - Check plugin updater
2024-10-22 14:04:40,312 [INFO] PluginManage:359 - Loaded plugin updater (category:base,tabindex:12)
2024-10-22 14:04:40,312 [INFO] PluginManage:310 - Check plugin userauth
2024-10-22 14:04:40,320 [INFO] UserAuth:114 - Init User Auth plugin
2024-10-22 14:04:40,320 [INFO] PluginManage:359 - Loaded plugin userauth (category:base,tabindex:14)
2024-10-22 14:04:40,321 [INFO] PluginManage:283 - PluginManage : Loaded plugins [17]
2024-10-22 14:04:40,671 [INFO] PinOutPanel:1561 - setPackage(No Configuration,No Configuration)
2024-10-22 14:04:40,775 [INFO] CADModel:165 - CPN selected for project level
2024-10-22 14:04:40,775 [INFO] CADModel:114 - Register for checkConnection events
2024-10-22 14:04:40,807 [INFO] IPUIPlugin:80 - create IPUIPlugin
2024-10-22 14:04:40,807 [INFO] PluginManager:220 - loadIPPluginJar : add adc
2024-10-22 14:04:40,867 [INFO] IPUIPlugin:80 - create IPUIPlugin
2024-10-22 14:04:40,867 [INFO] PluginManager:220 - loadIPPluginJar : add aes
2024-10-22 14:04:40,932 [INFO] IPUIPlugin:80 - create IPUIPlugin
2024-10-22 14:04:40,933 [INFO] PluginManager:220 - loadIPPluginJar : add can
2024-10-22 14:04:40,973 [INFO] IPUIPlugin:80 - create IPUIPlugin
2024-10-22 14:04:40,974 [INFO] PluginManager:220 - loadIPPluginJar : add comp
2024-10-22 14:04:41,027 [INFO] IPUIPlugin:80 - create IPUIPlugin
2024-10-22 14:04:41,027 [INFO] PluginManager:220 - loadIPPluginJar : add cryp
2024-10-22 14:04:41,070 [INFO] IPUIPlugin:80 - create IPUIPlugin
2024-10-22 14:04:41,070 [INFO] PluginManager:220 - loadIPPluginJar : add dfsdm
2024-10-22 14:04:41,089 [INFO] IPUIPlugin:80 - create IPUIPlugin
2024-10-22 14:04:41,089 [INFO] PluginManager:220 - loadIPPluginJar : add dma
2024-10-22 14:04:41,164 [INFO] IPUIPlugin:80 - create IPUIPlugin
2024-10-22 14:04:41,164 [INFO] PluginManager:220 - loadIPPluginJar : add dma3
2024-10-22 14:04:41,226 [INFO] IPUIPlugin:80 - create IPUIPlugin
2024-10-22 14:04:41,226 [INFO] PluginManager:220 - loadIPPluginJar : add extmemmanager
2024-10-22 14:04:41,250 [INFO] IPUIPlugin:80 - create IPUIPlugin
2024-10-22 14:04:41,250 [INFO] PluginManager:220 - loadIPPluginJar : add fatfs
2024-10-22 14:04:41,309 [INFO] IPUIPlugin:80 - create IPUIPlugin
2024-10-22 14:04:41,309 [INFO] PluginManager:220 - loadIPPluginJar : add fmc
2024-10-22 14:04:41,327 [INFO] IPUIPlugin:80 - create IPUIPlugin
2024-10-22 14:04:41,328 [INFO] PluginManager:220 - loadIPPluginJar : add freertos
2024-10-22 14:04:41,353 [INFO] IPUIPlugin:80 - create IPUIPlugin
2024-10-22 14:04:41,353 [INFO] PluginManager:220 - loadIPPluginJar : add genericplugin
2024-10-22 14:04:41,528 [INFO] IPUIPlugin:80 - create IPUIPlugin
2024-10-22 14:04:41,528 [INFO] PluginManager:220 - loadIPPluginJar : add gfxmmu
2024-10-22 14:04:41,779 [INFO] IPUIPlugin:80 - create IPUIPlugin
2024-10-22 14:04:41,780 [INFO] PluginManager:220 - loadIPPluginJar : add gic
2024-10-22 14:04:41,819 [INFO] IPUIPlugin:80 - create IPUIPlugin
2024-10-22 14:04:41,819 [INFO] PluginManager:220 - loadIPPluginJar : add gpio
2024-10-22 14:04:41,971 [INFO] IPUIPlugin:80 - create IPUIPlugin
2024-10-22 14:04:41,971 [INFO] PluginManager:220 - loadIPPluginJar : add gtzc
2024-10-22 14:04:42,006 [INFO] IPUIPlugin:80 - create IPUIPlugin
2024-10-22 14:04:42,007 [INFO] PluginManager:220 - loadIPPluginJar : add hash
2024-10-22 14:04:42,140 [INFO] IPUIPlugin:80 - create IPUIPlugin
2024-10-22 14:04:42,141 [INFO] PluginManager:220 - loadIPPluginJar : add i2c
2024-10-22 14:04:42,379 [INFO] IPUIPlugin:80 - create IPUIPlugin
2024-10-22 14:04:42,379 [INFO] PluginManager:220 - loadIPPluginJar : add i2s
2024-10-22 14:04:42,507 [INFO] IPUIPlugin:80 - create IPUIPlugin
2024-10-22 14:04:42,507 [INFO] PluginManager:220 - loadIPPluginJar : add i3c
2024-10-22 14:04:42,904 [INFO] ThirdPartyUpdaterWithRetryManager:70 - Updater plugin not ready yet. [2/15]
2024-10-22 14:04:43,077 [INFO] IPUIPlugin:80 - create IPUIPlugin
2024-10-22 14:04:43,079 [INFO] PluginManager:220 - loadIPPluginJar : add ipddr
2024-10-22 14:04:43,347 [INFO] IPUIPlugin:80 - create IPUIPlugin
2024-10-22 14:04:43,347 [INFO] PluginManager:220 - loadIPPluginJar : add linkedlist
2024-10-22 14:04:43,403 [INFO] IPUIPlugin:80 - create IPUIPlugin
2024-10-22 14:04:43,403 [INFO] PluginManager:220 - loadIPPluginJar : add lorawan
2024-10-22 14:04:43,456 [INFO] IPUIPlugin:80 - create IPUIPlugin
2024-10-22 14:04:43,457 [INFO] PluginManager:220 - loadIPPluginJar : add ltdc
2024-10-22 14:04:43,475 [INFO] IPUIPlugin:80 - create IPUIPlugin
2024-10-22 14:04:43,476 [INFO] PluginManager:220 - loadIPPluginJar : add mdma
2024-10-22 14:04:43,499 [INFO] IPUIPlugin:80 - create IPUIPlugin
2024-10-22 14:04:43,499 [INFO] PluginManager:220 - loadIPPluginJar : add nvic
2024-10-22 14:04:43,569 [INFO] IPUIPlugin:80 - create IPUIPlugin
2024-10-22 14:04:43,569 [INFO] PluginManager:220 - loadIPPluginJar : add opamp
2024-10-22 14:04:43,662 [INFO] IPUIPlugin:80 - create IPUIPlugin
2024-10-22 14:04:43,662 [INFO] PluginManager:220 - loadIPPluginJar : add openamp
2024-10-22 14:04:43,729 [INFO] IPUIPlugin:80 - create IPUIPlugin
2024-10-22 14:04:43,729 [INFO] PluginManager:220 - loadIPPluginJar : add pdm2pcm
2024-10-22 14:04:43,755 [INFO] IPUIPlugin:80 - create IPUIPlugin
2024-10-22 14:04:43,761 [INFO] PluginManager:220 - loadIPPluginJar : add plateformsettings
2024-10-22 14:04:43,805 [INFO] IPUIPlugin:80 - create IPUIPlugin
2024-10-22 14:04:43,806 [INFO] PluginManager:220 - loadIPPluginJar : add quadspi
2024-10-22 14:04:43,827 [INFO] IPUIPlugin:80 - create IPUIPlugin
2024-10-22 14:04:43,827 [INFO] PluginManager:220 - loadIPPluginJar : add resmgrutility
2024-10-22 14:04:43,911 [INFO] IPUIPlugin:80 - create IPUIPlugin
2024-10-22 14:04:43,911 [INFO] PluginManager:220 - loadIPPluginJar : add sai
2024-10-22 14:04:43,965 [INFO] IPUIPlugin:80 - create IPUIPlugin
2024-10-22 14:04:43,965 [INFO] PluginManager:220 - loadIPPluginJar : add spi
2024-10-22 14:04:44,051 [INFO] IPUIPlugin:80 - create IPUIPlugin
2024-10-22 14:04:44,052 [INFO] PluginManager:220 - loadIPPluginJar : add stm32_wpan
2024-10-22 14:04:44,079 [INFO] IPUIPlugin:80 - create IPUIPlugin
2024-10-22 14:04:44,079 [INFO] PluginManager:220 - loadIPPluginJar : add tim
2024-10-22 14:04:44,200 [INFO] IPUIPlugin:80 - create IPUIPlugin
2024-10-22 14:04:44,200 [INFO] PluginManager:220 - loadIPPluginJar : add touchsensing
2024-10-22 14:04:44,255 [INFO] IPUIPlugin:80 - create IPUIPlugin
2024-10-22 14:04:44,255 [INFO] PluginManager:220 - loadIPPluginJar : add tracer_emb
2024-10-22 14:04:44,290 [INFO] IPUIPlugin:80 - create IPUIPlugin
2024-10-22 14:04:44,290 [INFO] PluginManager:220 - loadIPPluginJar : add ts
2024-10-22 14:04:44,318 [INFO] IPUIPlugin:80 - create IPUIPlugin
2024-10-22 14:04:44,318 [INFO] PluginManager:220 - loadIPPluginJar : add tsc
2024-10-22 14:04:44,353 [INFO] IPUIPlugin:80 - create IPUIPlugin
2024-10-22 14:04:44,353 [INFO] PluginManager:220 - loadIPPluginJar : add ucpd
2024-10-22 14:04:44,423 [INFO] IPUIPlugin:80 - create IPUIPlugin
2024-10-22 14:04:44,424 [INFO] PluginManager:220 - loadIPPluginJar : add usart
2024-10-22 14:04:44,494 [INFO] IPUIPlugin:80 - create IPUIPlugin
2024-10-22 14:04:44,494 [INFO] PluginManager:220 - loadIPPluginJar : add usbx
2024-10-22 14:04:44,668 [INFO] CADModel:165 - CPN selected for project level
2024-10-22 14:04:44,669 [INFO] CADModel:114 - Register for checkConnection events
2024-10-22 14:04:44,669 [FATAL] Updater:308 - Updater called before beeing initialized
2024-10-22 14:04:44,669 [ERROR] CADModel:125 - Updater not yet initialized, retry later 
2024-10-22 14:04:44,866 [INFO] CADModel:165 - CPN selected for project level
2024-10-22 14:04:44,866 [INFO] CADModel:114 - Register for checkConnection events
2024-10-22 14:04:44,866 [FATAL] Updater:308 - Updater called before beeing initialized
2024-10-22 14:04:44,866 [ERROR] CADModel:125 - Updater not yet initialized, retry later 
2024-10-22 14:04:44,869 [FATAL] Updater:308 - Updater called before beeing initialized
2024-10-22 14:04:45,072 [FATAL] Updater:308 - Updater called before beeing initialized
2024-10-22 14:04:45,097 [INFO] DbMcusAds:53 - JSON generation date=Fri Sep 20 06:04:38 PDT 2024 (1726837478367)
2024-10-22 14:04:45,097 [FATAL] Updater:308 - Updater called before beeing initialized
2024-10-22 14:04:45,212 [WARN] DetailPanel:346 - Failed to get advertising image, set to default
2024-10-22 14:04:45,316 [FATAL] Updater:308 - Updater called before beeing initialized
2024-10-22 14:04:45,318 [FATAL] Updater:308 - Updater called before beeing initialized
2024-10-22 14:04:45,318 [FATAL] Updater:308 - Updater called before beeing initialized
2024-10-22 14:04:45,318 [WARN] DetailPanel:346 - Failed to get advertising image, set to default
2024-10-22 14:04:45,319 [FATAL] Updater:308 - Updater called before beeing initialized
2024-10-22 14:04:45,414 [ERROR] Updater:1120 - MainUpdater not yet initialized. External WinMGr cannot be set.
2024-10-22 14:04:45,429 [INFO] Updater:1056 - Updater Version found : 6.11.1
2024-10-22 14:04:45,459 [INFO] ApplicationProperties:184 - Using Application install path: C:\Users\USER\Downloads\STM32CubeIDE_1.15.1\STM32CubeIDE\plugins\com.st.stm32cube.common.mx_6.11.1.202404110753
2024-10-22 14:04:45,912 [INFO] ThirdPartyUpdaterWithRetryManager:70 - Updater plugin not ready yet. [3/15]
2024-10-22 14:04:47,078 [ERROR] LogOutputStream:75 - [STDERR_REDIRECT] Oct 22, 2024 2:04:47 PM java.util.prefs.WindowsPreferences <init>
2024-10-22 14:04:47,080 [ERROR] LogOutputStream:75 - [STDERR_REDIRECT] WARNING: Could not open/create prefs root node Software\JavaSoft\Prefs at root 0xffffffff80000002. Windows RegCreateKeyEx(...) returned error code 5.
2024-10-22 14:04:47,080 [ERROR] LogOutputStream:75 - [STDERR_REDIRECT] 
2024-10-22 14:04:47,831 [INFO] MainUpdater:2873 - connection check result : 10
2024-10-22 14:04:47,833 [INFO] MainUpdater:290 - Updater Check For Update Now.
2024-10-22 14:04:47,833 [INFO] MicroXplorer:498 - Change Database Version : DB.6.0.111
2024-10-22 14:04:47,865 [INFO] McuFinderGlobals:63 - Set McuFinder mode to 2 (CubeIDE integrated)
2024-10-22 14:04:47,891 [INFO] UserAuth:415 - Internet connection configuration mode: 1
2024-10-22 14:04:47,952 [INFO] JxBrowserEngine:152 - Initiate JxBrowser Engine with user profile folder
2024-10-22 14:04:48,346 [INFO] CheckServerUpdateThread:120 - End of CheckServer Thread
2024-10-22 14:04:49,349 [WARN] PackLoader:240 - Cannot read IP mode file for STMicroelectronics.FP-SNS-MOTENVWB1.1.4.0
2024-10-22 14:04:49,388 [WARN] PackLoader:240 - Cannot read IP mode file for STMicroelectronics.X-CUBE-SMBUS.2.1.0
2024-10-22 14:04:49,419 [WARN] PackLoader:240 - Cannot read IP mode file for STMicroelectronics.X-CUBE-WB05N.1.1.0
2024-10-22 14:04:49,440 [WARN] PackLoader:240 - Cannot read IP mode file for STMicroelectronics.X-CUBE-TOUCHGFX.4.23.2
2024-10-22 14:04:49,515 [WARN] PackLoader:240 - Cannot read IP mode file for STMicroelectronics.X-CUBE-AZRTOS-F7.1.1.0
2024-10-22 14:04:49,714 [WARN] PackLoader:240 - Cannot read IP mode file for STMicroelectronics.X-CUBE-MEMS1.11.0.0
2024-10-22 14:04:50,033 [WARN] PackLoader:240 - Cannot read IP mode file for STMicroelectronics.FP-SNS-FLIGHT1.5.0.2
2024-10-22 14:04:50,058 [WARN] PackLoader:240 - Cannot read IP mode file for STMicroelectronics.X-CUBE-DISPLAY.3.0.0
2024-10-22 14:04:50,085 [WARN] PackLoader:240 - Cannot read IP mode file for STMicroelectronics.X-CUBE-BLE1.7.0.0
2024-10-22 14:04:50,109 [WARN] PackLoader:240 - Cannot read IP mode file for STMicroelectronics.X-CUBE-NFC10.1.0.0
2024-10-22 14:04:50,131 [WARN] PackLoader:240 - Cannot read IP mode file for emotas.I-CUBE-CANOPEN.1.3.0
2024-10-22 14:04:50,152 [WARN] PackLoader:240 - Cannot read IP mode file for STMicroelectronics.X-CUBE-BLEMGR.3.1.0
2024-10-22 14:04:50,171 [WARN] PackLoader:240 - Cannot read IP mode file for STMicroelectronics.FP-SNS-SMARTAG2.1.2.0
2024-10-22 14:04:50,198 [INFO] LogOutputStream:77 - [STDOUT_REDIRECT] 1 : Invalid condition id : UX_CORESTACK_Condition cause : null
2024-10-22 14:04:50,199 [INFO] LogOutputStream:77 - [STDOUT_REDIRECT] 1 : Invalid condition id : UX_CORESTACK_Condition cause : null
2024-10-22 14:04:50,200 [INFO] LogOutputStream:77 - [STDOUT_REDIRECT] 1 : Invalid condition id : UX_CORESTACK_Condition cause : null
2024-10-22 14:04:50,202 [INFO] LogOutputStream:77 - [STDOUT_REDIRECT] 1 : Invalid condition id : UX_CORESTACK_Condition cause : null
2024-10-22 14:04:50,203 [INFO] LogOutputStream:77 - [STDOUT_REDIRECT] 1 : Invalid condition id : UX_CORESTACK_Condition cause : null
2024-10-22 14:04:50,208 [WARN] PackLoader:240 - Cannot read IP mode file for STMicroelectronics.X-CUBE-AZRTOS-WL.2.0.0
2024-10-22 14:04:50,228 [WARN] PackLoader:240 - Cannot read IP mode file for STMicroelectronics.FP-SNS-MOTENV1.5.0.0
2024-10-22 14:04:50,245 [WARN] PackLoader:240 - Cannot read IP mode file for wolfSSL.I-CUBE-wolfMQTT.1.19.0
2024-10-22 14:04:50,266 [WARN] PackLoader:240 - Cannot read IP mode file for WES.I-CUBE-Cesium.1.3.0
2024-10-22 14:04:50,286 [WARN] PackLoader:240 - Cannot read IP mode file for STMicroelectronics.X-CUBE-BLE2.3.3.0
2024-10-22 14:04:50,307 [WARN] PackLoader:240 - Cannot read IP mode file for STMicroelectronics.X-CUBE-NFC9.1.0.0
2024-10-22 14:04:50,328 [WARN] PackLoader:240 - Cannot read IP mode file for STMicroelectronics.X-CUBE-TCPP.4.1.0
2024-10-22 14:04:50,402 [WARN] PackLoader:240 - Cannot read IP mode file for STMicroelectronics.X-CUBE-AZRTOS-G0.1.1.0
2024-10-22 14:04:50,465 [WARN] PackLoader:240 - Cannot read IP mode file for STMicroelectronics.X-CUBE-SAFEA1.1.2.2
2024-10-22 14:04:50,507 [WARN] PackLoader:240 - Cannot read IP mode file for STMicroelectronics.X-CUBE-NFC4.3.0.0
2024-10-22 14:04:50,614 [WARN] PackLoader:240 - Cannot read IP mode file for EmbeddedOffice.I-CUBE-FS-RTOS.1.0.1
2024-10-22 14:04:50,616 [ERROR] ConditionMgr:805 - Attr not supported : Dmpu
2024-10-22 14:04:50,616 [ERROR] ConditionMgr:805 - Attr not supported : Dmpu
2024-10-22 14:04:50,616 [ERROR] ConditionMgr:805 - Attr not supported : Dmpu
2024-10-22 14:04:50,616 [ERROR] ConditionMgr:805 - Attr not supported : Dmpu
2024-10-22 14:04:50,616 [ERROR] ConditionMgr:805 - Attr not supported : Dmpu
2024-10-22 14:04:50,617 [ERROR] ConditionMgr:805 - Attr not supported : Dmpu
2024-10-22 14:04:50,617 [ERROR] ConditionMgr:805 - Attr not supported : Dmpu
2024-10-22 14:04:50,617 [ERROR] ConditionMgr:805 - Attr not supported : Dmpu
2024-10-22 14:04:50,617 [ERROR] ConditionMgr:805 - Attr not supported : Dmpu
2024-10-22 14:04:50,617 [ERROR] ConditionMgr:805 - Attr not supported : Dmpu
2024-10-22 14:04:50,617 [ERROR] ConditionMgr:805 - Attr not supported : Dmpu
2024-10-22 14:04:50,617 [ERROR] ConditionMgr:805 - Attr not supported : Dmpu
2024-10-22 14:04:50,617 [ERROR] ConditionMgr:805 - Attr not supported : Dmpu
2024-10-22 14:04:50,617 [ERROR] ConditionMgr:805 - Attr not supported : Dmpu
2024-10-22 14:04:50,617 [ERROR] ConditionMgr:805 - Attr not supported : Dmpu
2024-10-22 14:04:50,618 [ERROR] ConditionMgr:805 - Attr not supported : Dmpu
2024-10-22 14:04:50,618 [ERROR] ConditionMgr:805 - Attr not supported : Dmpu
2024-10-22 14:04:50,618 [ERROR] ConditionMgr:805 - Attr not supported : Dmpu
2024-10-22 14:04:50,618 [ERROR] ConditionMgr:805 - Attr not supported : Dmpu
2024-10-22 14:04:50,618 [ERROR] ConditionMgr:805 - Attr not supported : Dmpu
2024-10-22 14:04:50,618 [ERROR] ConditionMgr:805 - Attr not supported : Dmpu
2024-10-22 14:04:50,618 [ERROR] ConditionMgr:805 - Attr not supported : Dmpu
2024-10-22 14:04:50,618 [ERROR] ConditionMgr:805 - Attr not supported : Dmpu
2024-10-22 14:04:50,618 [ERROR] ConditionMgr:805 - Attr not supported : Dmpu
2024-10-22 14:04:50,618 [ERROR] ConditionMgr:805 - Attr not supported : Dmpu
2024-10-22 14:04:50,618 [ERROR] ConditionMgr:805 - Attr not supported : Dmpu
2024-10-22 14:04:50,619 [ERROR] ConditionMgr:805 - Attr not supported : Dmpu
2024-10-22 14:04:50,619 [ERROR] ConditionMgr:805 - Attr not supported : Dmpu
2024-10-22 14:04:50,619 [ERROR] ConditionMgr:805 - Attr not supported : Dmpu
2024-10-22 14:04:50,619 [ERROR] ConditionMgr:805 - Attr not supported : Dmpu
2024-10-22 14:04:50,619 [ERROR] ConditionMgr:805 - Attr not supported : Dmpu
2024-10-22 14:04:50,619 [ERROR] ConditionMgr:805 - Attr not supported : Dmpu
2024-10-22 14:04:50,619 [ERROR] ConditionMgr:805 - Attr not supported : Dmpu
2024-10-22 14:04:50,619 [ERROR] ConditionMgr:805 - Attr not supported : Dmpu
2024-10-22 14:04:50,619 [ERROR] ConditionMgr:805 - Attr not supported : Dmpu
2024-10-22 14:04:50,619 [ERROR] ConditionMgr:805 - Attr not supported : Dmpu
2024-10-22 14:04:50,619 [ERROR] ConditionMgr:805 - Attr not supported : Dmpu
2024-10-22 14:04:50,620 [ERROR] ConditionMgr:805 - Attr not supported : Dmpu
2024-10-22 14:04:50,620 [ERROR] ConditionMgr:805 - Attr not supported : Dmpu
2024-10-22 14:04:50,620 [ERROR] ConditionMgr:805 - Attr not supported : Dmpu
2024-10-22 14:04:50,620 [ERROR] ConditionMgr:805 - Attr not supported : Dmpu
2024-10-22 14:04:50,620 [ERROR] ConditionMgr:805 - Attr not supported : Dmpu
2024-10-22 14:04:50,620 [ERROR] ConditionMgr:805 - Attr not supported : Dmpu
2024-10-22 14:04:50,621 [ERROR] ConditionMgr:805 - Attr not supported : Dmpu
2024-10-22 14:04:50,621 [ERROR] ConditionMgr:805 - Attr not supported : Dmpu
2024-10-22 14:04:50,621 [ERROR] ConditionMgr:805 - Attr not supported : Dmpu
2024-10-22 14:04:50,622 [ERROR] ConditionMgr:805 - Attr not supported : Dmpu
2024-10-22 14:04:50,622 [ERROR] ConditionMgr:805 - Attr not supported : Dmpu
2024-10-22 14:04:50,623 [ERROR] ConditionMgr:805 - Attr not supported : Dmpu
2024-10-22 14:04:50,623 [ERROR] ConditionMgr:805 - Attr not supported : Dmpu
2024-10-22 14:04:50,623 [ERROR] ConditionMgr:805 - Attr not supported : Dmpu
2024-10-22 14:04:50,623 [ERROR] ConditionMgr:805 - Attr not supported : Dmpu
2024-10-22 14:04:50,623 [ERROR] ConditionMgr:805 - Attr not supported : Dmpu
2024-10-22 14:04:50,623 [ERROR] ConditionMgr:805 - Attr not supported : Dmpu
2024-10-22 14:04:50,623 [ERROR] ConditionMgr:805 - Attr not supported : Dmpu
2024-10-22 14:04:50,623 [ERROR] ConditionMgr:805 - Attr not supported : Dmpu
2024-10-22 14:04:50,623 [ERROR] ConditionMgr:805 - Attr not supported : Dmpu
2024-10-22 14:04:50,624 [ERROR] ConditionMgr:805 - Attr not supported : Dmpu
2024-10-22 14:04:50,624 [ERROR] ConditionMgr:805 - Attr not supported : Dmpu
2024-10-22 14:04:50,624 [ERROR] ConditionMgr:805 - Attr not supported : Dmpu
2024-10-22 14:04:50,624 [ERROR] ConditionMgr:805 - Attr not supported : Dmpu
2024-10-22 14:04:50,624 [ERROR] ConditionMgr:805 - Attr not supported : Dmpu
2024-10-22 14:04:50,624 [ERROR] ConditionMgr:805 - Attr not supported : Dmpu
2024-10-22 14:04:50,624 [ERROR] ConditionMgr:805 - Attr not supported : Dmpu
2024-10-22 14:04:50,658 [WARN] PackLoader:240 - Cannot read IP mode file for RealThread.X-CUBE-RT-Thread_Nano.4.1.1
2024-10-22 14:04:50,680 [WARN] PackLoader:240 - Cannot read IP mode file for wolfSSL.I-CUBE-wolfSSL.5.7.0
2024-10-22 14:04:50,703 [WARN] PackLoader:240 - Cannot read IP mode file for STMicroelectronics.FP-ATR-SIGFOX1.3.2.0
2024-10-22 14:04:50,737 [WARN] PackLoader:240 - Cannot read IP mode file for STMicroelectronics.X-CUBE-EEPRMA1.5.1.0
2024-10-22 14:04:50,770 [WARN] PackLoader:240 - Cannot read IP mode file for ITTIA_DB.I-CUBE-ITTIADB.8.9.0
2024-10-22 14:04:50,826 [WARN] PackLoader:240 - Cannot read IP mode file for SEGGER.I-CUBE-embOS.1.3.1
2024-10-22 14:04:50,898 [WARN] PackLoader:240 - Cannot read IP mode file for STMicroelectronics.X-CUBE-ALGOBUILD.1.4.0
2024-10-22 14:04:50,920 [WARN] PackLoader:240 - Cannot read IP mode file for STMicroelectronics.X-CUBE-AI.9.1.0
2024-10-22 14:04:50,943 [WARN] PackLoader:240 - Cannot read IP mode file for STMicroelectronics.X-CUBE-GNSS1.6.0.0
2024-10-22 14:04:50,988 [WARN] PackLoader:240 - Cannot read IP mode file for STMicroelectronics.X-CUBE-AZRTOS-F4.1.1.0
2024-10-22 14:04:51,016 [WARN] PackLoader:240 - Cannot read IP mode file for STMicroelectronics.X-CUBE-ISPU.2.1.0
2024-10-22 14:04:51,044 [WARN] PackLoader:240 - Cannot read IP mode file for STMicroelectronics.X-CUBE-FREERTOS.1.2.0
2024-10-22 14:04:51,094 [WARN] PackLoader:240 - Cannot read IP mode file for STMicroelectronics.X-CUBE-AZRTOS-L5.2.0.0
2024-10-22 14:04:51,121 [WARN] PackLoader:240 - Cannot read IP mode file for STMicroelectronics.X-CUBE-NFC6.3.1.0
2024-10-22 14:04:51,140 [WARN] PackLoader:240 - Cannot read IP mode file for STMicroelectronics.X-CUBE-DPower.1.2.0
2024-10-22 14:04:51,157 [WARN] PackLoader:240 - Cannot read IP mode file for STMicroelectronics.X-CUBE-AI.9.0.0
2024-10-22 14:04:51,180 [WARN] PackLoader:240 - Cannot read IP mode file for STMicroelectronics.X-CUBE-NFC7.1.0.1
2024-10-22 14:04:51,223 [WARN] ConditionMgr:438 - getConditionDescription Invalid condition id : LAN8742 Phy interface Condition cause : null
2024-10-22 14:04:51,224 [WARN] PackLoader:240 - Cannot read IP mode file for STMicroelectronics.X-CUBE-AZRTOS-L4.2.0.0
2024-10-22 14:04:51,227 [WARN] ConditionMgr:1039 - genDependencies : Invalid condition id : LAN8742 Phy interface Condition cause : null
2024-10-22 14:04:51,227 [WARN] ConditionMgr:1039 - genDependencies : Invalid condition id : LAN8742 Phy interface Condition cause : null
2024-10-22 14:04:51,228 [WARN] ConditionMgr:1039 - genDependencies : Invalid condition id : LAN8742 Phy interface Condition cause : null
2024-10-22 14:04:51,254 [WARN] PackLoader:240 - Cannot read IP mode file for STMicroelectronics.X-CUBE-SFXS2LP1.4.0.0
2024-10-22 14:04:51,304 [WARN] PackLoader:240 - Cannot read IP mode file for STMicroelectronics.X-CUBE-AZRTOS-H7.3.3.0
2024-10-22 14:04:51,339 [WARN] PackLoader:240 - Cannot read IP mode file for STMicroelectronics.X-CUBE-IPS.3.0.0
2024-10-22 14:04:51,379 [WARN] ConditionMgr:438 - getConditionDescription Invalid condition id : UX DEVICE CLASS RTOS Condition cause : null
2024-10-22 14:04:51,380 [WARN] ConditionMgr:438 - getConditionDescription Invalid condition id : UX DEVICE CLASS RTOS Condition cause : null
2024-10-22 14:04:51,383 [WARN] PackLoader:240 - Cannot read IP mode file for STMicroelectronics.X-CUBE-AZRTOS-WB.2.0.0
2024-10-22 14:04:51,383 [WARN] ConditionMgr:1039 - genDependencies : Invalid condition id : UX DEVICE CLASS RTOS Condition cause : null
2024-10-22 14:04:51,383 [WARN] ConditionMgr:1039 - genDependencies : Invalid condition id : UX DEVICE CLASS RTOS Condition cause : null
2024-10-22 14:04:51,384 [WARN] ConditionMgr:1039 - genDependencies : Invalid condition id : UX DEVICE CLASS RTOS Condition cause : null
2024-10-22 14:04:51,384 [WARN] ConditionMgr:1039 - genDependencies : Invalid condition id : UX DEVICE CLASS RTOS Condition cause : null
2024-10-22 14:04:51,385 [WARN] ConditionMgr:1039 - genDependencies : Invalid condition id : UX DEVICE CLASS RTOS Condition cause : null
2024-10-22 14:04:51,406 [WARN] PackLoader:240 - Cannot read IP mode file for STMicroelectronics.X-CUBE-GNSS1.7.0.0
2024-10-22 14:04:51,426 [WARN] PackLoader:240 - Cannot read IP mode file for STMicroelectronics.FP-SNS-STBOX1.2.0.0
2024-10-22 14:04:51,449 [WARN] PackLoader:240 - Cannot read IP mode file for STMicroelectronics.X-CUBE-SUBG2.5.0.0
2024-10-22 14:04:51,471 [WARN] PackLoader:240 - Cannot read IP mode file for Cesanta.I-CUBE-Mongoose.7.13.0
2024-10-22 14:04:51,508 [WARN] PackLoader:240 - Cannot read IP mode file for STMicroelectronics.X-CUBE-AZRTOS-G4.2.0.0
2024-10-22 14:04:51,535 [WARN] PackLoader:240 - Cannot read IP mode file for STMicroelectronics.X-CUBE-ISPU.2.0.0
2024-10-22 14:04:51,559 [WARN] PackLoader:240 - Cannot read IP mode file for STMicroelectronics.X-CUBE-ALS.1.0.2
2024-10-22 14:04:51,667 [WARN] PackLoader:240 - Cannot read IP mode file for STMicroelectronics.X-CUBE-MEMS1.10.0.0
2024-10-22 14:04:51,964 [WARN] PackLoader:240 - Cannot read IP mode file for STMicroelectronics.X-CUBE-TOUCHGFX.4.24.1
2024-10-22 14:04:51,988 [WARN] PackLoader:240 - Cannot read IP mode file for wolfSSL.I-CUBE-wolfTPM.3.4.0
2024-10-22 14:04:52,013 [WARN] PackLoader:240 - Cannot read IP mode file for portGmbH.I-Cube-SoM-uGOAL.1.1.0
2024-10-22 14:04:52,056 [WARN] PackLoader:240 - Cannot read IP mode file for STMicroelectronics.X-CUBE-AZRTOS-H7RS.1.0.0
2024-10-22 14:04:52,083 [WARN] PackLoader:240 - Cannot read IP mode file for STMicroelectronics.FP-ATR-ASTRA1.2.0.0
2024-10-22 14:04:52,113 [WARN] PackLoader:240 - Cannot read IP mode file for STMicroelectronics.X-CUBE-TOF1.3.4.2
2024-10-22 14:04:52,158 [WARN] PackLoader:240 - Cannot read IP mode file for STMicroelectronics.X-CUBE-TOF1.3.4.1
2024-10-22 14:04:52,217 [WARN] PackLoader:240 - Cannot read IP mode file for STMicroelectronics.X-CUBE-AZRTOS-H7.3.2.0
2024-10-22 14:04:52,300 [WARN] PackLoader:240 - Cannot read IP mode file for Infineon.AIROC-Wi-Fi-Bluetooth-STM32.1.6.0
2024-10-22 14:04:52,455 [WARN] PackLoader:240 - Cannot read IP mode file for wolfSSL.I-CUBE-wolfSSH.1.4.17
2024-10-22 14:04:52,456 [INFO] ThirdParty:978 - Integrity check success = true
2024-10-22 14:04:52,456 [INFO] IntegrityCheckThread:100 - exiting critical section [integrity check]
2024-10-22 14:04:52,456 [INFO] IntegrityCheckThread:103 - End integrity checks thread
2024-10-22 14:05:00,998 [INFO] WebApp:161 - Instantiating new browser for Auth
2024-10-22 14:05:02,181 [INFO] WebApp:779 - Register for checkConnection events
2024-10-22 14:05:02,181 [INFO] WebApp:414 - Apply proxy settings
2024-10-22 14:05:02,182 [INFO] WebApp:499 - Chromium requires no authentication
2024-10-22 14:05:02,194 [INFO] WebApp:442 - Direct internet connection detected
2024-10-22 14:05:02,500 [INFO] WebApp:192 - Starting web application
2024-10-22 14:05:02,501 [INFO] WebApp:544 - Web application path used C:\Users\USER\Downloads\STM32CubeIDE_1.15.1\STM32CubeIDE\plugins\com.st.stm32cube.common.mx_6.11.1.202404110753\db\plugins\mcufinder\reactClient1\index.html
