2024-10-07 11:13:33,706 [INFO] Activator:176 - 


2024-10-07 11:13:33,713 [INFO] Activator:177 - !SESSION log4j initialized
2024-10-07 11:13:41,069 [INFO] LogOutputStream:77 - [STDOUT_REDIRECT] 
2024-10-07 11:13:43,207 [INFO] ApplicationProperties:184 - Using Application install path: C:\Users\USER\Downloads\STM32CubeIDE_1.15.1\STM32CubeIDE\plugins\com.st.stm32cube.common.mx_6.11.1.202404110753
2024-10-07 11:13:43,229 [INFO] DbMcusXml:78 - Set database path to: C:\Users\USER\Downloads\STM32CubeIDE_1.15.1\STM32CubeIDE\plugins\com.st.stm32cube.common.mx_6.11.1.202404110753\\db\/mcu/
2024-10-07 11:13:43,229 [INFO] ApiDb:274 - Set plugin database path to: C:\Users\USER\Downloads\STM32CubeIDE_1.15.1\STM32CubeIDE\plugins\com.st.stm32cube.common.mx_6.11.1.202404110753\\db\/plugins/boardmanager/
2024-10-07 11:13:43,230 [WARN] ApiDb:259 - Overriding images path with different value:  => C:\Users\USER\Downloads\STM32CubeIDE_1.15.1\STM32CubeIDE\plugins\com.st.stm32cube.common.mx_6.11.1.202404110753\\db\/plugins/mcufinder/images/
2024-10-07 11:13:43,243 [INFO] ApiDb:250 - Set database path to: C:\Users\USER\.stmcufinder\plugins\mcufinder//mcu/
2024-10-07 11:13:43,244 [INFO] DbMcusAds:125 - Set database path to: C:\Users\USER\.stmcufinder\plugins\mcufinder//mcu/
2024-10-07 11:13:43,246 [INFO] CrossReferenceDbSqlite:203 - Set database path to: C:\Users\USER\.stmcufinder\plugins\mcufinder//mcu/cs/
2024-10-07 11:13:43,429 [INFO] RulesReader:64 - Compatibility file has been processed (297 Rules)
2024-10-07 11:13:43,541 [INFO] DbMcusXml:78 - Set database path to: C:\Users\USER\Downloads\STM32CubeIDE_1.15.1\STM32CubeIDE\plugins\com.st.stm32cube.common.mx_6.11.1.202404110753\\db\/mcu/
2024-10-07 11:13:43,542 [INFO] ApiDb:274 - Set plugin database path to: C:\Users\USER\Downloads\STM32CubeIDE_1.15.1\STM32CubeIDE\plugins\com.st.stm32cube.common.mx_6.11.1.202404110753\\db\/plugins/boardmanager/
2024-10-07 11:13:43,542 [INFO] ApiDb:261 - Set plugin images path to: C:\Users\USER\Downloads\STM32CubeIDE_1.15.1\STM32CubeIDE\plugins\com.st.stm32cube.common.mx_6.11.1.202404110753\\db\/plugins/mcufinder/images/
2024-10-07 11:13:43,542 [WARN] DbFile:41 - Overriding database path with different value: C:\Users\USER\.stmcufinder\plugins\mcufinder/ => C:\Users\USER\.stmcufinder\plugins\mcufinder
2024-10-07 11:13:43,542 [INFO] ApiDb:250 - Set database path to: C:\Users\USER\.stmcufinder\plugins\mcufinder//mcu/
2024-10-07 11:13:43,542 [WARN] DbFile:41 - Overriding database path with different value: C:\Users\USER\.stmcufinder\plugins\mcufinder/ => C:\Users\USER\.stmcufinder\plugins\mcufinder
2024-10-07 11:13:43,542 [INFO] DbMcusAds:125 - Set database path to: C:\Users\USER\.stmcufinder\plugins\mcufinder//mcu/
2024-10-07 11:13:43,542 [WARN] DbFile:41 - Overriding database path with different value: C:\Users\USER\.stmcufinder\plugins\mcufinder/ => C:\Users\USER\.stmcufinder\plugins\mcufinder
2024-10-07 11:13:43,542 [WARN] DbFile:41 - Overriding database path with different value: C:\Users\USER\.stmcufinder\plugins\mcufinder/ => C:\Users\USER\.stmcufinder\plugins\mcufinder
2024-10-07 11:13:43,543 [INFO] CrossReferenceDbSqlite:203 - Set database path to: C:\Users\USER\.stmcufinder\plugins\mcufinder//mcu/cs/
2024-10-07 11:13:43,637 [INFO] MainPanel:264 - HeapMemory: 268435456
2024-10-07 11:13:43,735 [INFO] DbMcusXml:78 - Set database path to: C:\Users\USER\Downloads\STM32CubeIDE_1.15.1\STM32CubeIDE\plugins\com.st.stm32cube.common.mx_6.11.1.202404110753\\db\/mcu/
2024-10-07 11:13:43,735 [INFO] ApiDb:274 - Set plugin database path to: C:\Users\USER\Downloads\STM32CubeIDE_1.15.1\STM32CubeIDE\plugins\com.st.stm32cube.common.mx_6.11.1.202404110753\\db\/plugins/boardmanager/
2024-10-07 11:13:43,735 [INFO] ApiDb:261 - Set plugin images path to: C:\Users\USER\Downloads\STM32CubeIDE_1.15.1\STM32CubeIDE\plugins\com.st.stm32cube.common.mx_6.11.1.202404110753\\db\/plugins/mcufinder/images/
2024-10-07 11:13:43,735 [WARN] DbFile:41 - Overriding database path with different value: C:\Users\USER\.stmcufinder\plugins\mcufinder/ => C:\Users\USER\.stmcufinder\plugins\mcufinder
2024-10-07 11:13:43,736 [INFO] ApiDb:250 - Set database path to: C:\Users\USER\.stmcufinder\plugins\mcufinder//mcu/
2024-10-07 11:13:43,736 [WARN] DbFile:41 - Overriding database path with different value: C:\Users\USER\.stmcufinder\plugins\mcufinder/ => C:\Users\USER\.stmcufinder\plugins\mcufinder
2024-10-07 11:13:43,736 [INFO] DbMcusAds:125 - Set database path to: C:\Users\USER\.stmcufinder\plugins\mcufinder//mcu/
2024-10-07 11:13:43,736 [WARN] DbFile:41 - Overriding database path with different value: C:\Users\USER\.stmcufinder\plugins\mcufinder/ => C:\Users\USER\.stmcufinder\plugins\mcufinder
2024-10-07 11:13:43,736 [WARN] DbFile:41 - Overriding database path with different value: C:\Users\USER\.stmcufinder\plugins\mcufinder/ => C:\Users\USER\.stmcufinder\plugins\mcufinder
2024-10-07 11:13:43,736 [INFO] CrossReferenceDbSqlite:203 - Set database path to: C:\Users\USER\.stmcufinder\plugins\mcufinder//mcu/cs/
2024-10-07 11:13:43,760 [INFO] ApplicationProperties:184 - Using Application install path: C:\Users\USER\Downloads\STM32CubeIDE_1.15.1\STM32CubeIDE\plugins\com.st.stm32cube.common.mx_6.11.1.202404110753
2024-10-07 11:13:43,762 [INFO] PluginManage:196 - Search for loadable plugins [exclusion list=, ]
2024-10-07 11:13:43,763 [INFO] PluginManage:310 - Check plugin analytics
2024-10-07 11:13:43,969 [INFO] AnalyticsPlugin:253 - Accepted Software Licenses: 
2024-10-07 11:13:43,969 [INFO] AnalyticsPlugin:255 - Accepted CMSIS Pack Licenses: 
2024-10-07 11:13:43,969 [INFO] AnalyticsPlugin:257 - Accepted Firmware Licenses: 
2024-10-07 11:13:43,973 [INFO] PluginManage:359 - Loaded plugin analytics (category:tool,tabindex:-1)
2024-10-07 11:13:43,973 [INFO] PluginManage:310 - Check plugin cadmodel
2024-10-07 11:13:43,990 [INFO] CADModel:105 - Init CAD model plugin
2024-10-07 11:13:43,991 [INFO] PluginManage:359 - Loaded plugin cadmodel (category:power,tabindex:5)
2024-10-07 11:13:43,991 [INFO] PluginManage:310 - Check plugin clock
2024-10-07 11:13:44,012 [INFO] PluginManage:359 - Loaded plugin clock (category:base,tabindex:2)
2024-10-07 11:13:44,013 [INFO] PluginManage:310 - Check plugin ddr
2024-10-07 11:13:44,015 [INFO] PluginManage:359 - Loaded plugin ddr (category:tool,tabindex:6)
2024-10-07 11:13:44,015 [INFO] PluginManage:310 - Check plugin filemanager
2024-10-07 11:13:44,162 [INFO] PluginManage:359 - Loaded plugin filemanager (category:base,tabindex:10)
2024-10-07 11:13:44,162 [INFO] PluginManage:310 - Check plugin ipmanager
2024-10-07 11:13:44,171 [INFO] PluginManage:359 - Loaded plugin ipmanager (category:base,tabindex:5)
2024-10-07 11:13:44,171 [INFO] PluginManage:310 - Check plugin lpbam
2024-10-07 11:13:44,190 [INFO] PluginManage:359 - Loaded plugin lpbam (category:base,tabindex:0)
2024-10-07 11:13:44,190 [INFO] PluginManage:310 - Check plugin memorymap
2024-10-07 11:13:44,213 [INFO] PluginManage:359 - Loaded plugin memorymap (category:base,tabindex:4)
2024-10-07 11:13:44,213 [INFO] PluginManage:310 - Check plugin pinoutandconfiguration
2024-10-07 11:13:44,229 [INFO] PluginManage:359 - Loaded plugin pinoutandconfiguration (category:base,tabindex:1)
2024-10-07 11:13:44,230 [INFO] PluginManage:310 - Check plugin pinoutconfig
2024-10-07 11:13:44,345 [WARN] SupportedApi:132 - Cannot load RTOS API schema: s4s-elt-must-match.1: The content of 'definitions' must match (annotation?, (simpleType | complexType)?, (unique | key | keyref)*)). A problem was found starting at: attribute.
2024-10-07 11:13:44,510 [INFO] PluginManage:359 - Loaded plugin pinoutconfig (category:base,tabindex:0)
2024-10-07 11:13:44,510 [INFO] PluginManage:310 - Check plugin power
2024-10-07 11:13:44,539 [INFO] PluginManage:359 - Loaded plugin power (category:power,tabindex:4)
2024-10-07 11:13:44,540 [INFO] PluginManage:310 - Check plugin projectmanager
2024-10-07 11:13:44,567 [INFO] PluginManage:359 - Loaded plugin projectmanager (category:projectmanager,tabindex:3)
2024-10-07 11:13:44,567 [INFO] PluginManage:310 - Check plugin thirdparty
2024-10-07 11:13:44,867 [WARN] IntegrityCheckThread:84 - waiting for thirdparty lock release [integrity check]
2024-10-07 11:13:44,867 [INFO] PluginManage:359 - Loaded plugin thirdparty (category:base,tabindex:-1)
2024-10-07 11:13:44,867 [INFO] IntegrityCheckThread:86 - entering critical section [integrity check]
2024-10-07 11:13:44,867 [INFO] PluginManage:310 - Check plugin tools
2024-10-07 11:13:44,868 [INFO] ThirdPartyUpdaterWithRetryManager:70 - Updater plugin not ready yet. [1/15]
2024-10-07 11:13:44,901 [INFO] PluginManage:359 - Loaded plugin tools (category:base,tabindex:7)
2024-10-07 11:13:44,901 [INFO] PluginManage:310 - Check plugin tutovideos
2024-10-07 11:13:45,104 [INFO] PluginManage:359 - Loaded plugin tutovideos (category:base,tabindex:-1)
2024-10-07 11:13:45,104 [INFO] PluginManage:310 - Check plugin updater
2024-10-07 11:13:45,115 [INFO] PluginManage:359 - Loaded plugin updater (category:base,tabindex:12)
2024-10-07 11:13:45,115 [INFO] PluginManage:310 - Check plugin userauth
2024-10-07 11:13:45,121 [INFO] UserAuth:114 - Init User Auth plugin
2024-10-07 11:13:45,121 [INFO] PluginManage:359 - Loaded plugin userauth (category:base,tabindex:14)
2024-10-07 11:13:45,122 [INFO] PluginManage:283 - PluginManage : Loaded plugins [17]
2024-10-07 11:13:45,373 [INFO] PinOutPanel:1561 - setPackage(No Configuration,No Configuration)
2024-10-07 11:13:45,455 [INFO] CADModel:165 - CPN selected for project level
2024-10-07 11:13:45,455 [INFO] CADModel:114 - Register for checkConnection events
2024-10-07 11:13:45,480 [INFO] IPUIPlugin:80 - create IPUIPlugin
2024-10-07 11:13:45,480 [INFO] PluginManager:220 - loadIPPluginJar : add adc
2024-10-07 11:13:45,514 [INFO] IPUIPlugin:80 - create IPUIPlugin
2024-10-07 11:13:45,514 [INFO] PluginManager:220 - loadIPPluginJar : add aes
2024-10-07 11:13:45,552 [INFO] IPUIPlugin:80 - create IPUIPlugin
2024-10-07 11:13:45,552 [INFO] PluginManager:220 - loadIPPluginJar : add can
2024-10-07 11:13:45,573 [INFO] IPUIPlugin:80 - create IPUIPlugin
2024-10-07 11:13:45,574 [INFO] PluginManager:220 - loadIPPluginJar : add comp
2024-10-07 11:13:45,607 [INFO] IPUIPlugin:80 - create IPUIPlugin
2024-10-07 11:13:45,607 [INFO] PluginManager:220 - loadIPPluginJar : add cryp
2024-10-07 11:13:45,635 [INFO] IPUIPlugin:80 - create IPUIPlugin
2024-10-07 11:13:45,635 [INFO] PluginManager:220 - loadIPPluginJar : add dfsdm
2024-10-07 11:13:45,648 [INFO] IPUIPlugin:80 - create IPUIPlugin
2024-10-07 11:13:45,648 [INFO] PluginManager:220 - loadIPPluginJar : add dma
2024-10-07 11:13:45,689 [INFO] IPUIPlugin:80 - create IPUIPlugin
2024-10-07 11:13:45,689 [INFO] PluginManager:220 - loadIPPluginJar : add dma3
2024-10-07 11:13:45,731 [INFO] IPUIPlugin:80 - create IPUIPlugin
2024-10-07 11:13:45,731 [INFO] PluginManager:220 - loadIPPluginJar : add extmemmanager
2024-10-07 11:13:45,750 [INFO] IPUIPlugin:80 - create IPUIPlugin
2024-10-07 11:13:45,750 [INFO] PluginManager:220 - loadIPPluginJar : add fatfs
2024-10-07 11:13:45,793 [INFO] IPUIPlugin:80 - create IPUIPlugin
2024-10-07 11:13:45,794 [INFO] PluginManager:220 - loadIPPluginJar : add fmc
2024-10-07 11:13:45,807 [INFO] IPUIPlugin:80 - create IPUIPlugin
2024-10-07 11:13:45,808 [INFO] PluginManager:220 - loadIPPluginJar : add freertos
2024-10-07 11:13:45,827 [INFO] IPUIPlugin:80 - create IPUIPlugin
2024-10-07 11:13:45,827 [INFO] PluginManager:220 - loadIPPluginJar : add genericplugin
2024-10-07 11:13:45,915 [INFO] IPUIPlugin:80 - create IPUIPlugin
2024-10-07 11:13:45,915 [INFO] PluginManager:220 - loadIPPluginJar : add gfxmmu
2024-10-07 11:13:46,037 [INFO] IPUIPlugin:80 - create IPUIPlugin
2024-10-07 11:13:46,037 [INFO] PluginManager:220 - loadIPPluginJar : add gic
2024-10-07 11:13:46,049 [INFO] IPUIPlugin:80 - create IPUIPlugin
2024-10-07 11:13:46,049 [INFO] PluginManager:220 - loadIPPluginJar : add gpio
2024-10-07 11:13:46,138 [INFO] IPUIPlugin:80 - create IPUIPlugin
2024-10-07 11:13:46,138 [INFO] PluginManager:220 - loadIPPluginJar : add gtzc
2024-10-07 11:13:46,168 [INFO] IPUIPlugin:80 - create IPUIPlugin
2024-10-07 11:13:46,169 [INFO] PluginManager:220 - loadIPPluginJar : add hash
2024-10-07 11:13:46,218 [INFO] IPUIPlugin:80 - create IPUIPlugin
2024-10-07 11:13:46,218 [INFO] PluginManager:220 - loadIPPluginJar : add i2c
2024-10-07 11:13:46,255 [INFO] IPUIPlugin:80 - create IPUIPlugin
2024-10-07 11:13:46,255 [INFO] PluginManager:220 - loadIPPluginJar : add i2s
2024-10-07 11:13:46,294 [INFO] IPUIPlugin:80 - create IPUIPlugin
2024-10-07 11:13:46,294 [INFO] PluginManager:220 - loadIPPluginJar : add i3c
2024-10-07 11:13:46,394 [INFO] IPUIPlugin:80 - create IPUIPlugin
2024-10-07 11:13:46,395 [INFO] PluginManager:220 - loadIPPluginJar : add ipddr
2024-10-07 11:13:46,483 [INFO] IPUIPlugin:80 - create IPUIPlugin
2024-10-07 11:13:46,483 [INFO] PluginManager:220 - loadIPPluginJar : add linkedlist
2024-10-07 11:13:46,516 [INFO] IPUIPlugin:80 - create IPUIPlugin
2024-10-07 11:13:46,516 [INFO] PluginManager:220 - loadIPPluginJar : add lorawan
2024-10-07 11:13:46,550 [INFO] IPUIPlugin:80 - create IPUIPlugin
2024-10-07 11:13:46,550 [INFO] PluginManager:220 - loadIPPluginJar : add ltdc
2024-10-07 11:13:46,563 [INFO] IPUIPlugin:80 - create IPUIPlugin
2024-10-07 11:13:46,563 [INFO] PluginManager:220 - loadIPPluginJar : add mdma
2024-10-07 11:13:46,574 [INFO] IPUIPlugin:80 - create IPUIPlugin
2024-10-07 11:13:46,574 [INFO] PluginManager:220 - loadIPPluginJar : add nvic
2024-10-07 11:13:46,608 [INFO] IPUIPlugin:80 - create IPUIPlugin
2024-10-07 11:13:46,608 [INFO] PluginManager:220 - loadIPPluginJar : add opamp
2024-10-07 11:13:46,666 [INFO] IPUIPlugin:80 - create IPUIPlugin
2024-10-07 11:13:46,666 [INFO] PluginManager:220 - loadIPPluginJar : add openamp
2024-10-07 11:13:46,708 [INFO] IPUIPlugin:80 - create IPUIPlugin
2024-10-07 11:13:46,708 [INFO] PluginManager:220 - loadIPPluginJar : add pdm2pcm
2024-10-07 11:13:46,721 [INFO] IPUIPlugin:80 - create IPUIPlugin
2024-10-07 11:13:46,723 [INFO] PluginManager:220 - loadIPPluginJar : add plateformsettings
2024-10-07 11:13:46,746 [INFO] IPUIPlugin:80 - create IPUIPlugin
2024-10-07 11:13:46,746 [INFO] PluginManager:220 - loadIPPluginJar : add quadspi
2024-10-07 11:13:46,759 [INFO] IPUIPlugin:80 - create IPUIPlugin
2024-10-07 11:13:46,759 [INFO] PluginManager:220 - loadIPPluginJar : add resmgrutility
2024-10-07 11:13:46,807 [INFO] IPUIPlugin:80 - create IPUIPlugin
2024-10-07 11:13:46,807 [INFO] PluginManager:220 - loadIPPluginJar : add sai
2024-10-07 11:13:46,843 [INFO] IPUIPlugin:80 - create IPUIPlugin
2024-10-07 11:13:46,843 [INFO] PluginManager:220 - loadIPPluginJar : add spi
2024-10-07 11:13:46,909 [INFO] IPUIPlugin:80 - create IPUIPlugin
2024-10-07 11:13:46,909 [INFO] PluginManager:220 - loadIPPluginJar : add stm32_wpan
2024-10-07 11:13:46,930 [INFO] IPUIPlugin:80 - create IPUIPlugin
2024-10-07 11:13:46,930 [INFO] PluginManager:220 - loadIPPluginJar : add tim
2024-10-07 11:13:46,986 [INFO] IPUIPlugin:80 - create IPUIPlugin
2024-10-07 11:13:46,986 [INFO] PluginManager:220 - loadIPPluginJar : add touchsensing
2024-10-07 11:13:47,007 [INFO] IPUIPlugin:80 - create IPUIPlugin
2024-10-07 11:13:47,007 [INFO] PluginManager:220 - loadIPPluginJar : add tracer_emb
2024-10-07 11:13:47,028 [INFO] IPUIPlugin:80 - create IPUIPlugin
2024-10-07 11:13:47,028 [INFO] PluginManager:220 - loadIPPluginJar : add ts
2024-10-07 11:13:47,049 [INFO] IPUIPlugin:80 - create IPUIPlugin
2024-10-07 11:13:47,049 [INFO] PluginManager:220 - loadIPPluginJar : add tsc
2024-10-07 11:13:47,070 [INFO] IPUIPlugin:80 - create IPUIPlugin
2024-10-07 11:13:47,070 [INFO] PluginManager:220 - loadIPPluginJar : add ucpd
2024-10-07 11:13:47,112 [INFO] IPUIPlugin:80 - create IPUIPlugin
2024-10-07 11:13:47,112 [INFO] PluginManager:220 - loadIPPluginJar : add usart
2024-10-07 11:13:47,156 [INFO] IPUIPlugin:80 - create IPUIPlugin
2024-10-07 11:13:47,156 [INFO] PluginManager:220 - loadIPPluginJar : add usbx
2024-10-07 11:13:47,285 [INFO] CADModel:165 - CPN selected for project level
2024-10-07 11:13:47,285 [INFO] CADModel:114 - Register for checkConnection events
2024-10-07 11:13:47,285 [FATAL] Updater:308 - Updater called before beeing initialized
2024-10-07 11:13:47,285 [ERROR] CADModel:125 - Updater not yet initialized, retry later 
2024-10-07 11:13:47,439 [INFO] CADModel:165 - CPN selected for project level
2024-10-07 11:13:47,439 [INFO] CADModel:114 - Register for checkConnection events
2024-10-07 11:13:47,439 [FATAL] Updater:308 - Updater called before beeing initialized
2024-10-07 11:13:47,439 [ERROR] CADModel:125 - Updater not yet initialized, retry later 
2024-10-07 11:13:47,442 [FATAL] Updater:308 - Updater called before beeing initialized
2024-10-07 11:13:47,564 [FATAL] Updater:308 - Updater called before beeing initialized
2024-10-07 11:13:47,574 [INFO] DbMcusAds:53 - JSON generation date=Fri Sep 20 06:04:23 PDT 2024 (1726837463113)
2024-10-07 11:13:47,574 [FATAL] Updater:308 - Updater called before beeing initialized
2024-10-07 11:13:47,662 [WARN] DetailPanel:346 - Failed to get advertising image, set to default
2024-10-07 11:13:47,765 [FATAL] Updater:308 - Updater called before beeing initialized
2024-10-07 11:13:47,767 [FATAL] Updater:308 - Updater called before beeing initialized
2024-10-07 11:13:47,767 [FATAL] Updater:308 - Updater called before beeing initialized
2024-10-07 11:13:47,767 [WARN] DetailPanel:346 - Failed to get advertising image, set to default
2024-10-07 11:13:47,768 [FATAL] Updater:308 - Updater called before beeing initialized
2024-10-07 11:13:47,858 [ERROR] Updater:1120 - MainUpdater not yet initialized. External WinMGr cannot be set.
2024-10-07 11:13:47,868 [INFO] Updater:1056 - Updater Version found : 6.11.1
2024-10-07 11:13:47,871 [INFO] ThirdPartyUpdaterWithRetryManager:70 - Updater plugin not ready yet. [2/15]
2024-10-07 11:13:47,906 [INFO] ApplicationProperties:184 - Using Application install path: C:\Users\USER\Downloads\STM32CubeIDE_1.15.1\STM32CubeIDE\plugins\com.st.stm32cube.common.mx_6.11.1.202404110753
2024-10-07 11:13:49,507 [ERROR] LogOutputStream:75 - [STDERR_REDIRECT] Oct 07, 2024 11:13:49 AM java.util.prefs.WindowsPreferences <init>
2024-10-07 11:13:49,510 [ERROR] LogOutputStream:75 - [STDERR_REDIRECT] WARNING: Could not open/create prefs root node Software\JavaSoft\Prefs at root 0xffffffff80000002. Windows RegCreateKeyEx(...) returned error code 5.
2024-10-07 11:13:49,510 [ERROR] LogOutputStream:75 - [STDERR_REDIRECT] 
2024-10-07 11:13:49,904 [INFO] MainUpdater:2873 - connection check result : 10
2024-10-07 11:13:49,905 [INFO] MainUpdater:290 - Updater Check For Update Now.
2024-10-07 11:13:49,905 [INFO] MicroXplorer:498 - Change Database Version : DB.6.0.111
2024-10-07 11:13:49,924 [INFO] McuFinderGlobals:63 - Set McuFinder mode to 2 (CubeIDE integrated)
2024-10-07 11:13:49,941 [INFO] UserAuth:415 - Internet connection configuration mode: 1
2024-10-07 11:13:49,979 [INFO] JxBrowserEngine:152 - Initiate JxBrowser Engine with user profile folder
2024-10-07 11:13:50,199 [INFO] CheckServerUpdateThread:120 - End of CheckServer Thread
2024-10-07 11:13:51,236 [WARN] PackLoader:240 - Cannot read IP mode file for STMicroelectronics.FP-SNS-MOTENVWB1.1.4.0
2024-10-07 11:13:51,262 [WARN] PackLoader:240 - Cannot read IP mode file for STMicroelectronics.X-CUBE-SMBUS.2.1.0
2024-10-07 11:13:51,290 [WARN] PackLoader:240 - Cannot read IP mode file for STMicroelectronics.X-CUBE-WB05N.1.1.0
2024-10-07 11:13:51,311 [WARN] PackLoader:240 - Cannot read IP mode file for STMicroelectronics.X-CUBE-TOUCHGFX.4.23.2
2024-10-07 11:13:51,376 [WARN] PackLoader:240 - Cannot read IP mode file for STMicroelectronics.X-CUBE-AZRTOS-F7.1.1.0
2024-10-07 11:13:51,519 [WARN] PackLoader:240 - Cannot read IP mode file for STMicroelectronics.X-CUBE-MEMS1.11.0.0
2024-10-07 11:13:51,775 [WARN] PackLoader:240 - Cannot read IP mode file for STMicroelectronics.FP-SNS-FLIGHT1.5.0.2
2024-10-07 11:13:51,798 [WARN] PackLoader:240 - Cannot read IP mode file for STMicroelectronics.X-CUBE-DISPLAY.3.0.0
2024-10-07 11:13:51,824 [WARN] PackLoader:240 - Cannot read IP mode file for STMicroelectronics.X-CUBE-BLE1.7.0.0
2024-10-07 11:13:51,846 [WARN] PackLoader:240 - Cannot read IP mode file for STMicroelectronics.X-CUBE-NFC10.1.0.0
2024-10-07 11:13:51,865 [WARN] PackLoader:240 - Cannot read IP mode file for emotas.I-CUBE-CANOPEN.1.3.0
2024-10-07 11:13:51,884 [WARN] PackLoader:240 - Cannot read IP mode file for STMicroelectronics.X-CUBE-BLEMGR.3.1.0
2024-10-07 11:13:51,900 [WARN] PackLoader:240 - Cannot read IP mode file for STMicroelectronics.FP-SNS-SMARTAG2.1.2.0
2024-10-07 11:13:51,923 [INFO] LogOutputStream:77 - [STDOUT_REDIRECT] 1 : Invalid condition id : UX_CORESTACK_Condition cause : null
2024-10-07 11:13:51,923 [INFO] LogOutputStream:77 - [STDOUT_REDIRECT] 1 : Invalid condition id : UX_CORESTACK_Condition cause : null
2024-10-07 11:13:51,925 [INFO] LogOutputStream:77 - [STDOUT_REDIRECT] 1 : Invalid condition id : UX_CORESTACK_Condition cause : null
2024-10-07 11:13:51,927 [INFO] LogOutputStream:77 - [STDOUT_REDIRECT] 1 : Invalid condition id : UX_CORESTACK_Condition cause : null
2024-10-07 11:13:51,929 [INFO] LogOutputStream:77 - [STDOUT_REDIRECT] 1 : Invalid condition id : UX_CORESTACK_Condition cause : null
2024-10-07 11:13:51,932 [WARN] PackLoader:240 - Cannot read IP mode file for STMicroelectronics.X-CUBE-AZRTOS-WL.2.0.0
2024-10-07 11:13:51,951 [WARN] PackLoader:240 - Cannot read IP mode file for STMicroelectronics.FP-SNS-MOTENV1.5.0.0
2024-10-07 11:13:51,970 [WARN] PackLoader:240 - Cannot read IP mode file for wolfSSL.I-CUBE-wolfMQTT.1.19.0
2024-10-07 11:13:51,993 [WARN] PackLoader:240 - Cannot read IP mode file for WES.I-CUBE-Cesium.1.3.0
2024-10-07 11:13:52,012 [WARN] PackLoader:240 - Cannot read IP mode file for STMicroelectronics.X-CUBE-BLE2.3.3.0
2024-10-07 11:13:52,036 [WARN] PackLoader:240 - Cannot read IP mode file for STMicroelectronics.X-CUBE-NFC9.1.0.0
2024-10-07 11:13:52,060 [WARN] PackLoader:240 - Cannot read IP mode file for STMicroelectronics.X-CUBE-TCPP.4.1.0
2024-10-07 11:13:52,108 [WARN] PackLoader:240 - Cannot read IP mode file for STMicroelectronics.X-CUBE-AZRTOS-G0.1.1.0
2024-10-07 11:13:52,136 [WARN] PackLoader:240 - Cannot read IP mode file for STMicroelectronics.X-CUBE-SAFEA1.1.2.2
2024-10-07 11:13:52,160 [WARN] PackLoader:240 - Cannot read IP mode file for STMicroelectronics.X-CUBE-NFC4.3.0.0
2024-10-07 11:13:52,182 [WARN] PackLoader:240 - Cannot read IP mode file for EmbeddedOffice.I-CUBE-FS-RTOS.1.0.1
2024-10-07 11:13:52,182 [ERROR] ConditionMgr:805 - Attr not supported : Dmpu
2024-10-07 11:13:52,182 [ERROR] ConditionMgr:805 - Attr not supported : Dmpu
2024-10-07 11:13:52,182 [ERROR] ConditionMgr:805 - Attr not supported : Dmpu
2024-10-07 11:13:52,182 [ERROR] ConditionMgr:805 - Attr not supported : Dmpu
2024-10-07 11:13:52,183 [ERROR] ConditionMgr:805 - Attr not supported : Dmpu
2024-10-07 11:13:52,183 [ERROR] ConditionMgr:805 - Attr not supported : Dmpu
2024-10-07 11:13:52,183 [ERROR] ConditionMgr:805 - Attr not supported : Dmpu
2024-10-07 11:13:52,183 [ERROR] ConditionMgr:805 - Attr not supported : Dmpu
2024-10-07 11:13:52,183 [ERROR] ConditionMgr:805 - Attr not supported : Dmpu
2024-10-07 11:13:52,183 [ERROR] ConditionMgr:805 - Attr not supported : Dmpu
2024-10-07 11:13:52,183 [ERROR] ConditionMgr:805 - Attr not supported : Dmpu
2024-10-07 11:13:52,183 [ERROR] ConditionMgr:805 - Attr not supported : Dmpu
2024-10-07 11:13:52,184 [ERROR] ConditionMgr:805 - Attr not supported : Dmpu
2024-10-07 11:13:52,184 [ERROR] ConditionMgr:805 - Attr not supported : Dmpu
2024-10-07 11:13:52,184 [ERROR] ConditionMgr:805 - Attr not supported : Dmpu
2024-10-07 11:13:52,185 [ERROR] ConditionMgr:805 - Attr not supported : Dmpu
2024-10-07 11:13:52,185 [ERROR] ConditionMgr:805 - Attr not supported : Dmpu
2024-10-07 11:13:52,185 [ERROR] ConditionMgr:805 - Attr not supported : Dmpu
2024-10-07 11:13:52,185 [ERROR] ConditionMgr:805 - Attr not supported : Dmpu
2024-10-07 11:13:52,185 [ERROR] ConditionMgr:805 - Attr not supported : Dmpu
2024-10-07 11:13:52,185 [ERROR] ConditionMgr:805 - Attr not supported : Dmpu
2024-10-07 11:13:52,185 [ERROR] ConditionMgr:805 - Attr not supported : Dmpu
2024-10-07 11:13:52,185 [ERROR] ConditionMgr:805 - Attr not supported : Dmpu
2024-10-07 11:13:52,185 [ERROR] ConditionMgr:805 - Attr not supported : Dmpu
2024-10-07 11:13:52,185 [ERROR] ConditionMgr:805 - Attr not supported : Dmpu
2024-10-07 11:13:52,186 [ERROR] ConditionMgr:805 - Attr not supported : Dmpu
2024-10-07 11:13:52,186 [ERROR] ConditionMgr:805 - Attr not supported : Dmpu
2024-10-07 11:13:52,186 [ERROR] ConditionMgr:805 - Attr not supported : Dmpu
2024-10-07 11:13:52,186 [ERROR] ConditionMgr:805 - Attr not supported : Dmpu
2024-10-07 11:13:52,186 [ERROR] ConditionMgr:805 - Attr not supported : Dmpu
2024-10-07 11:13:52,186 [ERROR] ConditionMgr:805 - Attr not supported : Dmpu
2024-10-07 11:13:52,186 [ERROR] ConditionMgr:805 - Attr not supported : Dmpu
2024-10-07 11:13:52,186 [ERROR] ConditionMgr:805 - Attr not supported : Dmpu
2024-10-07 11:13:52,187 [ERROR] ConditionMgr:805 - Attr not supported : Dmpu
2024-10-07 11:13:52,187 [ERROR] ConditionMgr:805 - Attr not supported : Dmpu
2024-10-07 11:13:52,187 [ERROR] ConditionMgr:805 - Attr not supported : Dmpu
2024-10-07 11:13:52,187 [ERROR] ConditionMgr:805 - Attr not supported : Dmpu
2024-10-07 11:13:52,187 [ERROR] ConditionMgr:805 - Attr not supported : Dmpu
2024-10-07 11:13:52,187 [ERROR] ConditionMgr:805 - Attr not supported : Dmpu
2024-10-07 11:13:52,187 [ERROR] ConditionMgr:805 - Attr not supported : Dmpu
2024-10-07 11:13:52,187 [ERROR] ConditionMgr:805 - Attr not supported : Dmpu
2024-10-07 11:13:52,188 [ERROR] ConditionMgr:805 - Attr not supported : Dmpu
2024-10-07 11:13:52,188 [ERROR] ConditionMgr:805 - Attr not supported : Dmpu
2024-10-07 11:13:52,188 [ERROR] ConditionMgr:805 - Attr not supported : Dmpu
2024-10-07 11:13:52,188 [ERROR] ConditionMgr:805 - Attr not supported : Dmpu
2024-10-07 11:13:52,188 [ERROR] ConditionMgr:805 - Attr not supported : Dmpu
2024-10-07 11:13:52,188 [ERROR] ConditionMgr:805 - Attr not supported : Dmpu
2024-10-07 11:13:52,188 [ERROR] ConditionMgr:805 - Attr not supported : Dmpu
2024-10-07 11:13:52,188 [ERROR] ConditionMgr:805 - Attr not supported : Dmpu
2024-10-07 11:13:52,188 [ERROR] ConditionMgr:805 - Attr not supported : Dmpu
2024-10-07 11:13:52,189 [ERROR] ConditionMgr:805 - Attr not supported : Dmpu
2024-10-07 11:13:52,189 [ERROR] ConditionMgr:805 - Attr not supported : Dmpu
2024-10-07 11:13:52,189 [ERROR] ConditionMgr:805 - Attr not supported : Dmpu
2024-10-07 11:13:52,189 [ERROR] ConditionMgr:805 - Attr not supported : Dmpu
2024-10-07 11:13:52,189 [ERROR] ConditionMgr:805 - Attr not supported : Dmpu
2024-10-07 11:13:52,189 [ERROR] ConditionMgr:805 - Attr not supported : Dmpu
2024-10-07 11:13:52,189 [ERROR] ConditionMgr:805 - Attr not supported : Dmpu
2024-10-07 11:13:52,189 [ERROR] ConditionMgr:805 - Attr not supported : Dmpu
2024-10-07 11:13:52,189 [ERROR] ConditionMgr:805 - Attr not supported : Dmpu
2024-10-07 11:13:52,190 [ERROR] ConditionMgr:805 - Attr not supported : Dmpu
2024-10-07 11:13:52,190 [ERROR] ConditionMgr:805 - Attr not supported : Dmpu
2024-10-07 11:13:52,190 [ERROR] ConditionMgr:805 - Attr not supported : Dmpu
2024-10-07 11:13:52,190 [ERROR] ConditionMgr:805 - Attr not supported : Dmpu
2024-10-07 11:13:52,190 [ERROR] ConditionMgr:805 - Attr not supported : Dmpu
2024-10-07 11:13:52,211 [WARN] PackLoader:240 - Cannot read IP mode file for RealThread.X-CUBE-RT-Thread_Nano.4.1.1
2024-10-07 11:13:52,232 [WARN] PackLoader:240 - Cannot read IP mode file for wolfSSL.I-CUBE-wolfSSL.5.7.0
2024-10-07 11:13:52,275 [WARN] PackLoader:240 - Cannot read IP mode file for STMicroelectronics.FP-ATR-SIGFOX1.3.2.0
2024-10-07 11:13:52,304 [WARN] PackLoader:240 - Cannot read IP mode file for STMicroelectronics.X-CUBE-EEPRMA1.5.1.0
2024-10-07 11:13:52,333 [WARN] PackLoader:240 - Cannot read IP mode file for ITTIA_DB.I-CUBE-ITTIADB.8.9.0
2024-10-07 11:13:52,382 [WARN] PackLoader:240 - Cannot read IP mode file for SEGGER.I-CUBE-embOS.1.3.1
2024-10-07 11:13:52,473 [WARN] PackLoader:240 - Cannot read IP mode file for STMicroelectronics.X-CUBE-ALGOBUILD.1.4.0
2024-10-07 11:13:52,495 [WARN] PackLoader:240 - Cannot read IP mode file for STMicroelectronics.X-CUBE-AI.9.1.0
2024-10-07 11:13:52,519 [WARN] PackLoader:240 - Cannot read IP mode file for STMicroelectronics.X-CUBE-GNSS1.6.0.0
2024-10-07 11:13:52,564 [WARN] PackLoader:240 - Cannot read IP mode file for STMicroelectronics.X-CUBE-AZRTOS-F4.1.1.0
2024-10-07 11:13:52,587 [WARN] PackLoader:240 - Cannot read IP mode file for STMicroelectronics.X-CUBE-ISPU.2.1.0
2024-10-07 11:13:52,606 [WARN] PackLoader:240 - Cannot read IP mode file for STMicroelectronics.X-CUBE-FREERTOS.1.2.0
2024-10-07 11:13:52,649 [WARN] PackLoader:240 - Cannot read IP mode file for STMicroelectronics.X-CUBE-AZRTOS-L5.2.0.0
2024-10-07 11:13:52,680 [WARN] PackLoader:240 - Cannot read IP mode file for STMicroelectronics.X-CUBE-NFC6.3.1.0
2024-10-07 11:13:52,701 [WARN] PackLoader:240 - Cannot read IP mode file for STMicroelectronics.X-CUBE-DPower.1.2.0
2024-10-07 11:13:52,719 [WARN] PackLoader:240 - Cannot read IP mode file for STMicroelectronics.X-CUBE-AI.9.0.0
2024-10-07 11:13:52,739 [WARN] PackLoader:240 - Cannot read IP mode file for STMicroelectronics.X-CUBE-NFC7.1.0.1
2024-10-07 11:13:52,779 [WARN] ConditionMgr:438 - getConditionDescription Invalid condition id : LAN8742 Phy interface Condition cause : null
2024-10-07 11:13:52,780 [WARN] PackLoader:240 - Cannot read IP mode file for STMicroelectronics.X-CUBE-AZRTOS-L4.2.0.0
2024-10-07 11:13:52,781 [WARN] ConditionMgr:1039 - genDependencies : Invalid condition id : LAN8742 Phy interface Condition cause : null
2024-10-07 11:13:52,781 [WARN] ConditionMgr:1039 - genDependencies : Invalid condition id : LAN8742 Phy interface Condition cause : null
2024-10-07 11:13:52,782 [WARN] ConditionMgr:1039 - genDependencies : Invalid condition id : LAN8742 Phy interface Condition cause : null
2024-10-07 11:13:52,809 [WARN] PackLoader:240 - Cannot read IP mode file for STMicroelectronics.X-CUBE-SFXS2LP1.4.0.0
2024-10-07 11:13:52,857 [WARN] PackLoader:240 - Cannot read IP mode file for STMicroelectronics.X-CUBE-AZRTOS-H7.3.3.0
2024-10-07 11:13:52,892 [WARN] PackLoader:240 - Cannot read IP mode file for STMicroelectronics.X-CUBE-IPS.3.0.0
2024-10-07 11:13:52,933 [WARN] ConditionMgr:438 - getConditionDescription Invalid condition id : UX DEVICE CLASS RTOS Condition cause : null
2024-10-07 11:13:52,934 [WARN] ConditionMgr:438 - getConditionDescription Invalid condition id : UX DEVICE CLASS RTOS Condition cause : null
2024-10-07 11:13:52,937 [WARN] PackLoader:240 - Cannot read IP mode file for STMicroelectronics.X-CUBE-AZRTOS-WB.2.0.0
2024-10-07 11:13:52,938 [WARN] ConditionMgr:1039 - genDependencies : Invalid condition id : UX DEVICE CLASS RTOS Condition cause : null
2024-10-07 11:13:52,938 [WARN] ConditionMgr:1039 - genDependencies : Invalid condition id : UX DEVICE CLASS RTOS Condition cause : null
2024-10-07 11:13:52,939 [WARN] ConditionMgr:1039 - genDependencies : Invalid condition id : UX DEVICE CLASS RTOS Condition cause : null
2024-10-07 11:13:52,939 [WARN] ConditionMgr:1039 - genDependencies : Invalid condition id : UX DEVICE CLASS RTOS Condition cause : null
2024-10-07 11:13:52,939 [WARN] ConditionMgr:1039 - genDependencies : Invalid condition id : UX DEVICE CLASS RTOS Condition cause : null
2024-10-07 11:13:52,960 [WARN] PackLoader:240 - Cannot read IP mode file for STMicroelectronics.X-CUBE-GNSS1.7.0.0
2024-10-07 11:13:52,980 [WARN] PackLoader:240 - Cannot read IP mode file for STMicroelectronics.FP-SNS-STBOX1.2.0.0
2024-10-07 11:13:53,011 [WARN] PackLoader:240 - Cannot read IP mode file for STMicroelectronics.X-CUBE-SUBG2.5.0.0
2024-10-07 11:13:53,032 [WARN] PackLoader:240 - Cannot read IP mode file for Cesanta.I-CUBE-Mongoose.7.13.0
2024-10-07 11:13:53,070 [WARN] PackLoader:240 - Cannot read IP mode file for STMicroelectronics.X-CUBE-AZRTOS-G4.2.0.0
2024-10-07 11:13:53,088 [WARN] PackLoader:240 - Cannot read IP mode file for STMicroelectronics.X-CUBE-ISPU.2.0.0
2024-10-07 11:13:53,107 [WARN] PackLoader:240 - Cannot read IP mode file for STMicroelectronics.X-CUBE-ALS.1.0.2
2024-10-07 11:13:53,199 [WARN] PackLoader:240 - Cannot read IP mode file for STMicroelectronics.X-CUBE-MEMS1.10.0.0
2024-10-07 11:13:53,449 [WARN] PackLoader:240 - Cannot read IP mode file for STMicroelectronics.X-CUBE-TOUCHGFX.4.24.1
2024-10-07 11:13:53,466 [WARN] PackLoader:240 - Cannot read IP mode file for wolfSSL.I-CUBE-wolfTPM.3.4.0
2024-10-07 11:13:53,484 [WARN] PackLoader:240 - Cannot read IP mode file for portGmbH.I-Cube-SoM-uGOAL.1.1.0
2024-10-07 11:13:53,519 [WARN] PackLoader:240 - Cannot read IP mode file for STMicroelectronics.X-CUBE-AZRTOS-H7RS.1.0.0
2024-10-07 11:13:53,535 [WARN] PackLoader:240 - Cannot read IP mode file for STMicroelectronics.FP-ATR-ASTRA1.2.0.0
2024-10-07 11:13:53,556 [WARN] PackLoader:240 - Cannot read IP mode file for STMicroelectronics.X-CUBE-TOF1.3.4.2
2024-10-07 11:13:53,594 [WARN] PackLoader:240 - Cannot read IP mode file for STMicroelectronics.X-CUBE-TOF1.3.4.1
2024-10-07 11:13:53,647 [WARN] PackLoader:240 - Cannot read IP mode file for STMicroelectronics.X-CUBE-AZRTOS-H7.3.2.0
2024-10-07 11:13:53,692 [WARN] PackLoader:240 - Cannot read IP mode file for Infineon.AIROC-Wi-Fi-Bluetooth-STM32.1.6.0
2024-10-07 11:13:53,713 [WARN] PackLoader:240 - Cannot read IP mode file for wolfSSL.I-CUBE-wolfSSH.1.4.17
2024-10-07 11:13:53,714 [INFO] ThirdParty:978 - Integrity check success = true
2024-10-07 11:13:53,714 [INFO] IntegrityCheckThread:100 - exiting critical section [integrity check]
2024-10-07 11:13:53,714 [INFO] IntegrityCheckThread:103 - End integrity checks thread
2024-10-07 11:13:59,304 [INFO] WebApp:161 - Instantiating new browser for Auth
2024-10-07 11:14:00,028 [INFO] WebApp:779 - Register for checkConnection events
2024-10-07 11:14:00,028 [INFO] WebApp:414 - Apply proxy settings
2024-10-07 11:14:00,028 [INFO] WebApp:499 - Chromium requires no authentication
2024-10-07 11:14:00,036 [INFO] WebApp:442 - Direct internet connection detected
2024-10-07 11:14:00,213 [INFO] WebApp:192 - Starting web application
2024-10-07 11:14:00,213 [INFO] WebApp:544 - Web application path used C:\Users\USER\Downloads\STM32CubeIDE_1.15.1\STM32CubeIDE\plugins\com.st.stm32cube.common.mx_6.11.1.202404110753\db\plugins\mcufinder\reactClient1\index.html
